[0.056s] Invoking command in '/home/minkhanttun/ros2_ws/build/custom_action_interfaces': CMAKE_PREFIX_PATH=${CMAKE_PREFIX_PATH}:/opt/ros/jazzy DEBUGINFOD_URLS=https://debuginfod.ubuntu.com /usr/bin/cmake --build /home/minkhanttun/ros2_ws/build/custom_action_interfaces -- -j4 -l4
[0.373s] [  2%] Built target custom_action_interfaces__rosidl_generator_type_description
[0.673s] [  2%] Built target ament_cmake_python_copy_custom_action_interfaces
[0.845s] [ 17%] Built target custom_action_interfaces__rosidl_generator_c
[2.172s] running egg_info
[2.291s] writing custom_action_interfaces.egg-info/PKG-INFO
[2.295s] writing dependency_links to custom_action_interfaces.egg-info/dependency_links.txt
[2.295s] writing top-level names to custom_action_interfaces.egg-info/top_level.txt
[2.505s] reading manifest file 'custom_action_interfaces.egg-info/SOURCES.txt'
[2.514s] writing manifest file 'custom_action_interfaces.egg-info/SOURCES.txt'
[2.935s] [ 17%] Built target ament_cmake_python_build_custom_action_interfaces_egg
[3.109s] [ 26%] Built target custom_action_interfaces__rosidl_typesupport_introspection_c
[3.212s] [ 35%] Built target custom_action_interfaces__rosidl_typesupport_c
[3.295s] [ 44%] Built target custom_action_interfaces__rosidl_typesupport_fastrtps_c
[3.384s] [ 47%] Built target custom_action_interfaces__cpp
[3.550s] [ 55%] Built target custom_action_interfaces__rosidl_typesupport_cpp
[3.753s] [ 64%] Built target custom_action_interfaces__rosidl_typesupport_introspection_cpp
[3.881s] [ 73%] Built target custom_action_interfaces__rosidl_typesupport_fastrtps_cpp
[4.015s] [ 73%] Built target custom_action_interfaces
[4.113s] [ 76%] Built target custom_action_interfaces__py
[4.269s] [ 82%] Built target custom_action_interfaces__rosidl_generator_py
[4.382s] [ 88%] Built target custom_action_interfaces_s__rosidl_typesupport_fastrtps_c
[4.681s] [ 94%] Built target custom_action_interfaces_s__rosidl_typesupport_c
[4.735s] [100%] Built target custom_action_interfaces_s__rosidl_typesupport_introspection_c
[4.820s] Invoked command in '/home/minkhanttun/ros2_ws/build/custom_action_interfaces' returned '0': CMAKE_PREFIX_PATH=${CMAKE_PREFIX_PATH}:/opt/ros/jazzy DEBUGINFOD_URLS=https://debuginfod.ubuntu.com /usr/bin/cmake --build /home/minkhanttun/ros2_ws/build/custom_action_interfaces -- -j4 -l4
[4.829s] Invoking command in '/home/minkhanttun/ros2_ws/build/custom_action_interfaces': CMAKE_PREFIX_PATH=${CMAKE_PREFIX_PATH}:/opt/ros/jazzy DEBUGINFOD_URLS=https://debuginfod.ubuntu.com /usr/bin/cmake --install /home/minkhanttun/ros2_ws/build/custom_action_interfaces
[4.884s] -- Install configuration: ""
[4.885s] -- Up-to-date: /home/minkhanttun/ros2_ws/install/custom_action_interfaces/share/ament_index/resource_index/rosidl_interfaces/custom_action_interfaces
[4.885s] -- Up-to-date: /home/minkhanttun/ros2_ws/install/custom_action_interfaces/share/custom_action_interfaces/action/Fibonacci.json
[4.885s] -- Up-to-date: /home/minkhanttun/ros2_ws/install/custom_action_interfaces/include/custom_action_interfaces/custom_action_interfaces
[4.885s] -- Up-to-date: /home/minkhanttun/ros2_ws/install/custom_action_interfaces/include/custom_action_interfaces/custom_action_interfaces/msg
[4.885s] -- Up-to-date: /home/minkhanttun/ros2_ws/install/custom_action_interfaces/include/custom_action_interfaces/custom_action_interfaces/msg/rosidl_generator_c__visibility_control.h
[4.885s] -- Up-to-date: /home/minkhanttun/ros2_ws/install/custom_action_interfaces/include/custom_action_interfaces/custom_action_interfaces/action
[4.889s] -- Up-to-date: /home/minkhanttun/ros2_ws/install/custom_action_interfaces/include/custom_action_interfaces/custom_action_interfaces/action/detail
[4.889s] -- Installing: /home/minkhanttun/ros2_ws/install/custom_action_interfaces/include/custom_action_interfaces/custom_action_interfaces/action/detail/fibonacci__type_support.c
[4.889s] -- Up-to-date: /home/minkhanttun/ros2_ws/install/custom_action_interfaces/include/custom_action_interfaces/custom_action_interfaces/action/detail/fibonacci__description.c
[4.889s] -- Up-to-date: /home/minkhanttun/ros2_ws/install/custom_action_interfaces/include/custom_action_interfaces/custom_action_interfaces/action/detail/fibonacci__functions.h
[4.890s] -- Up-to-date: /home/minkhanttun/ros2_ws/install/custom_action_interfaces/include/custom_action_interfaces/custom_action_interfaces/action/detail/fibonacci__struct.h
[4.895s] -- Up-to-date: /home/minkhanttun/ros2_ws/install/custom_action_interfaces/include/custom_action_interfaces/custom_action_interfaces/action/detail/fibonacci__functions.c
[4.896s] -- Up-to-date: /home/minkhanttun/ros2_ws/install/custom_action_interfaces/include/custom_action_interfaces/custom_action_interfaces/action/detail/fibonacci__type_support.h
[4.896s] -- Up-to-date: /home/minkhanttun/ros2_ws/install/custom_action_interfaces/include/custom_action_interfaces/custom_action_interfaces/action/fibonacci.h
[4.900s] -- Up-to-date: /home/minkhanttun/ros2_ws/install/custom_action_interfaces/share/custom_action_interfaces/environment/library_path.sh
[4.900s] -- Up-to-date: /home/minkhanttun/ros2_ws/install/custom_action_interfaces/share/custom_action_interfaces/environment/library_path.dsv
[4.904s] -- Up-to-date: /home/minkhanttun/ros2_ws/install/custom_action_interfaces/lib/libcustom_action_interfaces__rosidl_generator_c.so
[4.905s] -- Up-to-date: /home/minkhanttun/ros2_ws/install/custom_action_interfaces/include/custom_action_interfaces/custom_action_interfaces
[4.905s] -- Up-to-date: /home/minkhanttun/ros2_ws/install/custom_action_interfaces/include/custom_action_interfaces/custom_action_interfaces/msg
[4.905s] -- Up-to-date: /home/minkhanttun/ros2_ws/install/custom_action_interfaces/include/custom_action_interfaces/custom_action_interfaces/msg/rosidl_typesupport_fastrtps_c__visibility_control.h
[4.905s] -- Up-to-date: /home/minkhanttun/ros2_ws/install/custom_action_interfaces/include/custom_action_interfaces/custom_action_interfaces/action
[4.905s] -- Up-to-date: /home/minkhanttun/ros2_ws/install/custom_action_interfaces/include/custom_action_interfaces/custom_action_interfaces/action/detail
[4.905s] -- Up-to-date: /home/minkhanttun/ros2_ws/install/custom_action_interfaces/include/custom_action_interfaces/custom_action_interfaces/action/detail/fibonacci__rosidl_typesupport_fastrtps_c.h
[4.905s] -- Up-to-date: /home/minkhanttun/ros2_ws/install/custom_action_interfaces/lib/libcustom_action_interfaces__rosidl_typesupport_fastrtps_c.so
[4.906s] -- Up-to-date: /home/minkhanttun/ros2_ws/install/custom_action_interfaces/include/custom_action_interfaces/custom_action_interfaces
[4.906s] -- Up-to-date: /home/minkhanttun/ros2_ws/install/custom_action_interfaces/include/custom_action_interfaces/custom_action_interfaces/msg
[4.906s] -- Up-to-date: /home/minkhanttun/ros2_ws/install/custom_action_interfaces/include/custom_action_interfaces/custom_action_interfaces/msg/rosidl_typesupport_introspection_c__visibility_control.h
[4.906s] -- Up-to-date: /home/minkhanttun/ros2_ws/install/custom_action_interfaces/include/custom_action_interfaces/custom_action_interfaces/action
[4.906s] -- Up-to-date: /home/minkhanttun/ros2_ws/install/custom_action_interfaces/include/custom_action_interfaces/custom_action_interfaces/action/detail
[4.922s] -- Installing: /home/minkhanttun/ros2_ws/install/custom_action_interfaces/include/custom_action_interfaces/custom_action_interfaces/action/detail/fibonacci__type_support.c
[4.922s] -- Up-to-date: /home/minkhanttun/ros2_ws/install/custom_action_interfaces/include/custom_action_interfaces/custom_action_interfaces/action/detail/fibonacci__rosidl_typesupport_introspection_c.h
[4.924s] -- Up-to-date: /home/minkhanttun/ros2_ws/install/custom_action_interfaces/lib/libcustom_action_interfaces__rosidl_typesupport_introspection_c.so
[4.927s] -- Up-to-date: /home/minkhanttun/ros2_ws/install/custom_action_interfaces/lib/libcustom_action_interfaces__rosidl_typesupport_c.so
[4.927s] -- Up-to-date: /home/minkhanttun/ros2_ws/install/custom_action_interfaces/include/custom_action_interfaces/custom_action_interfaces
[4.927s] -- Up-to-date: /home/minkhanttun/ros2_ws/install/custom_action_interfaces/include/custom_action_interfaces/custom_action_interfaces/msg
[4.934s] -- Up-to-date: /home/minkhanttun/ros2_ws/install/custom_action_interfaces/include/custom_action_interfaces/custom_action_interfaces/msg/rosidl_generator_cpp__visibility_control.hpp
[4.934s] -- Up-to-date: /home/minkhanttun/ros2_ws/install/custom_action_interfaces/include/custom_action_interfaces/custom_action_interfaces/action
[4.942s] -- Up-to-date: /home/minkhanttun/ros2_ws/install/custom_action_interfaces/include/custom_action_interfaces/custom_action_interfaces/action/detail
[4.943s] -- Up-to-date: /home/minkhanttun/ros2_ws/install/custom_action_interfaces/include/custom_action_interfaces/custom_action_interfaces/action/detail/fibonacci__traits.hpp
[4.943s] -- Up-to-date: /home/minkhanttun/ros2_ws/install/custom_action_interfaces/include/custom_action_interfaces/custom_action_interfaces/action/detail/fibonacci__type_support.hpp
[4.943s] -- Up-to-date: /home/minkhanttun/ros2_ws/install/custom_action_interfaces/include/custom_action_interfaces/custom_action_interfaces/action/detail/fibonacci__struct.hpp
[4.943s] -- Up-to-date: /home/minkhanttun/ros2_ws/install/custom_action_interfaces/include/custom_action_interfaces/custom_action_interfaces/action/detail/fibonacci__builder.hpp
[4.943s] -- Up-to-date: /home/minkhanttun/ros2_ws/install/custom_action_interfaces/include/custom_action_interfaces/custom_action_interfaces/action/fibonacci.hpp
[4.943s] -- Up-to-date: /home/minkhanttun/ros2_ws/install/custom_action_interfaces/include/custom_action_interfaces/custom_action_interfaces
[4.944s] -- Up-to-date: /home/minkhanttun/ros2_ws/install/custom_action_interfaces/include/custom_action_interfaces/custom_action_interfaces/msg
[4.944s] -- Up-to-date: /home/minkhanttun/ros2_ws/install/custom_action_interfaces/include/custom_action_interfaces/custom_action_interfaces/msg/rosidl_typesupport_fastrtps_cpp__visibility_control.h
[4.944s] -- Up-to-date: /home/minkhanttun/ros2_ws/install/custom_action_interfaces/include/custom_action_interfaces/custom_action_interfaces/action
[4.951s] -- Up-to-date: /home/minkhanttun/ros2_ws/install/custom_action_interfaces/include/custom_action_interfaces/custom_action_interfaces/action/detail
[4.952s] -- Up-to-date: /home/minkhanttun/ros2_ws/install/custom_action_interfaces/include/custom_action_interfaces/custom_action_interfaces/action/detail/fibonacci__rosidl_typesupport_fastrtps_cpp.hpp
[4.954s] -- Up-to-date: /home/minkhanttun/ros2_ws/install/custom_action_interfaces/include/custom_action_interfaces/custom_action_interfaces/action/detail/dds_fastrtps
[4.954s] -- Up-to-date: /home/minkhanttun/ros2_ws/install/custom_action_interfaces/lib/libcustom_action_interfaces__rosidl_typesupport_fastrtps_cpp.so
[4.954s] -- Up-to-date: /home/minkhanttun/ros2_ws/install/custom_action_interfaces/include/custom_action_interfaces/custom_action_interfaces
[4.955s] -- Up-to-date: /home/minkhanttun/ros2_ws/install/custom_action_interfaces/include/custom_action_interfaces/custom_action_interfaces/action
[4.955s] -- Up-to-date: /home/minkhanttun/ros2_ws/install/custom_action_interfaces/include/custom_action_interfaces/custom_action_interfaces/action/detail
[4.955s] -- Up-to-date: /home/minkhanttun/ros2_ws/install/custom_action_interfaces/include/custom_action_interfaces/custom_action_interfaces/action/detail/fibonacci__rosidl_typesupport_introspection_cpp.hpp
[4.955s] -- Up-to-date: /home/minkhanttun/ros2_ws/install/custom_action_interfaces/include/custom_action_interfaces/custom_action_interfaces/action/detail/fibonacci__type_support.cpp
[4.955s] -- Up-to-date: /home/minkhanttun/ros2_ws/install/custom_action_interfaces/lib/libcustom_action_interfaces__rosidl_typesupport_introspection_cpp.so
[4.955s] -- Up-to-date: /home/minkhanttun/ros2_ws/install/custom_action_interfaces/lib/libcustom_action_interfaces__rosidl_typesupport_cpp.so
[4.956s] -- Up-to-date: /home/minkhanttun/ros2_ws/install/custom_action_interfaces/share/custom_action_interfaces/environment/pythonpath.sh
[4.956s] -- Up-to-date: /home/minkhanttun/ros2_ws/install/custom_action_interfaces/share/custom_action_interfaces/environment/pythonpath.dsv
[4.969s] -- Up-to-date: /home/minkhanttun/ros2_ws/install/custom_action_interfaces/lib/python3.12/site-packages/custom_action_interfaces-0.0.0-py3.12.egg-info
[4.969s] -- Installing: /home/minkhanttun/ros2_ws/install/custom_action_interfaces/lib/python3.12/site-packages/custom_action_interfaces-0.0.0-py3.12.egg-info/SOURCES.txt
[4.969s] -- Installing: /home/minkhanttun/ros2_ws/install/custom_action_interfaces/lib/python3.12/site-packages/custom_action_interfaces-0.0.0-py3.12.egg-info/top_level.txt
[4.969s] -- Installing: /home/minkhanttun/ros2_ws/install/custom_action_interfaces/lib/python3.12/site-packages/custom_action_interfaces-0.0.0-py3.12.egg-info/PKG-INFO
[4.970s] -- Installing: /home/minkhanttun/ros2_ws/install/custom_action_interfaces/lib/python3.12/site-packages/custom_action_interfaces-0.0.0-py3.12.egg-info/dependency_links.txt
[4.970s] -- Up-to-date: /home/minkhanttun/ros2_ws/install/custom_action_interfaces/lib/python3.12/site-packages/custom_action_interfaces
[4.970s] -- Up-to-date: /home/minkhanttun/ros2_ws/install/custom_action_interfaces/lib/python3.12/site-packages/custom_action_interfaces/custom_action_interfaces_s__rosidl_typesupport_c.so
[4.970s] -- Up-to-date: /home/minkhanttun/ros2_ws/install/custom_action_interfaces/lib/python3.12/site-packages/custom_action_interfaces/_custom_action_interfaces_s.ep.rosidl_typesupport_fastrtps_c.c
[4.970s] -- Up-to-date: /home/minkhanttun/ros2_ws/install/custom_action_interfaces/lib/python3.12/site-packages/custom_action_interfaces/custom_action_interfaces_s__rosidl_typesupport_introspection_c.so
[4.970s] -- Up-to-date: /home/minkhanttun/ros2_ws/install/custom_action_interfaces/lib/python3.12/site-packages/custom_action_interfaces/custom_action_interfaces_s__rosidl_typesupport_fastrtps_c.so
[4.970s] -- Up-to-date: /home/minkhanttun/ros2_ws/install/custom_action_interfaces/lib/python3.12/site-packages/custom_action_interfaces/_custom_action_interfaces_s.ep.rosidl_typesupport_c.c
[4.970s] -- Up-to-date: /home/minkhanttun/ros2_ws/install/custom_action_interfaces/lib/python3.12/site-packages/custom_action_interfaces/__init__.py
[4.971s] -- Up-to-date: /home/minkhanttun/ros2_ws/install/custom_action_interfaces/lib/python3.12/site-packages/custom_action_interfaces/action
[4.971s] -- Up-to-date: /home/minkhanttun/ros2_ws/install/custom_action_interfaces/lib/python3.12/site-packages/custom_action_interfaces/action/_fibonacci.py
[4.971s] -- Up-to-date: /home/minkhanttun/ros2_ws/install/custom_action_interfaces/lib/python3.12/site-packages/custom_action_interfaces/action/_fibonacci_s.c
[4.971s] -- Up-to-date: /home/minkhanttun/ros2_ws/install/custom_action_interfaces/lib/python3.12/site-packages/custom_action_interfaces/action/__init__.py
[4.978s] -- Up-to-date: /home/minkhanttun/ros2_ws/install/custom_action_interfaces/lib/python3.12/site-packages/custom_action_interfaces/_custom_action_interfaces_s.ep.rosidl_typesupport_introspection_c.c
[5.022s] Listing '/home/minkhanttun/ros2_ws/install/custom_action_interfaces/lib/python3.12/site-packages/custom_action_interfaces'...
[5.023s] Listing '/home/minkhanttun/ros2_ws/install/custom_action_interfaces/lib/python3.12/site-packages/custom_action_interfaces/action'...
[5.086s] -- Up-to-date: /home/minkhanttun/ros2_ws/install/custom_action_interfaces/lib/python3.12/site-packages/custom_action_interfaces/custom_action_interfaces_s__rosidl_typesupport_fastrtps_c.so
[5.086s] -- Up-to-date: /home/minkhanttun/ros2_ws/install/custom_action_interfaces/lib/python3.12/site-packages/custom_action_interfaces/custom_action_interfaces_s__rosidl_typesupport_introspection_c.so
[5.097s] -- Up-to-date: /home/minkhanttun/ros2_ws/install/custom_action_interfaces/lib/python3.12/site-packages/custom_action_interfaces/custom_action_interfaces_s__rosidl_typesupport_c.so
[5.098s] -- Up-to-date: /home/minkhanttun/ros2_ws/install/custom_action_interfaces/lib/libcustom_action_interfaces__rosidl_generator_py.so
[5.098s] -- Up-to-date: /home/minkhanttun/ros2_ws/install/custom_action_interfaces/share/custom_action_interfaces/action/Fibonacci.idl
[5.099s] -- Up-to-date: /home/minkhanttun/ros2_ws/install/custom_action_interfaces/share/custom_action_interfaces/action/Fibonacci.action
[5.099s] -- Up-to-date: /home/minkhanttun/ros2_ws/install/custom_action_interfaces/share/ament_index/resource_index/package_run_dependencies/custom_action_interfaces
[5.099s] -- Up-to-date: /home/minkhanttun/ros2_ws/install/custom_action_interfaces/share/ament_index/resource_index/parent_prefix_path/custom_action_interfaces
[5.099s] -- Up-to-date: /home/minkhanttun/ros2_ws/install/custom_action_interfaces/share/custom_action_interfaces/environment/ament_prefix_path.sh
[5.103s] -- Up-to-date: /home/minkhanttun/ros2_ws/install/custom_action_interfaces/share/custom_action_interfaces/environment/ament_prefix_path.dsv
[5.116s] -- Up-to-date: /home/minkhanttun/ros2_ws/install/custom_action_interfaces/share/custom_action_interfaces/environment/path.sh
[5.117s] -- Up-to-date: /home/minkhanttun/ros2_ws/install/custom_action_interfaces/share/custom_action_interfaces/environment/path.dsv
[5.117s] -- Up-to-date: /home/minkhanttun/ros2_ws/install/custom_action_interfaces/share/custom_action_interfaces/local_setup.bash
[5.117s] -- Up-to-date: /home/minkhanttun/ros2_ws/install/custom_action_interfaces/share/custom_action_interfaces/local_setup.sh
[5.117s] -- Up-to-date: /home/minkhanttun/ros2_ws/install/custom_action_interfaces/share/custom_action_interfaces/local_setup.zsh
[5.117s] -- Up-to-date: /home/minkhanttun/ros2_ws/install/custom_action_interfaces/share/custom_action_interfaces/local_setup.dsv
[5.117s] -- Installing: /home/minkhanttun/ros2_ws/install/custom_action_interfaces/share/custom_action_interfaces/package.dsv
[5.117s] -- Up-to-date: /home/minkhanttun/ros2_ws/install/custom_action_interfaces/share/ament_index/resource_index/packages/custom_action_interfaces
[5.118s] -- Up-to-date: /home/minkhanttun/ros2_ws/install/custom_action_interfaces/share/custom_action_interfaces/cmake/export_custom_action_interfaces__rosidl_generator_cExport.cmake
[5.118s] -- Up-to-date: /home/minkhanttun/ros2_ws/install/custom_action_interfaces/share/custom_action_interfaces/cmake/export_custom_action_interfaces__rosidl_generator_cExport-noconfig.cmake
[5.118s] -- Up-to-date: /home/minkhanttun/ros2_ws/install/custom_action_interfaces/share/custom_action_interfaces/cmake/export_custom_action_interfaces__rosidl_typesupport_fastrtps_cExport.cmake
[5.118s] -- Up-to-date: /home/minkhanttun/ros2_ws/install/custom_action_interfaces/share/custom_action_interfaces/cmake/export_custom_action_interfaces__rosidl_typesupport_fastrtps_cExport-noconfig.cmake
[5.118s] -- Up-to-date: /home/minkhanttun/ros2_ws/install/custom_action_interfaces/share/custom_action_interfaces/cmake/custom_action_interfaces__rosidl_typesupport_introspection_cExport.cmake
[5.118s] -- Up-to-date: /home/minkhanttun/ros2_ws/install/custom_action_interfaces/share/custom_action_interfaces/cmake/custom_action_interfaces__rosidl_typesupport_introspection_cExport-noconfig.cmake
[5.118s] -- Up-to-date: /home/minkhanttun/ros2_ws/install/custom_action_interfaces/share/custom_action_interfaces/cmake/custom_action_interfaces__rosidl_typesupport_cExport.cmake
[5.118s] -- Up-to-date: /home/minkhanttun/ros2_ws/install/custom_action_interfaces/share/custom_action_interfaces/cmake/custom_action_interfaces__rosidl_typesupport_cExport-noconfig.cmake
[5.119s] -- Up-to-date: /home/minkhanttun/ros2_ws/install/custom_action_interfaces/share/custom_action_interfaces/cmake/export_custom_action_interfaces__rosidl_generator_cppExport.cmake
[5.119s] -- Up-to-date: /home/minkhanttun/ros2_ws/install/custom_action_interfaces/share/custom_action_interfaces/cmake/export_custom_action_interfaces__rosidl_typesupport_fastrtps_cppExport.cmake
[5.126s] -- Up-to-date: /home/minkhanttun/ros2_ws/install/custom_action_interfaces/share/custom_action_interfaces/cmake/export_custom_action_interfaces__rosidl_typesupport_fastrtps_cppExport-noconfig.cmake
[5.126s] -- Up-to-date: /home/minkhanttun/ros2_ws/install/custom_action_interfaces/share/custom_action_interfaces/cmake/custom_action_interfaces__rosidl_typesupport_introspection_cppExport.cmake
[5.127s] -- Up-to-date: /home/minkhanttun/ros2_ws/install/custom_action_interfaces/share/custom_action_interfaces/cmake/custom_action_interfaces__rosidl_typesupport_introspection_cppExport-noconfig.cmake
[5.127s] -- Up-to-date: /home/minkhanttun/ros2_ws/install/custom_action_interfaces/share/custom_action_interfaces/cmake/custom_action_interfaces__rosidl_typesupport_cppExport.cmake
[5.127s] -- Up-to-date: /home/minkhanttun/ros2_ws/install/custom_action_interfaces/share/custom_action_interfaces/cmake/custom_action_interfaces__rosidl_typesupport_cppExport-noconfig.cmake
[5.127s] -- Up-to-date: /home/minkhanttun/ros2_ws/install/custom_action_interfaces/share/custom_action_interfaces/cmake/export_custom_action_interfaces__rosidl_generator_pyExport.cmake
[5.127s] -- Up-to-date: /home/minkhanttun/ros2_ws/install/custom_action_interfaces/share/custom_action_interfaces/cmake/export_custom_action_interfaces__rosidl_generator_pyExport-noconfig.cmake
[5.129s] -- Up-to-date: /home/minkhanttun/ros2_ws/install/custom_action_interfaces/share/custom_action_interfaces/cmake/rosidl_cmake-extras.cmake
[5.130s] -- Up-to-date: /home/minkhanttun/ros2_ws/install/custom_action_interfaces/share/custom_action_interfaces/cmake/ament_cmake_export_dependencies-extras.cmake
[5.138s] -- Up-to-date: /home/minkhanttun/ros2_ws/install/custom_action_interfaces/share/custom_action_interfaces/cmake/ament_cmake_export_include_directories-extras.cmake
[5.138s] -- Up-to-date: /home/minkhanttun/ros2_ws/install/custom_action_interfaces/share/custom_action_interfaces/cmake/ament_cmake_export_libraries-extras.cmake
[5.138s] -- Up-to-date: /home/minkhanttun/ros2_ws/install/custom_action_interfaces/share/custom_action_interfaces/cmake/ament_cmake_export_targets-extras.cmake
[5.138s] -- Up-to-date: /home/minkhanttun/ros2_ws/install/custom_action_interfaces/share/custom_action_interfaces/cmake/rosidl_cmake_export_typesupport_targets-extras.cmake
[5.138s] -- Up-to-date: /home/minkhanttun/ros2_ws/install/custom_action_interfaces/share/custom_action_interfaces/cmake/rosidl_cmake_export_typesupport_libraries-extras.cmake
[5.139s] -- Up-to-date: /home/minkhanttun/ros2_ws/install/custom_action_interfaces/share/custom_action_interfaces/cmake/custom_action_interfacesConfig.cmake
[5.139s] -- Up-to-date: /home/minkhanttun/ros2_ws/install/custom_action_interfaces/share/custom_action_interfaces/cmake/custom_action_interfacesConfig-version.cmake
[5.139s] -- Up-to-date: /home/minkhanttun/ros2_ws/install/custom_action_interfaces/share/custom_action_interfaces/package.xml
[5.206s] Invoked command in '/home/minkhanttun/ros2_ws/build/custom_action_interfaces' returned '0': CMAKE_PREFIX_PATH=${CMAKE_PREFIX_PATH}:/opt/ros/jazzy DEBUGINFOD_URLS=https://debuginfod.ubuntu.com /usr/bin/cmake --install /home/minkhanttun/ros2_ws/build/custom_action_interfaces
