[0.118s] Invoking command in '/home/minkhanttun/ros2_ws/build/tutorial_interfaces': CMAKE_PREFIX_PATH=${CMAKE_PREFIX_PATH}:/opt/ros/jazzy DEBUGINFOD_URLS=https://debuginfod.ubuntu.com /usr/bin/cmake --build /home/minkhanttun/ros2_ws/build/tutorial_interfaces -- -j4 -l4
[0.517s] [  1%] Built target tutorial_interfaces__rosidl_generator_type_description
[0.674s] [  1%] Built target ament_cmake_python_copy_tutorial_interfaces
[0.824s] [  3%] Built target tutorial_interfaces__cpp
[0.838s] [ 24%] Built target tutorial_interfaces__rosidl_generator_c
[1.176s] [ 33%] Built target tutorial_interfaces__rosidl_typesupport_introspection_c
[1.204s] [ 42%] Built target tutorial_interfaces__rosidl_typesupport_fastrtps_cpp
[1.496s] [ 51%] Built target tutorial_interfaces__rosidl_typesupport_c
[1.551s] [ 61%] Built target tutorial_interfaces__rosidl_typesupport_introspection_cpp
[1.604s] [ 70%] Built target tutorial_interfaces__rosidl_typesupport_cpp
[1.828s] [ 79%] Built target tutorial_interfaces__rosidl_typesupport_fastrtps_c
[2.091s] [ 79%] Built target tutorial_interfaces
[2.421s] [ 81%] Built target tutorial_interfaces__py
[2.821s] [ 88%] Built target tutorial_interfaces__rosidl_generator_py
[3.095s] [ 92%] Built target tutorial_interfaces_s__rosidl_typesupport_fastrtps_c
[3.106s] [ 96%] Built target tutorial_interfaces_s__rosidl_typesupport_introspection_c
[3.273s] [100%] Built target tutorial_interfaces_s__rosidl_typesupport_c
[3.861s] running egg_info
[3.994s] writing tutorial_interfaces.egg-info/PKG-INFO
[3.996s] writing dependency_links to tutorial_interfaces.egg-info/dependency_links.txt
[4.001s] writing top-level names to tutorial_interfaces.egg-info/top_level.txt
[4.343s] reading manifest file 'tutorial_interfaces.egg-info/SOURCES.txt'
[4.343s] writing manifest file 'tutorial_interfaces.egg-info/SOURCES.txt'
[4.750s] [100%] Built target ament_cmake_python_build_tutorial_interfaces_egg
[4.824s] Invoked command in '/home/minkhanttun/ros2_ws/build/tutorial_interfaces' returned '0': CMAKE_PREFIX_PATH=${CMAKE_PREFIX_PATH}:/opt/ros/jazzy DEBUGINFOD_URLS=https://debuginfod.ubuntu.com /usr/bin/cmake --build /home/minkhanttun/ros2_ws/build/tutorial_interfaces -- -j4 -l4
[4.825s] Invoking command in '/home/minkhanttun/ros2_ws/build/tutorial_interfaces': CMAKE_PREFIX_PATH=${CMAKE_PREFIX_PATH}:/opt/ros/jazzy DEBUGINFOD_URLS=https://debuginfod.ubuntu.com /usr/bin/cmake --install /home/minkhanttun/ros2_ws/build/tutorial_interfaces
[4.879s] -- Install configuration: ""
[4.889s] -- Up-to-date: /home/minkhanttun/ros2_ws/install/tutorial_interfaces/share/ament_index/resource_index/rosidl_interfaces/tutorial_interfaces
[4.889s] -- Up-to-date: /home/minkhanttun/ros2_ws/install/tutorial_interfaces/share/tutorial_interfaces/msg/Num.json
[4.889s] -- Up-to-date: /home/minkhanttun/ros2_ws/install/tutorial_interfaces/share/tutorial_interfaces/msg/Sphere.json
[4.890s] -- Up-to-date: /home/minkhanttun/ros2_ws/install/tutorial_interfaces/share/tutorial_interfaces/srv/AddThreeInts.json
[4.890s] -- Up-to-date: /home/minkhanttun/ros2_ws/install/tutorial_interfaces/include/tutorial_interfaces/tutorial_interfaces
[4.891s] -- Up-to-date: /home/minkhanttun/ros2_ws/install/tutorial_interfaces/include/tutorial_interfaces/tutorial_interfaces/msg
[4.893s] -- Up-to-date: /home/minkhanttun/ros2_ws/install/tutorial_interfaces/include/tutorial_interfaces/tutorial_interfaces/msg/detail
[4.893s] -- Up-to-date: /home/minkhanttun/ros2_ws/install/tutorial_interfaces/include/tutorial_interfaces/tutorial_interfaces/msg/detail/num__functions.h
[4.893s] -- Up-to-date: /home/minkhanttun/ros2_ws/install/tutorial_interfaces/include/tutorial_interfaces/tutorial_interfaces/msg/detail/sphere__functions.c
[4.893s] -- Up-to-date: /home/minkhanttun/ros2_ws/install/tutorial_interfaces/include/tutorial_interfaces/tutorial_interfaces/msg/detail/sphere__description.c
[4.893s] -- Up-to-date: /home/minkhanttun/ros2_ws/install/tutorial_interfaces/include/tutorial_interfaces/tutorial_interfaces/msg/detail/sphere__type_support.h
[4.893s] -- Up-to-date: /home/minkhanttun/ros2_ws/install/tutorial_interfaces/include/tutorial_interfaces/tutorial_interfaces/msg/detail/sphere__struct.h
[4.894s] -- Installing: /home/minkhanttun/ros2_ws/install/tutorial_interfaces/include/tutorial_interfaces/tutorial_interfaces/msg/detail/sphere__type_support.c
[4.894s] -- Up-to-date: /home/minkhanttun/ros2_ws/install/tutorial_interfaces/include/tutorial_interfaces/tutorial_interfaces/msg/detail/num__type_support.h
[4.894s] -- Up-to-date: /home/minkhanttun/ros2_ws/install/tutorial_interfaces/include/tutorial_interfaces/tutorial_interfaces/msg/detail/sphere__functions.h
[4.894s] -- Up-to-date: /home/minkhanttun/ros2_ws/install/tutorial_interfaces/include/tutorial_interfaces/tutorial_interfaces/msg/detail/num__description.c
[4.894s] -- Up-to-date: /home/minkhanttun/ros2_ws/install/tutorial_interfaces/include/tutorial_interfaces/tutorial_interfaces/msg/detail/num__struct.h
[4.894s] -- Up-to-date: /home/minkhanttun/ros2_ws/install/tutorial_interfaces/include/tutorial_interfaces/tutorial_interfaces/msg/detail/num__functions.c
[4.894s] -- Installing: /home/minkhanttun/ros2_ws/install/tutorial_interfaces/include/tutorial_interfaces/tutorial_interfaces/msg/detail/num__type_support.c
[4.895s] -- Up-to-date: /home/minkhanttun/ros2_ws/install/tutorial_interfaces/include/tutorial_interfaces/tutorial_interfaces/msg/rosidl_generator_c__visibility_control.h
[4.895s] -- Up-to-date: /home/minkhanttun/ros2_ws/install/tutorial_interfaces/include/tutorial_interfaces/tutorial_interfaces/msg/num.h
[4.895s] -- Up-to-date: /home/minkhanttun/ros2_ws/install/tutorial_interfaces/include/tutorial_interfaces/tutorial_interfaces/msg/sphere.h
[4.904s] -- Up-to-date: /home/minkhanttun/ros2_ws/install/tutorial_interfaces/include/tutorial_interfaces/tutorial_interfaces/srv
[4.905s] -- Up-to-date: /home/minkhanttun/ros2_ws/install/tutorial_interfaces/include/tutorial_interfaces/tutorial_interfaces/srv/detail
[4.905s] -- Up-to-date: /home/minkhanttun/ros2_ws/install/tutorial_interfaces/include/tutorial_interfaces/tutorial_interfaces/srv/detail/add_three_ints__functions.h
[4.905s] -- Up-to-date: /home/minkhanttun/ros2_ws/install/tutorial_interfaces/include/tutorial_interfaces/tutorial_interfaces/srv/detail/add_three_ints__description.c
[4.905s] -- Up-to-date: /home/minkhanttun/ros2_ws/install/tutorial_interfaces/include/tutorial_interfaces/tutorial_interfaces/srv/detail/add_three_ints__type_support.h
[4.906s] -- Up-to-date: /home/minkhanttun/ros2_ws/install/tutorial_interfaces/include/tutorial_interfaces/tutorial_interfaces/srv/detail/add_three_ints__struct.h
[4.909s] -- Up-to-date: /home/minkhanttun/ros2_ws/install/tutorial_interfaces/include/tutorial_interfaces/tutorial_interfaces/srv/detail/add_three_ints__functions.c
[4.915s] -- Installing: /home/minkhanttun/ros2_ws/install/tutorial_interfaces/include/tutorial_interfaces/tutorial_interfaces/srv/detail/add_three_ints__type_support.c
[4.916s] -- Up-to-date: /home/minkhanttun/ros2_ws/install/tutorial_interfaces/include/tutorial_interfaces/tutorial_interfaces/srv/add_three_ints.h
[4.916s] -- Up-to-date: /home/minkhanttun/ros2_ws/install/tutorial_interfaces/share/tutorial_interfaces/environment/library_path.sh
[4.935s] -- Up-to-date: /home/minkhanttun/ros2_ws/install/tutorial_interfaces/share/tutorial_interfaces/environment/library_path.dsv
[4.935s] -- Up-to-date: /home/minkhanttun/ros2_ws/install/tutorial_interfaces/lib/libtutorial_interfaces__rosidl_generator_c.so
[4.935s] -- Up-to-date: /home/minkhanttun/ros2_ws/install/tutorial_interfaces/include/tutorial_interfaces/tutorial_interfaces
[4.935s] -- Up-to-date: /home/minkhanttun/ros2_ws/install/tutorial_interfaces/include/tutorial_interfaces/tutorial_interfaces/msg
[4.935s] -- Up-to-date: /home/minkhanttun/ros2_ws/install/tutorial_interfaces/include/tutorial_interfaces/tutorial_interfaces/msg/detail
[4.936s] -- Up-to-date: /home/minkhanttun/ros2_ws/install/tutorial_interfaces/include/tutorial_interfaces/tutorial_interfaces/msg/detail/num__rosidl_typesupport_fastrtps_c.h
[4.936s] -- Up-to-date: /home/minkhanttun/ros2_ws/install/tutorial_interfaces/include/tutorial_interfaces/tutorial_interfaces/msg/detail/sphere__rosidl_typesupport_fastrtps_c.h
[4.936s] -- Up-to-date: /home/minkhanttun/ros2_ws/install/tutorial_interfaces/include/tutorial_interfaces/tutorial_interfaces/msg/rosidl_typesupport_fastrtps_c__visibility_control.h
[4.936s] -- Up-to-date: /home/minkhanttun/ros2_ws/install/tutorial_interfaces/include/tutorial_interfaces/tutorial_interfaces/srv
[4.936s] -- Up-to-date: /home/minkhanttun/ros2_ws/install/tutorial_interfaces/include/tutorial_interfaces/tutorial_interfaces/srv/detail
[4.936s] -- Up-to-date: /home/minkhanttun/ros2_ws/install/tutorial_interfaces/include/tutorial_interfaces/tutorial_interfaces/srv/detail/add_three_ints__rosidl_typesupport_fastrtps_c.h
[4.936s] -- Up-to-date: /home/minkhanttun/ros2_ws/install/tutorial_interfaces/lib/libtutorial_interfaces__rosidl_typesupport_fastrtps_c.so
[4.936s] -- Up-to-date: /home/minkhanttun/ros2_ws/install/tutorial_interfaces/include/tutorial_interfaces/tutorial_interfaces
[4.937s] -- Up-to-date: /home/minkhanttun/ros2_ws/install/tutorial_interfaces/include/tutorial_interfaces/tutorial_interfaces/msg
[4.937s] -- Up-to-date: /home/minkhanttun/ros2_ws/install/tutorial_interfaces/include/tutorial_interfaces/tutorial_interfaces/msg/detail
[4.937s] -- Up-to-date: /home/minkhanttun/ros2_ws/install/tutorial_interfaces/include/tutorial_interfaces/tutorial_interfaces/msg/detail/sphere__type_support.hpp
[4.937s] -- Up-to-date: /home/minkhanttun/ros2_ws/install/tutorial_interfaces/include/tutorial_interfaces/tutorial_interfaces/msg/detail/num__traits.hpp
[4.944s] -- Up-to-date: /home/minkhanttun/ros2_ws/install/tutorial_interfaces/include/tutorial_interfaces/tutorial_interfaces/msg/detail/num__builder.hpp
[4.944s] -- Up-to-date: /home/minkhanttun/ros2_ws/install/tutorial_interfaces/include/tutorial_interfaces/tutorial_interfaces/msg/detail/num__type_support.hpp
[4.944s] -- Up-to-date: /home/minkhanttun/ros2_ws/install/tutorial_interfaces/include/tutorial_interfaces/tutorial_interfaces/msg/detail/sphere__struct.hpp
[4.944s] -- Up-to-date: /home/minkhanttun/ros2_ws/install/tutorial_interfaces/include/tutorial_interfaces/tutorial_interfaces/msg/detail/sphere__builder.hpp
[4.945s] -- Up-to-date: /home/minkhanttun/ros2_ws/install/tutorial_interfaces/include/tutorial_interfaces/tutorial_interfaces/msg/detail/num__struct.hpp
[4.945s] -- Up-to-date: /home/minkhanttun/ros2_ws/install/tutorial_interfaces/include/tutorial_interfaces/tutorial_interfaces/msg/detail/sphere__traits.hpp
[4.945s] -- Up-to-date: /home/minkhanttun/ros2_ws/install/tutorial_interfaces/include/tutorial_interfaces/tutorial_interfaces/msg/rosidl_generator_cpp__visibility_control.hpp
[4.945s] -- Up-to-date: /home/minkhanttun/ros2_ws/install/tutorial_interfaces/include/tutorial_interfaces/tutorial_interfaces/msg/num.hpp
[4.945s] -- Up-to-date: /home/minkhanttun/ros2_ws/install/tutorial_interfaces/include/tutorial_interfaces/tutorial_interfaces/msg/sphere.hpp
[4.947s] -- Up-to-date: /home/minkhanttun/ros2_ws/install/tutorial_interfaces/include/tutorial_interfaces/tutorial_interfaces/srv
[4.947s] -- Up-to-date: /home/minkhanttun/ros2_ws/install/tutorial_interfaces/include/tutorial_interfaces/tutorial_interfaces/srv/add_three_ints.hpp
[4.947s] -- Up-to-date: /home/minkhanttun/ros2_ws/install/tutorial_interfaces/include/tutorial_interfaces/tutorial_interfaces/srv/detail
[4.947s] -- Up-to-date: /home/minkhanttun/ros2_ws/install/tutorial_interfaces/include/tutorial_interfaces/tutorial_interfaces/srv/detail/add_three_ints__type_support.hpp
[4.948s] -- Up-to-date: /home/minkhanttun/ros2_ws/install/tutorial_interfaces/include/tutorial_interfaces/tutorial_interfaces/srv/detail/add_three_ints__builder.hpp
[4.948s] -- Up-to-date: /home/minkhanttun/ros2_ws/install/tutorial_interfaces/include/tutorial_interfaces/tutorial_interfaces/srv/detail/add_three_ints__struct.hpp
[4.948s] -- Up-to-date: /home/minkhanttun/ros2_ws/install/tutorial_interfaces/include/tutorial_interfaces/tutorial_interfaces/srv/detail/add_three_ints__traits.hpp
[4.948s] -- Up-to-date: /home/minkhanttun/ros2_ws/install/tutorial_interfaces/include/tutorial_interfaces/tutorial_interfaces
[4.948s] -- Up-to-date: /home/minkhanttun/ros2_ws/install/tutorial_interfaces/include/tutorial_interfaces/tutorial_interfaces/msg
[4.959s] -- Up-to-date: /home/minkhanttun/ros2_ws/install/tutorial_interfaces/include/tutorial_interfaces/tutorial_interfaces/msg/rosidl_typesupport_fastrtps_cpp__visibility_control.h
[4.959s] -- Up-to-date: /home/minkhanttun/ros2_ws/install/tutorial_interfaces/include/tutorial_interfaces/tutorial_interfaces/msg/detail
[4.959s] -- Up-to-date: /home/minkhanttun/ros2_ws/install/tutorial_interfaces/include/tutorial_interfaces/tutorial_interfaces/msg/detail/num__rosidl_typesupport_fastrtps_cpp.hpp
[4.959s] -- Up-to-date: /home/minkhanttun/ros2_ws/install/tutorial_interfaces/include/tutorial_interfaces/tutorial_interfaces/msg/detail/sphere__rosidl_typesupport_fastrtps_cpp.hpp
[4.959s] -- Up-to-date: /home/minkhanttun/ros2_ws/install/tutorial_interfaces/include/tutorial_interfaces/tutorial_interfaces/msg/detail/dds_fastrtps
[4.959s] -- Up-to-date: /home/minkhanttun/ros2_ws/install/tutorial_interfaces/include/tutorial_interfaces/tutorial_interfaces/srv
[4.959s] -- Up-to-date: /home/minkhanttun/ros2_ws/install/tutorial_interfaces/include/tutorial_interfaces/tutorial_interfaces/srv/detail
[4.960s] -- Up-to-date: /home/minkhanttun/ros2_ws/install/tutorial_interfaces/include/tutorial_interfaces/tutorial_interfaces/srv/detail/add_three_ints__rosidl_typesupport_fastrtps_cpp.hpp
[4.960s] -- Up-to-date: /home/minkhanttun/ros2_ws/install/tutorial_interfaces/include/tutorial_interfaces/tutorial_interfaces/srv/detail/dds_fastrtps
[4.960s] -- Up-to-date: /home/minkhanttun/ros2_ws/install/tutorial_interfaces/lib/libtutorial_interfaces__rosidl_typesupport_fastrtps_cpp.so
[4.960s] -- Up-to-date: /home/minkhanttun/ros2_ws/install/tutorial_interfaces/include/tutorial_interfaces/tutorial_interfaces
[4.960s] -- Up-to-date: /home/minkhanttun/ros2_ws/install/tutorial_interfaces/include/tutorial_interfaces/tutorial_interfaces/msg
[4.960s] -- Up-to-date: /home/minkhanttun/ros2_ws/install/tutorial_interfaces/include/tutorial_interfaces/tutorial_interfaces/msg/detail
[4.960s] -- Installing: /home/minkhanttun/ros2_ws/install/tutorial_interfaces/include/tutorial_interfaces/tutorial_interfaces/msg/detail/sphere__type_support.c
[4.960s] -- Up-to-date: /home/minkhanttun/ros2_ws/install/tutorial_interfaces/include/tutorial_interfaces/tutorial_interfaces/msg/detail/num__rosidl_typesupport_introspection_c.h
[4.960s] -- Up-to-date: /home/minkhanttun/ros2_ws/install/tutorial_interfaces/include/tutorial_interfaces/tutorial_interfaces/msg/detail/sphere__rosidl_typesupport_introspection_c.h
[4.961s] -- Installing: /home/minkhanttun/ros2_ws/install/tutorial_interfaces/include/tutorial_interfaces/tutorial_interfaces/msg/detail/num__type_support.c
[4.961s] -- Up-to-date: /home/minkhanttun/ros2_ws/install/tutorial_interfaces/include/tutorial_interfaces/tutorial_interfaces/msg/rosidl_typesupport_introspection_c__visibility_control.h
[4.961s] -- Up-to-date: /home/minkhanttun/ros2_ws/install/tutorial_interfaces/include/tutorial_interfaces/tutorial_interfaces/srv
[4.966s] -- Up-to-date: /home/minkhanttun/ros2_ws/install/tutorial_interfaces/include/tutorial_interfaces/tutorial_interfaces/srv/detail
[4.966s] -- Up-to-date: /home/minkhanttun/ros2_ws/install/tutorial_interfaces/include/tutorial_interfaces/tutorial_interfaces/srv/detail/add_three_ints__rosidl_typesupport_introspection_c.h
[4.967s] -- Installing: /home/minkhanttun/ros2_ws/install/tutorial_interfaces/include/tutorial_interfaces/tutorial_interfaces/srv/detail/add_three_ints__type_support.c
[4.967s] -- Up-to-date: /home/minkhanttun/ros2_ws/install/tutorial_interfaces/lib/libtutorial_interfaces__rosidl_typesupport_introspection_c.so
[4.967s] -- Up-to-date: /home/minkhanttun/ros2_ws/install/tutorial_interfaces/lib/libtutorial_interfaces__rosidl_typesupport_c.so
[4.967s] -- Up-to-date: /home/minkhanttun/ros2_ws/install/tutorial_interfaces/include/tutorial_interfaces/tutorial_interfaces
[4.967s] -- Up-to-date: /home/minkhanttun/ros2_ws/install/tutorial_interfaces/include/tutorial_interfaces/tutorial_interfaces/msg
[4.967s] -- Up-to-date: /home/minkhanttun/ros2_ws/install/tutorial_interfaces/include/tutorial_interfaces/tutorial_interfaces/msg/detail
[4.968s] -- Up-to-date: /home/minkhanttun/ros2_ws/install/tutorial_interfaces/include/tutorial_interfaces/tutorial_interfaces/msg/detail/num__type_support.cpp
[4.968s] -- Up-to-date: /home/minkhanttun/ros2_ws/install/tutorial_interfaces/include/tutorial_interfaces/tutorial_interfaces/msg/detail/num__rosidl_typesupport_introspection_cpp.hpp
[4.968s] -- Up-to-date: /home/minkhanttun/ros2_ws/install/tutorial_interfaces/include/tutorial_interfaces/tutorial_interfaces/msg/detail/sphere__type_support.cpp
[4.968s] -- Up-to-date: /home/minkhanttun/ros2_ws/install/tutorial_interfaces/include/tutorial_interfaces/tutorial_interfaces/msg/detail/sphere__rosidl_typesupport_introspection_cpp.hpp
[4.970s] -- Up-to-date: /home/minkhanttun/ros2_ws/install/tutorial_interfaces/include/tutorial_interfaces/tutorial_interfaces/srv
[4.978s] -- Up-to-date: /home/minkhanttun/ros2_ws/install/tutorial_interfaces/include/tutorial_interfaces/tutorial_interfaces/srv/detail
[4.979s] -- Up-to-date: /home/minkhanttun/ros2_ws/install/tutorial_interfaces/include/tutorial_interfaces/tutorial_interfaces/srv/detail/add_three_ints__type_support.cpp
[4.995s] -- Up-to-date: /home/minkhanttun/ros2_ws/install/tutorial_interfaces/include/tutorial_interfaces/tutorial_interfaces/srv/detail/add_three_ints__rosidl_typesupport_introspection_cpp.hpp
[4.997s] -- Up-to-date: /home/minkhanttun/ros2_ws/install/tutorial_interfaces/lib/libtutorial_interfaces__rosidl_typesupport_introspection_cpp.so
[4.998s] -- Up-to-date: /home/minkhanttun/ros2_ws/install/tutorial_interfaces/lib/libtutorial_interfaces__rosidl_typesupport_cpp.so
[4.998s] -- Up-to-date: /home/minkhanttun/ros2_ws/install/tutorial_interfaces/share/tutorial_interfaces/environment/pythonpath.sh
[4.998s] -- Up-to-date: /home/minkhanttun/ros2_ws/install/tutorial_interfaces/share/tutorial_interfaces/environment/pythonpath.dsv
[5.006s] -- Up-to-date: /home/minkhanttun/ros2_ws/install/tutorial_interfaces/lib/python3.12/site-packages/tutorial_interfaces-0.0.0-py3.12.egg-info
[5.007s] -- Installing: /home/minkhanttun/ros2_ws/install/tutorial_interfaces/lib/python3.12/site-packages/tutorial_interfaces-0.0.0-py3.12.egg-info/SOURCES.txt
[5.007s] -- Installing: /home/minkhanttun/ros2_ws/install/tutorial_interfaces/lib/python3.12/site-packages/tutorial_interfaces-0.0.0-py3.12.egg-info/top_level.txt
[5.007s] -- Installing: /home/minkhanttun/ros2_ws/install/tutorial_interfaces/lib/python3.12/site-packages/tutorial_interfaces-0.0.0-py3.12.egg-info/PKG-INFO
[5.007s] -- Installing: /home/minkhanttun/ros2_ws/install/tutorial_interfaces/lib/python3.12/site-packages/tutorial_interfaces-0.0.0-py3.12.egg-info/dependency_links.txt
[5.027s] -- Up-to-date: /home/minkhanttun/ros2_ws/install/tutorial_interfaces/lib/python3.12/site-packages/tutorial_interfaces
[5.028s] -- Up-to-date: /home/minkhanttun/ros2_ws/install/tutorial_interfaces/lib/python3.12/site-packages/tutorial_interfaces/_tutorial_interfaces_s.ep.rosidl_typesupport_fastrtps_c.c
[5.028s] -- Up-to-date: /home/minkhanttun/ros2_ws/install/tutorial_interfaces/lib/python3.12/site-packages/tutorial_interfaces/tutorial_interfaces_s__rosidl_typesupport_c.so
[5.028s] -- Up-to-date: /home/minkhanttun/ros2_ws/install/tutorial_interfaces/lib/python3.12/site-packages/tutorial_interfaces/tutorial_interfaces_s__rosidl_typesupport_fastrtps_c.so
[5.028s] -- Up-to-date: /home/minkhanttun/ros2_ws/install/tutorial_interfaces/lib/python3.12/site-packages/tutorial_interfaces/msg
[5.028s] -- Up-to-date: /home/minkhanttun/ros2_ws/install/tutorial_interfaces/lib/python3.12/site-packages/tutorial_interfaces/msg/_num_s.c
[5.028s] -- Up-to-date: /home/minkhanttun/ros2_ws/install/tutorial_interfaces/lib/python3.12/site-packages/tutorial_interfaces/msg/_sphere.py
[5.028s] -- Up-to-date: /home/minkhanttun/ros2_ws/install/tutorial_interfaces/lib/python3.12/site-packages/tutorial_interfaces/msg/_num.py
[5.029s] -- Up-to-date: /home/minkhanttun/ros2_ws/install/tutorial_interfaces/lib/python3.12/site-packages/tutorial_interfaces/msg/__init__.py
[5.029s] -- Up-to-date: /home/minkhanttun/ros2_ws/install/tutorial_interfaces/lib/python3.12/site-packages/tutorial_interfaces/msg/_sphere_s.c
[5.029s] -- Up-to-date: /home/minkhanttun/ros2_ws/install/tutorial_interfaces/lib/python3.12/site-packages/tutorial_interfaces/_tutorial_interfaces_s.ep.rosidl_typesupport_c.c
[5.030s] -- Up-to-date: /home/minkhanttun/ros2_ws/install/tutorial_interfaces/lib/python3.12/site-packages/tutorial_interfaces/tutorial_interfaces_s__rosidl_typesupport_introspection_c.so
[5.031s] -- Up-to-date: /home/minkhanttun/ros2_ws/install/tutorial_interfaces/lib/python3.12/site-packages/tutorial_interfaces/__init__.py
[5.031s] -- Up-to-date: /home/minkhanttun/ros2_ws/install/tutorial_interfaces/lib/python3.12/site-packages/tutorial_interfaces/_tutorial_interfaces_s.ep.rosidl_typesupport_introspection_c.c
[5.031s] -- Up-to-date: /home/minkhanttun/ros2_ws/install/tutorial_interfaces/lib/python3.12/site-packages/tutorial_interfaces/srv
[5.032s] -- Up-to-date: /home/minkhanttun/ros2_ws/install/tutorial_interfaces/lib/python3.12/site-packages/tutorial_interfaces/srv/_add_three_ints_s.c
[5.032s] -- Up-to-date: /home/minkhanttun/ros2_ws/install/tutorial_interfaces/lib/python3.12/site-packages/tutorial_interfaces/srv/__init__.py
[5.035s] -- Up-to-date: /home/minkhanttun/ros2_ws/install/tutorial_interfaces/lib/python3.12/site-packages/tutorial_interfaces/srv/_add_three_ints.py
[5.093s] Listing '/home/minkhanttun/ros2_ws/install/tutorial_interfaces/lib/python3.12/site-packages/tutorial_interfaces'...
[5.094s] Listing '/home/minkhanttun/ros2_ws/install/tutorial_interfaces/lib/python3.12/site-packages/tutorial_interfaces/msg'...
[5.094s] Listing '/home/minkhanttun/ros2_ws/install/tutorial_interfaces/lib/python3.12/site-packages/tutorial_interfaces/srv'...
[5.138s] -- Up-to-date: /home/minkhanttun/ros2_ws/install/tutorial_interfaces/lib/python3.12/site-packages/tutorial_interfaces/tutorial_interfaces_s__rosidl_typesupport_fastrtps_c.so
[5.138s] -- Up-to-date: /home/minkhanttun/ros2_ws/install/tutorial_interfaces/lib/python3.12/site-packages/tutorial_interfaces/tutorial_interfaces_s__rosidl_typesupport_introspection_c.so
[5.139s] -- Up-to-date: /home/minkhanttun/ros2_ws/install/tutorial_interfaces/lib/python3.12/site-packages/tutorial_interfaces/tutorial_interfaces_s__rosidl_typesupport_c.so
[5.143s] -- Up-to-date: /home/minkhanttun/ros2_ws/install/tutorial_interfaces/lib/libtutorial_interfaces__rosidl_generator_py.so
[5.143s] -- Up-to-date: /home/minkhanttun/ros2_ws/install/tutorial_interfaces/share/tutorial_interfaces/msg/Num.idl
[5.143s] -- Up-to-date: /home/minkhanttun/ros2_ws/install/tutorial_interfaces/share/tutorial_interfaces/msg/Sphere.idl
[5.148s] -- Up-to-date: /home/minkhanttun/ros2_ws/install/tutorial_interfaces/share/tutorial_interfaces/srv/AddThreeInts.idl
[5.149s] -- Up-to-date: /home/minkhanttun/ros2_ws/install/tutorial_interfaces/share/tutorial_interfaces/msg/Num.msg
[5.149s] -- Up-to-date: /home/minkhanttun/ros2_ws/install/tutorial_interfaces/share/tutorial_interfaces/msg/Sphere.msg
[5.149s] -- Up-to-date: /home/minkhanttun/ros2_ws/install/tutorial_interfaces/share/tutorial_interfaces/srv/AddThreeInts.srv
[5.155s] -- Up-to-date: /home/minkhanttun/ros2_ws/install/tutorial_interfaces/share/ament_index/resource_index/package_run_dependencies/tutorial_interfaces
[5.156s] -- Up-to-date: /home/minkhanttun/ros2_ws/install/tutorial_interfaces/share/ament_index/resource_index/parent_prefix_path/tutorial_interfaces
[5.156s] -- Up-to-date: /home/minkhanttun/ros2_ws/install/tutorial_interfaces/share/tutorial_interfaces/environment/ament_prefix_path.sh
[5.157s] -- Up-to-date: /home/minkhanttun/ros2_ws/install/tutorial_interfaces/share/tutorial_interfaces/environment/ament_prefix_path.dsv
[5.157s] -- Up-to-date: /home/minkhanttun/ros2_ws/install/tutorial_interfaces/share/tutorial_interfaces/environment/path.sh
[5.157s] -- Up-to-date: /home/minkhanttun/ros2_ws/install/tutorial_interfaces/share/tutorial_interfaces/environment/path.dsv
[5.165s] -- Up-to-date: /home/minkhanttun/ros2_ws/install/tutorial_interfaces/share/tutorial_interfaces/local_setup.bash
[5.168s] -- Up-to-date: /home/minkhanttun/ros2_ws/install/tutorial_interfaces/share/tutorial_interfaces/local_setup.sh
[5.172s] -- Up-to-date: /home/minkhanttun/ros2_ws/install/tutorial_interfaces/share/tutorial_interfaces/local_setup.zsh
[5.172s] -- Up-to-date: /home/minkhanttun/ros2_ws/install/tutorial_interfaces/share/tutorial_interfaces/local_setup.dsv
[5.172s] -- Installing: /home/minkhanttun/ros2_ws/install/tutorial_interfaces/share/tutorial_interfaces/package.dsv
[5.178s] -- Up-to-date: /home/minkhanttun/ros2_ws/install/tutorial_interfaces/share/ament_index/resource_index/packages/tutorial_interfaces
[5.180s] -- Up-to-date: /home/minkhanttun/ros2_ws/install/tutorial_interfaces/share/tutorial_interfaces/cmake/export_tutorial_interfaces__rosidl_generator_cExport.cmake
[5.185s] -- Up-to-date: /home/minkhanttun/ros2_ws/install/tutorial_interfaces/share/tutorial_interfaces/cmake/export_tutorial_interfaces__rosidl_generator_cExport-noconfig.cmake
[5.201s] -- Up-to-date: /home/minkhanttun/ros2_ws/install/tutorial_interfaces/share/tutorial_interfaces/cmake/export_tutorial_interfaces__rosidl_typesupport_fastrtps_cExport.cmake
[5.206s] -- Up-to-date: /home/minkhanttun/ros2_ws/install/tutorial_interfaces/share/tutorial_interfaces/cmake/export_tutorial_interfaces__rosidl_typesupport_fastrtps_cExport-noconfig.cmake
[5.211s] -- Up-to-date: /home/minkhanttun/ros2_ws/install/tutorial_interfaces/share/tutorial_interfaces/cmake/export_tutorial_interfaces__rosidl_generator_cppExport.cmake
[5.212s] -- Up-to-date: /home/minkhanttun/ros2_ws/install/tutorial_interfaces/share/tutorial_interfaces/cmake/export_tutorial_interfaces__rosidl_typesupport_fastrtps_cppExport.cmake
[5.212s] -- Up-to-date: /home/minkhanttun/ros2_ws/install/tutorial_interfaces/share/tutorial_interfaces/cmake/export_tutorial_interfaces__rosidl_typesupport_fastrtps_cppExport-noconfig.cmake
[5.249s] -- Up-to-date: /home/minkhanttun/ros2_ws/install/tutorial_interfaces/share/tutorial_interfaces/cmake/tutorial_interfaces__rosidl_typesupport_introspection_cExport.cmake
[5.250s] -- Up-to-date: /home/minkhanttun/ros2_ws/install/tutorial_interfaces/share/tutorial_interfaces/cmake/tutorial_interfaces__rosidl_typesupport_introspection_cExport-noconfig.cmake
[5.257s] -- Up-to-date: /home/minkhanttun/ros2_ws/install/tutorial_interfaces/share/tutorial_interfaces/cmake/tutorial_interfaces__rosidl_typesupport_cExport.cmake
[5.258s] -- Up-to-date: /home/minkhanttun/ros2_ws/install/tutorial_interfaces/share/tutorial_interfaces/cmake/tutorial_interfaces__rosidl_typesupport_cExport-noconfig.cmake
[5.258s] -- Up-to-date: /home/minkhanttun/ros2_ws/install/tutorial_interfaces/share/tutorial_interfaces/cmake/tutorial_interfaces__rosidl_typesupport_introspection_cppExport.cmake
[5.258s] -- Up-to-date: /home/minkhanttun/ros2_ws/install/tutorial_interfaces/share/tutorial_interfaces/cmake/tutorial_interfaces__rosidl_typesupport_introspection_cppExport-noconfig.cmake
[5.259s] -- Up-to-date: /home/minkhanttun/ros2_ws/install/tutorial_interfaces/share/tutorial_interfaces/cmake/tutorial_interfaces__rosidl_typesupport_cppExport.cmake
[5.259s] -- Up-to-date: /home/minkhanttun/ros2_ws/install/tutorial_interfaces/share/tutorial_interfaces/cmake/tutorial_interfaces__rosidl_typesupport_cppExport-noconfig.cmake
[5.259s] -- Up-to-date: /home/minkhanttun/ros2_ws/install/tutorial_interfaces/share/tutorial_interfaces/cmake/export_tutorial_interfaces__rosidl_generator_pyExport.cmake
[5.268s] -- Up-to-date: /home/minkhanttun/ros2_ws/install/tutorial_interfaces/share/tutorial_interfaces/cmake/export_tutorial_interfaces__rosidl_generator_pyExport-noconfig.cmake
[5.286s] -- Up-to-date: /home/minkhanttun/ros2_ws/install/tutorial_interfaces/share/tutorial_interfaces/cmake/rosidl_cmake-extras.cmake
[5.287s] -- Up-to-date: /home/minkhanttun/ros2_ws/install/tutorial_interfaces/share/tutorial_interfaces/cmake/ament_cmake_export_dependencies-extras.cmake
[5.287s] -- Up-to-date: /home/minkhanttun/ros2_ws/install/tutorial_interfaces/share/tutorial_interfaces/cmake/ament_cmake_export_include_directories-extras.cmake
[5.287s] -- Up-to-date: /home/minkhanttun/ros2_ws/install/tutorial_interfaces/share/tutorial_interfaces/cmake/ament_cmake_export_libraries-extras.cmake
[5.287s] -- Up-to-date: /home/minkhanttun/ros2_ws/install/tutorial_interfaces/share/tutorial_interfaces/cmake/ament_cmake_export_targets-extras.cmake
[5.287s] -- Up-to-date: /home/minkhanttun/ros2_ws/install/tutorial_interfaces/share/tutorial_interfaces/cmake/rosidl_cmake_export_typesupport_targets-extras.cmake
[5.288s] -- Up-to-date: /home/minkhanttun/ros2_ws/install/tutorial_interfaces/share/tutorial_interfaces/cmake/rosidl_cmake_export_typesupport_libraries-extras.cmake
[5.288s] -- Up-to-date: /home/minkhanttun/ros2_ws/install/tutorial_interfaces/share/tutorial_interfaces/cmake/tutorial_interfacesConfig.cmake
[5.288s] -- Up-to-date: /home/minkhanttun/ros2_ws/install/tutorial_interfaces/share/tutorial_interfaces/cmake/tutorial_interfacesConfig-version.cmake
[5.291s] -- Up-to-date: /home/minkhanttun/ros2_ws/install/tutorial_interfaces/share/tutorial_interfaces/package.xml
[5.471s] Invoked command in '/home/minkhanttun/ros2_ws/build/tutorial_interfaces' returned '0': CMAKE_PREFIX_PATH=${CMAKE_PREFIX_PATH}:/opt/ros/jazzy DEBUGINFOD_URLS=https://debuginfod.ubuntu.com /usr/bin/cmake --install /home/minkhanttun/ros2_ws/build/tutorial_interfaces
