[0.054s] Invoking command in '/home/minkhanttun/ros2_ws/build/cpp_parameters': CMAKE_PREFIX_PATH=${CMAKE_PREFIX_PATH}:/opt/ros/jazzy DEBUGINFOD_URLS=https://debuginfod.ubuntu.com /usr/bin/cmake --build /home/minkhanttun/ros2_ws/build/cpp_parameters -- -j4 -l4
[0.506s] [100%] Built target minimal_param_node
[0.607s] Invoked command in '/home/minkhanttun/ros2_ws/build/cpp_parameters' returned '0': CMAKE_PREFIX_PATH=${CMAKE_PREFIX_PATH}:/opt/ros/jazzy DEBUGINFOD_URLS=https://debuginfod.ubuntu.com /usr/bin/cmake --build /home/minkhanttun/ros2_ws/build/cpp_parameters -- -j4 -l4
[0.613s] Invoking command in '/home/minkhanttun/ros2_ws/build/cpp_parameters': CMAKE_PREFIX_PATH=${CMAKE_PREFIX_PATH}:/opt/ros/jazzy DEBUGINFOD_URLS=https://debuginfod.ubuntu.com /usr/bin/cmake --install /home/minkhanttun/ros2_ws/build/cpp_parameters
[0.657s] -- Install configuration: ""
[0.657s] -- Up-to-date: /home/minkhanttun/ros2_ws/install/cpp_parameters/lib/cpp_parameters/minimal_param_node
[0.657s] -- Up-to-date: /home/minkhanttun/ros2_ws/install/cpp_parameters/share/cpp_parameters/launch
[0.660s] -- Up-to-date: /home/minkhanttun/ros2_ws/install/cpp_parameters/share/cpp_parameters/launch/cpp_parameters_launch.py
[0.661s] -- Up-to-date: /home/minkhanttun/ros2_ws/install/cpp_parameters/share/ament_index/resource_index/package_run_dependencies/cpp_parameters
[0.661s] -- Up-to-date: /home/minkhanttun/ros2_ws/install/cpp_parameters/share/ament_index/resource_index/parent_prefix_path/cpp_parameters
[0.661s] -- Up-to-date: /home/minkhanttun/ros2_ws/install/cpp_parameters/share/cpp_parameters/environment/ament_prefix_path.sh
[0.661s] -- Up-to-date: /home/minkhanttun/ros2_ws/install/cpp_parameters/share/cpp_parameters/environment/ament_prefix_path.dsv
[0.666s] -- Up-to-date: /home/minkhanttun/ros2_ws/install/cpp_parameters/share/cpp_parameters/environment/path.sh
[0.666s] -- Up-to-date: /home/minkhanttun/ros2_ws/install/cpp_parameters/share/cpp_parameters/environment/path.dsv
[0.666s] -- Up-to-date: /home/minkhanttun/ros2_ws/install/cpp_parameters/share/cpp_parameters/local_setup.bash
[0.666s] -- Up-to-date: /home/minkhanttun/ros2_ws/install/cpp_parameters/share/cpp_parameters/local_setup.sh
[0.668s] -- Up-to-date: /home/minkhanttun/ros2_ws/install/cpp_parameters/share/cpp_parameters/local_setup.zsh
[0.668s] -- Up-to-date: /home/minkhanttun/ros2_ws/install/cpp_parameters/share/cpp_parameters/local_setup.dsv
[0.668s] -- Installing: /home/minkhanttun/ros2_ws/install/cpp_parameters/share/cpp_parameters/package.dsv
[0.668s] -- Up-to-date: /home/minkhanttun/ros2_ws/install/cpp_parameters/share/ament_index/resource_index/packages/cpp_parameters
[0.668s] -- Up-to-date: /home/minkhanttun/ros2_ws/install/cpp_parameters/share/cpp_parameters/cmake/cpp_parametersConfig.cmake
[0.668s] -- Up-to-date: /home/minkhanttun/ros2_ws/install/cpp_parameters/share/cpp_parameters/cmake/cpp_parametersConfig-version.cmake
[0.668s] -- Up-to-date: /home/minkhanttun/ros2_ws/install/cpp_parameters/share/cpp_parameters/package.xml
[0.681s] Invoked command in '/home/minkhanttun/ros2_ws/build/cpp_parameters' returned '0': CMAKE_PREFIX_PATH=${CMAKE_PREFIX_PATH}:/opt/ros/jazzy DEBUGINFOD_URLS=https://debuginfod.ubuntu.com /usr/bin/cmake --install /home/minkhanttun/ros2_ws/build/cpp_parameters
