[0.092s] Invoking command in '/home/minkhanttun/ros2_ws/build/turtlesim': CMAKE_PREFIX_PATH=${CMAKE_PREFIX_PATH}:/opt/ros/jazzy DEBUGINFOD_URLS=https://debuginfod.ubuntu.com /usr/bin/cmake --build /home/minkhanttun/ros2_ws/build/turtlesim -- -j4 -l4
[0.455s] [  0%] Built target turtlesim__rosidl_generator_type_description
[0.702s] [  0%] Built target ament_cmake_python_copy_turtlesim
[0.783s] [  1%] Built target turtlesim__cpp
[0.845s] [ 24%] Built target turtlesim__rosidl_generator_c
[2.285s] running egg_info
[2.423s] writing turtlesim.egg-info/PKG-INFO
[2.423s] writing dependency_links to turtlesim.egg-info/dependency_links.txt
[2.430s] writing top-level names to turtlesim.egg-info/top_level.txt
[2.697s] reading manifest file 'turtlesim.egg-info/SOURCES.txt'
[2.700s] writing manifest file 'turtlesim.egg-info/SOURCES.txt'
[3.119s] [ 24%] Built target ament_cmake_python_build_turtlesim_egg
[3.329s] [ 33%] Built target turtlesim__rosidl_typesupport_fastrtps_cpp
[3.468s] [ 42%] Built target turtlesim__rosidl_typesupport_introspection_c
[3.576s] [ 51%] Built target turtlesim__rosidl_typesupport_c
[3.683s] [ 59%] Built target turtlesim__rosidl_typesupport_introspection_cpp
[3.788s] [ 67%] Built target turtlesim__rosidl_typesupport_fastrtps_c
[3.870s] [ 76%] Built target turtlesim__rosidl_typesupport_cpp
[3.957s] [ 76%] Built target turtlesim
[4.123s] [ 77%] Built target draw_square
[4.376s] [ 79%] Built target mimic
[4.558s] [ 79%] Built target turtlesim__py
[4.722s] [ 81%] Built target turtle_teleop_key
[4.954s] [ 89%] Built target turtlesim__rosidl_generator_py
[5.134s] [ 94%] Built target turtlesim_node
[5.308s] [ 96%] Built target turtlesim_s__rosidl_typesupport_c
[5.404s] [ 98%] Built target turtlesim_s__rosidl_typesupport_introspection_c
[5.468s] [100%] Built target turtlesim_s__rosidl_typesupport_fastrtps_c
[5.577s] Invoked command in '/home/minkhanttun/ros2_ws/build/turtlesim' returned '0': CMAKE_PREFIX_PATH=${CMAKE_PREFIX_PATH}:/opt/ros/jazzy DEBUGINFOD_URLS=https://debuginfod.ubuntu.com /usr/bin/cmake --build /home/minkhanttun/ros2_ws/build/turtlesim -- -j4 -l4
[5.583s] Invoking command in '/home/minkhanttun/ros2_ws/build/turtlesim': CMAKE_PREFIX_PATH=${CMAKE_PREFIX_PATH}:/opt/ros/jazzy DEBUGINFOD_URLS=https://debuginfod.ubuntu.com /usr/bin/cmake --install /home/minkhanttun/ros2_ws/build/turtlesim
[5.618s] -- Install configuration: ""
[5.618s] -- Up-to-date: /home/minkhanttun/ros2_ws/install/turtlesim/share/ament_index/resource_index/rosidl_interfaces/turtlesim
[5.618s] -- Up-to-date: /home/minkhanttun/ros2_ws/install/turtlesim/share/turtlesim/action/RotateAbsolute.json
[5.618s] -- Up-to-date: /home/minkhanttun/ros2_ws/install/turtlesim/share/turtlesim/msg/Color.json
[5.619s] -- Up-to-date: /home/minkhanttun/ros2_ws/install/turtlesim/share/turtlesim/msg/Pose.json
[5.619s] -- Up-to-date: /home/minkhanttun/ros2_ws/install/turtlesim/share/turtlesim/srv/Kill.json
[5.619s] -- Up-to-date: /home/minkhanttun/ros2_ws/install/turtlesim/share/turtlesim/srv/SetPen.json
[5.619s] -- Up-to-date: /home/minkhanttun/ros2_ws/install/turtlesim/share/turtlesim/srv/Spawn.json
[5.619s] -- Up-to-date: /home/minkhanttun/ros2_ws/install/turtlesim/share/turtlesim/srv/TeleportAbsolute.json
[5.619s] -- Up-to-date: /home/minkhanttun/ros2_ws/install/turtlesim/share/turtlesim/srv/TeleportRelative.json
[5.619s] -- Up-to-date: /home/minkhanttun/ros2_ws/install/turtlesim/include/turtlesim/turtlesim
[5.619s] -- Up-to-date: /home/minkhanttun/ros2_ws/install/turtlesim/include/turtlesim/turtlesim/msg
[5.619s] -- Up-to-date: /home/minkhanttun/ros2_ws/install/turtlesim/include/turtlesim/turtlesim/msg/color.h
[5.620s] -- Up-to-date: /home/minkhanttun/ros2_ws/install/turtlesim/include/turtlesim/turtlesim/msg/detail
[5.620s] -- Up-to-date: /home/minkhanttun/ros2_ws/install/turtlesim/include/turtlesim/turtlesim/msg/detail/color__functions.c
[5.623s] -- Up-to-date: /home/minkhanttun/ros2_ws/install/turtlesim/include/turtlesim/turtlesim/msg/detail/color__struct.h
[5.624s] -- Up-to-date: /home/minkhanttun/ros2_ws/install/turtlesim/include/turtlesim/turtlesim/msg/detail/color__functions.h
[5.624s] -- Up-to-date: /home/minkhanttun/ros2_ws/install/turtlesim/include/turtlesim/turtlesim/msg/detail/pose__functions.h
[5.625s] -- Up-to-date: /home/minkhanttun/ros2_ws/install/turtlesim/include/turtlesim/turtlesim/msg/detail/pose__type_support.h
[5.625s] -- Installing: /home/minkhanttun/ros2_ws/install/turtlesim/include/turtlesim/turtlesim/msg/detail/color__type_support.c
[5.627s] -- Up-to-date: /home/minkhanttun/ros2_ws/install/turtlesim/include/turtlesim/turtlesim/msg/detail/pose__description.c
[5.631s] -- Up-to-date: /home/minkhanttun/ros2_ws/install/turtlesim/include/turtlesim/turtlesim/msg/detail/pose__struct.h
[5.634s] -- Up-to-date: /home/minkhanttun/ros2_ws/install/turtlesim/include/turtlesim/turtlesim/msg/detail/color__description.c
[5.636s] -- Installing: /home/minkhanttun/ros2_ws/install/turtlesim/include/turtlesim/turtlesim/msg/detail/pose__type_support.c
[5.636s] -- Up-to-date: /home/minkhanttun/ros2_ws/install/turtlesim/include/turtlesim/turtlesim/msg/detail/pose__functions.c
[5.636s] -- Up-to-date: /home/minkhanttun/ros2_ws/install/turtlesim/include/turtlesim/turtlesim/msg/detail/color__type_support.h
[5.636s] -- Up-to-date: /home/minkhanttun/ros2_ws/install/turtlesim/include/turtlesim/turtlesim/msg/rosidl_generator_c__visibility_control.h
[5.638s] -- Up-to-date: /home/minkhanttun/ros2_ws/install/turtlesim/include/turtlesim/turtlesim/msg/pose.h
[5.639s] -- Up-to-date: /home/minkhanttun/ros2_ws/install/turtlesim/include/turtlesim/turtlesim/srv
[5.639s] -- Up-to-date: /home/minkhanttun/ros2_ws/install/turtlesim/include/turtlesim/turtlesim/srv/kill.h
[5.639s] -- Up-to-date: /home/minkhanttun/ros2_ws/install/turtlesim/include/turtlesim/turtlesim/srv/detail
[5.640s] -- Up-to-date: /home/minkhanttun/ros2_ws/install/turtlesim/include/turtlesim/turtlesim/srv/detail/teleport_relative__type_support.h
[5.640s] -- Up-to-date: /home/minkhanttun/ros2_ws/install/turtlesim/include/turtlesim/turtlesim/srv/detail/spawn__functions.c
[5.640s] -- Installing: /home/minkhanttun/ros2_ws/install/turtlesim/include/turtlesim/turtlesim/srv/detail/kill__type_support.c
[5.640s] -- Up-to-date: /home/minkhanttun/ros2_ws/install/turtlesim/include/turtlesim/turtlesim/srv/detail/spawn__functions.h
[5.640s] -- Up-to-date: /home/minkhanttun/ros2_ws/install/turtlesim/include/turtlesim/turtlesim/srv/detail/spawn__struct.h
[5.641s] -- Up-to-date: /home/minkhanttun/ros2_ws/install/turtlesim/include/turtlesim/turtlesim/srv/detail/kill__functions.c
[5.644s] -- Up-to-date: /home/minkhanttun/ros2_ws/install/turtlesim/include/turtlesim/turtlesim/srv/detail/set_pen__struct.h
[5.645s] -- Up-to-date: /home/minkhanttun/ros2_ws/install/turtlesim/include/turtlesim/turtlesim/srv/detail/teleport_absolute__functions.c
[5.647s] -- Up-to-date: /home/minkhanttun/ros2_ws/install/turtlesim/include/turtlesim/turtlesim/srv/detail/spawn__type_support.h
[5.649s] -- Up-to-date: /home/minkhanttun/ros2_ws/install/turtlesim/include/turtlesim/turtlesim/srv/detail/kill__struct.h
[5.649s] -- Up-to-date: /home/minkhanttun/ros2_ws/install/turtlesim/include/turtlesim/turtlesim/srv/detail/set_pen__description.c
[5.649s] -- Up-to-date: /home/minkhanttun/ros2_ws/install/turtlesim/include/turtlesim/turtlesim/srv/detail/set_pen__functions.c
[5.651s] -- Up-to-date: /home/minkhanttun/ros2_ws/install/turtlesim/include/turtlesim/turtlesim/srv/detail/set_pen__type_support.h
[5.651s] -- Installing: /home/minkhanttun/ros2_ws/install/turtlesim/include/turtlesim/turtlesim/srv/detail/spawn__type_support.c
[5.651s] -- Up-to-date: /home/minkhanttun/ros2_ws/install/turtlesim/include/turtlesim/turtlesim/srv/detail/teleport_relative__functions.h
[5.652s] -- Installing: /home/minkhanttun/ros2_ws/install/turtlesim/include/turtlesim/turtlesim/srv/detail/teleport_relative__type_support.c
[5.652s] -- Up-to-date: /home/minkhanttun/ros2_ws/install/turtlesim/include/turtlesim/turtlesim/srv/detail/teleport_relative__struct.h
[5.652s] -- Up-to-date: /home/minkhanttun/ros2_ws/install/turtlesim/include/turtlesim/turtlesim/srv/detail/kill__functions.h
[5.652s] -- Installing: /home/minkhanttun/ros2_ws/install/turtlesim/include/turtlesim/turtlesim/srv/detail/set_pen__type_support.c
[5.652s] -- Up-to-date: /home/minkhanttun/ros2_ws/install/turtlesim/include/turtlesim/turtlesim/srv/detail/kill__type_support.h
[5.652s] -- Up-to-date: /home/minkhanttun/ros2_ws/install/turtlesim/include/turtlesim/turtlesim/srv/detail/teleport_relative__functions.c
[5.653s] -- Up-to-date: /home/minkhanttun/ros2_ws/install/turtlesim/include/turtlesim/turtlesim/srv/detail/teleport_absolute__description.c
[5.653s] -- Up-to-date: /home/minkhanttun/ros2_ws/install/turtlesim/include/turtlesim/turtlesim/srv/detail/spawn__description.c
[5.656s] -- Up-to-date: /home/minkhanttun/ros2_ws/install/turtlesim/include/turtlesim/turtlesim/srv/detail/teleport_absolute__struct.h
[5.657s] -- Installing: /home/minkhanttun/ros2_ws/install/turtlesim/include/turtlesim/turtlesim/srv/detail/teleport_absolute__type_support.c
[5.657s] -- Up-to-date: /home/minkhanttun/ros2_ws/install/turtlesim/include/turtlesim/turtlesim/srv/detail/teleport_absolute__functions.h
[5.657s] -- Up-to-date: /home/minkhanttun/ros2_ws/install/turtlesim/include/turtlesim/turtlesim/srv/detail/set_pen__functions.h
[5.658s] -- Up-to-date: /home/minkhanttun/ros2_ws/install/turtlesim/include/turtlesim/turtlesim/srv/detail/kill__description.c
[5.659s] -- Up-to-date: /home/minkhanttun/ros2_ws/install/turtlesim/include/turtlesim/turtlesim/srv/detail/teleport_relative__description.c
[5.659s] -- Up-to-date: /home/minkhanttun/ros2_ws/install/turtlesim/include/turtlesim/turtlesim/srv/detail/teleport_absolute__type_support.h
[5.660s] -- Up-to-date: /home/minkhanttun/ros2_ws/install/turtlesim/include/turtlesim/turtlesim/srv/set_pen.h
[5.662s] -- Up-to-date: /home/minkhanttun/ros2_ws/install/turtlesim/include/turtlesim/turtlesim/srv/teleport_relative.h
[5.663s] -- Up-to-date: /home/minkhanttun/ros2_ws/install/turtlesim/include/turtlesim/turtlesim/srv/spawn.h
[5.663s] -- Up-to-date: /home/minkhanttun/ros2_ws/install/turtlesim/include/turtlesim/turtlesim/srv/teleport_absolute.h
[5.664s] -- Up-to-date: /home/minkhanttun/ros2_ws/install/turtlesim/include/turtlesim/turtlesim/action
[5.666s] -- Up-to-date: /home/minkhanttun/ros2_ws/install/turtlesim/include/turtlesim/turtlesim/action/detail
[5.666s] -- Up-to-date: /home/minkhanttun/ros2_ws/install/turtlesim/include/turtlesim/turtlesim/action/detail/rotate_absolute__type_support.h
[5.667s] -- Up-to-date: /home/minkhanttun/ros2_ws/install/turtlesim/include/turtlesim/turtlesim/action/detail/rotate_absolute__description.c
[5.667s] -- Up-to-date: /home/minkhanttun/ros2_ws/install/turtlesim/include/turtlesim/turtlesim/action/detail/rotate_absolute__struct.h
[5.667s] -- Up-to-date: /home/minkhanttun/ros2_ws/install/turtlesim/include/turtlesim/turtlesim/action/detail/rotate_absolute__functions.c
[5.667s] -- Up-to-date: /home/minkhanttun/ros2_ws/install/turtlesim/include/turtlesim/turtlesim/action/detail/rotate_absolute__functions.h
[5.668s] -- Installing: /home/minkhanttun/ros2_ws/install/turtlesim/include/turtlesim/turtlesim/action/detail/rotate_absolute__type_support.c
[5.671s] -- Up-to-date: /home/minkhanttun/ros2_ws/install/turtlesim/include/turtlesim/turtlesim/action/rotate_absolute.h
[5.671s] -- Up-to-date: /home/minkhanttun/ros2_ws/install/turtlesim/share/turtlesim/environment/library_path.sh
[5.672s] -- Up-to-date: /home/minkhanttun/ros2_ws/install/turtlesim/share/turtlesim/environment/library_path.dsv
[5.672s] -- Up-to-date: /home/minkhanttun/ros2_ws/install/turtlesim/lib/libturtlesim__rosidl_generator_c.so
[5.672s] -- Up-to-date: /home/minkhanttun/ros2_ws/install/turtlesim/include/turtlesim/turtlesim
[5.672s] -- Up-to-date: /home/minkhanttun/ros2_ws/install/turtlesim/include/turtlesim/turtlesim/msg
[5.672s] -- Up-to-date: /home/minkhanttun/ros2_ws/install/turtlesim/include/turtlesim/turtlesim/msg/detail
[5.672s] -- Up-to-date: /home/minkhanttun/ros2_ws/install/turtlesim/include/turtlesim/turtlesim/msg/detail/color__rosidl_typesupport_fastrtps_c.h
[5.683s] -- Up-to-date: /home/minkhanttun/ros2_ws/install/turtlesim/include/turtlesim/turtlesim/msg/detail/pose__rosidl_typesupport_fastrtps_c.h
[5.683s] -- Up-to-date: /home/minkhanttun/ros2_ws/install/turtlesim/include/turtlesim/turtlesim/msg/rosidl_typesupport_fastrtps_c__visibility_control.h
[5.684s] -- Up-to-date: /home/minkhanttun/ros2_ws/install/turtlesim/include/turtlesim/turtlesim/srv
[5.684s] -- Up-to-date: /home/minkhanttun/ros2_ws/install/turtlesim/include/turtlesim/turtlesim/srv/detail
[5.684s] -- Up-to-date: /home/minkhanttun/ros2_ws/install/turtlesim/include/turtlesim/turtlesim/srv/detail/set_pen__rosidl_typesupport_fastrtps_c.h
[5.684s] -- Up-to-date: /home/minkhanttun/ros2_ws/install/turtlesim/include/turtlesim/turtlesim/srv/detail/spawn__rosidl_typesupport_fastrtps_c.h
[5.684s] -- Up-to-date: /home/minkhanttun/ros2_ws/install/turtlesim/include/turtlesim/turtlesim/srv/detail/teleport_relative__rosidl_typesupport_fastrtps_c.h
[5.686s] -- Up-to-date: /home/minkhanttun/ros2_ws/install/turtlesim/include/turtlesim/turtlesim/srv/detail/teleport_absolute__rosidl_typesupport_fastrtps_c.h
[5.686s] -- Up-to-date: /home/minkhanttun/ros2_ws/install/turtlesim/include/turtlesim/turtlesim/srv/detail/kill__rosidl_typesupport_fastrtps_c.h
[5.687s] -- Up-to-date: /home/minkhanttun/ros2_ws/install/turtlesim/include/turtlesim/turtlesim/action
[5.688s] -- Up-to-date: /home/minkhanttun/ros2_ws/install/turtlesim/include/turtlesim/turtlesim/action/detail
[5.688s] -- Up-to-date: /home/minkhanttun/ros2_ws/install/turtlesim/include/turtlesim/turtlesim/action/detail/rotate_absolute__rosidl_typesupport_fastrtps_c.h
[5.688s] -- Up-to-date: /home/minkhanttun/ros2_ws/install/turtlesim/lib/libturtlesim__rosidl_typesupport_fastrtps_c.so
[5.688s] -- Up-to-date: /home/minkhanttun/ros2_ws/install/turtlesim/include/turtlesim/turtlesim
[5.688s] -- Up-to-date: /home/minkhanttun/ros2_ws/install/turtlesim/include/turtlesim/turtlesim/msg
[5.688s] -- Up-to-date: /home/minkhanttun/ros2_ws/install/turtlesim/include/turtlesim/turtlesim/msg/pose.hpp
[5.689s] -- Up-to-date: /home/minkhanttun/ros2_ws/install/turtlesim/include/turtlesim/turtlesim/msg/detail
[5.689s] -- Up-to-date: /home/minkhanttun/ros2_ws/install/turtlesim/include/turtlesim/turtlesim/msg/detail/color__type_support.hpp
[5.693s] -- Up-to-date: /home/minkhanttun/ros2_ws/install/turtlesim/include/turtlesim/turtlesim/msg/detail/color__traits.hpp
[5.693s] -- Up-to-date: /home/minkhanttun/ros2_ws/install/turtlesim/include/turtlesim/turtlesim/msg/detail/pose__type_support.hpp
[5.694s] -- Up-to-date: /home/minkhanttun/ros2_ws/install/turtlesim/include/turtlesim/turtlesim/msg/detail/pose__struct.hpp
[5.694s] -- Up-to-date: /home/minkhanttun/ros2_ws/install/turtlesim/include/turtlesim/turtlesim/msg/detail/pose__traits.hpp
[5.694s] -- Up-to-date: /home/minkhanttun/ros2_ws/install/turtlesim/include/turtlesim/turtlesim/msg/detail/color__builder.hpp
[5.694s] -- Up-to-date: /home/minkhanttun/ros2_ws/install/turtlesim/include/turtlesim/turtlesim/msg/detail/pose__builder.hpp
[5.694s] -- Up-to-date: /home/minkhanttun/ros2_ws/install/turtlesim/include/turtlesim/turtlesim/msg/detail/color__struct.hpp
[5.694s] -- Up-to-date: /home/minkhanttun/ros2_ws/install/turtlesim/include/turtlesim/turtlesim/msg/color.hpp
[5.694s] -- Up-to-date: /home/minkhanttun/ros2_ws/install/turtlesim/include/turtlesim/turtlesim/msg/rosidl_generator_cpp__visibility_control.hpp
[5.694s] -- Up-to-date: /home/minkhanttun/ros2_ws/install/turtlesim/include/turtlesim/turtlesim/srv
[5.695s] -- Up-to-date: /home/minkhanttun/ros2_ws/install/turtlesim/include/turtlesim/turtlesim/srv/teleport_absolute.hpp
[5.695s] -- Up-to-date: /home/minkhanttun/ros2_ws/install/turtlesim/include/turtlesim/turtlesim/srv/detail
[5.695s] -- Up-to-date: /home/minkhanttun/ros2_ws/install/turtlesim/include/turtlesim/turtlesim/srv/detail/teleport_relative__traits.hpp
[5.695s] -- Up-to-date: /home/minkhanttun/ros2_ws/install/turtlesim/include/turtlesim/turtlesim/srv/detail/teleport_absolute__builder.hpp
[5.695s] -- Up-to-date: /home/minkhanttun/ros2_ws/install/turtlesim/include/turtlesim/turtlesim/srv/detail/spawn__builder.hpp
[5.695s] -- Up-to-date: /home/minkhanttun/ros2_ws/install/turtlesim/include/turtlesim/turtlesim/srv/detail/teleport_absolute__traits.hpp
[5.698s] -- Up-to-date: /home/minkhanttun/ros2_ws/install/turtlesim/include/turtlesim/turtlesim/srv/detail/teleport_relative__builder.hpp
[5.699s] -- Up-to-date: /home/minkhanttun/ros2_ws/install/turtlesim/include/turtlesim/turtlesim/srv/detail/set_pen__builder.hpp
[5.700s] -- Up-to-date: /home/minkhanttun/ros2_ws/install/turtlesim/include/turtlesim/turtlesim/srv/detail/set_pen__traits.hpp
[5.702s] -- Up-to-date: /home/minkhanttun/ros2_ws/install/turtlesim/include/turtlesim/turtlesim/srv/detail/teleport_absolute__type_support.hpp
[5.706s] -- Up-to-date: /home/minkhanttun/ros2_ws/install/turtlesim/include/turtlesim/turtlesim/srv/detail/teleport_absolute__struct.hpp
[5.707s] -- Up-to-date: /home/minkhanttun/ros2_ws/install/turtlesim/include/turtlesim/turtlesim/srv/detail/kill__traits.hpp
[5.707s] -- Up-to-date: /home/minkhanttun/ros2_ws/install/turtlesim/include/turtlesim/turtlesim/srv/detail/kill__builder.hpp
[5.707s] -- Up-to-date: /home/minkhanttun/ros2_ws/install/turtlesim/include/turtlesim/turtlesim/srv/detail/kill__struct.hpp
[5.708s] -- Up-to-date: /home/minkhanttun/ros2_ws/install/turtlesim/include/turtlesim/turtlesim/srv/detail/teleport_relative__type_support.hpp
[5.708s] -- Up-to-date: /home/minkhanttun/ros2_ws/install/turtlesim/include/turtlesim/turtlesim/srv/detail/spawn__type_support.hpp
[5.708s] -- Up-to-date: /home/minkhanttun/ros2_ws/install/turtlesim/include/turtlesim/turtlesim/srv/detail/kill__type_support.hpp
[5.708s] -- Up-to-date: /home/minkhanttun/ros2_ws/install/turtlesim/include/turtlesim/turtlesim/srv/detail/set_pen__type_support.hpp
[5.708s] -- Up-to-date: /home/minkhanttun/ros2_ws/install/turtlesim/include/turtlesim/turtlesim/srv/detail/teleport_relative__struct.hpp
[5.708s] -- Up-to-date: /home/minkhanttun/ros2_ws/install/turtlesim/include/turtlesim/turtlesim/srv/detail/spawn__struct.hpp
[5.708s] -- Up-to-date: /home/minkhanttun/ros2_ws/install/turtlesim/include/turtlesim/turtlesim/srv/detail/set_pen__struct.hpp
[5.708s] -- Up-to-date: /home/minkhanttun/ros2_ws/install/turtlesim/include/turtlesim/turtlesim/srv/detail/spawn__traits.hpp
[5.709s] -- Up-to-date: /home/minkhanttun/ros2_ws/install/turtlesim/include/turtlesim/turtlesim/srv/kill.hpp
[5.709s] -- Up-to-date: /home/minkhanttun/ros2_ws/install/turtlesim/include/turtlesim/turtlesim/srv/spawn.hpp
[5.709s] -- Up-to-date: /home/minkhanttun/ros2_ws/install/turtlesim/include/turtlesim/turtlesim/srv/set_pen.hpp
[5.712s] -- Up-to-date: /home/minkhanttun/ros2_ws/install/turtlesim/include/turtlesim/turtlesim/srv/teleport_relative.hpp
[5.712s] -- Up-to-date: /home/minkhanttun/ros2_ws/install/turtlesim/include/turtlesim/turtlesim/action
[5.712s] -- Up-to-date: /home/minkhanttun/ros2_ws/install/turtlesim/include/turtlesim/turtlesim/action/detail
[5.713s] -- Up-to-date: /home/minkhanttun/ros2_ws/install/turtlesim/include/turtlesim/turtlesim/action/detail/rotate_absolute__struct.hpp
[5.714s] -- Up-to-date: /home/minkhanttun/ros2_ws/install/turtlesim/include/turtlesim/turtlesim/action/detail/rotate_absolute__builder.hpp
[5.714s] -- Up-to-date: /home/minkhanttun/ros2_ws/install/turtlesim/include/turtlesim/turtlesim/action/detail/rotate_absolute__type_support.hpp
[5.714s] -- Up-to-date: /home/minkhanttun/ros2_ws/install/turtlesim/include/turtlesim/turtlesim/action/detail/rotate_absolute__traits.hpp
[5.714s] -- Up-to-date: /home/minkhanttun/ros2_ws/install/turtlesim/include/turtlesim/turtlesim/action/rotate_absolute.hpp
[5.714s] -- Up-to-date: /home/minkhanttun/ros2_ws/install/turtlesim/include/turtlesim/turtlesim
[5.714s] -- Up-to-date: /home/minkhanttun/ros2_ws/install/turtlesim/include/turtlesim/turtlesim/msg
[5.714s] -- Up-to-date: /home/minkhanttun/ros2_ws/install/turtlesim/include/turtlesim/turtlesim/msg/rosidl_typesupport_fastrtps_cpp__visibility_control.h
[5.715s] -- Up-to-date: /home/minkhanttun/ros2_ws/install/turtlesim/include/turtlesim/turtlesim/msg/detail
[5.715s] -- Up-to-date: /home/minkhanttun/ros2_ws/install/turtlesim/include/turtlesim/turtlesim/msg/detail/color__rosidl_typesupport_fastrtps_cpp.hpp
[5.717s] -- Up-to-date: /home/minkhanttun/ros2_ws/install/turtlesim/include/turtlesim/turtlesim/msg/detail/dds_fastrtps
[5.717s] -- Up-to-date: /home/minkhanttun/ros2_ws/install/turtlesim/include/turtlesim/turtlesim/msg/detail/pose__rosidl_typesupport_fastrtps_cpp.hpp
[5.720s] -- Up-to-date: /home/minkhanttun/ros2_ws/install/turtlesim/include/turtlesim/turtlesim/srv
[5.720s] -- Up-to-date: /home/minkhanttun/ros2_ws/install/turtlesim/include/turtlesim/turtlesim/srv/detail
[5.721s] -- Up-to-date: /home/minkhanttun/ros2_ws/install/turtlesim/include/turtlesim/turtlesim/srv/detail/kill__rosidl_typesupport_fastrtps_cpp.hpp
[5.721s] -- Up-to-date: /home/minkhanttun/ros2_ws/install/turtlesim/include/turtlesim/turtlesim/srv/detail/teleport_relative__rosidl_typesupport_fastrtps_cpp.hpp
[5.721s] -- Up-to-date: /home/minkhanttun/ros2_ws/install/turtlesim/include/turtlesim/turtlesim/srv/detail/spawn__rosidl_typesupport_fastrtps_cpp.hpp
[5.721s] -- Up-to-date: /home/minkhanttun/ros2_ws/install/turtlesim/include/turtlesim/turtlesim/srv/detail/dds_fastrtps
[5.721s] -- Up-to-date: /home/minkhanttun/ros2_ws/install/turtlesim/include/turtlesim/turtlesim/srv/detail/set_pen__rosidl_typesupport_fastrtps_cpp.hpp
[5.721s] -- Up-to-date: /home/minkhanttun/ros2_ws/install/turtlesim/include/turtlesim/turtlesim/srv/detail/teleport_absolute__rosidl_typesupport_fastrtps_cpp.hpp
[5.721s] -- Up-to-date: /home/minkhanttun/ros2_ws/install/turtlesim/include/turtlesim/turtlesim/action
[5.722s] -- Up-to-date: /home/minkhanttun/ros2_ws/install/turtlesim/include/turtlesim/turtlesim/action/detail
[5.722s] -- Up-to-date: /home/minkhanttun/ros2_ws/install/turtlesim/include/turtlesim/turtlesim/action/detail/rotate_absolute__rosidl_typesupport_fastrtps_cpp.hpp
[5.722s] -- Up-to-date: /home/minkhanttun/ros2_ws/install/turtlesim/include/turtlesim/turtlesim/action/detail/dds_fastrtps
[5.723s] -- Up-to-date: /home/minkhanttun/ros2_ws/install/turtlesim/lib/libturtlesim__rosidl_typesupport_fastrtps_cpp.so
[5.723s] -- Up-to-date: /home/minkhanttun/ros2_ws/install/turtlesim/include/turtlesim/turtlesim
[5.724s] -- Up-to-date: /home/minkhanttun/ros2_ws/install/turtlesim/include/turtlesim/turtlesim/msg
[5.724s] -- Up-to-date: /home/minkhanttun/ros2_ws/install/turtlesim/include/turtlesim/turtlesim/msg/detail
[5.725s] -- Up-to-date: /home/minkhanttun/ros2_ws/install/turtlesim/include/turtlesim/turtlesim/msg/detail/color__rosidl_typesupport_introspection_c.h
[5.725s] -- Installing: /home/minkhanttun/ros2_ws/install/turtlesim/include/turtlesim/turtlesim/msg/detail/color__type_support.c
[5.725s] -- Up-to-date: /home/minkhanttun/ros2_ws/install/turtlesim/include/turtlesim/turtlesim/msg/detail/pose__rosidl_typesupport_introspection_c.h
[5.725s] -- Installing: /home/minkhanttun/ros2_ws/install/turtlesim/include/turtlesim/turtlesim/msg/detail/pose__type_support.c
[5.725s] -- Up-to-date: /home/minkhanttun/ros2_ws/install/turtlesim/include/turtlesim/turtlesim/msg/rosidl_typesupport_introspection_c__visibility_control.h
[5.726s] -- Up-to-date: /home/minkhanttun/ros2_ws/install/turtlesim/include/turtlesim/turtlesim/srv
[5.726s] -- Up-to-date: /home/minkhanttun/ros2_ws/install/turtlesim/include/turtlesim/turtlesim/srv/detail
[5.726s] -- Installing: /home/minkhanttun/ros2_ws/install/turtlesim/include/turtlesim/turtlesim/srv/detail/kill__type_support.c
[5.726s] -- Up-to-date: /home/minkhanttun/ros2_ws/install/turtlesim/include/turtlesim/turtlesim/srv/detail/set_pen__rosidl_typesupport_introspection_c.h
[5.726s] -- Up-to-date: /home/minkhanttun/ros2_ws/install/turtlesim/include/turtlesim/turtlesim/srv/detail/teleport_absolute__rosidl_typesupport_introspection_c.h
[5.726s] -- Up-to-date: /home/minkhanttun/ros2_ws/install/turtlesim/include/turtlesim/turtlesim/srv/detail/kill__rosidl_typesupport_introspection_c.h
[5.727s] -- Up-to-date: /home/minkhanttun/ros2_ws/install/turtlesim/include/turtlesim/turtlesim/srv/detail/teleport_relative__rosidl_typesupport_introspection_c.h
[5.727s] -- Installing: /home/minkhanttun/ros2_ws/install/turtlesim/include/turtlesim/turtlesim/srv/detail/spawn__type_support.c
[5.727s] -- Installing: /home/minkhanttun/ros2_ws/install/turtlesim/include/turtlesim/turtlesim/srv/detail/teleport_relative__type_support.c
[5.733s] -- Installing: /home/minkhanttun/ros2_ws/install/turtlesim/include/turtlesim/turtlesim/srv/detail/set_pen__type_support.c
[5.738s] -- Installing: /home/minkhanttun/ros2_ws/install/turtlesim/include/turtlesim/turtlesim/srv/detail/teleport_absolute__type_support.c
[5.738s] -- Up-to-date: /home/minkhanttun/ros2_ws/install/turtlesim/include/turtlesim/turtlesim/srv/detail/spawn__rosidl_typesupport_introspection_c.h
[5.741s] -- Up-to-date: /home/minkhanttun/ros2_ws/install/turtlesim/include/turtlesim/turtlesim/action
[5.742s] -- Up-to-date: /home/minkhanttun/ros2_ws/install/turtlesim/include/turtlesim/turtlesim/action/detail
[5.742s] -- Installing: /home/minkhanttun/ros2_ws/install/turtlesim/include/turtlesim/turtlesim/action/detail/rotate_absolute__type_support.c
[5.744s] -- Up-to-date: /home/minkhanttun/ros2_ws/install/turtlesim/include/turtlesim/turtlesim/action/detail/rotate_absolute__rosidl_typesupport_introspection_c.h
[5.744s] -- Up-to-date: /home/minkhanttun/ros2_ws/install/turtlesim/lib/libturtlesim__rosidl_typesupport_introspection_c.so
[5.751s] -- Up-to-date: /home/minkhanttun/ros2_ws/install/turtlesim/lib/libturtlesim__rosidl_typesupport_c.so
[5.751s] -- Up-to-date: /home/minkhanttun/ros2_ws/install/turtlesim/include/turtlesim/turtlesim
[5.751s] -- Up-to-date: /home/minkhanttun/ros2_ws/install/turtlesim/include/turtlesim/turtlesim/msg
[5.752s] -- Up-to-date: /home/minkhanttun/ros2_ws/install/turtlesim/include/turtlesim/turtlesim/msg/detail
[5.752s] -- Up-to-date: /home/minkhanttun/ros2_ws/install/turtlesim/include/turtlesim/turtlesim/msg/detail/color__type_support.cpp
[5.752s] -- Up-to-date: /home/minkhanttun/ros2_ws/install/turtlesim/include/turtlesim/turtlesim/msg/detail/pose__type_support.cpp
[5.752s] -- Up-to-date: /home/minkhanttun/ros2_ws/install/turtlesim/include/turtlesim/turtlesim/msg/detail/color__rosidl_typesupport_introspection_cpp.hpp
[5.752s] -- Up-to-date: /home/minkhanttun/ros2_ws/install/turtlesim/include/turtlesim/turtlesim/msg/detail/pose__rosidl_typesupport_introspection_cpp.hpp
[5.753s] -- Up-to-date: /home/minkhanttun/ros2_ws/install/turtlesim/include/turtlesim/turtlesim/srv
[5.753s] -- Up-to-date: /home/minkhanttun/ros2_ws/install/turtlesim/include/turtlesim/turtlesim/srv/detail
[5.753s] -- Up-to-date: /home/minkhanttun/ros2_ws/install/turtlesim/include/turtlesim/turtlesim/srv/detail/teleport_relative__rosidl_typesupport_introspection_cpp.hpp
[5.753s] -- Up-to-date: /home/minkhanttun/ros2_ws/install/turtlesim/include/turtlesim/turtlesim/srv/detail/kill__rosidl_typesupport_introspection_cpp.hpp
[5.753s] -- Up-to-date: /home/minkhanttun/ros2_ws/install/turtlesim/include/turtlesim/turtlesim/srv/detail/teleport_absolute__type_support.cpp
[5.754s] -- Up-to-date: /home/minkhanttun/ros2_ws/install/turtlesim/include/turtlesim/turtlesim/srv/detail/set_pen__type_support.cpp
[5.754s] -- Up-to-date: /home/minkhanttun/ros2_ws/install/turtlesim/include/turtlesim/turtlesim/srv/detail/set_pen__rosidl_typesupport_introspection_cpp.hpp
[5.757s] -- Up-to-date: /home/minkhanttun/ros2_ws/install/turtlesim/include/turtlesim/turtlesim/srv/detail/teleport_absolute__rosidl_typesupport_introspection_cpp.hpp
[5.757s] -- Up-to-date: /home/minkhanttun/ros2_ws/install/turtlesim/include/turtlesim/turtlesim/srv/detail/kill__type_support.cpp
[5.758s] -- Up-to-date: /home/minkhanttun/ros2_ws/install/turtlesim/include/turtlesim/turtlesim/srv/detail/teleport_relative__type_support.cpp
[5.758s] -- Up-to-date: /home/minkhanttun/ros2_ws/install/turtlesim/include/turtlesim/turtlesim/srv/detail/spawn__type_support.cpp
[5.759s] -- Up-to-date: /home/minkhanttun/ros2_ws/install/turtlesim/include/turtlesim/turtlesim/srv/detail/spawn__rosidl_typesupport_introspection_cpp.hpp
[5.760s] -- Up-to-date: /home/minkhanttun/ros2_ws/install/turtlesim/include/turtlesim/turtlesim/action
[5.760s] -- Up-to-date: /home/minkhanttun/ros2_ws/install/turtlesim/include/turtlesim/turtlesim/action/detail
[5.760s] -- Up-to-date: /home/minkhanttun/ros2_ws/install/turtlesim/include/turtlesim/turtlesim/action/detail/rotate_absolute__type_support.cpp
[5.760s] -- Up-to-date: /home/minkhanttun/ros2_ws/install/turtlesim/include/turtlesim/turtlesim/action/detail/rotate_absolute__rosidl_typesupport_introspection_cpp.hpp
[5.760s] -- Up-to-date: /home/minkhanttun/ros2_ws/install/turtlesim/lib/libturtlesim__rosidl_typesupport_introspection_cpp.so
[5.760s] -- Up-to-date: /home/minkhanttun/ros2_ws/install/turtlesim/lib/libturtlesim__rosidl_typesupport_cpp.so
[5.760s] -- Up-to-date: /home/minkhanttun/ros2_ws/install/turtlesim/share/turtlesim/environment/pythonpath.sh
[5.760s] -- Up-to-date: /home/minkhanttun/ros2_ws/install/turtlesim/share/turtlesim/environment/pythonpath.dsv
[5.761s] -- Up-to-date: /home/minkhanttun/ros2_ws/install/turtlesim/lib/python3.12/site-packages/turtlesim-1.8.3-py3.12.egg-info
[5.761s] -- Installing: /home/minkhanttun/ros2_ws/install/turtlesim/lib/python3.12/site-packages/turtlesim-1.8.3-py3.12.egg-info/SOURCES.txt
[5.761s] -- Installing: /home/minkhanttun/ros2_ws/install/turtlesim/lib/python3.12/site-packages/turtlesim-1.8.3-py3.12.egg-info/top_level.txt
[5.761s] -- Installing: /home/minkhanttun/ros2_ws/install/turtlesim/lib/python3.12/site-packages/turtlesim-1.8.3-py3.12.egg-info/PKG-INFO
[5.761s] -- Installing: /home/minkhanttun/ros2_ws/install/turtlesim/lib/python3.12/site-packages/turtlesim-1.8.3-py3.12.egg-info/dependency_links.txt
[5.761s] -- Up-to-date: /home/minkhanttun/ros2_ws/install/turtlesim/lib/python3.12/site-packages/turtlesim
[5.761s] -- Up-to-date: /home/minkhanttun/ros2_ws/install/turtlesim/lib/python3.12/site-packages/turtlesim/_turtlesim_s.ep.rosidl_typesupport_c.c
[5.761s] -- Up-to-date: /home/minkhanttun/ros2_ws/install/turtlesim/lib/python3.12/site-packages/turtlesim/_turtlesim_s.ep.rosidl_typesupport_introspection_c.c
[5.761s] -- Up-to-date: /home/minkhanttun/ros2_ws/install/turtlesim/lib/python3.12/site-packages/turtlesim/turtlesim_s__rosidl_typesupport_introspection_c.so
[5.762s] -- Up-to-date: /home/minkhanttun/ros2_ws/install/turtlesim/lib/python3.12/site-packages/turtlesim/msg
[5.762s] -- Up-to-date: /home/minkhanttun/ros2_ws/install/turtlesim/lib/python3.12/site-packages/turtlesim/msg/_pose_s.c
[5.762s] -- Up-to-date: /home/minkhanttun/ros2_ws/install/turtlesim/lib/python3.12/site-packages/turtlesim/msg/_pose.py
[5.762s] -- Up-to-date: /home/minkhanttun/ros2_ws/install/turtlesim/lib/python3.12/site-packages/turtlesim/msg/__init__.py
[5.762s] -- Up-to-date: /home/minkhanttun/ros2_ws/install/turtlesim/lib/python3.12/site-packages/turtlesim/msg/_color.py
[5.762s] -- Up-to-date: /home/minkhanttun/ros2_ws/install/turtlesim/lib/python3.12/site-packages/turtlesim/msg/_color_s.c
[5.762s] -- Up-to-date: /home/minkhanttun/ros2_ws/install/turtlesim/lib/python3.12/site-packages/turtlesim/__init__.py
[5.763s] -- Up-to-date: /home/minkhanttun/ros2_ws/install/turtlesim/lib/python3.12/site-packages/turtlesim/turtlesim_s__rosidl_typesupport_fastrtps_c.so
[5.766s] -- Up-to-date: /home/minkhanttun/ros2_ws/install/turtlesim/lib/python3.12/site-packages/turtlesim/srv
[5.767s] -- Up-to-date: /home/minkhanttun/ros2_ws/install/turtlesim/lib/python3.12/site-packages/turtlesim/srv/_teleport_relative.py
[5.767s] -- Up-to-date: /home/minkhanttun/ros2_ws/install/turtlesim/lib/python3.12/site-packages/turtlesim/srv/_set_pen_s.c
[5.767s] -- Up-to-date: /home/minkhanttun/ros2_ws/install/turtlesim/lib/python3.12/site-packages/turtlesim/srv/__init__.py
[5.767s] -- Up-to-date: /home/minkhanttun/ros2_ws/install/turtlesim/lib/python3.12/site-packages/turtlesim/srv/_spawn.py
[5.767s] -- Up-to-date: /home/minkhanttun/ros2_ws/install/turtlesim/lib/python3.12/site-packages/turtlesim/srv/_kill_s.c
[5.768s] -- Up-to-date: /home/minkhanttun/ros2_ws/install/turtlesim/lib/python3.12/site-packages/turtlesim/srv/_set_pen.py
[5.768s] -- Up-to-date: /home/minkhanttun/ros2_ws/install/turtlesim/lib/python3.12/site-packages/turtlesim/srv/_teleport_absolute.py
[5.768s] -- Up-to-date: /home/minkhanttun/ros2_ws/install/turtlesim/lib/python3.12/site-packages/turtlesim/srv/_teleport_relative_s.c
[5.768s] -- Up-to-date: /home/minkhanttun/ros2_ws/install/turtlesim/lib/python3.12/site-packages/turtlesim/srv/_teleport_absolute_s.c
[5.768s] -- Up-to-date: /home/minkhanttun/ros2_ws/install/turtlesim/lib/python3.12/site-packages/turtlesim/srv/_spawn_s.c
[5.772s] -- Up-to-date: /home/minkhanttun/ros2_ws/install/turtlesim/lib/python3.12/site-packages/turtlesim/srv/_kill.py
[5.772s] -- Up-to-date: /home/minkhanttun/ros2_ws/install/turtlesim/lib/python3.12/site-packages/turtlesim/_turtlesim_s.ep.rosidl_typesupport_fastrtps_c.c
[5.773s] -- Up-to-date: /home/minkhanttun/ros2_ws/install/turtlesim/lib/python3.12/site-packages/turtlesim/action
[5.773s] -- Up-to-date: /home/minkhanttun/ros2_ws/install/turtlesim/lib/python3.12/site-packages/turtlesim/action/__init__.py
[5.773s] -- Up-to-date: /home/minkhanttun/ros2_ws/install/turtlesim/lib/python3.12/site-packages/turtlesim/action/_rotate_absolute_s.c
[5.773s] -- Up-to-date: /home/minkhanttun/ros2_ws/install/turtlesim/lib/python3.12/site-packages/turtlesim/action/_rotate_absolute.py
[5.773s] -- Up-to-date: /home/minkhanttun/ros2_ws/install/turtlesim/lib/python3.12/site-packages/turtlesim/turtlesim_s__rosidl_typesupport_c.so
[5.828s] Listing '/home/minkhanttun/ros2_ws/install/turtlesim/lib/python3.12/site-packages/turtlesim'...
[5.829s] Listing '/home/minkhanttun/ros2_ws/install/turtlesim/lib/python3.12/site-packages/turtlesim/action'...
[5.832s] Listing '/home/minkhanttun/ros2_ws/install/turtlesim/lib/python3.12/site-packages/turtlesim/msg'...
[5.833s] Listing '/home/minkhanttun/ros2_ws/install/turtlesim/lib/python3.12/site-packages/turtlesim/srv'...
[5.863s] -- Up-to-date: /home/minkhanttun/ros2_ws/install/turtlesim/lib/python3.12/site-packages/turtlesim/turtlesim_s__rosidl_typesupport_fastrtps_c.so
[5.863s] -- Up-to-date: /home/minkhanttun/ros2_ws/install/turtlesim/lib/python3.12/site-packages/turtlesim/turtlesim_s__rosidl_typesupport_introspection_c.so
[5.863s] -- Up-to-date: /home/minkhanttun/ros2_ws/install/turtlesim/lib/python3.12/site-packages/turtlesim/turtlesim_s__rosidl_typesupport_c.so
[5.867s] -- Up-to-date: /home/minkhanttun/ros2_ws/install/turtlesim/lib/libturtlesim__rosidl_generator_py.so
[5.869s] -- Up-to-date: /home/minkhanttun/ros2_ws/install/turtlesim/share/turtlesim/action/RotateAbsolute.idl
[5.870s] -- Up-to-date: /home/minkhanttun/ros2_ws/install/turtlesim/share/turtlesim/msg/Color.idl
[5.870s] -- Up-to-date: /home/minkhanttun/ros2_ws/install/turtlesim/share/turtlesim/msg/Pose.idl
[5.872s] -- Up-to-date: /home/minkhanttun/ros2_ws/install/turtlesim/share/turtlesim/srv/Kill.idl
[5.873s] -- Up-to-date: /home/minkhanttun/ros2_ws/install/turtlesim/share/turtlesim/srv/SetPen.idl
[5.873s] -- Up-to-date: /home/minkhanttun/ros2_ws/install/turtlesim/share/turtlesim/srv/Spawn.idl
[5.879s] -- Up-to-date: /home/minkhanttun/ros2_ws/install/turtlesim/share/turtlesim/srv/TeleportAbsolute.idl
[5.882s] -- Up-to-date: /home/minkhanttun/ros2_ws/install/turtlesim/share/turtlesim/srv/TeleportRelative.idl
[5.882s] -- Up-to-date: /home/minkhanttun/ros2_ws/install/turtlesim/share/turtlesim/action/RotateAbsolute.action
[5.882s] -- Up-to-date: /home/minkhanttun/ros2_ws/install/turtlesim/share/turtlesim/msg/Color.msg
[5.884s] -- Up-to-date: /home/minkhanttun/ros2_ws/install/turtlesim/share/turtlesim/msg/Pose.msg
[5.884s] -- Up-to-date: /home/minkhanttun/ros2_ws/install/turtlesim/share/turtlesim/srv/Kill.srv
[5.884s] -- Up-to-date: /home/minkhanttun/ros2_ws/install/turtlesim/share/turtlesim/srv/SetPen.srv
[5.885s] -- Up-to-date: /home/minkhanttun/ros2_ws/install/turtlesim/share/turtlesim/srv/Spawn.srv
[5.885s] -- Up-to-date: /home/minkhanttun/ros2_ws/install/turtlesim/share/turtlesim/srv/TeleportAbsolute.srv
[5.891s] -- Up-to-date: /home/minkhanttun/ros2_ws/install/turtlesim/share/turtlesim/srv/TeleportRelative.srv
[5.892s] -- Up-to-date: /home/minkhanttun/ros2_ws/install/turtlesim/lib/turtlesim/turtlesim_node
[5.894s] -- Up-to-date: /home/minkhanttun/ros2_ws/install/turtlesim/lib/turtlesim/turtle_teleop_key
[5.894s] -- Up-to-date: /home/minkhanttun/ros2_ws/install/turtlesim/lib/turtlesim/draw_square
[5.894s] -- Up-to-date: /home/minkhanttun/ros2_ws/install/turtlesim/lib/turtlesim/mimic
[5.895s] -- Up-to-date: /home/minkhanttun/ros2_ws/install/turtlesim/share/turtlesim/images
[5.895s] -- Up-to-date: /home/minkhanttun/ros2_ws/install/turtlesim/share/turtlesim/images/iron.png
[5.898s] -- Up-to-date: /home/minkhanttun/ros2_ws/install/turtlesim/share/turtlesim/images/ardent.png
[5.901s] -- Up-to-date: /home/minkhanttun/ros2_ws/install/turtlesim/share/turtlesim/images/dashing.png
[5.903s] -- Up-to-date: /home/minkhanttun/ros2_ws/install/turtlesim/share/turtlesim/images/humble.png
[5.903s] -- Up-to-date: /home/minkhanttun/ros2_ws/install/turtlesim/share/turtlesim/images/foxy.png
[5.903s] -- Up-to-date: /home/minkhanttun/ros2_ws/install/turtlesim/share/turtlesim/images/jazzy.png
[5.903s] -- Up-to-date: /home/minkhanttun/ros2_ws/install/turtlesim/share/turtlesim/images/eloquent.png
[5.905s] -- Up-to-date: /home/minkhanttun/ros2_ws/install/turtlesim/share/turtlesim/images/galactic.png
[5.907s] -- Up-to-date: /home/minkhanttun/ros2_ws/install/turtlesim/share/turtlesim/images/bouncy.png
[5.909s] -- Up-to-date: /home/minkhanttun/ros2_ws/install/turtlesim/share/turtlesim/images/crystal.png
[5.910s] -- Up-to-date: /home/minkhanttun/ros2_ws/install/turtlesim/share/turtlesim/images/rolling.png
[5.910s] -- Up-to-date: /home/minkhanttun/ros2_ws/install/turtlesim/share/turtlesim/launch
[5.910s] -- Up-to-date: /home/minkhanttun/ros2_ws/install/turtlesim/share/turtlesim/launch/multisim.launch.py
[5.911s] -- Up-to-date: /home/minkhanttun/ros2_ws/install/turtlesim/share/ament_index/resource_index/package_run_dependencies/turtlesim
[5.915s] -- Up-to-date: /home/minkhanttun/ros2_ws/install/turtlesim/share/ament_index/resource_index/parent_prefix_path/turtlesim
[5.917s] -- Up-to-date: /home/minkhanttun/ros2_ws/install/turtlesim/share/turtlesim/environment/ament_prefix_path.sh
[5.920s] -- Up-to-date: /home/minkhanttun/ros2_ws/install/turtlesim/share/turtlesim/environment/ament_prefix_path.dsv
[5.920s] -- Up-to-date: /home/minkhanttun/ros2_ws/install/turtlesim/share/turtlesim/environment/path.sh
[5.920s] -- Up-to-date: /home/minkhanttun/ros2_ws/install/turtlesim/share/turtlesim/environment/path.dsv
[5.920s] -- Up-to-date: /home/minkhanttun/ros2_ws/install/turtlesim/share/turtlesim/local_setup.bash
[5.925s] -- Up-to-date: /home/minkhanttun/ros2_ws/install/turtlesim/share/turtlesim/local_setup.sh
[5.926s] -- Up-to-date: /home/minkhanttun/ros2_ws/install/turtlesim/share/turtlesim/local_setup.zsh
[5.926s] -- Up-to-date: /home/minkhanttun/ros2_ws/install/turtlesim/share/turtlesim/local_setup.dsv
[5.926s] -- Installing: /home/minkhanttun/ros2_ws/install/turtlesim/share/turtlesim/package.dsv
[5.926s] -- Up-to-date: /home/minkhanttun/ros2_ws/install/turtlesim/share/ament_index/resource_index/packages/turtlesim
[5.927s] -- Up-to-date: /home/minkhanttun/ros2_ws/install/turtlesim/share/turtlesim/cmake/export_turtlesim__rosidl_generator_cExport.cmake
[5.927s] -- Up-to-date: /home/minkhanttun/ros2_ws/install/turtlesim/share/turtlesim/cmake/export_turtlesim__rosidl_generator_cExport-noconfig.cmake
[5.927s] -- Up-to-date: /home/minkhanttun/ros2_ws/install/turtlesim/share/turtlesim/cmake/export_turtlesim__rosidl_typesupport_fastrtps_cExport.cmake
[5.927s] -- Up-to-date: /home/minkhanttun/ros2_ws/install/turtlesim/share/turtlesim/cmake/export_turtlesim__rosidl_typesupport_fastrtps_cExport-noconfig.cmake
[5.928s] -- Up-to-date: /home/minkhanttun/ros2_ws/install/turtlesim/share/turtlesim/cmake/export_turtlesim__rosidl_generator_cppExport.cmake
[5.934s] -- Up-to-date: /home/minkhanttun/ros2_ws/install/turtlesim/share/turtlesim/cmake/export_turtlesim__rosidl_typesupport_fastrtps_cppExport.cmake
[5.936s] -- Up-to-date: /home/minkhanttun/ros2_ws/install/turtlesim/share/turtlesim/cmake/export_turtlesim__rosidl_typesupport_fastrtps_cppExport-noconfig.cmake
[5.948s] -- Up-to-date: /home/minkhanttun/ros2_ws/install/turtlesim/share/turtlesim/cmake/turtlesim__rosidl_typesupport_introspection_cExport.cmake
[5.949s] -- Up-to-date: /home/minkhanttun/ros2_ws/install/turtlesim/share/turtlesim/cmake/turtlesim__rosidl_typesupport_introspection_cExport-noconfig.cmake
[5.949s] -- Up-to-date: /home/minkhanttun/ros2_ws/install/turtlesim/share/turtlesim/cmake/turtlesim__rosidl_typesupport_cExport.cmake
[5.949s] -- Up-to-date: /home/minkhanttun/ros2_ws/install/turtlesim/share/turtlesim/cmake/turtlesim__rosidl_typesupport_cExport-noconfig.cmake
[5.949s] -- Up-to-date: /home/minkhanttun/ros2_ws/install/turtlesim/share/turtlesim/cmake/turtlesim__rosidl_typesupport_introspection_cppExport.cmake
[5.949s] -- Up-to-date: /home/minkhanttun/ros2_ws/install/turtlesim/share/turtlesim/cmake/turtlesim__rosidl_typesupport_introspection_cppExport-noconfig.cmake
[5.950s] -- Up-to-date: /home/minkhanttun/ros2_ws/install/turtlesim/share/turtlesim/cmake/turtlesim__rosidl_typesupport_cppExport.cmake
[5.950s] -- Up-to-date: /home/minkhanttun/ros2_ws/install/turtlesim/share/turtlesim/cmake/turtlesim__rosidl_typesupport_cppExport-noconfig.cmake
[5.950s] -- Up-to-date: /home/minkhanttun/ros2_ws/install/turtlesim/share/turtlesim/cmake/export_turtlesim__rosidl_generator_pyExport.cmake
[5.950s] -- Up-to-date: /home/minkhanttun/ros2_ws/install/turtlesim/share/turtlesim/cmake/export_turtlesim__rosidl_generator_pyExport-noconfig.cmake
[5.950s] -- Up-to-date: /home/minkhanttun/ros2_ws/install/turtlesim/share/turtlesim/cmake/rosidl_cmake-extras.cmake
[5.951s] -- Up-to-date: /home/minkhanttun/ros2_ws/install/turtlesim/share/turtlesim/cmake/ament_cmake_export_dependencies-extras.cmake
[5.960s] -- Up-to-date: /home/minkhanttun/ros2_ws/install/turtlesim/share/turtlesim/cmake/ament_cmake_export_include_directories-extras.cmake
[5.961s] -- Up-to-date: /home/minkhanttun/ros2_ws/install/turtlesim/share/turtlesim/cmake/ament_cmake_export_libraries-extras.cmake
[5.961s] -- Up-to-date: /home/minkhanttun/ros2_ws/install/turtlesim/share/turtlesim/cmake/ament_cmake_export_targets-extras.cmake
[5.963s] -- Up-to-date: /home/minkhanttun/ros2_ws/install/turtlesim/share/turtlesim/cmake/rosidl_cmake_export_typesupport_targets-extras.cmake
[5.965s] -- Up-to-date: /home/minkhanttun/ros2_ws/install/turtlesim/share/turtlesim/cmake/rosidl_cmake_export_typesupport_libraries-extras.cmake
[5.966s] -- Up-to-date: /home/minkhanttun/ros2_ws/install/turtlesim/share/turtlesim/cmake/turtlesimConfig.cmake
[5.977s] -- Up-to-date: /home/minkhanttun/ros2_ws/install/turtlesim/share/turtlesim/cmake/turtlesimConfig-version.cmake
[5.977s] -- Up-to-date: /home/minkhanttun/ros2_ws/install/turtlesim/share/turtlesim/package.xml
[5.978s] Invoked command in '/home/minkhanttun/ros2_ws/build/turtlesim' returned '0': CMAKE_PREFIX_PATH=${CMAKE_PREFIX_PATH}:/opt/ros/jazzy DEBUGINFOD_URLS=https://debuginfod.ubuntu.com /usr/bin/cmake --install /home/minkhanttun/ros2_ws/build/turtlesim
