[0.065s] Invoking command in '/home/minkhanttun/ros2_ws/build/polygon_plugins': CMAKE_PREFIX_PATH=/home/minkhanttun/ros2_ws/install/polygon_base:/home/minkhanttun/ros2_ws/install/cpp_srvcli:/home/minkhanttun/ros2_ws/install/cpp_pubsub:/home/minkhanttun/ros2_ws/install/tutorial_interfaces:/home/minkhanttun/ros2_ws/install/turtlesim:/home/minkhanttun/ros2_ws/install/polygon_plugins:/home/minkhanttun/ros2_ws/install/launch_tutorial:/home/minkhanttun/ros2_ws/install/custom_action_cpp:/home/minkhanttun/ros2_ws/install/custom_action_interfaces:/home/minkhanttun/ros2_ws/install/cpp_parameters:/home/minkhanttun/ros2_ws/install/cpp_parameter_event_handler:/opt/ros/jazzy/opt/gz_math_vendor:/opt/ros/jazzy/opt/gz_utils_vendor:/opt/ros/jazzy/opt/gz_cmake_vendor:/opt/ros/jazzy DEBUGINFOD_URLS=https://debuginfod.ubuntu.com /usr/bin/cmake --build /home/minkhanttun/ros2_ws/build/polygon_plugins -- -j4 -l4
[0.437s] [100%] Built target polygon_plugins
[0.523s] Invoked command in '/home/minkhanttun/ros2_ws/build/polygon_plugins' returned '0': CMAKE_PREFIX_PATH=/home/minkhanttun/ros2_ws/install/polygon_base:/home/minkhanttun/ros2_ws/install/cpp_srvcli:/home/minkhanttun/ros2_ws/install/cpp_pubsub:/home/minkhanttun/ros2_ws/install/tutorial_interfaces:/home/minkhanttun/ros2_ws/install/turtlesim:/home/minkhanttun/ros2_ws/install/polygon_plugins:/home/minkhanttun/ros2_ws/install/launch_tutorial:/home/minkhanttun/ros2_ws/install/custom_action_cpp:/home/minkhanttun/ros2_ws/install/custom_action_interfaces:/home/minkhanttun/ros2_ws/install/cpp_parameters:/home/minkhanttun/ros2_ws/install/cpp_parameter_event_handler:/opt/ros/jazzy/opt/gz_math_vendor:/opt/ros/jazzy/opt/gz_utils_vendor:/opt/ros/jazzy/opt/gz_cmake_vendor:/opt/ros/jazzy DEBUGINFOD_URLS=https://debuginfod.ubuntu.com /usr/bin/cmake --build /home/minkhanttun/ros2_ws/build/polygon_plugins -- -j4 -l4
[0.525s] Invoking command in '/home/minkhanttun/ros2_ws/build/polygon_plugins': CMAKE_PREFIX_PATH=/home/minkhanttun/ros2_ws/install/polygon_base:/home/minkhanttun/ros2_ws/install/cpp_srvcli:/home/minkhanttun/ros2_ws/install/cpp_pubsub:/home/minkhanttun/ros2_ws/install/tutorial_interfaces:/home/minkhanttun/ros2_ws/install/turtlesim:/home/minkhanttun/ros2_ws/install/polygon_plugins:/home/minkhanttun/ros2_ws/install/launch_tutorial:/home/minkhanttun/ros2_ws/install/custom_action_cpp:/home/minkhanttun/ros2_ws/install/custom_action_interfaces:/home/minkhanttun/ros2_ws/install/cpp_parameters:/home/minkhanttun/ros2_ws/install/cpp_parameter_event_handler:/opt/ros/jazzy/opt/gz_math_vendor:/opt/ros/jazzy/opt/gz_utils_vendor:/opt/ros/jazzy/opt/gz_cmake_vendor:/opt/ros/jazzy DEBUGINFOD_URLS=https://debuginfod.ubuntu.com /usr/bin/cmake --install /home/minkhanttun/ros2_ws/build/polygon_plugins
[0.586s] -- Install configuration: ""
[0.586s] -- Up-to-date: /home/minkhanttun/ros2_ws/install/polygon_plugins/share/polygon_plugins/plugins.xml
[0.591s] -- Up-to-date: /home/minkhanttun/ros2_ws/install/polygon_plugins/include/polygon_plugins
[0.591s] -- Up-to-date: /home/minkhanttun/ros2_ws/install/polygon_plugins/include/polygon_plugins/polygon_plugins
[0.594s] -- Up-to-date: /home/minkhanttun/ros2_ws/install/polygon_plugins/include/polygon_plugins/polygon_plugins/visibility_control.h
[0.595s] -- Up-to-date: /home/minkhanttun/ros2_ws/install/polygon_plugins/include/polygon_plugins/polygon_plugins/polygon_plugins.hpp
[0.595s] -- Up-to-date: /home/minkhanttun/ros2_ws/install/polygon_plugins/lib/libpolygon_plugins.so
[0.601s] -- Up-to-date: /home/minkhanttun/ros2_ws/install/polygon_plugins/share/polygon_plugins/environment/library_path.sh
[0.601s] -- Up-to-date: /home/minkhanttun/ros2_ws/install/polygon_plugins/share/polygon_plugins/environment/library_path.dsv
[0.602s] -- Up-to-date: /home/minkhanttun/ros2_ws/install/polygon_plugins/share/ament_index/resource_index/package_run_dependencies/polygon_plugins
[0.602s] -- Up-to-date: /home/minkhanttun/ros2_ws/install/polygon_plugins/share/ament_index/resource_index/parent_prefix_path/polygon_plugins
[0.602s] -- Up-to-date: /home/minkhanttun/ros2_ws/install/polygon_plugins/share/polygon_plugins/environment/ament_prefix_path.sh
[0.602s] -- Up-to-date: /home/minkhanttun/ros2_ws/install/polygon_plugins/share/polygon_plugins/environment/ament_prefix_path.dsv
[0.603s] -- Up-to-date: /home/minkhanttun/ros2_ws/install/polygon_plugins/share/polygon_plugins/environment/path.sh
[0.603s] -- Up-to-date: /home/minkhanttun/ros2_ws/install/polygon_plugins/share/polygon_plugins/environment/path.dsv
[0.603s] -- Up-to-date: /home/minkhanttun/ros2_ws/install/polygon_plugins/share/polygon_plugins/local_setup.bash
[0.603s] -- Up-to-date: /home/minkhanttun/ros2_ws/install/polygon_plugins/share/polygon_plugins/local_setup.sh
[0.603s] -- Up-to-date: /home/minkhanttun/ros2_ws/install/polygon_plugins/share/polygon_plugins/local_setup.zsh
[0.603s] -- Up-to-date: /home/minkhanttun/ros2_ws/install/polygon_plugins/share/polygon_plugins/local_setup.dsv
[0.607s] -- Installing: /home/minkhanttun/ros2_ws/install/polygon_plugins/share/polygon_plugins/package.dsv
[0.607s] -- Up-to-date: /home/minkhanttun/ros2_ws/install/polygon_plugins/share/ament_index/resource_index/packages/polygon_plugins
[0.607s] -- Up-to-date: /home/minkhanttun/ros2_ws/install/polygon_plugins/share/ament_index/resource_index/polygon_base__pluginlib__plugin/polygon_plugins
[0.610s] -- Up-to-date: /home/minkhanttun/ros2_ws/install/polygon_plugins/share/polygon_plugins/cmake/export_polygon_pluginsExport.cmake
[0.610s] -- Up-to-date: /home/minkhanttun/ros2_ws/install/polygon_plugins/share/polygon_plugins/cmake/export_polygon_pluginsExport-noconfig.cmake
[0.610s] -- Up-to-date: /home/minkhanttun/ros2_ws/install/polygon_plugins/share/polygon_plugins/cmake/ament_cmake_export_include_directories-extras.cmake
[0.611s] -- Up-to-date: /home/minkhanttun/ros2_ws/install/polygon_plugins/share/polygon_plugins/cmake/ament_cmake_export_libraries-extras.cmake
[0.611s] -- Up-to-date: /home/minkhanttun/ros2_ws/install/polygon_plugins/share/polygon_plugins/cmake/ament_cmake_export_targets-extras.cmake
[0.611s] -- Up-to-date: /home/minkhanttun/ros2_ws/install/polygon_plugins/share/polygon_plugins/cmake/polygon_pluginsConfig.cmake
[0.611s] -- Up-to-date: /home/minkhanttun/ros2_ws/install/polygon_plugins/share/polygon_plugins/cmake/polygon_pluginsConfig-version.cmake
[0.611s] -- Up-to-date: /home/minkhanttun/ros2_ws/install/polygon_plugins/share/polygon_plugins/package.xml
[0.622s] Invoked command in '/home/minkhanttun/ros2_ws/build/polygon_plugins' returned '0': CMAKE_PREFIX_PATH=/home/minkhanttun/ros2_ws/install/polygon_base:/home/minkhanttun/ros2_ws/install/cpp_srvcli:/home/minkhanttun/ros2_ws/install/cpp_pubsub:/home/minkhanttun/ros2_ws/install/tutorial_interfaces:/home/minkhanttun/ros2_ws/install/turtlesim:/home/minkhanttun/ros2_ws/install/polygon_plugins:/home/minkhanttun/ros2_ws/install/launch_tutorial:/home/minkhanttun/ros2_ws/install/custom_action_cpp:/home/minkhanttun/ros2_ws/install/custom_action_interfaces:/home/minkhanttun/ros2_ws/install/cpp_parameters:/home/minkhanttun/ros2_ws/install/cpp_parameter_event_handler:/opt/ros/jazzy/opt/gz_math_vendor:/opt/ros/jazzy/opt/gz_utils_vendor:/opt/ros/jazzy/opt/gz_cmake_vendor:/opt/ros/jazzy DEBUGINFOD_URLS=https://debuginfod.ubuntu.com /usr/bin/cmake --install /home/minkhanttun/ros2_ws/build/polygon_plugins
