[0.104s] Invoking command in '/home/minkhanttun/ros2_ws/build/custom_action_interfaces': CMAKE_PREFIX_PATH=${CMAKE_PREFIX_PATH}:/opt/ros/jazzy DEBUGINFOD_URLS=https://debuginfod.ubuntu.com /usr/bin/cmake --build /home/minkhanttun/ros2_ws/build/custom_action_interfaces -- -j4 -l4
[0.509s] [  2%] Built target custom_action_interfaces__rosidl_generator_type_description
[0.610s] [  2%] Built target ament_cmake_python_copy_custom_action_interfaces
[0.699s] [  5%] Built target custom_action_interfaces__cpp
[0.755s] [ 20%] Built target custom_action_interfaces__rosidl_generator_c
[1.005s] [ 29%] Built target custom_action_interfaces__rosidl_typesupport_introspection_c
[1.006s] [ 38%] Built target custom_action_interfaces__rosidl_typesupport_cpp
[1.194s] [ 47%] Built target custom_action_interfaces__rosidl_typesupport_fastrtps_c
[1.367s] [ 55%] Built target custom_action_interfaces__rosidl_typesupport_fastrtps_cpp
[1.389s] [ 64%] Built target custom_action_interfaces__rosidl_typesupport_c
[1.467s] [ 73%] Built target custom_action_interfaces__rosidl_typesupport_introspection_cpp
[1.828s] [ 73%] Built target custom_action_interfaces
[2.055s] [ 76%] Built target custom_action_interfaces__py
[2.287s] [ 82%] Built target custom_action_interfaces__rosidl_generator_py
[2.524s] [ 88%] Built target custom_action_interfaces_s__rosidl_typesupport_fastrtps_c
[2.586s] [ 94%] Built target custom_action_interfaces_s__rosidl_typesupport_introspection_c
[2.609s] [100%] Built target custom_action_interfaces_s__rosidl_typesupport_c
[4.201s] running egg_info
[4.300s] writing custom_action_interfaces.egg-info/PKG-INFO
[4.300s] writing dependency_links to custom_action_interfaces.egg-info/dependency_links.txt
[4.301s] writing top-level names to custom_action_interfaces.egg-info/top_level.txt
[4.724s] reading manifest file 'custom_action_interfaces.egg-info/SOURCES.txt'
[4.733s] writing manifest file 'custom_action_interfaces.egg-info/SOURCES.txt'
[5.171s] [100%] Built target ament_cmake_python_build_custom_action_interfaces_egg
[5.623s] Invoked command in '/home/minkhanttun/ros2_ws/build/custom_action_interfaces' returned '0': CMAKE_PREFIX_PATH=${CMAKE_PREFIX_PATH}:/opt/ros/jazzy DEBUGINFOD_URLS=https://debuginfod.ubuntu.com /usr/bin/cmake --build /home/minkhanttun/ros2_ws/build/custom_action_interfaces -- -j4 -l4
[5.634s] Invoking command in '/home/minkhanttun/ros2_ws/build/custom_action_interfaces': CMAKE_PREFIX_PATH=${CMAKE_PREFIX_PATH}:/opt/ros/jazzy DEBUGINFOD_URLS=https://debuginfod.ubuntu.com /usr/bin/cmake --install /home/minkhanttun/ros2_ws/build/custom_action_interfaces
[5.684s] -- Install configuration: ""
[5.684s] -- Up-to-date: /home/minkhanttun/ros2_ws/install/custom_action_interfaces/share/ament_index/resource_index/rosidl_interfaces/custom_action_interfaces
[5.684s] -- Up-to-date: /home/minkhanttun/ros2_ws/install/custom_action_interfaces/share/custom_action_interfaces/action/Fibonacci.json
[5.684s] -- Up-to-date: /home/minkhanttun/ros2_ws/install/custom_action_interfaces/include/custom_action_interfaces/custom_action_interfaces
[5.685s] -- Up-to-date: /home/minkhanttun/ros2_ws/install/custom_action_interfaces/include/custom_action_interfaces/custom_action_interfaces/msg
[5.685s] -- Up-to-date: /home/minkhanttun/ros2_ws/install/custom_action_interfaces/include/custom_action_interfaces/custom_action_interfaces/msg/rosidl_generator_c__visibility_control.h
[5.685s] -- Up-to-date: /home/minkhanttun/ros2_ws/install/custom_action_interfaces/include/custom_action_interfaces/custom_action_interfaces/action
[5.685s] -- Up-to-date: /home/minkhanttun/ros2_ws/install/custom_action_interfaces/include/custom_action_interfaces/custom_action_interfaces/action/detail
[5.686s] -- Installing: /home/minkhanttun/ros2_ws/install/custom_action_interfaces/include/custom_action_interfaces/custom_action_interfaces/action/detail/fibonacci__type_support.c
[5.686s] -- Up-to-date: /home/minkhanttun/ros2_ws/install/custom_action_interfaces/include/custom_action_interfaces/custom_action_interfaces/action/detail/fibonacci__description.c
[5.686s] -- Up-to-date: /home/minkhanttun/ros2_ws/install/custom_action_interfaces/include/custom_action_interfaces/custom_action_interfaces/action/detail/fibonacci__functions.h
[5.696s] -- Up-to-date: /home/minkhanttun/ros2_ws/install/custom_action_interfaces/include/custom_action_interfaces/custom_action_interfaces/action/detail/fibonacci__struct.h
[5.696s] -- Up-to-date: /home/minkhanttun/ros2_ws/install/custom_action_interfaces/include/custom_action_interfaces/custom_action_interfaces/action/detail/fibonacci__functions.c
[5.697s] -- Up-to-date: /home/minkhanttun/ros2_ws/install/custom_action_interfaces/include/custom_action_interfaces/custom_action_interfaces/action/detail/fibonacci__type_support.h
[5.697s] -- Up-to-date: /home/minkhanttun/ros2_ws/install/custom_action_interfaces/include/custom_action_interfaces/custom_action_interfaces/action/fibonacci.h
[5.697s] -- Up-to-date: /home/minkhanttun/ros2_ws/install/custom_action_interfaces/share/custom_action_interfaces/environment/library_path.sh
[5.697s] -- Up-to-date: /home/minkhanttun/ros2_ws/install/custom_action_interfaces/share/custom_action_interfaces/environment/library_path.dsv
[5.697s] -- Up-to-date: /home/minkhanttun/ros2_ws/install/custom_action_interfaces/lib/libcustom_action_interfaces__rosidl_generator_c.so
[5.697s] -- Up-to-date: /home/minkhanttun/ros2_ws/install/custom_action_interfaces/include/custom_action_interfaces/custom_action_interfaces
[5.698s] -- Up-to-date: /home/minkhanttun/ros2_ws/install/custom_action_interfaces/include/custom_action_interfaces/custom_action_interfaces/msg
[5.698s] -- Up-to-date: /home/minkhanttun/ros2_ws/install/custom_action_interfaces/include/custom_action_interfaces/custom_action_interfaces/msg/rosidl_typesupport_fastrtps_c__visibility_control.h
[5.698s] -- Up-to-date: /home/minkhanttun/ros2_ws/install/custom_action_interfaces/include/custom_action_interfaces/custom_action_interfaces/action
[5.698s] -- Up-to-date: /home/minkhanttun/ros2_ws/install/custom_action_interfaces/include/custom_action_interfaces/custom_action_interfaces/action/detail
[5.698s] -- Up-to-date: /home/minkhanttun/ros2_ws/install/custom_action_interfaces/include/custom_action_interfaces/custom_action_interfaces/action/detail/fibonacci__rosidl_typesupport_fastrtps_c.h
[5.708s] -- Up-to-date: /home/minkhanttun/ros2_ws/install/custom_action_interfaces/lib/libcustom_action_interfaces__rosidl_typesupport_fastrtps_c.so
[5.708s] -- Up-to-date: /home/minkhanttun/ros2_ws/install/custom_action_interfaces/include/custom_action_interfaces/custom_action_interfaces
[5.708s] -- Up-to-date: /home/minkhanttun/ros2_ws/install/custom_action_interfaces/include/custom_action_interfaces/custom_action_interfaces/msg
[5.708s] -- Up-to-date: /home/minkhanttun/ros2_ws/install/custom_action_interfaces/include/custom_action_interfaces/custom_action_interfaces/msg/rosidl_typesupport_introspection_c__visibility_control.h
[5.708s] -- Up-to-date: /home/minkhanttun/ros2_ws/install/custom_action_interfaces/include/custom_action_interfaces/custom_action_interfaces/action
[5.708s] -- Up-to-date: /home/minkhanttun/ros2_ws/install/custom_action_interfaces/include/custom_action_interfaces/custom_action_interfaces/action/detail
[5.709s] -- Installing: /home/minkhanttun/ros2_ws/install/custom_action_interfaces/include/custom_action_interfaces/custom_action_interfaces/action/detail/fibonacci__type_support.c
[5.709s] -- Up-to-date: /home/minkhanttun/ros2_ws/install/custom_action_interfaces/include/custom_action_interfaces/custom_action_interfaces/action/detail/fibonacci__rosidl_typesupport_introspection_c.h
[5.709s] -- Up-to-date: /home/minkhanttun/ros2_ws/install/custom_action_interfaces/lib/libcustom_action_interfaces__rosidl_typesupport_introspection_c.so
[5.709s] -- Up-to-date: /home/minkhanttun/ros2_ws/install/custom_action_interfaces/lib/libcustom_action_interfaces__rosidl_typesupport_c.so
[5.709s] -- Up-to-date: /home/minkhanttun/ros2_ws/install/custom_action_interfaces/include/custom_action_interfaces/custom_action_interfaces
[5.709s] -- Up-to-date: /home/minkhanttun/ros2_ws/install/custom_action_interfaces/include/custom_action_interfaces/custom_action_interfaces/msg
[5.709s] -- Up-to-date: /home/minkhanttun/ros2_ws/install/custom_action_interfaces/include/custom_action_interfaces/custom_action_interfaces/msg/rosidl_generator_cpp__visibility_control.hpp
[5.710s] -- Up-to-date: /home/minkhanttun/ros2_ws/install/custom_action_interfaces/include/custom_action_interfaces/custom_action_interfaces/action
[5.710s] -- Up-to-date: /home/minkhanttun/ros2_ws/install/custom_action_interfaces/include/custom_action_interfaces/custom_action_interfaces/action/detail
[5.710s] -- Up-to-date: /home/minkhanttun/ros2_ws/install/custom_action_interfaces/include/custom_action_interfaces/custom_action_interfaces/action/detail/fibonacci__traits.hpp
[5.710s] -- Up-to-date: /home/minkhanttun/ros2_ws/install/custom_action_interfaces/include/custom_action_interfaces/custom_action_interfaces/action/detail/fibonacci__type_support.hpp
[5.710s] -- Up-to-date: /home/minkhanttun/ros2_ws/install/custom_action_interfaces/include/custom_action_interfaces/custom_action_interfaces/action/detail/fibonacci__struct.hpp
[5.710s] -- Up-to-date: /home/minkhanttun/ros2_ws/install/custom_action_interfaces/include/custom_action_interfaces/custom_action_interfaces/action/detail/fibonacci__builder.hpp
[5.718s] -- Up-to-date: /home/minkhanttun/ros2_ws/install/custom_action_interfaces/include/custom_action_interfaces/custom_action_interfaces/action/fibonacci.hpp
[5.718s] -- Up-to-date: /home/minkhanttun/ros2_ws/install/custom_action_interfaces/include/custom_action_interfaces/custom_action_interfaces
[5.718s] -- Up-to-date: /home/minkhanttun/ros2_ws/install/custom_action_interfaces/include/custom_action_interfaces/custom_action_interfaces/msg
[5.718s] -- Up-to-date: /home/minkhanttun/ros2_ws/install/custom_action_interfaces/include/custom_action_interfaces/custom_action_interfaces/msg/rosidl_typesupport_fastrtps_cpp__visibility_control.h
[5.718s] -- Up-to-date: /home/minkhanttun/ros2_ws/install/custom_action_interfaces/include/custom_action_interfaces/custom_action_interfaces/action
[5.719s] -- Up-to-date: /home/minkhanttun/ros2_ws/install/custom_action_interfaces/include/custom_action_interfaces/custom_action_interfaces/action/detail
[5.719s] -- Up-to-date: /home/minkhanttun/ros2_ws/install/custom_action_interfaces/include/custom_action_interfaces/custom_action_interfaces/action/detail/fibonacci__rosidl_typesupport_fastrtps_cpp.hpp
[5.719s] -- Up-to-date: /home/minkhanttun/ros2_ws/install/custom_action_interfaces/include/custom_action_interfaces/custom_action_interfaces/action/detail/dds_fastrtps
[5.719s] -- Up-to-date: /home/minkhanttun/ros2_ws/install/custom_action_interfaces/lib/libcustom_action_interfaces__rosidl_typesupport_fastrtps_cpp.so
[5.719s] -- Up-to-date: /home/minkhanttun/ros2_ws/install/custom_action_interfaces/include/custom_action_interfaces/custom_action_interfaces
[5.719s] -- Up-to-date: /home/minkhanttun/ros2_ws/install/custom_action_interfaces/include/custom_action_interfaces/custom_action_interfaces/action
[5.719s] -- Up-to-date: /home/minkhanttun/ros2_ws/install/custom_action_interfaces/include/custom_action_interfaces/custom_action_interfaces/action/detail
[5.720s] -- Up-to-date: /home/minkhanttun/ros2_ws/install/custom_action_interfaces/include/custom_action_interfaces/custom_action_interfaces/action/detail/fibonacci__rosidl_typesupport_introspection_cpp.hpp
[5.720s] -- Up-to-date: /home/minkhanttun/ros2_ws/install/custom_action_interfaces/include/custom_action_interfaces/custom_action_interfaces/action/detail/fibonacci__type_support.cpp
[5.720s] -- Up-to-date: /home/minkhanttun/ros2_ws/install/custom_action_interfaces/lib/libcustom_action_interfaces__rosidl_typesupport_introspection_cpp.so
[5.720s] -- Up-to-date: /home/minkhanttun/ros2_ws/install/custom_action_interfaces/lib/libcustom_action_interfaces__rosidl_typesupport_cpp.so
[5.720s] -- Up-to-date: /home/minkhanttun/ros2_ws/install/custom_action_interfaces/share/custom_action_interfaces/environment/pythonpath.sh
[5.720s] -- Up-to-date: /home/minkhanttun/ros2_ws/install/custom_action_interfaces/share/custom_action_interfaces/environment/pythonpath.dsv
[5.729s] -- Up-to-date: /home/minkhanttun/ros2_ws/install/custom_action_interfaces/lib/python3.12/site-packages/custom_action_interfaces-0.0.0-py3.12.egg-info
[5.729s] -- Installing: /home/minkhanttun/ros2_ws/install/custom_action_interfaces/lib/python3.12/site-packages/custom_action_interfaces-0.0.0-py3.12.egg-info/SOURCES.txt
[5.729s] -- Installing: /home/minkhanttun/ros2_ws/install/custom_action_interfaces/lib/python3.12/site-packages/custom_action_interfaces-0.0.0-py3.12.egg-info/top_level.txt
[5.730s] -- Installing: /home/minkhanttun/ros2_ws/install/custom_action_interfaces/lib/python3.12/site-packages/custom_action_interfaces-0.0.0-py3.12.egg-info/PKG-INFO
[5.730s] -- Installing: /home/minkhanttun/ros2_ws/install/custom_action_interfaces/lib/python3.12/site-packages/custom_action_interfaces-0.0.0-py3.12.egg-info/dependency_links.txt
[5.732s] -- Up-to-date: /home/minkhanttun/ros2_ws/install/custom_action_interfaces/lib/python3.12/site-packages/custom_action_interfaces
[5.732s] -- Up-to-date: /home/minkhanttun/ros2_ws/install/custom_action_interfaces/lib/python3.12/site-packages/custom_action_interfaces/custom_action_interfaces_s__rosidl_typesupport_c.so
[5.732s] -- Up-to-date: /home/minkhanttun/ros2_ws/install/custom_action_interfaces/lib/python3.12/site-packages/custom_action_interfaces/_custom_action_interfaces_s.ep.rosidl_typesupport_fastrtps_c.c
[5.732s] -- Up-to-date: /home/minkhanttun/ros2_ws/install/custom_action_interfaces/lib/python3.12/site-packages/custom_action_interfaces/custom_action_interfaces_s__rosidl_typesupport_introspection_c.so
[5.733s] -- Up-to-date: /home/minkhanttun/ros2_ws/install/custom_action_interfaces/lib/python3.12/site-packages/custom_action_interfaces/custom_action_interfaces_s__rosidl_typesupport_fastrtps_c.so
[5.733s] -- Up-to-date: /home/minkhanttun/ros2_ws/install/custom_action_interfaces/lib/python3.12/site-packages/custom_action_interfaces/_custom_action_interfaces_s.ep.rosidl_typesupport_c.c
[5.733s] -- Up-to-date: /home/minkhanttun/ros2_ws/install/custom_action_interfaces/lib/python3.12/site-packages/custom_action_interfaces/__init__.py
[5.733s] -- Up-to-date: /home/minkhanttun/ros2_ws/install/custom_action_interfaces/lib/python3.12/site-packages/custom_action_interfaces/action
[5.734s] -- Up-to-date: /home/minkhanttun/ros2_ws/install/custom_action_interfaces/lib/python3.12/site-packages/custom_action_interfaces/action/_fibonacci.py
[5.734s] -- Up-to-date: /home/minkhanttun/ros2_ws/install/custom_action_interfaces/lib/python3.12/site-packages/custom_action_interfaces/action/_fibonacci_s.c
[5.734s] -- Up-to-date: /home/minkhanttun/ros2_ws/install/custom_action_interfaces/lib/python3.12/site-packages/custom_action_interfaces/action/__init__.py
[5.734s] -- Up-to-date: /home/minkhanttun/ros2_ws/install/custom_action_interfaces/lib/python3.12/site-packages/custom_action_interfaces/_custom_action_interfaces_s.ep.rosidl_typesupport_introspection_c.c
[6.025s] Listing '/home/minkhanttun/ros2_ws/install/custom_action_interfaces/lib/python3.12/site-packages/custom_action_interfaces'...
[6.025s] Listing '/home/minkhanttun/ros2_ws/install/custom_action_interfaces/lib/python3.12/site-packages/custom_action_interfaces/action'...
[6.174s] -- Up-to-date: /home/minkhanttun/ros2_ws/install/custom_action_interfaces/lib/python3.12/site-packages/custom_action_interfaces/custom_action_interfaces_s__rosidl_typesupport_fastrtps_c.so
[6.177s] -- Up-to-date: /home/minkhanttun/ros2_ws/install/custom_action_interfaces/lib/python3.12/site-packages/custom_action_interfaces/custom_action_interfaces_s__rosidl_typesupport_introspection_c.so
[6.177s] -- Up-to-date: /home/minkhanttun/ros2_ws/install/custom_action_interfaces/lib/python3.12/site-packages/custom_action_interfaces/custom_action_interfaces_s__rosidl_typesupport_c.so
[6.178s] -- Up-to-date: /home/minkhanttun/ros2_ws/install/custom_action_interfaces/lib/libcustom_action_interfaces__rosidl_generator_py.so
[6.178s] -- Up-to-date: /home/minkhanttun/ros2_ws/install/custom_action_interfaces/share/custom_action_interfaces/action/Fibonacci.idl
[6.183s] -- Up-to-date: /home/minkhanttun/ros2_ws/install/custom_action_interfaces/share/custom_action_interfaces/action/Fibonacci.action
[6.184s] -- Up-to-date: /home/minkhanttun/ros2_ws/install/custom_action_interfaces/share/ament_index/resource_index/package_run_dependencies/custom_action_interfaces
[6.185s] -- Up-to-date: /home/minkhanttun/ros2_ws/install/custom_action_interfaces/share/ament_index/resource_index/parent_prefix_path/custom_action_interfaces
[6.193s] -- Up-to-date: /home/minkhanttun/ros2_ws/install/custom_action_interfaces/share/custom_action_interfaces/environment/ament_prefix_path.sh
[6.194s] -- Up-to-date: /home/minkhanttun/ros2_ws/install/custom_action_interfaces/share/custom_action_interfaces/environment/ament_prefix_path.dsv
[6.194s] -- Up-to-date: /home/minkhanttun/ros2_ws/install/custom_action_interfaces/share/custom_action_interfaces/environment/path.sh
[6.194s] -- Up-to-date: /home/minkhanttun/ros2_ws/install/custom_action_interfaces/share/custom_action_interfaces/environment/path.dsv
[6.198s] -- Up-to-date: /home/minkhanttun/ros2_ws/install/custom_action_interfaces/share/custom_action_interfaces/local_setup.bash
[6.202s] -- Up-to-date: /home/minkhanttun/ros2_ws/install/custom_action_interfaces/share/custom_action_interfaces/local_setup.sh
[6.202s] -- Up-to-date: /home/minkhanttun/ros2_ws/install/custom_action_interfaces/share/custom_action_interfaces/local_setup.zsh
[6.203s] -- Up-to-date: /home/minkhanttun/ros2_ws/install/custom_action_interfaces/share/custom_action_interfaces/local_setup.dsv
[6.203s] -- Installing: /home/minkhanttun/ros2_ws/install/custom_action_interfaces/share/custom_action_interfaces/package.dsv
[6.203s] -- Up-to-date: /home/minkhanttun/ros2_ws/install/custom_action_interfaces/share/ament_index/resource_index/packages/custom_action_interfaces
[6.203s] -- Up-to-date: /home/minkhanttun/ros2_ws/install/custom_action_interfaces/share/custom_action_interfaces/cmake/export_custom_action_interfaces__rosidl_generator_cExport.cmake
[6.204s] -- Up-to-date: /home/minkhanttun/ros2_ws/install/custom_action_interfaces/share/custom_action_interfaces/cmake/export_custom_action_interfaces__rosidl_generator_cExport-noconfig.cmake
[6.212s] -- Up-to-date: /home/minkhanttun/ros2_ws/install/custom_action_interfaces/share/custom_action_interfaces/cmake/export_custom_action_interfaces__rosidl_typesupport_fastrtps_cExport.cmake
[6.212s] -- Up-to-date: /home/minkhanttun/ros2_ws/install/custom_action_interfaces/share/custom_action_interfaces/cmake/export_custom_action_interfaces__rosidl_typesupport_fastrtps_cExport-noconfig.cmake
[6.212s] -- Up-to-date: /home/minkhanttun/ros2_ws/install/custom_action_interfaces/share/custom_action_interfaces/cmake/custom_action_interfaces__rosidl_typesupport_introspection_cExport.cmake
[6.216s] -- Up-to-date: /home/minkhanttun/ros2_ws/install/custom_action_interfaces/share/custom_action_interfaces/cmake/custom_action_interfaces__rosidl_typesupport_introspection_cExport-noconfig.cmake
[6.216s] -- Up-to-date: /home/minkhanttun/ros2_ws/install/custom_action_interfaces/share/custom_action_interfaces/cmake/custom_action_interfaces__rosidl_typesupport_cExport.cmake
[6.217s] -- Up-to-date: /home/minkhanttun/ros2_ws/install/custom_action_interfaces/share/custom_action_interfaces/cmake/custom_action_interfaces__rosidl_typesupport_cExport-noconfig.cmake
[6.217s] -- Up-to-date: /home/minkhanttun/ros2_ws/install/custom_action_interfaces/share/custom_action_interfaces/cmake/export_custom_action_interfaces__rosidl_generator_cppExport.cmake
[6.217s] -- Up-to-date: /home/minkhanttun/ros2_ws/install/custom_action_interfaces/share/custom_action_interfaces/cmake/export_custom_action_interfaces__rosidl_typesupport_fastrtps_cppExport.cmake
[6.217s] -- Up-to-date: /home/minkhanttun/ros2_ws/install/custom_action_interfaces/share/custom_action_interfaces/cmake/export_custom_action_interfaces__rosidl_typesupport_fastrtps_cppExport-noconfig.cmake
[6.230s] -- Up-to-date: /home/minkhanttun/ros2_ws/install/custom_action_interfaces/share/custom_action_interfaces/cmake/custom_action_interfaces__rosidl_typesupport_introspection_cppExport.cmake
[6.232s] -- Up-to-date: /home/minkhanttun/ros2_ws/install/custom_action_interfaces/share/custom_action_interfaces/cmake/custom_action_interfaces__rosidl_typesupport_introspection_cppExport-noconfig.cmake
[6.236s] -- Up-to-date: /home/minkhanttun/ros2_ws/install/custom_action_interfaces/share/custom_action_interfaces/cmake/custom_action_interfaces__rosidl_typesupport_cppExport.cmake
[6.244s] -- Up-to-date: /home/minkhanttun/ros2_ws/install/custom_action_interfaces/share/custom_action_interfaces/cmake/custom_action_interfaces__rosidl_typesupport_cppExport-noconfig.cmake
[6.244s] -- Up-to-date: /home/minkhanttun/ros2_ws/install/custom_action_interfaces/share/custom_action_interfaces/cmake/export_custom_action_interfaces__rosidl_generator_pyExport.cmake
[6.245s] -- Up-to-date: /home/minkhanttun/ros2_ws/install/custom_action_interfaces/share/custom_action_interfaces/cmake/export_custom_action_interfaces__rosidl_generator_pyExport-noconfig.cmake
[6.245s] -- Up-to-date: /home/minkhanttun/ros2_ws/install/custom_action_interfaces/share/custom_action_interfaces/cmake/rosidl_cmake-extras.cmake
[6.245s] -- Up-to-date: /home/minkhanttun/ros2_ws/install/custom_action_interfaces/share/custom_action_interfaces/cmake/ament_cmake_export_dependencies-extras.cmake
[6.245s] -- Up-to-date: /home/minkhanttun/ros2_ws/install/custom_action_interfaces/share/custom_action_interfaces/cmake/ament_cmake_export_include_directories-extras.cmake
[6.245s] -- Up-to-date: /home/minkhanttun/ros2_ws/install/custom_action_interfaces/share/custom_action_interfaces/cmake/ament_cmake_export_libraries-extras.cmake
[6.247s] -- Up-to-date: /home/minkhanttun/ros2_ws/install/custom_action_interfaces/share/custom_action_interfaces/cmake/ament_cmake_export_targets-extras.cmake
[6.251s] -- Up-to-date: /home/minkhanttun/ros2_ws/install/custom_action_interfaces/share/custom_action_interfaces/cmake/rosidl_cmake_export_typesupport_targets-extras.cmake
[6.255s] -- Up-to-date: /home/minkhanttun/ros2_ws/install/custom_action_interfaces/share/custom_action_interfaces/cmake/rosidl_cmake_export_typesupport_libraries-extras.cmake
[6.269s] -- Up-to-date: /home/minkhanttun/ros2_ws/install/custom_action_interfaces/share/custom_action_interfaces/cmake/custom_action_interfacesConfig.cmake
[6.269s] -- Up-to-date: /home/minkhanttun/ros2_ws/install/custom_action_interfaces/share/custom_action_interfaces/cmake/custom_action_interfacesConfig-version.cmake
[6.269s] -- Up-to-date: /home/minkhanttun/ros2_ws/install/custom_action_interfaces/share/custom_action_interfaces/package.xml
[6.301s] Invoked command in '/home/minkhanttun/ros2_ws/build/custom_action_interfaces' returned '0': CMAKE_PREFIX_PATH=${CMAKE_PREFIX_PATH}:/opt/ros/jazzy DEBUGINFOD_URLS=https://debuginfod.ubuntu.com /usr/bin/cmake --install /home/minkhanttun/ros2_ws/build/custom_action_interfaces
