[0.026s] Invoking command in '/home/minkhanttun/ros2_ws/build/learning_tf2_cpp': CMAKE_PREFIX_PATH=/home/minkhanttun/ros2_ws/install/turtlesim:/home/minkhanttun/ros2_ws/install/cpp_srvcli:/home/minkhanttun/ros2_ws/install/cpp_pubsub:/home/minkhanttun/ros2_ws/install/tutorial_interfaces:/home/minkhanttun/ros2_ws/install/polygon_plugins:/home/minkhanttun/ros2_ws/install/polygon_base:/home/minkhanttun/ros2_ws/install/launch_tutorial:/home/minkhanttun/ros2_ws/install/custom_action_cpp:/home/minkhanttun/ros2_ws/install/custom_action_interfaces:/home/minkhanttun/ros2_ws/install/cpp_parameters:/home/minkhanttun/ros2_ws/install/cpp_parameter_event_handler:/opt/ros/jazzy/opt/gz_math_vendor:/opt/ros/jazzy/opt/gz_utils_vendor:/opt/ros/jazzy/opt/gz_cmake_vendor:/opt/ros/jazzy DEBUGINFOD_URLS=https://debuginfod.ubuntu.com LD_LIBRARY_PATH=/home/minkhanttun/ros2_ws/install/turtlesim/lib:/home/minkhanttun/ros2_ws/install/tutorial_interfaces/lib:/home/minkhanttun/ros2_ws/install/polygon_plugins/lib:/home/minkhanttun/ros2_ws/install/custom_action_cpp/lib:/home/minkhanttun/ros2_ws/install/custom_action_interfaces/lib:/opt/ros/jazzy/opt/rviz_ogre_vendor/lib:/opt/ros/jazzy/lib/aarch64-linux-gnu:/opt/ros/jazzy/opt/gz_math_vendor/lib:/opt/ros/jazzy/opt/gz_utils_vendor/lib:/opt/ros/jazzy/opt/gz_cmake_vendor/lib:/opt/ros/jazzy/lib PYTHONPATH=/home/minkhanttun/ros2_ws/install/turtlesim/lib/python3.12/site-packages:/home/minkhanttun/ros2_ws/install/tutorial_interfaces/lib/python3.12/site-packages:/home/minkhanttun/ros2_ws/install/custom_action_interfaces/lib/python3.12/site-packages:/opt/ros/jazzy/lib/python3.12/site-packages /usr/bin/cmake --build /home/minkhanttun/ros2_ws/build/learning_tf2_cpp -- -j4 -l4
[0.095s] -- Found ament_cmake: 2.5.3 (/opt/ros/jazzy/share/ament_cmake/cmake)
[0.676s] -- Found geometry_msgs: 5.3.5 (/opt/ros/jazzy/share/geometry_msgs/cmake)
[0.726s] -- Found rosidl_generator_c: 4.6.5 (/opt/ros/jazzy/share/rosidl_generator_c/cmake)
[0.750s] -- Found rosidl_generator_cpp: 4.6.5 (/opt/ros/jazzy/share/rosidl_generator_cpp/cmake)
[0.778s] -- Using all available rosidl_typesupport_c: rosidl_typesupport_fastrtps_c;rosidl_typesupport_introspection_c
[0.811s] -- Using all available rosidl_typesupport_cpp: rosidl_typesupport_fastrtps_cpp;rosidl_typesupport_introspection_cpp
[0.907s] -- Found rclcpp: 28.1.6 (/opt/ros/jazzy/share/rclcpp/cmake)
[1.013s] -- Found rmw_implementation_cmake: 7.3.1 (/opt/ros/jazzy/share/rmw_implementation_cmake/cmake)
[1.016s] -- Found rmw_fastrtps_cpp: 8.4.1 (/opt/ros/jazzy/share/rmw_fastrtps_cpp/cmake)
[1.177s] -- Using RMW implementation 'rmw_fastrtps_cpp' as default
[1.310s] -- Found tf2: 0.36.7 (/opt/ros/jazzy/share/tf2/cmake)
[1.317s] -- Found tf2_ros: 0.36.7 (/opt/ros/jazzy/share/tf2_ros/cmake)
[1.548s] -- Found turtlesim: 1.8.3 (/home/minkhanttun/ros2_ws/install/turtlesim/share/turtlesim/cmake)
[1.587s] -- Found ament_lint_auto: 0.17.1 (/opt/ros/jazzy/share/ament_lint_auto/cmake)
[1.821s] [31mCMake Error at /opt/ros/jazzy/share/ament_cmake_target_dependencies/cmake/ament_target_dependencies.cmake:77 (message):
[1.821s]   ament_target_dependencies() the passed package name 'turtle_tf2_listener'
[1.821s]   was not found before
[1.821s] Call Stack (most recent call first):
[1.821s] -- Configuring incomplete, errors occurred!
[1.822s]   CMakeLists.txt:31 (ament_target_dependencies)
[1.822s] 
[1.822s] [0m
[1.845s] gmake: *** [Makefile:267: cmake_check_build_system] Error 1
[1.852s] Invoked command in '/home/minkhanttun/ros2_ws/build/learning_tf2_cpp' returned '2': CMAKE_PREFIX_PATH=/home/minkhanttun/ros2_ws/install/turtlesim:/home/minkhanttun/ros2_ws/install/cpp_srvcli:/home/minkhanttun/ros2_ws/install/cpp_pubsub:/home/minkhanttun/ros2_ws/install/tutorial_interfaces:/home/minkhanttun/ros2_ws/install/polygon_plugins:/home/minkhanttun/ros2_ws/install/polygon_base:/home/minkhanttun/ros2_ws/install/launch_tutorial:/home/minkhanttun/ros2_ws/install/custom_action_cpp:/home/minkhanttun/ros2_ws/install/custom_action_interfaces:/home/minkhanttun/ros2_ws/install/cpp_parameters:/home/minkhanttun/ros2_ws/install/cpp_parameter_event_handler:/opt/ros/jazzy/opt/gz_math_vendor:/opt/ros/jazzy/opt/gz_utils_vendor:/opt/ros/jazzy/opt/gz_cmake_vendor:/opt/ros/jazzy DEBUGINFOD_URLS=https://debuginfod.ubuntu.com LD_LIBRARY_PATH=/home/minkhanttun/ros2_ws/install/turtlesim/lib:/home/minkhanttun/ros2_ws/install/tutorial_interfaces/lib:/home/minkhanttun/ros2_ws/install/polygon_plugins/lib:/home/minkhanttun/ros2_ws/install/custom_action_cpp/lib:/home/minkhanttun/ros2_ws/install/custom_action_interfaces/lib:/opt/ros/jazzy/opt/rviz_ogre_vendor/lib:/opt/ros/jazzy/lib/aarch64-linux-gnu:/opt/ros/jazzy/opt/gz_math_vendor/lib:/opt/ros/jazzy/opt/gz_utils_vendor/lib:/opt/ros/jazzy/opt/gz_cmake_vendor/lib:/opt/ros/jazzy/lib PYTHONPATH=/home/minkhanttun/ros2_ws/install/turtlesim/lib/python3.12/site-packages:/home/minkhanttun/ros2_ws/install/tutorial_interfaces/lib/python3.12/site-packages:/home/minkhanttun/ros2_ws/install/custom_action_interfaces/lib/python3.12/site-packages:/opt/ros/jazzy/lib/python3.12/site-packages /usr/bin/cmake --build /home/minkhanttun/ros2_ws/build/learning_tf2_cpp -- -j4 -l4
