[0.147s] Invoking command in '/home/minkhanttun/ros2_ws/build/learning_tf2_cpp': CMAKE_PREFIX_PATH=/home/minkhanttun/ros2_ws/install/turtlesim:/home/minkhanttun/ros2_ws/install/cpp_srvcli:/home/minkhanttun/ros2_ws/install/cpp_pubsub:/home/minkhanttun/ros2_ws/install/tutorial_interfaces:/home/minkhanttun/ros2_ws/install/polygon_plugins:/home/minkhanttun/ros2_ws/install/polygon_base:/home/minkhanttun/ros2_ws/install/launch_tutorial:/home/minkhanttun/ros2_ws/install/custom_action_cpp:/home/minkhanttun/ros2_ws/install/custom_action_interfaces:/home/minkhanttun/ros2_ws/install/cpp_parameters:/home/minkhanttun/ros2_ws/install/cpp_parameter_event_handler:/opt/ros/jazzy/opt/gz_math_vendor:/opt/ros/jazzy/opt/gz_utils_vendor:/opt/ros/jazzy/opt/gz_cmake_vendor:/opt/ros/jazzy DEBUGINFOD_URLS=https://debuginfod.ubuntu.com LD_LIBRARY_PATH=/home/minkhanttun/ros2_ws/install/turtlesim/lib:/home/minkhanttun/ros2_ws/install/tutorial_interfaces/lib:/home/minkhanttun/ros2_ws/install/polygon_plugins/lib:/home/minkhanttun/ros2_ws/install/custom_action_cpp/lib:/home/minkhanttun/ros2_ws/install/custom_action_interfaces/lib:/opt/ros/jazzy/opt/rviz_ogre_vendor/lib:/opt/ros/jazzy/lib/aarch64-linux-gnu:/opt/ros/jazzy/opt/gz_math_vendor/lib:/opt/ros/jazzy/opt/gz_utils_vendor/lib:/opt/ros/jazzy/opt/gz_cmake_vendor/lib:/opt/ros/jazzy/lib PYTHONPATH=/home/minkhanttun/ros2_ws/install/turtlesim/lib/python3.12/site-packages:/home/minkhanttun/ros2_ws/install/tutorial_interfaces/lib/python3.12/site-packages:/home/minkhanttun/ros2_ws/install/custom_action_interfaces/lib/python3.12/site-packages:/opt/ros/jazzy/lib/python3.12/site-packages /usr/bin/cmake --build /home/minkhanttun/ros2_ws/build/learning_tf2_cpp -- -j4 -l4
[0.265s] -- Found ament_cmake: 2.5.3 (/opt/ros/jazzy/share/ament_cmake/cmake)
[1.111s] -- Found geometry_msgs: 5.3.5 (/opt/ros/jazzy/share/geometry_msgs/cmake)
[1.159s] -- Found rosidl_generator_c: 4.6.5 (/opt/ros/jazzy/share/rosidl_generator_c/cmake)
[1.176s] -- Found rosidl_generator_cpp: 4.6.5 (/opt/ros/jazzy/share/rosidl_generator_cpp/cmake)
[1.203s] -- Using all available rosidl_typesupport_c: rosidl_typesupport_fastrtps_c;rosidl_typesupport_introspection_c
[1.231s] -- Using all available rosidl_typesupport_cpp: rosidl_typesupport_fastrtps_cpp;rosidl_typesupport_introspection_cpp
[1.305s] -- Found rclcpp: 28.1.6 (/opt/ros/jazzy/share/rclcpp/cmake)
[1.392s] -- Found rmw_implementation_cmake: 7.3.1 (/opt/ros/jazzy/share/rmw_implementation_cmake/cmake)
[1.394s] -- Found rmw_fastrtps_cpp: 8.4.1 (/opt/ros/jazzy/share/rmw_fastrtps_cpp/cmake)
[1.519s] -- Using RMW implementation 'rmw_fastrtps_cpp' as default
[1.649s] -- Found tf2: 0.36.7 (/opt/ros/jazzy/share/tf2/cmake)
[1.656s] -- Found tf2_ros: 0.36.7 (/opt/ros/jazzy/share/tf2_ros/cmake)
[1.837s] -- Found turtlesim: 1.8.3 (/home/minkhanttun/ros2_ws/install/turtlesim/share/turtlesim/cmake)
[1.876s] -- Found ament_lint_auto: 0.17.1 (/opt/ros/jazzy/share/ament_lint_auto/cmake)
[2.163s] -- Added test 'cppcheck' to perform static code analysis on C / C++ code
[2.164s] -- Configured cppcheck include dirs: 
[2.165s] -- Configured cppcheck exclude dirs and/or files: 
[2.165s] -- Added test 'flake8' to check Python code syntax and style conventions
[2.166s] -- Configured 'flake8' exclude dirs and/or files: 
[2.167s] -- Added test 'lint_cmake' to check CMake code style
[2.168s] -- Added test 'pep257' to check Python code against some of the docstring style conventions in PEP 257
[2.170s] -- Added test 'uncrustify' to check C / C++ code style
[2.171s] -- Configured uncrustify additional arguments: 
[2.171s] -- Added test 'xmllint' to check XML markup files
[2.173s] -- Configuring done (1.9s)
[2.214s] -- Generating done (0.0s)
[2.222s] -- Build files have been written to: /home/minkhanttun/ros2_ws/build/learning_tf2_cpp
[2.383s] [ 50%] [32mBuilding CXX object CMakeFiles/turtle_tf2_broadcaster.dir/src/turtle_tf2_broadcaster.cpp.o[0m
[19.146s] [100%] [32m[1mLinking CXX executable turtle_tf2_broadcaster[0m
[20.786s] [100%] Built target turtle_tf2_broadcaster
[20.811s] Invoked command in '/home/minkhanttun/ros2_ws/build/learning_tf2_cpp' returned '0': CMAKE_PREFIX_PATH=/home/minkhanttun/ros2_ws/install/turtlesim:/home/minkhanttun/ros2_ws/install/cpp_srvcli:/home/minkhanttun/ros2_ws/install/cpp_pubsub:/home/minkhanttun/ros2_ws/install/tutorial_interfaces:/home/minkhanttun/ros2_ws/install/polygon_plugins:/home/minkhanttun/ros2_ws/install/polygon_base:/home/minkhanttun/ros2_ws/install/launch_tutorial:/home/minkhanttun/ros2_ws/install/custom_action_cpp:/home/minkhanttun/ros2_ws/install/custom_action_interfaces:/home/minkhanttun/ros2_ws/install/cpp_parameters:/home/minkhanttun/ros2_ws/install/cpp_parameter_event_handler:/opt/ros/jazzy/opt/gz_math_vendor:/opt/ros/jazzy/opt/gz_utils_vendor:/opt/ros/jazzy/opt/gz_cmake_vendor:/opt/ros/jazzy DEBUGINFOD_URLS=https://debuginfod.ubuntu.com LD_LIBRARY_PATH=/home/minkhanttun/ros2_ws/install/turtlesim/lib:/home/minkhanttun/ros2_ws/install/tutorial_interfaces/lib:/home/minkhanttun/ros2_ws/install/polygon_plugins/lib:/home/minkhanttun/ros2_ws/install/custom_action_cpp/lib:/home/minkhanttun/ros2_ws/install/custom_action_interfaces/lib:/opt/ros/jazzy/opt/rviz_ogre_vendor/lib:/opt/ros/jazzy/lib/aarch64-linux-gnu:/opt/ros/jazzy/opt/gz_math_vendor/lib:/opt/ros/jazzy/opt/gz_utils_vendor/lib:/opt/ros/jazzy/opt/gz_cmake_vendor/lib:/opt/ros/jazzy/lib PYTHONPATH=/home/minkhanttun/ros2_ws/install/turtlesim/lib/python3.12/site-packages:/home/minkhanttun/ros2_ws/install/tutorial_interfaces/lib/python3.12/site-packages:/home/minkhanttun/ros2_ws/install/custom_action_interfaces/lib/python3.12/site-packages:/opt/ros/jazzy/lib/python3.12/site-packages /usr/bin/cmake --build /home/minkhanttun/ros2_ws/build/learning_tf2_cpp -- -j4 -l4
[20.813s] Invoking command in '/home/minkhanttun/ros2_ws/build/learning_tf2_cpp': CMAKE_PREFIX_PATH=/home/minkhanttun/ros2_ws/install/turtlesim:/home/minkhanttun/ros2_ws/install/cpp_srvcli:/home/minkhanttun/ros2_ws/install/cpp_pubsub:/home/minkhanttun/ros2_ws/install/tutorial_interfaces:/home/minkhanttun/ros2_ws/install/polygon_plugins:/home/minkhanttun/ros2_ws/install/polygon_base:/home/minkhanttun/ros2_ws/install/launch_tutorial:/home/minkhanttun/ros2_ws/install/custom_action_cpp:/home/minkhanttun/ros2_ws/install/custom_action_interfaces:/home/minkhanttun/ros2_ws/install/cpp_parameters:/home/minkhanttun/ros2_ws/install/cpp_parameter_event_handler:/opt/ros/jazzy/opt/gz_math_vendor:/opt/ros/jazzy/opt/gz_utils_vendor:/opt/ros/jazzy/opt/gz_cmake_vendor:/opt/ros/jazzy DEBUGINFOD_URLS=https://debuginfod.ubuntu.com LD_LIBRARY_PATH=/home/minkhanttun/ros2_ws/install/turtlesim/lib:/home/minkhanttun/ros2_ws/install/tutorial_interfaces/lib:/home/minkhanttun/ros2_ws/install/polygon_plugins/lib:/home/minkhanttun/ros2_ws/install/custom_action_cpp/lib:/home/minkhanttun/ros2_ws/install/custom_action_interfaces/lib:/opt/ros/jazzy/opt/rviz_ogre_vendor/lib:/opt/ros/jazzy/lib/aarch64-linux-gnu:/opt/ros/jazzy/opt/gz_math_vendor/lib:/opt/ros/jazzy/opt/gz_utils_vendor/lib:/opt/ros/jazzy/opt/gz_cmake_vendor/lib:/opt/ros/jazzy/lib PYTHONPATH=/home/minkhanttun/ros2_ws/install/turtlesim/lib/python3.12/site-packages:/home/minkhanttun/ros2_ws/install/tutorial_interfaces/lib/python3.12/site-packages:/home/minkhanttun/ros2_ws/install/custom_action_interfaces/lib/python3.12/site-packages:/opt/ros/jazzy/lib/python3.12/site-packages /usr/bin/cmake --install /home/minkhanttun/ros2_ws/build/learning_tf2_cpp
[20.828s] -- Install configuration: ""
[20.828s] -- Installing: /home/minkhanttun/ros2_ws/install/learning_tf2_cpp/lib/learning_tf2_cpp/turtle_tf2_broadcaster
[20.838s] -- Set non-toolchain portion of runtime path of "/home/minkhanttun/ros2_ws/install/learning_tf2_cpp/lib/learning_tf2_cpp/turtle_tf2_broadcaster" to ""
[20.838s] -- Installing: /home/minkhanttun/ros2_ws/install/learning_tf2_cpp/share/learning_tf2_cpp/launch
[20.838s] -- Installing: /home/minkhanttun/ros2_ws/install/learning_tf2_cpp/share/learning_tf2_cpp/launch/turtle_tf2_demo_launch.py
[20.838s] -- Installing: /home/minkhanttun/ros2_ws/install/learning_tf2_cpp/share/ament_index/resource_index/package_run_dependencies/learning_tf2_cpp
[20.839s] -- Installing: /home/minkhanttun/ros2_ws/install/learning_tf2_cpp/share/ament_index/resource_index/parent_prefix_path/learning_tf2_cpp
[20.839s] -- Installing: /home/minkhanttun/ros2_ws/install/learning_tf2_cpp/share/learning_tf2_cpp/environment/ament_prefix_path.sh
[20.839s] -- Installing: /home/minkhanttun/ros2_ws/install/learning_tf2_cpp/share/learning_tf2_cpp/environment/ament_prefix_path.dsv
[20.839s] -- Installing: /home/minkhanttun/ros2_ws/install/learning_tf2_cpp/share/learning_tf2_cpp/environment/path.sh
[20.839s] -- Installing: /home/minkhanttun/ros2_ws/install/learning_tf2_cpp/share/learning_tf2_cpp/environment/path.dsv
[20.839s] -- Installing: /home/minkhanttun/ros2_ws/install/learning_tf2_cpp/share/learning_tf2_cpp/local_setup.bash
[20.839s] -- Installing: /home/minkhanttun/ros2_ws/install/learning_tf2_cpp/share/learning_tf2_cpp/local_setup.sh
[20.840s] -- Installing: /home/minkhanttun/ros2_ws/install/learning_tf2_cpp/share/learning_tf2_cpp/local_setup.zsh
[20.840s] -- Installing: /home/minkhanttun/ros2_ws/install/learning_tf2_cpp/share/learning_tf2_cpp/local_setup.dsv
[20.840s] -- Installing: /home/minkhanttun/ros2_ws/install/learning_tf2_cpp/share/learning_tf2_cpp/package.dsv
[20.840s] -- Installing: /home/minkhanttun/ros2_ws/install/learning_tf2_cpp/share/ament_index/resource_index/packages/learning_tf2_cpp
[20.840s] -- Installing: /home/minkhanttun/ros2_ws/install/learning_tf2_cpp/share/learning_tf2_cpp/cmake/learning_tf2_cppConfig.cmake
[20.841s] -- Installing: /home/minkhanttun/ros2_ws/install/learning_tf2_cpp/share/learning_tf2_cpp/cmake/learning_tf2_cppConfig-version.cmake
[20.841s] -- Installing: /home/minkhanttun/ros2_ws/install/learning_tf2_cpp/share/learning_tf2_cpp/package.xml
[20.844s] Invoked command in '/home/minkhanttun/ros2_ws/build/learning_tf2_cpp' returned '0': CMAKE_PREFIX_PATH=/home/minkhanttun/ros2_ws/install/turtlesim:/home/minkhanttun/ros2_ws/install/cpp_srvcli:/home/minkhanttun/ros2_ws/install/cpp_pubsub:/home/minkhanttun/ros2_ws/install/tutorial_interfaces:/home/minkhanttun/ros2_ws/install/polygon_plugins:/home/minkhanttun/ros2_ws/install/polygon_base:/home/minkhanttun/ros2_ws/install/launch_tutorial:/home/minkhanttun/ros2_ws/install/custom_action_cpp:/home/minkhanttun/ros2_ws/install/custom_action_interfaces:/home/minkhanttun/ros2_ws/install/cpp_parameters:/home/minkhanttun/ros2_ws/install/cpp_parameter_event_handler:/opt/ros/jazzy/opt/gz_math_vendor:/opt/ros/jazzy/opt/gz_utils_vendor:/opt/ros/jazzy/opt/gz_cmake_vendor:/opt/ros/jazzy DEBUGINFOD_URLS=https://debuginfod.ubuntu.com LD_LIBRARY_PATH=/home/minkhanttun/ros2_ws/install/turtlesim/lib:/home/minkhanttun/ros2_ws/install/tutorial_interfaces/lib:/home/minkhanttun/ros2_ws/install/polygon_plugins/lib:/home/minkhanttun/ros2_ws/install/custom_action_cpp/lib:/home/minkhanttun/ros2_ws/install/custom_action_interfaces/lib:/opt/ros/jazzy/opt/rviz_ogre_vendor/lib:/opt/ros/jazzy/lib/aarch64-linux-gnu:/opt/ros/jazzy/opt/gz_math_vendor/lib:/opt/ros/jazzy/opt/gz_utils_vendor/lib:/opt/ros/jazzy/opt/gz_cmake_vendor/lib:/opt/ros/jazzy/lib PYTHONPATH=/home/minkhanttun/ros2_ws/install/turtlesim/lib/python3.12/site-packages:/home/minkhanttun/ros2_ws/install/tutorial_interfaces/lib/python3.12/site-packages:/home/minkhanttun/ros2_ws/install/custom_action_interfaces/lib/python3.12/site-packages:/opt/ros/jazzy/lib/python3.12/site-packages /usr/bin/cmake --install /home/minkhanttun/ros2_ws/build/learning_tf2_cpp
