[0.048s] Invoking command in '/home/minkhanttun/ros2_ws/build/polygon_base': CMAKE_PREFIX_PATH=${CMAKE_PREFIX_PATH}:/opt/ros/jazzy DEBUGINFOD_URLS=https://debuginfod.ubuntu.com /usr/bin/cmake /home/minkhanttun/ros2_ws/src/polygon_base -DCMAKE_INSTALL_PREFIX=/home/minkhanttun/ros2_ws/install/polygon_base
[0.368s] -- The C compiler identification is GNU 14.2.0
[0.935s] -- The CXX compiler identification is GNU 14.2.0
[1.015s] -- Detecting C compiler ABI info
[1.507s] -- Detecting C compiler ABI info - done
[1.584s] -- Check for working C compiler: /usr/bin/cc - skipped
[1.585s] -- Detecting C compile features
[1.588s] -- Detecting C compile features - done
[1.597s] -- Detecting CXX compiler ABI info
[2.147s] -- Detecting CXX compiler ABI info - done
[2.204s] -- Check for working CXX compiler: /usr/bin/c++ - skipped
[2.205s] -- Detecting CXX compile features
[2.205s] -- Detecting CXX compile features - done
[2.208s] -- Found ament_cmake: 2.5.3 (/opt/ros/jazzy/share/ament_cmake/cmake)
[2.815s] -- Found Python3: /usr/bin/python3 (found version "3.12.7") found components: Interpreter
[3.175s] -- Found pluginlib: 5.4.2 (/opt/ros/jazzy/share/pluginlib/cmake)
[3.230s] -- Found TinyXML2 via Config file: /usr/lib/aarch64-linux-gnu/cmake/tinyxml2
[3.232s] -- Found ament_lint_auto: 0.17.1 (/opt/ros/jazzy/share/ament_lint_auto/cmake)
[3.600s] -- Added test 'cppcheck' to perform static code analysis on C / C++ code
[3.601s] -- Configured cppcheck include dirs: $<BUILD_INTERFACE:/home/minkhanttun/ros2_ws/src/polygon_base/include>
[3.602s] -- Configured cppcheck exclude dirs and/or files: 
[3.613s] -- Added test 'lint_cmake' to check CMake code style
[3.615s] -- Added test 'uncrustify' to check C / C++ code style
[3.615s] -- Configured uncrustify additional arguments: 
[3.617s] -- Added test 'xmllint' to check XML markup files
[3.630s] -- Configuring done (3.5s)
[3.675s] -- Generating done (0.0s)
[3.682s] -- Build files have been written to: /home/minkhanttun/ros2_ws/build/polygon_base
[3.724s] Invoked command in '/home/minkhanttun/ros2_ws/build/polygon_base' returned '0': CMAKE_PREFIX_PATH=${CMAKE_PREFIX_PATH}:/opt/ros/jazzy DEBUGINFOD_URLS=https://debuginfod.ubuntu.com /usr/bin/cmake /home/minkhanttun/ros2_ws/src/polygon_base -DCMAKE_INSTALL_PREFIX=/home/minkhanttun/ros2_ws/install/polygon_base
[3.724s] Invoking command in '/home/minkhanttun/ros2_ws/build/polygon_base': CMAKE_PREFIX_PATH=${CMAKE_PREFIX_PATH}:/opt/ros/jazzy DEBUGINFOD_URLS=https://debuginfod.ubuntu.com /usr/bin/cmake --build /home/minkhanttun/ros2_ws/build/polygon_base -- -j4 -l4
[3.947s] [ 50%] [32mBuilding CXX object CMakeFiles/area_node.dir/src/area_node.cpp.o[0m
[18.822s] [100%] [32m[1mLinking CXX executable area_node[0m
[19.600s] [100%] Built target area_node
[19.671s] Invoked command in '/home/minkhanttun/ros2_ws/build/polygon_base' returned '0': CMAKE_PREFIX_PATH=${CMAKE_PREFIX_PATH}:/opt/ros/jazzy DEBUGINFOD_URLS=https://debuginfod.ubuntu.com /usr/bin/cmake --build /home/minkhanttun/ros2_ws/build/polygon_base -- -j4 -l4
[19.723s] Invoking command in '/home/minkhanttun/ros2_ws/build/polygon_base': CMAKE_PREFIX_PATH=${CMAKE_PREFIX_PATH}:/opt/ros/jazzy DEBUGINFOD_URLS=https://debuginfod.ubuntu.com /usr/bin/cmake --install /home/minkhanttun/ros2_ws/build/polygon_base
[19.795s] -- Install configuration: ""
[19.798s] -- Installing: /home/minkhanttun/ros2_ws/install/polygon_base/lib/polygon_base/area_node
[19.805s] -- Set non-toolchain portion of runtime path of "/home/minkhanttun/ros2_ws/install/polygon_base/lib/polygon_base/area_node" to ""
[19.808s] -- Installing: /home/minkhanttun/ros2_ws/install/polygon_base/include
[19.808s] -- Installing: /home/minkhanttun/ros2_ws/install/polygon_base/include/polygon_base
[19.808s] -- Installing: /home/minkhanttun/ros2_ws/install/polygon_base/include/polygon_base/regular_polygon.hpp
[19.809s] -- Installing: /home/minkhanttun/ros2_ws/install/polygon_base/share/ament_index/resource_index/package_run_dependencies/polygon_base
[19.809s] -- Installing: /home/minkhanttun/ros2_ws/install/polygon_base/share/ament_index/resource_index/parent_prefix_path/polygon_base
[19.814s] -- Installing: /home/minkhanttun/ros2_ws/install/polygon_base/share/polygon_base/environment/ament_prefix_path.sh
[19.814s] -- Installing: /home/minkhanttun/ros2_ws/install/polygon_base/share/polygon_base/environment/ament_prefix_path.dsv
[19.814s] -- Installing: /home/minkhanttun/ros2_ws/install/polygon_base/share/polygon_base/environment/path.sh
[19.815s] -- Installing: /home/minkhanttun/ros2_ws/install/polygon_base/share/polygon_base/environment/path.dsv
[19.815s] -- Installing: /home/minkhanttun/ros2_ws/install/polygon_base/share/polygon_base/local_setup.bash
[19.820s] -- Installing: /home/minkhanttun/ros2_ws/install/polygon_base/share/polygon_base/local_setup.sh
[19.821s] -- Installing: /home/minkhanttun/ros2_ws/install/polygon_base/share/polygon_base/local_setup.zsh
[19.824s] -- Installing: /home/minkhanttun/ros2_ws/install/polygon_base/share/polygon_base/local_setup.dsv
[19.827s] -- Installing: /home/minkhanttun/ros2_ws/install/polygon_base/share/polygon_base/package.dsv
[19.827s] -- Installing: /home/minkhanttun/ros2_ws/install/polygon_base/share/ament_index/resource_index/packages/polygon_base
[19.827s] -- Installing: /home/minkhanttun/ros2_ws/install/polygon_base/share/polygon_base/cmake/ament_cmake_export_include_directories-extras.cmake
[19.827s] -- Installing: /home/minkhanttun/ros2_ws/install/polygon_base/share/polygon_base/cmake/polygon_baseConfig.cmake
[19.828s] -- Installing: /home/minkhanttun/ros2_ws/install/polygon_base/share/polygon_base/cmake/polygon_baseConfig-version.cmake
[19.828s] -- Installing: /home/minkhanttun/ros2_ws/install/polygon_base/share/polygon_base/package.xml
[19.843s] Invoked command in '/home/minkhanttun/ros2_ws/build/polygon_base' returned '0': CMAKE_PREFIX_PATH=${CMAKE_PREFIX_PATH}:/opt/ros/jazzy DEBUGINFOD_URLS=https://debuginfod.ubuntu.com /usr/bin/cmake --install /home/minkhanttun/ros2_ws/build/polygon_base
