[0.132s] Invoking command in '/home/minkhanttun/ros2_ws/build/turtlesim': CMAKE_PREFIX_PATH=${CMAKE_PREFIX_PATH}:/opt/ros/jazzy DEBUGINFOD_URLS=https://debuginfod.ubuntu.com /usr/bin/cmake --build /home/minkhanttun/ros2_ws/build/turtlesim -- -j4 -l4
[0.632s] [  0%] Built target turtlesim__rosidl_generator_type_description
[0.772s] [  0%] Built target ament_cmake_python_copy_turtlesim
[0.868s] [  1%] Built target turtlesim__cpp
[1.043s] [ 24%] Built target turtlesim__rosidl_generator_c
[1.459s] [ 33%] Built target turtlesim__rosidl_typesupport_cpp
[1.597s] [ 41%] Built target turtlesim__rosidl_typesupport_fastrtps_c
[1.751s] [ 50%] Built target turtlesim__rosidl_typesupport_fastrtps_cpp
[1.819s] [ 59%] Built target turtlesim__rosidl_typesupport_c
[1.897s] [ 68%] Built target turtlesim__rosidl_typesupport_introspection_c
[2.256s] [ 76%] Built target turtlesim__rosidl_typesupport_introspection_cpp
[2.278s] [ 78%] Built target turtle_teleop_key
[2.461s] [ 83%] Built target turtlesim_node
[2.540s] [ 84%] Built target draw_square
[2.607s] [ 86%] Built target mimic
[2.792s] [ 86%] Built target turtlesim
[3.063s] [ 86%] Built target turtlesim__py
[3.358s] [ 94%] Built target turtlesim__rosidl_generator_py
[3.582s] [ 96%] Built target turtlesim_s__rosidl_typesupport_introspection_c
[3.582s] running egg_info
[3.637s] [ 98%] Built target turtlesim_s__rosidl_typesupport_fastrtps_c
[3.744s] [100%] Built target turtlesim_s__rosidl_typesupport_c
[3.869s] writing turtlesim.egg-info/PKG-INFO
[3.874s] writing dependency_links to turtlesim.egg-info/dependency_links.txt
[3.874s] writing top-level names to turtlesim.egg-info/top_level.txt
[4.404s] reading manifest file 'turtlesim.egg-info/SOURCES.txt'
[4.404s] writing manifest file 'turtlesim.egg-info/SOURCES.txt'
[4.811s] [100%] Built target ament_cmake_python_build_turtlesim_egg
[5.015s] Invoked command in '/home/minkhanttun/ros2_ws/build/turtlesim' returned '0': CMAKE_PREFIX_PATH=${CMAKE_PREFIX_PATH}:/opt/ros/jazzy DEBUGINFOD_URLS=https://debuginfod.ubuntu.com /usr/bin/cmake --build /home/minkhanttun/ros2_ws/build/turtlesim -- -j4 -l4
[5.016s] Invoking command in '/home/minkhanttun/ros2_ws/build/turtlesim': CMAKE_PREFIX_PATH=${CMAKE_PREFIX_PATH}:/opt/ros/jazzy DEBUGINFOD_URLS=https://debuginfod.ubuntu.com /usr/bin/cmake --install /home/minkhanttun/ros2_ws/build/turtlesim
[5.116s] -- Install configuration: ""
[5.119s] -- Up-to-date: /home/minkhanttun/ros2_ws/install/turtlesim/share/ament_index/resource_index/rosidl_interfaces/turtlesim
[5.122s] -- Up-to-date: /home/minkhanttun/ros2_ws/install/turtlesim/share/turtlesim/action/RotateAbsolute.json
[5.126s] -- Up-to-date: /home/minkhanttun/ros2_ws/install/turtlesim/share/turtlesim/msg/Color.json
[5.128s] -- Up-to-date: /home/minkhanttun/ros2_ws/install/turtlesim/share/turtlesim/msg/Pose.json
[5.129s] -- Up-to-date: /home/minkhanttun/ros2_ws/install/turtlesim/share/turtlesim/srv/Kill.json
[5.129s] -- Up-to-date: /home/minkhanttun/ros2_ws/install/turtlesim/share/turtlesim/srv/SetPen.json
[5.129s] -- Up-to-date: /home/minkhanttun/ros2_ws/install/turtlesim/share/turtlesim/srv/Spawn.json
[5.129s] -- Up-to-date: /home/minkhanttun/ros2_ws/install/turtlesim/share/turtlesim/srv/TeleportAbsolute.json
[5.135s] -- Up-to-date: /home/minkhanttun/ros2_ws/install/turtlesim/share/turtlesim/srv/TeleportRelative.json
[5.138s] -- Up-to-date: /home/minkhanttun/ros2_ws/install/turtlesim/include/turtlesim/turtlesim
[5.150s] -- Up-to-date: /home/minkhanttun/ros2_ws/install/turtlesim/include/turtlesim/turtlesim/msg
[5.150s] -- Up-to-date: /home/minkhanttun/ros2_ws/install/turtlesim/include/turtlesim/turtlesim/msg/color.h
[5.151s] -- Up-to-date: /home/minkhanttun/ros2_ws/install/turtlesim/include/turtlesim/turtlesim/msg/detail
[5.151s] -- Up-to-date: /home/minkhanttun/ros2_ws/install/turtlesim/include/turtlesim/turtlesim/msg/detail/color__functions.c
[5.151s] -- Up-to-date: /home/minkhanttun/ros2_ws/install/turtlesim/include/turtlesim/turtlesim/msg/detail/color__struct.h
[5.151s] -- Up-to-date: /home/minkhanttun/ros2_ws/install/turtlesim/include/turtlesim/turtlesim/msg/detail/color__functions.h
[5.152s] -- Up-to-date: /home/minkhanttun/ros2_ws/install/turtlesim/include/turtlesim/turtlesim/msg/detail/pose__functions.h
[5.152s] -- Up-to-date: /home/minkhanttun/ros2_ws/install/turtlesim/include/turtlesim/turtlesim/msg/detail/pose__type_support.h
[5.167s] -- Installing: /home/minkhanttun/ros2_ws/install/turtlesim/include/turtlesim/turtlesim/msg/detail/color__type_support.c
[5.168s] -- Up-to-date: /home/minkhanttun/ros2_ws/install/turtlesim/include/turtlesim/turtlesim/msg/detail/pose__description.c
[5.168s] -- Up-to-date: /home/minkhanttun/ros2_ws/install/turtlesim/include/turtlesim/turtlesim/msg/detail/pose__struct.h
[5.169s] -- Up-to-date: /home/minkhanttun/ros2_ws/install/turtlesim/include/turtlesim/turtlesim/msg/detail/color__description.c
[5.175s] -- Installing: /home/minkhanttun/ros2_ws/install/turtlesim/include/turtlesim/turtlesim/msg/detail/pose__type_support.c
[5.176s] -- Up-to-date: /home/minkhanttun/ros2_ws/install/turtlesim/include/turtlesim/turtlesim/msg/detail/pose__functions.c
[5.176s] -- Up-to-date: /home/minkhanttun/ros2_ws/install/turtlesim/include/turtlesim/turtlesim/msg/detail/color__type_support.h
[5.176s] -- Up-to-date: /home/minkhanttun/ros2_ws/install/turtlesim/include/turtlesim/turtlesim/msg/rosidl_generator_c__visibility_control.h
[5.176s] -- Up-to-date: /home/minkhanttun/ros2_ws/install/turtlesim/include/turtlesim/turtlesim/msg/pose.h
[5.176s] -- Up-to-date: /home/minkhanttun/ros2_ws/install/turtlesim/include/turtlesim/turtlesim/srv
[5.176s] -- Up-to-date: /home/minkhanttun/ros2_ws/install/turtlesim/include/turtlesim/turtlesim/srv/kill.h
[5.177s] -- Up-to-date: /home/minkhanttun/ros2_ws/install/turtlesim/include/turtlesim/turtlesim/srv/detail
[5.177s] -- Up-to-date: /home/minkhanttun/ros2_ws/install/turtlesim/include/turtlesim/turtlesim/srv/detail/teleport_relative__type_support.h
[5.177s] -- Up-to-date: /home/minkhanttun/ros2_ws/install/turtlesim/include/turtlesim/turtlesim/srv/detail/spawn__functions.c
[5.177s] -- Installing: /home/minkhanttun/ros2_ws/install/turtlesim/include/turtlesim/turtlesim/srv/detail/kill__type_support.c
[5.177s] -- Up-to-date: /home/minkhanttun/ros2_ws/install/turtlesim/include/turtlesim/turtlesim/srv/detail/spawn__functions.h
[5.178s] -- Up-to-date: /home/minkhanttun/ros2_ws/install/turtlesim/include/turtlesim/turtlesim/srv/detail/spawn__struct.h
[5.187s] -- Up-to-date: /home/minkhanttun/ros2_ws/install/turtlesim/include/turtlesim/turtlesim/srv/detail/kill__functions.c
[5.206s] -- Up-to-date: /home/minkhanttun/ros2_ws/install/turtlesim/include/turtlesim/turtlesim/srv/detail/set_pen__struct.h
[5.206s] -- Up-to-date: /home/minkhanttun/ros2_ws/install/turtlesim/include/turtlesim/turtlesim/srv/detail/teleport_absolute__functions.c
[5.206s] -- Up-to-date: /home/minkhanttun/ros2_ws/install/turtlesim/include/turtlesim/turtlesim/srv/detail/spawn__type_support.h
[5.207s] -- Up-to-date: /home/minkhanttun/ros2_ws/install/turtlesim/include/turtlesim/turtlesim/srv/detail/kill__struct.h
[5.207s] -- Up-to-date: /home/minkhanttun/ros2_ws/install/turtlesim/include/turtlesim/turtlesim/srv/detail/set_pen__description.c
[5.207s] -- Up-to-date: /home/minkhanttun/ros2_ws/install/turtlesim/include/turtlesim/turtlesim/srv/detail/set_pen__functions.c
[5.208s] -- Up-to-date: /home/minkhanttun/ros2_ws/install/turtlesim/include/turtlesim/turtlesim/srv/detail/set_pen__type_support.h
[5.223s] -- Installing: /home/minkhanttun/ros2_ws/install/turtlesim/include/turtlesim/turtlesim/srv/detail/spawn__type_support.c
[5.223s] -- Up-to-date: /home/minkhanttun/ros2_ws/install/turtlesim/include/turtlesim/turtlesim/srv/detail/teleport_relative__functions.h
[5.224s] -- Installing: /home/minkhanttun/ros2_ws/install/turtlesim/include/turtlesim/turtlesim/srv/detail/teleport_relative__type_support.c
[5.224s] -- Up-to-date: /home/minkhanttun/ros2_ws/install/turtlesim/include/turtlesim/turtlesim/srv/detail/teleport_relative__struct.h
[5.235s] -- Up-to-date: /home/minkhanttun/ros2_ws/install/turtlesim/include/turtlesim/turtlesim/srv/detail/kill__functions.h
[5.236s] -- Installing: /home/minkhanttun/ros2_ws/install/turtlesim/include/turtlesim/turtlesim/srv/detail/set_pen__type_support.c
[5.236s] -- Up-to-date: /home/minkhanttun/ros2_ws/install/turtlesim/include/turtlesim/turtlesim/srv/detail/kill__type_support.h
[5.238s] -- Up-to-date: /home/minkhanttun/ros2_ws/install/turtlesim/include/turtlesim/turtlesim/srv/detail/teleport_relative__functions.c
[5.238s] -- Up-to-date: /home/minkhanttun/ros2_ws/install/turtlesim/include/turtlesim/turtlesim/srv/detail/teleport_absolute__description.c
[5.239s] -- Up-to-date: /home/minkhanttun/ros2_ws/install/turtlesim/include/turtlesim/turtlesim/srv/detail/spawn__description.c
[5.239s] -- Up-to-date: /home/minkhanttun/ros2_ws/install/turtlesim/include/turtlesim/turtlesim/srv/detail/teleport_absolute__struct.h
[5.246s] -- Installing: /home/minkhanttun/ros2_ws/install/turtlesim/include/turtlesim/turtlesim/srv/detail/teleport_absolute__type_support.c
[5.247s] -- Up-to-date: /home/minkhanttun/ros2_ws/install/turtlesim/include/turtlesim/turtlesim/srv/detail/teleport_absolute__functions.h
[5.247s] -- Up-to-date: /home/minkhanttun/ros2_ws/install/turtlesim/include/turtlesim/turtlesim/srv/detail/set_pen__functions.h
[5.247s] -- Up-to-date: /home/minkhanttun/ros2_ws/install/turtlesim/include/turtlesim/turtlesim/srv/detail/kill__description.c
[5.248s] -- Up-to-date: /home/minkhanttun/ros2_ws/install/turtlesim/include/turtlesim/turtlesim/srv/detail/teleport_relative__description.c
[5.248s] -- Up-to-date: /home/minkhanttun/ros2_ws/install/turtlesim/include/turtlesim/turtlesim/srv/detail/teleport_absolute__type_support.h
[5.248s] -- Up-to-date: /home/minkhanttun/ros2_ws/install/turtlesim/include/turtlesim/turtlesim/srv/set_pen.h
[5.248s] -- Up-to-date: /home/minkhanttun/ros2_ws/install/turtlesim/include/turtlesim/turtlesim/srv/teleport_relative.h
[5.248s] -- Up-to-date: /home/minkhanttun/ros2_ws/install/turtlesim/include/turtlesim/turtlesim/srv/spawn.h
[5.249s] -- Up-to-date: /home/minkhanttun/ros2_ws/install/turtlesim/include/turtlesim/turtlesim/srv/teleport_absolute.h
[5.249s] -- Up-to-date: /home/minkhanttun/ros2_ws/install/turtlesim/include/turtlesim/turtlesim/action
[5.259s] -- Up-to-date: /home/minkhanttun/ros2_ws/install/turtlesim/include/turtlesim/turtlesim/action/detail
[5.259s] -- Up-to-date: /home/minkhanttun/ros2_ws/install/turtlesim/include/turtlesim/turtlesim/action/detail/rotate_absolute__type_support.h
[5.259s] -- Up-to-date: /home/minkhanttun/ros2_ws/install/turtlesim/include/turtlesim/turtlesim/action/detail/rotate_absolute__description.c
[5.259s] -- Up-to-date: /home/minkhanttun/ros2_ws/install/turtlesim/include/turtlesim/turtlesim/action/detail/rotate_absolute__struct.h
[5.260s] -- Up-to-date: /home/minkhanttun/ros2_ws/install/turtlesim/include/turtlesim/turtlesim/action/detail/rotate_absolute__functions.c
[5.261s] -- Up-to-date: /home/minkhanttun/ros2_ws/install/turtlesim/include/turtlesim/turtlesim/action/detail/rotate_absolute__functions.h
[5.262s] -- Installing: /home/minkhanttun/ros2_ws/install/turtlesim/include/turtlesim/turtlesim/action/detail/rotate_absolute__type_support.c
[5.262s] -- Up-to-date: /home/minkhanttun/ros2_ws/install/turtlesim/include/turtlesim/turtlesim/action/rotate_absolute.h
[5.266s] -- Up-to-date: /home/minkhanttun/ros2_ws/install/turtlesim/share/turtlesim/environment/library_path.sh
[5.267s] -- Up-to-date: /home/minkhanttun/ros2_ws/install/turtlesim/share/turtlesim/environment/library_path.dsv
[5.267s] -- Up-to-date: /home/minkhanttun/ros2_ws/install/turtlesim/lib/libturtlesim__rosidl_generator_c.so
[5.267s] -- Up-to-date: /home/minkhanttun/ros2_ws/install/turtlesim/include/turtlesim/turtlesim
[5.267s] -- Up-to-date: /home/minkhanttun/ros2_ws/install/turtlesim/include/turtlesim/turtlesim/msg
[5.270s] -- Up-to-date: /home/minkhanttun/ros2_ws/install/turtlesim/include/turtlesim/turtlesim/msg/detail
[5.270s] -- Up-to-date: /home/minkhanttun/ros2_ws/install/turtlesim/include/turtlesim/turtlesim/msg/detail/color__rosidl_typesupport_fastrtps_c.h
[5.277s] -- Up-to-date: /home/minkhanttun/ros2_ws/install/turtlesim/include/turtlesim/turtlesim/msg/detail/pose__rosidl_typesupport_fastrtps_c.h
[5.278s] -- Up-to-date: /home/minkhanttun/ros2_ws/install/turtlesim/include/turtlesim/turtlesim/msg/rosidl_typesupport_fastrtps_c__visibility_control.h
[5.281s] -- Up-to-date: /home/minkhanttun/ros2_ws/install/turtlesim/include/turtlesim/turtlesim/srv
[5.282s] -- Up-to-date: /home/minkhanttun/ros2_ws/install/turtlesim/include/turtlesim/turtlesim/srv/detail
[5.282s] -- Up-to-date: /home/minkhanttun/ros2_ws/install/turtlesim/include/turtlesim/turtlesim/srv/detail/set_pen__rosidl_typesupport_fastrtps_c.h
[5.282s] -- Up-to-date: /home/minkhanttun/ros2_ws/install/turtlesim/include/turtlesim/turtlesim/srv/detail/spawn__rosidl_typesupport_fastrtps_c.h
[5.282s] -- Up-to-date: /home/minkhanttun/ros2_ws/install/turtlesim/include/turtlesim/turtlesim/srv/detail/teleport_relative__rosidl_typesupport_fastrtps_c.h
[5.283s] -- Up-to-date: /home/minkhanttun/ros2_ws/install/turtlesim/include/turtlesim/turtlesim/srv/detail/teleport_absolute__rosidl_typesupport_fastrtps_c.h
[5.283s] -- Up-to-date: /home/minkhanttun/ros2_ws/install/turtlesim/include/turtlesim/turtlesim/srv/detail/kill__rosidl_typesupport_fastrtps_c.h
[5.288s] -- Up-to-date: /home/minkhanttun/ros2_ws/install/turtlesim/include/turtlesim/turtlesim/action
[5.289s] -- Up-to-date: /home/minkhanttun/ros2_ws/install/turtlesim/include/turtlesim/turtlesim/action/detail
[5.290s] -- Up-to-date: /home/minkhanttun/ros2_ws/install/turtlesim/include/turtlesim/turtlesim/action/detail/rotate_absolute__rosidl_typesupport_fastrtps_c.h
[5.290s] -- Up-to-date: /home/minkhanttun/ros2_ws/install/turtlesim/lib/libturtlesim__rosidl_typesupport_fastrtps_c.so
[5.292s] -- Up-to-date: /home/minkhanttun/ros2_ws/install/turtlesim/include/turtlesim/turtlesim
[5.303s] -- Up-to-date: /home/minkhanttun/ros2_ws/install/turtlesim/include/turtlesim/turtlesim/msg
[5.304s] -- Up-to-date: /home/minkhanttun/ros2_ws/install/turtlesim/include/turtlesim/turtlesim/msg/pose.hpp
[5.304s] -- Up-to-date: /home/minkhanttun/ros2_ws/install/turtlesim/include/turtlesim/turtlesim/msg/detail
[5.317s] -- Up-to-date: /home/minkhanttun/ros2_ws/install/turtlesim/include/turtlesim/turtlesim/msg/detail/color__type_support.hpp
[5.318s] -- Up-to-date: /home/minkhanttun/ros2_ws/install/turtlesim/include/turtlesim/turtlesim/msg/detail/color__traits.hpp
[5.318s] -- Up-to-date: /home/minkhanttun/ros2_ws/install/turtlesim/include/turtlesim/turtlesim/msg/detail/pose__type_support.hpp
[5.318s] -- Up-to-date: /home/minkhanttun/ros2_ws/install/turtlesim/include/turtlesim/turtlesim/msg/detail/pose__struct.hpp
[5.325s] -- Up-to-date: /home/minkhanttun/ros2_ws/install/turtlesim/include/turtlesim/turtlesim/msg/detail/pose__traits.hpp
[5.326s] -- Up-to-date: /home/minkhanttun/ros2_ws/install/turtlesim/include/turtlesim/turtlesim/msg/detail/color__builder.hpp
[5.326s] -- Up-to-date: /home/minkhanttun/ros2_ws/install/turtlesim/include/turtlesim/turtlesim/msg/detail/pose__builder.hpp
[5.329s] -- Up-to-date: /home/minkhanttun/ros2_ws/install/turtlesim/include/turtlesim/turtlesim/msg/detail/color__struct.hpp
[5.329s] -- Up-to-date: /home/minkhanttun/ros2_ws/install/turtlesim/include/turtlesim/turtlesim/msg/color.hpp
[5.329s] -- Up-to-date: /home/minkhanttun/ros2_ws/install/turtlesim/include/turtlesim/turtlesim/msg/rosidl_generator_cpp__visibility_control.hpp
[5.330s] -- Up-to-date: /home/minkhanttun/ros2_ws/install/turtlesim/include/turtlesim/turtlesim/srv
[5.330s] -- Up-to-date: /home/minkhanttun/ros2_ws/install/turtlesim/include/turtlesim/turtlesim/srv/teleport_absolute.hpp
[5.333s] -- Up-to-date: /home/minkhanttun/ros2_ws/install/turtlesim/include/turtlesim/turtlesim/srv/detail
[5.333s] -- Up-to-date: /home/minkhanttun/ros2_ws/install/turtlesim/include/turtlesim/turtlesim/srv/detail/teleport_relative__traits.hpp
[5.333s] -- Up-to-date: /home/minkhanttun/ros2_ws/install/turtlesim/include/turtlesim/turtlesim/srv/detail/teleport_absolute__builder.hpp
[5.333s] -- Up-to-date: /home/minkhanttun/ros2_ws/install/turtlesim/include/turtlesim/turtlesim/srv/detail/spawn__builder.hpp
[5.333s] -- Up-to-date: /home/minkhanttun/ros2_ws/install/turtlesim/include/turtlesim/turtlesim/srv/detail/teleport_absolute__traits.hpp
[5.333s] -- Up-to-date: /home/minkhanttun/ros2_ws/install/turtlesim/include/turtlesim/turtlesim/srv/detail/teleport_relative__builder.hpp
[5.333s] -- Up-to-date: /home/minkhanttun/ros2_ws/install/turtlesim/include/turtlesim/turtlesim/srv/detail/set_pen__builder.hpp
[5.334s] -- Up-to-date: /home/minkhanttun/ros2_ws/install/turtlesim/include/turtlesim/turtlesim/srv/detail/set_pen__traits.hpp
[5.334s] -- Up-to-date: /home/minkhanttun/ros2_ws/install/turtlesim/include/turtlesim/turtlesim/srv/detail/teleport_absolute__type_support.hpp
[5.334s] -- Up-to-date: /home/minkhanttun/ros2_ws/install/turtlesim/include/turtlesim/turtlesim/srv/detail/teleport_absolute__struct.hpp
[5.338s] -- Up-to-date: /home/minkhanttun/ros2_ws/install/turtlesim/include/turtlesim/turtlesim/srv/detail/kill__traits.hpp
[5.338s] -- Up-to-date: /home/minkhanttun/ros2_ws/install/turtlesim/include/turtlesim/turtlesim/srv/detail/kill__builder.hpp
[5.339s] -- Up-to-date: /home/minkhanttun/ros2_ws/install/turtlesim/include/turtlesim/turtlesim/srv/detail/kill__struct.hpp
[5.339s] -- Up-to-date: /home/minkhanttun/ros2_ws/install/turtlesim/include/turtlesim/turtlesim/srv/detail/teleport_relative__type_support.hpp
[5.345s] -- Up-to-date: /home/minkhanttun/ros2_ws/install/turtlesim/include/turtlesim/turtlesim/srv/detail/spawn__type_support.hpp
[5.346s] -- Up-to-date: /home/minkhanttun/ros2_ws/install/turtlesim/include/turtlesim/turtlesim/srv/detail/kill__type_support.hpp
[5.346s] -- Up-to-date: /home/minkhanttun/ros2_ws/install/turtlesim/include/turtlesim/turtlesim/srv/detail/set_pen__type_support.hpp
[5.346s] -- Up-to-date: /home/minkhanttun/ros2_ws/install/turtlesim/include/turtlesim/turtlesim/srv/detail/teleport_relative__struct.hpp
[5.346s] -- Up-to-date: /home/minkhanttun/ros2_ws/install/turtlesim/include/turtlesim/turtlesim/srv/detail/spawn__struct.hpp
[5.352s] -- Up-to-date: /home/minkhanttun/ros2_ws/install/turtlesim/include/turtlesim/turtlesim/srv/detail/set_pen__struct.hpp
[5.353s] -- Up-to-date: /home/minkhanttun/ros2_ws/install/turtlesim/include/turtlesim/turtlesim/srv/detail/spawn__traits.hpp
[5.354s] -- Up-to-date: /home/minkhanttun/ros2_ws/install/turtlesim/include/turtlesim/turtlesim/srv/kill.hpp
[5.354s] -- Up-to-date: /home/minkhanttun/ros2_ws/install/turtlesim/include/turtlesim/turtlesim/srv/spawn.hpp
[5.354s] -- Up-to-date: /home/minkhanttun/ros2_ws/install/turtlesim/include/turtlesim/turtlesim/srv/set_pen.hpp
[5.355s] -- Up-to-date: /home/minkhanttun/ros2_ws/install/turtlesim/include/turtlesim/turtlesim/srv/teleport_relative.hpp
[5.355s] -- Up-to-date: /home/minkhanttun/ros2_ws/install/turtlesim/include/turtlesim/turtlesim/action
[5.361s] -- Up-to-date: /home/minkhanttun/ros2_ws/install/turtlesim/include/turtlesim/turtlesim/action/detail
[5.362s] -- Up-to-date: /home/minkhanttun/ros2_ws/install/turtlesim/include/turtlesim/turtlesim/action/detail/rotate_absolute__struct.hpp
[5.367s] -- Up-to-date: /home/minkhanttun/ros2_ws/install/turtlesim/include/turtlesim/turtlesim/action/detail/rotate_absolute__builder.hpp
[5.368s] -- Up-to-date: /home/minkhanttun/ros2_ws/install/turtlesim/include/turtlesim/turtlesim/action/detail/rotate_absolute__type_support.hpp
[5.369s] -- Up-to-date: /home/minkhanttun/ros2_ws/install/turtlesim/include/turtlesim/turtlesim/action/detail/rotate_absolute__traits.hpp
[5.369s] -- Up-to-date: /home/minkhanttun/ros2_ws/install/turtlesim/include/turtlesim/turtlesim/action/rotate_absolute.hpp
[5.371s] -- Up-to-date: /home/minkhanttun/ros2_ws/install/turtlesim/include/turtlesim/turtlesim
[5.372s] -- Up-to-date: /home/minkhanttun/ros2_ws/install/turtlesim/include/turtlesim/turtlesim/msg
[5.372s] -- Up-to-date: /home/minkhanttun/ros2_ws/install/turtlesim/include/turtlesim/turtlesim/msg/rosidl_typesupport_fastrtps_cpp__visibility_control.h
[5.372s] -- Up-to-date: /home/minkhanttun/ros2_ws/install/turtlesim/include/turtlesim/turtlesim/msg/detail
[5.379s] -- Up-to-date: /home/minkhanttun/ros2_ws/install/turtlesim/include/turtlesim/turtlesim/msg/detail/color__rosidl_typesupport_fastrtps_cpp.hpp
[5.380s] -- Up-to-date: /home/minkhanttun/ros2_ws/install/turtlesim/include/turtlesim/turtlesim/msg/detail/dds_fastrtps
[5.380s] -- Up-to-date: /home/minkhanttun/ros2_ws/install/turtlesim/include/turtlesim/turtlesim/msg/detail/pose__rosidl_typesupport_fastrtps_cpp.hpp
[5.380s] -- Up-to-date: /home/minkhanttun/ros2_ws/install/turtlesim/include/turtlesim/turtlesim/srv
[5.385s] -- Up-to-date: /home/minkhanttun/ros2_ws/install/turtlesim/include/turtlesim/turtlesim/srv/detail
[5.388s] -- Up-to-date: /home/minkhanttun/ros2_ws/install/turtlesim/include/turtlesim/turtlesim/srv/detail/kill__rosidl_typesupport_fastrtps_cpp.hpp
[5.389s] -- Up-to-date: /home/minkhanttun/ros2_ws/install/turtlesim/include/turtlesim/turtlesim/srv/detail/teleport_relative__rosidl_typesupport_fastrtps_cpp.hpp
[5.402s] -- Up-to-date: /home/minkhanttun/ros2_ws/install/turtlesim/include/turtlesim/turtlesim/srv/detail/spawn__rosidl_typesupport_fastrtps_cpp.hpp
[5.402s] -- Up-to-date: /home/minkhanttun/ros2_ws/install/turtlesim/include/turtlesim/turtlesim/srv/detail/dds_fastrtps
[5.427s] -- Up-to-date: /home/minkhanttun/ros2_ws/install/turtlesim/include/turtlesim/turtlesim/srv/detail/set_pen__rosidl_typesupport_fastrtps_cpp.hpp
[5.430s] -- Up-to-date: /home/minkhanttun/ros2_ws/install/turtlesim/include/turtlesim/turtlesim/srv/detail/teleport_absolute__rosidl_typesupport_fastrtps_cpp.hpp
[5.430s] -- Up-to-date: /home/minkhanttun/ros2_ws/install/turtlesim/include/turtlesim/turtlesim/action
[5.430s] -- Up-to-date: /home/minkhanttun/ros2_ws/install/turtlesim/include/turtlesim/turtlesim/action/detail
[5.431s] -- Up-to-date: /home/minkhanttun/ros2_ws/install/turtlesim/include/turtlesim/turtlesim/action/detail/rotate_absolute__rosidl_typesupport_fastrtps_cpp.hpp
[5.431s] -- Up-to-date: /home/minkhanttun/ros2_ws/install/turtlesim/include/turtlesim/turtlesim/action/detail/dds_fastrtps
[5.431s] -- Up-to-date: /home/minkhanttun/ros2_ws/install/turtlesim/lib/libturtlesim__rosidl_typesupport_fastrtps_cpp.so
[5.431s] -- Up-to-date: /home/minkhanttun/ros2_ws/install/turtlesim/include/turtlesim/turtlesim
[5.431s] -- Up-to-date: /home/minkhanttun/ros2_ws/install/turtlesim/include/turtlesim/turtlesim/msg
[5.432s] -- Up-to-date: /home/minkhanttun/ros2_ws/install/turtlesim/include/turtlesim/turtlesim/msg/detail
[5.432s] -- Up-to-date: /home/minkhanttun/ros2_ws/install/turtlesim/include/turtlesim/turtlesim/msg/detail/color__rosidl_typesupport_introspection_c.h
[5.439s] -- Installing: /home/minkhanttun/ros2_ws/install/turtlesim/include/turtlesim/turtlesim/msg/detail/color__type_support.c
[5.440s] -- Up-to-date: /home/minkhanttun/ros2_ws/install/turtlesim/include/turtlesim/turtlesim/msg/detail/pose__rosidl_typesupport_introspection_c.h
[5.441s] -- Installing: /home/minkhanttun/ros2_ws/install/turtlesim/include/turtlesim/turtlesim/msg/detail/pose__type_support.c
[5.447s] -- Up-to-date: /home/minkhanttun/ros2_ws/install/turtlesim/include/turtlesim/turtlesim/msg/rosidl_typesupport_introspection_c__visibility_control.h
[5.448s] -- Up-to-date: /home/minkhanttun/ros2_ws/install/turtlesim/include/turtlesim/turtlesim/srv
[5.448s] -- Up-to-date: /home/minkhanttun/ros2_ws/install/turtlesim/include/turtlesim/turtlesim/srv/detail
[5.448s] -- Installing: /home/minkhanttun/ros2_ws/install/turtlesim/include/turtlesim/turtlesim/srv/detail/kill__type_support.c
[5.448s] -- Up-to-date: /home/minkhanttun/ros2_ws/install/turtlesim/include/turtlesim/turtlesim/srv/detail/set_pen__rosidl_typesupport_introspection_c.h
[5.449s] -- Up-to-date: /home/minkhanttun/ros2_ws/install/turtlesim/include/turtlesim/turtlesim/srv/detail/teleport_absolute__rosidl_typesupport_introspection_c.h
[5.454s] -- Up-to-date: /home/minkhanttun/ros2_ws/install/turtlesim/include/turtlesim/turtlesim/srv/detail/kill__rosidl_typesupport_introspection_c.h
[5.454s] -- Up-to-date: /home/minkhanttun/ros2_ws/install/turtlesim/include/turtlesim/turtlesim/srv/detail/teleport_relative__rosidl_typesupport_introspection_c.h
[5.454s] -- Installing: /home/minkhanttun/ros2_ws/install/turtlesim/include/turtlesim/turtlesim/srv/detail/spawn__type_support.c
[5.454s] -- Installing: /home/minkhanttun/ros2_ws/install/turtlesim/include/turtlesim/turtlesim/srv/detail/teleport_relative__type_support.c
[5.457s] -- Installing: /home/minkhanttun/ros2_ws/install/turtlesim/include/turtlesim/turtlesim/srv/detail/set_pen__type_support.c
[5.457s] -- Installing: /home/minkhanttun/ros2_ws/install/turtlesim/include/turtlesim/turtlesim/srv/detail/teleport_absolute__type_support.c
[5.457s] -- Up-to-date: /home/minkhanttun/ros2_ws/install/turtlesim/include/turtlesim/turtlesim/srv/detail/spawn__rosidl_typesupport_introspection_c.h
[5.458s] -- Up-to-date: /home/minkhanttun/ros2_ws/install/turtlesim/include/turtlesim/turtlesim/action
[5.461s] -- Up-to-date: /home/minkhanttun/ros2_ws/install/turtlesim/include/turtlesim/turtlesim/action/detail
[5.465s] -- Installing: /home/minkhanttun/ros2_ws/install/turtlesim/include/turtlesim/turtlesim/action/detail/rotate_absolute__type_support.c
[5.465s] -- Up-to-date: /home/minkhanttun/ros2_ws/install/turtlesim/include/turtlesim/turtlesim/action/detail/rotate_absolute__rosidl_typesupport_introspection_c.h
[5.466s] -- Up-to-date: /home/minkhanttun/ros2_ws/install/turtlesim/lib/libturtlesim__rosidl_typesupport_introspection_c.so
[5.466s] -- Up-to-date: /home/minkhanttun/ros2_ws/install/turtlesim/lib/libturtlesim__rosidl_typesupport_c.so
[5.466s] -- Up-to-date: /home/minkhanttun/ros2_ws/install/turtlesim/include/turtlesim/turtlesim
[5.467s] -- Up-to-date: /home/minkhanttun/ros2_ws/install/turtlesim/include/turtlesim/turtlesim/msg
[5.467s] -- Up-to-date: /home/minkhanttun/ros2_ws/install/turtlesim/include/turtlesim/turtlesim/msg/detail
[5.475s] -- Up-to-date: /home/minkhanttun/ros2_ws/install/turtlesim/include/turtlesim/turtlesim/msg/detail/color__type_support.cpp
[5.476s] -- Up-to-date: /home/minkhanttun/ros2_ws/install/turtlesim/include/turtlesim/turtlesim/msg/detail/pose__type_support.cpp
[5.477s] -- Up-to-date: /home/minkhanttun/ros2_ws/install/turtlesim/include/turtlesim/turtlesim/msg/detail/color__rosidl_typesupport_introspection_cpp.hpp
[5.478s] -- Up-to-date: /home/minkhanttun/ros2_ws/install/turtlesim/include/turtlesim/turtlesim/msg/detail/pose__rosidl_typesupport_introspection_cpp.hpp
[5.478s] -- Up-to-date: /home/minkhanttun/ros2_ws/install/turtlesim/include/turtlesim/turtlesim/srv
[5.478s] -- Up-to-date: /home/minkhanttun/ros2_ws/install/turtlesim/include/turtlesim/turtlesim/srv/detail
[5.479s] -- Up-to-date: /home/minkhanttun/ros2_ws/install/turtlesim/include/turtlesim/turtlesim/srv/detail/teleport_relative__rosidl_typesupport_introspection_cpp.hpp
[5.483s] -- Up-to-date: /home/minkhanttun/ros2_ws/install/turtlesim/include/turtlesim/turtlesim/srv/detail/kill__rosidl_typesupport_introspection_cpp.hpp
[5.483s] -- Up-to-date: /home/minkhanttun/ros2_ws/install/turtlesim/include/turtlesim/turtlesim/srv/detail/teleport_absolute__type_support.cpp
[5.483s] -- Up-to-date: /home/minkhanttun/ros2_ws/install/turtlesim/include/turtlesim/turtlesim/srv/detail/set_pen__type_support.cpp
[5.484s] -- Up-to-date: /home/minkhanttun/ros2_ws/install/turtlesim/include/turtlesim/turtlesim/srv/detail/set_pen__rosidl_typesupport_introspection_cpp.hpp
[5.487s] -- Up-to-date: /home/minkhanttun/ros2_ws/install/turtlesim/include/turtlesim/turtlesim/srv/detail/teleport_absolute__rosidl_typesupport_introspection_cpp.hpp
[5.487s] -- Up-to-date: /home/minkhanttun/ros2_ws/install/turtlesim/include/turtlesim/turtlesim/srv/detail/kill__type_support.cpp
[5.487s] -- Up-to-date: /home/minkhanttun/ros2_ws/install/turtlesim/include/turtlesim/turtlesim/srv/detail/teleport_relative__type_support.cpp
[5.488s] -- Up-to-date: /home/minkhanttun/ros2_ws/install/turtlesim/include/turtlesim/turtlesim/srv/detail/spawn__type_support.cpp
[5.495s] -- Up-to-date: /home/minkhanttun/ros2_ws/install/turtlesim/include/turtlesim/turtlesim/srv/detail/spawn__rosidl_typesupport_introspection_cpp.hpp
[5.496s] -- Up-to-date: /home/minkhanttun/ros2_ws/install/turtlesim/include/turtlesim/turtlesim/action
[5.498s] -- Up-to-date: /home/minkhanttun/ros2_ws/install/turtlesim/include/turtlesim/turtlesim/action/detail
[5.499s] -- Up-to-date: /home/minkhanttun/ros2_ws/install/turtlesim/include/turtlesim/turtlesim/action/detail/rotate_absolute__type_support.cpp
[5.500s] -- Up-to-date: /home/minkhanttun/ros2_ws/install/turtlesim/include/turtlesim/turtlesim/action/detail/rotate_absolute__rosidl_typesupport_introspection_cpp.hpp
[5.504s] -- Up-to-date: /home/minkhanttun/ros2_ws/install/turtlesim/lib/libturtlesim__rosidl_typesupport_introspection_cpp.so
[5.511s] -- Up-to-date: /home/minkhanttun/ros2_ws/install/turtlesim/lib/libturtlesim__rosidl_typesupport_cpp.so
[5.511s] -- Up-to-date: /home/minkhanttun/ros2_ws/install/turtlesim/share/turtlesim/environment/pythonpath.sh
[5.512s] -- Up-to-date: /home/minkhanttun/ros2_ws/install/turtlesim/share/turtlesim/environment/pythonpath.dsv
[5.518s] -- Up-to-date: /home/minkhanttun/ros2_ws/install/turtlesim/lib/python3.12/site-packages/turtlesim-1.8.3-py3.12.egg-info
[5.518s] -- Installing: /home/minkhanttun/ros2_ws/install/turtlesim/lib/python3.12/site-packages/turtlesim-1.8.3-py3.12.egg-info/SOURCES.txt
[5.518s] -- Installing: /home/minkhanttun/ros2_ws/install/turtlesim/lib/python3.12/site-packages/turtlesim-1.8.3-py3.12.egg-info/top_level.txt
[5.518s] -- Installing: /home/minkhanttun/ros2_ws/install/turtlesim/lib/python3.12/site-packages/turtlesim-1.8.3-py3.12.egg-info/PKG-INFO
[5.519s] -- Installing: /home/minkhanttun/ros2_ws/install/turtlesim/lib/python3.12/site-packages/turtlesim-1.8.3-py3.12.egg-info/dependency_links.txt
[5.519s] -- Up-to-date: /home/minkhanttun/ros2_ws/install/turtlesim/lib/python3.12/site-packages/turtlesim
[5.519s] -- Up-to-date: /home/minkhanttun/ros2_ws/install/turtlesim/lib/python3.12/site-packages/turtlesim/_turtlesim_s.ep.rosidl_typesupport_c.c
[5.519s] -- Up-to-date: /home/minkhanttun/ros2_ws/install/turtlesim/lib/python3.12/site-packages/turtlesim/_turtlesim_s.ep.rosidl_typesupport_introspection_c.c
[5.519s] -- Up-to-date: /home/minkhanttun/ros2_ws/install/turtlesim/lib/python3.12/site-packages/turtlesim/turtlesim_s__rosidl_typesupport_introspection_c.so
[5.520s] -- Up-to-date: /home/minkhanttun/ros2_ws/install/turtlesim/lib/python3.12/site-packages/turtlesim/msg
[5.520s] -- Up-to-date: /home/minkhanttun/ros2_ws/install/turtlesim/lib/python3.12/site-packages/turtlesim/msg/_pose_s.c
[5.524s] -- Up-to-date: /home/minkhanttun/ros2_ws/install/turtlesim/lib/python3.12/site-packages/turtlesim/msg/_pose.py
[5.525s] -- Up-to-date: /home/minkhanttun/ros2_ws/install/turtlesim/lib/python3.12/site-packages/turtlesim/msg/__init__.py
[5.526s] -- Up-to-date: /home/minkhanttun/ros2_ws/install/turtlesim/lib/python3.12/site-packages/turtlesim/msg/_color.py
[5.526s] -- Up-to-date: /home/minkhanttun/ros2_ws/install/turtlesim/lib/python3.12/site-packages/turtlesim/msg/_color_s.c
[5.528s] -- Up-to-date: /home/minkhanttun/ros2_ws/install/turtlesim/lib/python3.12/site-packages/turtlesim/__init__.py
[5.529s] -- Up-to-date: /home/minkhanttun/ros2_ws/install/turtlesim/lib/python3.12/site-packages/turtlesim/turtlesim_s__rosidl_typesupport_fastrtps_c.so
[5.531s] -- Up-to-date: /home/minkhanttun/ros2_ws/install/turtlesim/lib/python3.12/site-packages/turtlesim/srv
[5.533s] -- Up-to-date: /home/minkhanttun/ros2_ws/install/turtlesim/lib/python3.12/site-packages/turtlesim/srv/_teleport_relative.py
[5.533s] -- Up-to-date: /home/minkhanttun/ros2_ws/install/turtlesim/lib/python3.12/site-packages/turtlesim/srv/_set_pen_s.c
[5.534s] -- Up-to-date: /home/minkhanttun/ros2_ws/install/turtlesim/lib/python3.12/site-packages/turtlesim/srv/__init__.py
[5.535s] -- Up-to-date: /home/minkhanttun/ros2_ws/install/turtlesim/lib/python3.12/site-packages/turtlesim/srv/_spawn.py
[5.536s] -- Up-to-date: /home/minkhanttun/ros2_ws/install/turtlesim/lib/python3.12/site-packages/turtlesim/srv/_kill_s.c
[5.540s] -- Up-to-date: /home/minkhanttun/ros2_ws/install/turtlesim/lib/python3.12/site-packages/turtlesim/srv/_set_pen.py
[5.541s] -- Up-to-date: /home/minkhanttun/ros2_ws/install/turtlesim/lib/python3.12/site-packages/turtlesim/srv/_teleport_absolute.py
[5.542s] -- Up-to-date: /home/minkhanttun/ros2_ws/install/turtlesim/lib/python3.12/site-packages/turtlesim/srv/_teleport_relative_s.c
[5.542s] -- Up-to-date: /home/minkhanttun/ros2_ws/install/turtlesim/lib/python3.12/site-packages/turtlesim/srv/_teleport_absolute_s.c
[5.543s] -- Up-to-date: /home/minkhanttun/ros2_ws/install/turtlesim/lib/python3.12/site-packages/turtlesim/srv/_spawn_s.c
[5.543s] -- Up-to-date: /home/minkhanttun/ros2_ws/install/turtlesim/lib/python3.12/site-packages/turtlesim/srv/_kill.py
[5.547s] -- Up-to-date: /home/minkhanttun/ros2_ws/install/turtlesim/lib/python3.12/site-packages/turtlesim/_turtlesim_s.ep.rosidl_typesupport_fastrtps_c.c
[5.554s] -- Up-to-date: /home/minkhanttun/ros2_ws/install/turtlesim/lib/python3.12/site-packages/turtlesim/action
[5.554s] -- Up-to-date: /home/minkhanttun/ros2_ws/install/turtlesim/lib/python3.12/site-packages/turtlesim/action/__init__.py
[5.554s] -- Up-to-date: /home/minkhanttun/ros2_ws/install/turtlesim/lib/python3.12/site-packages/turtlesim/action/_rotate_absolute_s.c
[5.554s] -- Up-to-date: /home/minkhanttun/ros2_ws/install/turtlesim/lib/python3.12/site-packages/turtlesim/action/_rotate_absolute.py
[5.555s] -- Up-to-date: /home/minkhanttun/ros2_ws/install/turtlesim/lib/python3.12/site-packages/turtlesim/turtlesim_s__rosidl_typesupport_c.so
[5.555s] Listing '/home/minkhanttun/ros2_ws/install/turtlesim/lib/python3.12/site-packages/turtlesim'...
[5.555s] Listing '/home/minkhanttun/ros2_ws/install/turtlesim/lib/python3.12/site-packages/turtlesim/action'...
[5.556s] Listing '/home/minkhanttun/ros2_ws/install/turtlesim/lib/python3.12/site-packages/turtlesim/msg'...
[5.556s] Listing '/home/minkhanttun/ros2_ws/install/turtlesim/lib/python3.12/site-packages/turtlesim/srv'...
[5.556s] -- Up-to-date: /home/minkhanttun/ros2_ws/install/turtlesim/lib/python3.12/site-packages/turtlesim/turtlesim_s__rosidl_typesupport_fastrtps_c.so
[5.556s] -- Up-to-date: /home/minkhanttun/ros2_ws/install/turtlesim/lib/python3.12/site-packages/turtlesim/turtlesim_s__rosidl_typesupport_introspection_c.so
[5.556s] -- Up-to-date: /home/minkhanttun/ros2_ws/install/turtlesim/lib/python3.12/site-packages/turtlesim/turtlesim_s__rosidl_typesupport_c.so
[5.556s] -- Up-to-date: /home/minkhanttun/ros2_ws/install/turtlesim/lib/libturtlesim__rosidl_generator_py.so
[5.556s] -- Up-to-date: /home/minkhanttun/ros2_ws/install/turtlesim/share/turtlesim/action/RotateAbsolute.idl
[5.556s] -- Up-to-date: /home/minkhanttun/ros2_ws/install/turtlesim/share/turtlesim/msg/Color.idl
[5.557s] -- Up-to-date: /home/minkhanttun/ros2_ws/install/turtlesim/share/turtlesim/msg/Pose.idl
[5.557s] -- Up-to-date: /home/minkhanttun/ros2_ws/install/turtlesim/share/turtlesim/srv/Kill.idl
[5.557s] -- Up-to-date: /home/minkhanttun/ros2_ws/install/turtlesim/share/turtlesim/srv/SetPen.idl
[5.557s] -- Up-to-date: /home/minkhanttun/ros2_ws/install/turtlesim/share/turtlesim/srv/Spawn.idl
[5.557s] -- Up-to-date: /home/minkhanttun/ros2_ws/install/turtlesim/share/turtlesim/srv/TeleportAbsolute.idl
[5.557s] -- Up-to-date: /home/minkhanttun/ros2_ws/install/turtlesim/share/turtlesim/srv/TeleportRelative.idl
[5.558s] -- Up-to-date: /home/minkhanttun/ros2_ws/install/turtlesim/share/turtlesim/action/RotateAbsolute.action
[5.558s] -- Up-to-date: /home/minkhanttun/ros2_ws/install/turtlesim/share/turtlesim/msg/Color.msg
[5.558s] -- Up-to-date: /home/minkhanttun/ros2_ws/install/turtlesim/share/turtlesim/msg/Pose.msg
[5.558s] -- Up-to-date: /home/minkhanttun/ros2_ws/install/turtlesim/share/turtlesim/srv/Kill.srv
[5.558s] -- Up-to-date: /home/minkhanttun/ros2_ws/install/turtlesim/share/turtlesim/srv/SetPen.srv
[5.559s] -- Up-to-date: /home/minkhanttun/ros2_ws/install/turtlesim/share/turtlesim/srv/Spawn.srv
[5.559s] -- Up-to-date: /home/minkhanttun/ros2_ws/install/turtlesim/share/turtlesim/srv/TeleportAbsolute.srv
[5.565s] -- Up-to-date: /home/minkhanttun/ros2_ws/install/turtlesim/share/turtlesim/srv/TeleportRelative.srv
[5.566s] -- Up-to-date: /home/minkhanttun/ros2_ws/install/turtlesim/lib/turtlesim/turtlesim_node
[5.566s] -- Up-to-date: /home/minkhanttun/ros2_ws/install/turtlesim/lib/turtlesim/turtle_teleop_key
[5.566s] -- Up-to-date: /home/minkhanttun/ros2_ws/install/turtlesim/lib/turtlesim/draw_square
[5.566s] -- Up-to-date: /home/minkhanttun/ros2_ws/install/turtlesim/lib/turtlesim/mimic
[5.566s] -- Up-to-date: /home/minkhanttun/ros2_ws/install/turtlesim/share/turtlesim/images
[5.567s] -- Up-to-date: /home/minkhanttun/ros2_ws/install/turtlesim/share/turtlesim/images/iron.png
[5.567s] -- Up-to-date: /home/minkhanttun/ros2_ws/install/turtlesim/share/turtlesim/images/ardent.png
[5.567s] -- Up-to-date: /home/minkhanttun/ros2_ws/install/turtlesim/share/turtlesim/images/dashing.png
[5.567s] -- Up-to-date: /home/minkhanttun/ros2_ws/install/turtlesim/share/turtlesim/images/humble.png
[5.567s] -- Up-to-date: /home/minkhanttun/ros2_ws/install/turtlesim/share/turtlesim/images/foxy.png
[5.567s] -- Up-to-date: /home/minkhanttun/ros2_ws/install/turtlesim/share/turtlesim/images/jazzy.png
[5.568s] -- Up-to-date: /home/minkhanttun/ros2_ws/install/turtlesim/share/turtlesim/images/eloquent.png
[5.568s] -- Up-to-date: /home/minkhanttun/ros2_ws/install/turtlesim/share/turtlesim/images/galactic.png
[5.568s] -- Up-to-date: /home/minkhanttun/ros2_ws/install/turtlesim/share/turtlesim/images/bouncy.png
[5.568s] -- Up-to-date: /home/minkhanttun/ros2_ws/install/turtlesim/share/turtlesim/images/crystal.png
[5.572s] -- Up-to-date: /home/minkhanttun/ros2_ws/install/turtlesim/share/turtlesim/images/rolling.png
[5.572s] -- Up-to-date: /home/minkhanttun/ros2_ws/install/turtlesim/share/turtlesim/launch
[5.572s] -- Up-to-date: /home/minkhanttun/ros2_ws/install/turtlesim/share/turtlesim/launch/multisim.launch.py
[5.574s] -- Up-to-date: /home/minkhanttun/ros2_ws/install/turtlesim/share/ament_index/resource_index/package_run_dependencies/turtlesim
[5.577s] -- Up-to-date: /home/minkhanttun/ros2_ws/install/turtlesim/share/ament_index/resource_index/parent_prefix_path/turtlesim
[5.578s] -- Up-to-date: /home/minkhanttun/ros2_ws/install/turtlesim/share/turtlesim/environment/ament_prefix_path.sh
[5.578s] -- Up-to-date: /home/minkhanttun/ros2_ws/install/turtlesim/share/turtlesim/environment/ament_prefix_path.dsv
[5.579s] -- Up-to-date: /home/minkhanttun/ros2_ws/install/turtlesim/share/turtlesim/environment/path.sh
[5.580s] -- Up-to-date: /home/minkhanttun/ros2_ws/install/turtlesim/share/turtlesim/environment/path.dsv
[5.580s] -- Up-to-date: /home/minkhanttun/ros2_ws/install/turtlesim/share/turtlesim/local_setup.bash
[5.580s] -- Up-to-date: /home/minkhanttun/ros2_ws/install/turtlesim/share/turtlesim/local_setup.sh
[5.580s] -- Up-to-date: /home/minkhanttun/ros2_ws/install/turtlesim/share/turtlesim/local_setup.zsh
[5.581s] -- Up-to-date: /home/minkhanttun/ros2_ws/install/turtlesim/share/turtlesim/local_setup.dsv
[5.581s] -- Installing: /home/minkhanttun/ros2_ws/install/turtlesim/share/turtlesim/package.dsv
[5.581s] -- Up-to-date: /home/minkhanttun/ros2_ws/install/turtlesim/share/ament_index/resource_index/packages/turtlesim
[5.581s] -- Up-to-date: /home/minkhanttun/ros2_ws/install/turtlesim/share/turtlesim/cmake/export_turtlesim__rosidl_generator_cExport.cmake
[5.581s] -- Up-to-date: /home/minkhanttun/ros2_ws/install/turtlesim/share/turtlesim/cmake/export_turtlesim__rosidl_generator_cExport-noconfig.cmake
[5.582s] -- Up-to-date: /home/minkhanttun/ros2_ws/install/turtlesim/share/turtlesim/cmake/export_turtlesim__rosidl_typesupport_fastrtps_cExport.cmake
[5.586s] -- Up-to-date: /home/minkhanttun/ros2_ws/install/turtlesim/share/turtlesim/cmake/export_turtlesim__rosidl_typesupport_fastrtps_cExport-noconfig.cmake
[5.586s] -- Up-to-date: /home/minkhanttun/ros2_ws/install/turtlesim/share/turtlesim/cmake/export_turtlesim__rosidl_generator_cppExport.cmake
[5.587s] -- Up-to-date: /home/minkhanttun/ros2_ws/install/turtlesim/share/turtlesim/cmake/export_turtlesim__rosidl_typesupport_fastrtps_cppExport.cmake
[5.587s] -- Up-to-date: /home/minkhanttun/ros2_ws/install/turtlesim/share/turtlesim/cmake/export_turtlesim__rosidl_typesupport_fastrtps_cppExport-noconfig.cmake
[5.587s] -- Up-to-date: /home/minkhanttun/ros2_ws/install/turtlesim/share/turtlesim/cmake/turtlesim__rosidl_typesupport_introspection_cExport.cmake
[5.587s] -- Up-to-date: /home/minkhanttun/ros2_ws/install/turtlesim/share/turtlesim/cmake/turtlesim__rosidl_typesupport_introspection_cExport-noconfig.cmake
[5.588s] -- Up-to-date: /home/minkhanttun/ros2_ws/install/turtlesim/share/turtlesim/cmake/turtlesim__rosidl_typesupport_cExport.cmake
[5.588s] -- Up-to-date: /home/minkhanttun/ros2_ws/install/turtlesim/share/turtlesim/cmake/turtlesim__rosidl_typesupport_cExport-noconfig.cmake
[5.588s] -- Up-to-date: /home/minkhanttun/ros2_ws/install/turtlesim/share/turtlesim/cmake/turtlesim__rosidl_typesupport_introspection_cppExport.cmake
[5.588s] -- Up-to-date: /home/minkhanttun/ros2_ws/install/turtlesim/share/turtlesim/cmake/turtlesim__rosidl_typesupport_introspection_cppExport-noconfig.cmake
[5.588s] -- Up-to-date: /home/minkhanttun/ros2_ws/install/turtlesim/share/turtlesim/cmake/turtlesim__rosidl_typesupport_cppExport.cmake
[5.588s] -- Up-to-date: /home/minkhanttun/ros2_ws/install/turtlesim/share/turtlesim/cmake/turtlesim__rosidl_typesupport_cppExport-noconfig.cmake
[5.588s] -- Up-to-date: /home/minkhanttun/ros2_ws/install/turtlesim/share/turtlesim/cmake/export_turtlesim__rosidl_generator_pyExport.cmake
[5.589s] -- Up-to-date: /home/minkhanttun/ros2_ws/install/turtlesim/share/turtlesim/cmake/export_turtlesim__rosidl_generator_pyExport-noconfig.cmake
[5.589s] -- Up-to-date: /home/minkhanttun/ros2_ws/install/turtlesim/share/turtlesim/cmake/rosidl_cmake-extras.cmake
[5.599s] -- Up-to-date: /home/minkhanttun/ros2_ws/install/turtlesim/share/turtlesim/cmake/ament_cmake_export_dependencies-extras.cmake
[5.599s] -- Up-to-date: /home/minkhanttun/ros2_ws/install/turtlesim/share/turtlesim/cmake/ament_cmake_export_include_directories-extras.cmake
[5.599s] -- Up-to-date: /home/minkhanttun/ros2_ws/install/turtlesim/share/turtlesim/cmake/ament_cmake_export_libraries-extras.cmake
[5.599s] -- Up-to-date: /home/minkhanttun/ros2_ws/install/turtlesim/share/turtlesim/cmake/ament_cmake_export_targets-extras.cmake
[5.600s] -- Up-to-date: /home/minkhanttun/ros2_ws/install/turtlesim/share/turtlesim/cmake/rosidl_cmake_export_typesupport_targets-extras.cmake
[5.600s] -- Up-to-date: /home/minkhanttun/ros2_ws/install/turtlesim/share/turtlesim/cmake/rosidl_cmake_export_typesupport_libraries-extras.cmake
[5.600s] -- Up-to-date: /home/minkhanttun/ros2_ws/install/turtlesim/share/turtlesim/cmake/turtlesimConfig.cmake
[5.600s] -- Up-to-date: /home/minkhanttun/ros2_ws/install/turtlesim/share/turtlesim/cmake/turtlesimConfig-version.cmake
[5.600s] -- Up-to-date: /home/minkhanttun/ros2_ws/install/turtlesim/share/turtlesim/package.xml
[5.616s] Invoked command in '/home/minkhanttun/ros2_ws/build/turtlesim' returned '0': CMAKE_PREFIX_PATH=${CMAKE_PREFIX_PATH}:/opt/ros/jazzy DEBUGINFOD_URLS=https://debuginfod.ubuntu.com /usr/bin/cmake --install /home/minkhanttun/ros2_ws/build/turtlesim
