[0.066s] Invoking command in '/home/minkhanttun/ros2_ws/build/polygon_base': CMAKE_PREFIX_PATH=${CMAKE_PREFIX_PATH}:/opt/ros/jazzy DEBUGINFOD_URLS=https://debuginfod.ubuntu.com /usr/bin/cmake --build /home/minkhanttun/ros2_ws/build/polygon_base -- -j4 -l4
[0.348s] [100%] Built target area_node
[0.492s] Invoked command in '/home/minkhanttun/ros2_ws/build/polygon_base' returned '0': CMAKE_PREFIX_PATH=${CMAKE_PREFIX_PATH}:/opt/ros/jazzy DEBUGINFOD_URLS=https://debuginfod.ubuntu.com /usr/bin/cmake --build /home/minkhanttun/ros2_ws/build/polygon_base -- -j4 -l4
[0.672s] Invoking command in '/home/minkhanttun/ros2_ws/build/polygon_base': CMAKE_PREFIX_PATH=${CMAKE_PREFIX_PATH}:/opt/ros/jazzy DEBUGINFOD_URLS=https://debuginfod.ubuntu.com /usr/bin/cmake --install /home/minkhanttun/ros2_ws/build/polygon_base
[0.816s] -- Install configuration: ""
[0.833s] -- Up-to-date: /home/minkhanttun/ros2_ws/install/polygon_base/lib/polygon_base/area_node
[0.833s] -- Up-to-date: /home/minkhanttun/ros2_ws/install/polygon_base/include
[0.835s] -- Up-to-date: /home/minkhanttun/ros2_ws/install/polygon_base/include/polygon_base
[0.836s] -- Up-to-date: /home/minkhanttun/ros2_ws/install/polygon_base/include/polygon_base/regular_polygon.hpp
[0.836s] -- Up-to-date: /home/minkhanttun/ros2_ws/install/polygon_base/share/ament_index/resource_index/package_run_dependencies/polygon_base
[0.842s] -- Up-to-date: /home/minkhanttun/ros2_ws/install/polygon_base/share/ament_index/resource_index/parent_prefix_path/polygon_base
[0.842s] -- Up-to-date: /home/minkhanttun/ros2_ws/install/polygon_base/share/polygon_base/environment/ament_prefix_path.sh
[0.843s] -- Up-to-date: /home/minkhanttun/ros2_ws/install/polygon_base/share/polygon_base/environment/ament_prefix_path.dsv
[0.843s] -- Up-to-date: /home/minkhanttun/ros2_ws/install/polygon_base/share/polygon_base/environment/path.sh
[0.845s] -- Up-to-date: /home/minkhanttun/ros2_ws/install/polygon_base/share/polygon_base/environment/path.dsv
[0.845s] -- Up-to-date: /home/minkhanttun/ros2_ws/install/polygon_base/share/polygon_base/local_setup.bash
[0.847s] -- Up-to-date: /home/minkhanttun/ros2_ws/install/polygon_base/share/polygon_base/local_setup.sh
[0.847s] -- Up-to-date: /home/minkhanttun/ros2_ws/install/polygon_base/share/polygon_base/local_setup.zsh
[0.847s] -- Up-to-date: /home/minkhanttun/ros2_ws/install/polygon_base/share/polygon_base/local_setup.dsv
[0.852s] -- Installing: /home/minkhanttun/ros2_ws/install/polygon_base/share/polygon_base/package.dsv
[0.853s] -- Up-to-date: /home/minkhanttun/ros2_ws/install/polygon_base/share/ament_index/resource_index/packages/polygon_base
[0.853s] -- Up-to-date: /home/minkhanttun/ros2_ws/install/polygon_base/share/polygon_base/cmake/ament_cmake_export_include_directories-extras.cmake
[0.853s] -- Up-to-date: /home/minkhanttun/ros2_ws/install/polygon_base/share/polygon_base/cmake/polygon_baseConfig.cmake
[0.853s] -- Up-to-date: /home/minkhanttun/ros2_ws/install/polygon_base/share/polygon_base/cmake/polygon_baseConfig-version.cmake
[0.858s] -- Up-to-date: /home/minkhanttun/ros2_ws/install/polygon_base/share/polygon_base/package.xml
[0.866s] Invoked command in '/home/minkhanttun/ros2_ws/build/polygon_base' returned '0': CMAKE_PREFIX_PATH=${CMAKE_PREFIX_PATH}:/opt/ros/jazzy DEBUGINFOD_URLS=https://debuginfod.ubuntu.com /usr/bin/cmake --install /home/minkhanttun/ros2_ws/build/polygon_base
