[0.043s] Invoking command in '/home/minkhanttun/ros2_ws/build/polygon_plugins': CMAKE_PREFIX_PATH=/home/minkhanttun/ros2_ws/install/polygon_base:/home/minkhanttun/ros2_ws/install/cpp_srvcli:/home/minkhanttun/ros2_ws/install/cpp_pubsub:/home/minkhanttun/ros2_ws/install/tutorial_interfaces:/home/minkhanttun/ros2_ws/install/turtlesim:/home/minkhanttun/ros2_ws/install/polygon_plugins:/home/minkhanttun/ros2_ws/install/launch_tutorial:/home/minkhanttun/ros2_ws/install/custom_action_cpp:/home/minkhanttun/ros2_ws/install/custom_action_interfaces:/home/minkhanttun/ros2_ws/install/cpp_parameters:/home/minkhanttun/ros2_ws/install/cpp_parameter_event_handler:/opt/ros/jazzy/opt/gz_math_vendor:/opt/ros/jazzy/opt/gz_utils_vendor:/opt/ros/jazzy/opt/gz_cmake_vendor:/opt/ros/jazzy DEBUGINFOD_URLS=https://debuginfod.ubuntu.com /usr/bin/cmake /home/minkhanttun/ros2_ws/src/polygon_plugins -DCMAKE_INSTALL_PREFIX=/home/minkhanttun/ros2_ws/install/polygon_plugins
[0.402s] -- The C compiler identification is GNU 14.2.0
[0.746s] -- The CXX compiler identification is GNU 14.2.0
[0.806s] -- Detecting C compiler ABI info
[1.213s] -- Detecting C compiler ABI info - done
[1.271s] -- Check for working C compiler: /usr/bin/cc - skipped
[1.274s] -- Detecting C compile features
[1.276s] -- Detecting C compile features - done
[1.283s] -- Detecting CXX compiler ABI info
[1.839s] -- Detecting CXX compiler ABI info - done
[1.891s] -- Check for working CXX compiler: /usr/bin/c++ - skipped
[1.892s] -- Detecting CXX compile features
[1.895s] -- Detecting CXX compile features - done
[1.910s] -- Found ament_cmake: 2.5.3 (/opt/ros/jazzy/share/ament_cmake/cmake)
[2.284s] -- Found Python3: /usr/bin/python3 (found version "3.12.7") found components: Interpreter
[2.725s] -- Found ament_cmake_ros: 0.12.0 (/opt/ros/jazzy/share/ament_cmake_ros/cmake)
[2.755s] -- Found polygon_base: 0.0.0 (/home/minkhanttun/ros2_ws/install/polygon_base/share/polygon_base/cmake)
[2.765s] -- Found pluginlib: 5.4.2 (/opt/ros/jazzy/share/pluginlib/cmake)
[2.871s] -- Found TinyXML2 via Config file: /usr/lib/aarch64-linux-gnu/cmake/tinyxml2
[2.887s] -- Found ament_lint_auto: 0.17.1 (/opt/ros/jazzy/share/ament_lint_auto/cmake)
[3.319s] -- Added test 'cppcheck' to perform static code analysis on C / C++ code
[3.319s] -- Configured cppcheck include dirs: $<BUILD_INTERFACE:/home/minkhanttun/ros2_ws/src/polygon_plugins/include>
[3.320s] -- Configured cppcheck exclude dirs and/or files: 
[3.321s] -- Added test 'lint_cmake' to check CMake code style
[3.324s] -- Added test 'uncrustify' to check C / C++ code style
[3.324s] -- Configured uncrustify additional arguments: 
[3.326s] -- Added test 'xmllint' to check XML markup files
[3.346s] -- Configuring done (3.2s)
[3.364s] -- Generating done (0.0s)
[3.369s] -- Build files have been written to: /home/minkhanttun/ros2_ws/build/polygon_plugins
[3.388s] Invoked command in '/home/minkhanttun/ros2_ws/build/polygon_plugins' returned '0': CMAKE_PREFIX_PATH=/home/minkhanttun/ros2_ws/install/polygon_base:/home/minkhanttun/ros2_ws/install/cpp_srvcli:/home/minkhanttun/ros2_ws/install/cpp_pubsub:/home/minkhanttun/ros2_ws/install/tutorial_interfaces:/home/minkhanttun/ros2_ws/install/turtlesim:/home/minkhanttun/ros2_ws/install/polygon_plugins:/home/minkhanttun/ros2_ws/install/launch_tutorial:/home/minkhanttun/ros2_ws/install/custom_action_cpp:/home/minkhanttun/ros2_ws/install/custom_action_interfaces:/home/minkhanttun/ros2_ws/install/cpp_parameters:/home/minkhanttun/ros2_ws/install/cpp_parameter_event_handler:/opt/ros/jazzy/opt/gz_math_vendor:/opt/ros/jazzy/opt/gz_utils_vendor:/opt/ros/jazzy/opt/gz_cmake_vendor:/opt/ros/jazzy DEBUGINFOD_URLS=https://debuginfod.ubuntu.com /usr/bin/cmake /home/minkhanttun/ros2_ws/src/polygon_plugins -DCMAKE_INSTALL_PREFIX=/home/minkhanttun/ros2_ws/install/polygon_plugins
[3.391s] Invoking command in '/home/minkhanttun/ros2_ws/build/polygon_plugins': CMAKE_PREFIX_PATH=/home/minkhanttun/ros2_ws/install/polygon_base:/home/minkhanttun/ros2_ws/install/cpp_srvcli:/home/minkhanttun/ros2_ws/install/cpp_pubsub:/home/minkhanttun/ros2_ws/install/tutorial_interfaces:/home/minkhanttun/ros2_ws/install/turtlesim:/home/minkhanttun/ros2_ws/install/polygon_plugins:/home/minkhanttun/ros2_ws/install/launch_tutorial:/home/minkhanttun/ros2_ws/install/custom_action_cpp:/home/minkhanttun/ros2_ws/install/custom_action_interfaces:/home/minkhanttun/ros2_ws/install/cpp_parameters:/home/minkhanttun/ros2_ws/install/cpp_parameter_event_handler:/opt/ros/jazzy/opt/gz_math_vendor:/opt/ros/jazzy/opt/gz_utils_vendor:/opt/ros/jazzy/opt/gz_cmake_vendor:/opt/ros/jazzy DEBUGINFOD_URLS=https://debuginfod.ubuntu.com /usr/bin/cmake --build /home/minkhanttun/ros2_ws/build/polygon_plugins -- -j4 -l4
[3.643s] [ 50%] [32mBuilding CXX object CMakeFiles/polygon_plugins.dir/src/polygon_plugins.cpp.o[0m
[6.634s] [100%] [32m[1mLinking CXX shared library libpolygon_plugins.so[0m
[6.969s] [100%] Built target polygon_plugins
[7.035s] Invoked command in '/home/minkhanttun/ros2_ws/build/polygon_plugins' returned '0': CMAKE_PREFIX_PATH=/home/minkhanttun/ros2_ws/install/polygon_base:/home/minkhanttun/ros2_ws/install/cpp_srvcli:/home/minkhanttun/ros2_ws/install/cpp_pubsub:/home/minkhanttun/ros2_ws/install/tutorial_interfaces:/home/minkhanttun/ros2_ws/install/turtlesim:/home/minkhanttun/ros2_ws/install/polygon_plugins:/home/minkhanttun/ros2_ws/install/launch_tutorial:/home/minkhanttun/ros2_ws/install/custom_action_cpp:/home/minkhanttun/ros2_ws/install/custom_action_interfaces:/home/minkhanttun/ros2_ws/install/cpp_parameters:/home/minkhanttun/ros2_ws/install/cpp_parameter_event_handler:/opt/ros/jazzy/opt/gz_math_vendor:/opt/ros/jazzy/opt/gz_utils_vendor:/opt/ros/jazzy/opt/gz_cmake_vendor:/opt/ros/jazzy DEBUGINFOD_URLS=https://debuginfod.ubuntu.com /usr/bin/cmake --build /home/minkhanttun/ros2_ws/build/polygon_plugins -- -j4 -l4
[7.035s] Invoking command in '/home/minkhanttun/ros2_ws/build/polygon_plugins': CMAKE_PREFIX_PATH=/home/minkhanttun/ros2_ws/install/polygon_base:/home/minkhanttun/ros2_ws/install/cpp_srvcli:/home/minkhanttun/ros2_ws/install/cpp_pubsub:/home/minkhanttun/ros2_ws/install/tutorial_interfaces:/home/minkhanttun/ros2_ws/install/turtlesim:/home/minkhanttun/ros2_ws/install/polygon_plugins:/home/minkhanttun/ros2_ws/install/launch_tutorial:/home/minkhanttun/ros2_ws/install/custom_action_cpp:/home/minkhanttun/ros2_ws/install/custom_action_interfaces:/home/minkhanttun/ros2_ws/install/cpp_parameters:/home/minkhanttun/ros2_ws/install/cpp_parameter_event_handler:/opt/ros/jazzy/opt/gz_math_vendor:/opt/ros/jazzy/opt/gz_utils_vendor:/opt/ros/jazzy/opt/gz_cmake_vendor:/opt/ros/jazzy DEBUGINFOD_URLS=https://debuginfod.ubuntu.com /usr/bin/cmake --install /home/minkhanttun/ros2_ws/build/polygon_plugins
[7.070s] -- Install configuration: ""
[7.071s] -- Installing: /home/minkhanttun/ros2_ws/install/polygon_plugins/share/polygon_plugins/plugins.xml
[7.072s] -- Installing: /home/minkhanttun/ros2_ws/install/polygon_plugins/include/polygon_plugins
[7.072s] -- Installing: /home/minkhanttun/ros2_ws/install/polygon_plugins/include/polygon_plugins/polygon_plugins
[7.072s] -- Installing: /home/minkhanttun/ros2_ws/install/polygon_plugins/include/polygon_plugins/polygon_plugins/visibility_control.h
[7.072s] -- Installing: /home/minkhanttun/ros2_ws/install/polygon_plugins/include/polygon_plugins/polygon_plugins/polygon_plugins.hpp
[7.073s] -- Installing: /home/minkhanttun/ros2_ws/install/polygon_plugins/lib/libpolygon_plugins.so
[7.078s] -- Set non-toolchain portion of runtime path of "/home/minkhanttun/ros2_ws/install/polygon_plugins/lib/libpolygon_plugins.so" to ""
[7.079s] -- Installing: /home/minkhanttun/ros2_ws/install/polygon_plugins/share/polygon_plugins/environment/library_path.sh
[7.079s] -- Installing: /home/minkhanttun/ros2_ws/install/polygon_plugins/share/polygon_plugins/environment/library_path.dsv
[7.079s] -- Installing: /home/minkhanttun/ros2_ws/install/polygon_plugins/share/ament_index/resource_index/package_run_dependencies/polygon_plugins
[7.080s] -- Installing: /home/minkhanttun/ros2_ws/install/polygon_plugins/share/ament_index/resource_index/parent_prefix_path/polygon_plugins
[7.083s] -- Installing: /home/minkhanttun/ros2_ws/install/polygon_plugins/share/polygon_plugins/environment/ament_prefix_path.sh
[7.083s] -- Installing: /home/minkhanttun/ros2_ws/install/polygon_plugins/share/polygon_plugins/environment/ament_prefix_path.dsv
[7.083s] -- Installing: /home/minkhanttun/ros2_ws/install/polygon_plugins/share/polygon_plugins/environment/path.sh
[7.083s] -- Installing: /home/minkhanttun/ros2_ws/install/polygon_plugins/share/polygon_plugins/environment/path.dsv
[7.084s] -- Installing: /home/minkhanttun/ros2_ws/install/polygon_plugins/share/polygon_plugins/local_setup.bash
[7.085s] -- Installing: /home/minkhanttun/ros2_ws/install/polygon_plugins/share/polygon_plugins/local_setup.sh
[7.086s] -- Installing: /home/minkhanttun/ros2_ws/install/polygon_plugins/share/polygon_plugins/local_setup.zsh
[7.087s] -- Installing: /home/minkhanttun/ros2_ws/install/polygon_plugins/share/polygon_plugins/local_setup.dsv
[7.087s] -- Installing: /home/minkhanttun/ros2_ws/install/polygon_plugins/share/polygon_plugins/package.dsv
[7.090s] -- Installing: /home/minkhanttun/ros2_ws/install/polygon_plugins/share/ament_index/resource_index/packages/polygon_plugins
[7.090s] -- Installing: /home/minkhanttun/ros2_ws/install/polygon_plugins/share/ament_index/resource_index/polygon_base__pluginlib__plugin/polygon_plugins
[7.091s] -- Installing: /home/minkhanttun/ros2_ws/install/polygon_plugins/share/polygon_plugins/cmake/export_polygon_pluginsExport.cmake
[7.091s] -- Installing: /home/minkhanttun/ros2_ws/install/polygon_plugins/share/polygon_plugins/cmake/export_polygon_pluginsExport-noconfig.cmake
[7.091s] -- Installing: /home/minkhanttun/ros2_ws/install/polygon_plugins/share/polygon_plugins/cmake/ament_cmake_export_include_directories-extras.cmake
[7.092s] -- Installing: /home/minkhanttun/ros2_ws/install/polygon_plugins/share/polygon_plugins/cmake/ament_cmake_export_libraries-extras.cmake
[7.094s] -- Installing: /home/minkhanttun/ros2_ws/install/polygon_plugins/share/polygon_plugins/cmake/ament_cmake_export_targets-extras.cmake
[7.094s] -- Installing: /home/minkhanttun/ros2_ws/install/polygon_plugins/share/polygon_plugins/cmake/polygon_pluginsConfig.cmake
[7.094s] -- Installing: /home/minkhanttun/ros2_ws/install/polygon_plugins/share/polygon_plugins/cmake/polygon_pluginsConfig-version.cmake
[7.094s] -- Installing: /home/minkhanttun/ros2_ws/install/polygon_plugins/share/polygon_plugins/package.xml
[7.104s] Invoked command in '/home/minkhanttun/ros2_ws/build/polygon_plugins' returned '0': CMAKE_PREFIX_PATH=/home/minkhanttun/ros2_ws/install/polygon_base:/home/minkhanttun/ros2_ws/install/cpp_srvcli:/home/minkhanttun/ros2_ws/install/cpp_pubsub:/home/minkhanttun/ros2_ws/install/tutorial_interfaces:/home/minkhanttun/ros2_ws/install/turtlesim:/home/minkhanttun/ros2_ws/install/polygon_plugins:/home/minkhanttun/ros2_ws/install/launch_tutorial:/home/minkhanttun/ros2_ws/install/custom_action_cpp:/home/minkhanttun/ros2_ws/install/custom_action_interfaces:/home/minkhanttun/ros2_ws/install/cpp_parameters:/home/minkhanttun/ros2_ws/install/cpp_parameter_event_handler:/opt/ros/jazzy/opt/gz_math_vendor:/opt/ros/jazzy/opt/gz_utils_vendor:/opt/ros/jazzy/opt/gz_cmake_vendor:/opt/ros/jazzy DEBUGINFOD_URLS=https://debuginfod.ubuntu.com /usr/bin/cmake --install /home/minkhanttun/ros2_ws/build/polygon_plugins
