[0.026s] Invoking command in '/home/minkhanttun/ros2_ws/build/cpp_parameters': CMAKE_PREFIX_PATH=${CMAKE_PREFIX_PATH}:/opt/ros/jazzy DEBUGINFOD_URLS=https://debuginfod.ubuntu.com /usr/bin/cmake /home/minkhanttun/ros2_ws/src/cpp_parameters -DCMAKE_INSTALL_PREFIX=/home/minkhanttun/ros2_ws/install/cpp_parameters
[0.341s] -- The C compiler identification is GNU 14.2.0
[0.720s] -- The CXX compiler identification is GNU 14.2.0
[0.794s] -- Detecting C compiler ABI info
[1.461s] -- Detecting C compiler ABI info - done
[1.552s] -- Check for working C compiler: /usr/bin/cc - skipped
[1.552s] -- Detecting C compile features
[1.552s] -- Detecting C compile features - done
[1.572s] -- Detecting CXX compiler ABI info
[2.103s] -- Detecting CXX compiler ABI info - done
[2.175s] -- Check for working CXX compiler: /usr/bin/c++ - skipped
[2.175s] -- Detecting CXX compile features
[2.178s] -- Detecting CXX compile features - done
[2.191s] -- Found ament_cmake: 2.5.3 (/opt/ros/jazzy/share/ament_cmake/cmake)
[2.770s] -- Found Python3: /usr/bin/python3 (found version "3.12.7") found components: Interpreter
[3.461s] -- Found rclcpp: 28.1.6 (/opt/ros/jazzy/share/rclcpp/cmake)
[3.611s] -- Found rosidl_generator_c: 4.6.5 (/opt/ros/jazzy/share/rosidl_generator_c/cmake)
[3.639s] -- Found rosidl_generator_cpp: 4.6.5 (/opt/ros/jazzy/share/rosidl_generator_cpp/cmake)
[3.674s] -- Using all available rosidl_typesupport_c: rosidl_typesupport_fastrtps_c;rosidl_typesupport_introspection_c
[3.734s] -- Using all available rosidl_typesupport_cpp: rosidl_typesupport_fastrtps_cpp;rosidl_typesupport_introspection_cpp
[3.924s] -- Found rmw_implementation_cmake: 7.3.1 (/opt/ros/jazzy/share/rmw_implementation_cmake/cmake)
[3.932s] -- Found rmw_fastrtps_cpp: 8.4.1 (/opt/ros/jazzy/share/rmw_fastrtps_cpp/cmake)
[4.239s] -- Found OpenSSL: /usr/lib/aarch64-linux-gnu/libcrypto.so (found version "3.3.1")
[4.296s] -- Found FastRTPS: /opt/ros/jazzy/include (Required is at least version "2.13")
[4.429s] -- Using RMW implementation 'rmw_fastrtps_cpp' as default
[4.646s] -- Found ament_lint_auto: 0.17.1 (/opt/ros/jazzy/share/ament_lint_auto/cmake)
[5.041s] -- Added test 'cppcheck' to perform static code analysis on C / C++ code
[5.042s] -- Configured cppcheck include dirs: 
[5.042s] -- Configured cppcheck exclude dirs and/or files: 
[5.045s] -- Added test 'flake8' to check Python code syntax and style conventions
[5.048s] -- Configured 'flake8' exclude dirs and/or files: 
[5.049s] -- Added test 'lint_cmake' to check CMake code style
[5.051s] -- Added test 'pep257' to check Python code against some of the docstring style conventions in PEP 257
[5.054s] -- Added test 'uncrustify' to check C / C++ code style
[5.054s] -- Configured uncrustify additional arguments: 
[5.055s] -- Added test 'xmllint' to check XML markup files
[5.059s] -- Configuring done (5.0s)
[5.086s] -- Generating done (0.0s)
[5.095s] -- Build files have been written to: /home/minkhanttun/ros2_ws/build/cpp_parameters
[5.133s] Invoked command in '/home/minkhanttun/ros2_ws/build/cpp_parameters' returned '0': CMAKE_PREFIX_PATH=${CMAKE_PREFIX_PATH}:/opt/ros/jazzy DEBUGINFOD_URLS=https://debuginfod.ubuntu.com /usr/bin/cmake /home/minkhanttun/ros2_ws/src/cpp_parameters -DCMAKE_INSTALL_PREFIX=/home/minkhanttun/ros2_ws/install/cpp_parameters
[5.136s] Invoking command in '/home/minkhanttun/ros2_ws/build/cpp_parameters': CMAKE_PREFIX_PATH=${CMAKE_PREFIX_PATH}:/opt/ros/jazzy DEBUGINFOD_URLS=https://debuginfod.ubuntu.com /usr/bin/cmake --build /home/minkhanttun/ros2_ws/build/cpp_parameters -- -j4 -l4
[5.393s] [ 50%] [32mBuilding CXX object CMakeFiles/minimal_param_node.dir/src/cpp_parameters_node.cpp.o[0m
[22.180s] [100%] [32m[1mLinking CXX executable minimal_param_node[0m
[23.203s] [100%] Built target minimal_param_node
[23.267s] Invoked command in '/home/minkhanttun/ros2_ws/build/cpp_parameters' returned '0': CMAKE_PREFIX_PATH=${CMAKE_PREFIX_PATH}:/opt/ros/jazzy DEBUGINFOD_URLS=https://debuginfod.ubuntu.com /usr/bin/cmake --build /home/minkhanttun/ros2_ws/build/cpp_parameters -- -j4 -l4
[23.269s] Invoking command in '/home/minkhanttun/ros2_ws/build/cpp_parameters': CMAKE_PREFIX_PATH=${CMAKE_PREFIX_PATH}:/opt/ros/jazzy DEBUGINFOD_URLS=https://debuginfod.ubuntu.com /usr/bin/cmake --install /home/minkhanttun/ros2_ws/build/cpp_parameters
[23.309s] -- Install configuration: ""
[23.310s] -- Installing: /home/minkhanttun/ros2_ws/install/cpp_parameters/lib/cpp_parameters/minimal_param_node
[23.312s] -- Set non-toolchain portion of runtime path of "/home/minkhanttun/ros2_ws/install/cpp_parameters/lib/cpp_parameters/minimal_param_node" to ""
[23.312s] -- Installing: /home/minkhanttun/ros2_ws/install/cpp_parameters/share/cpp_parameters/launch
[23.312s] -- Installing: /home/minkhanttun/ros2_ws/install/cpp_parameters/share/cpp_parameters/launch/cpp_parameters_launch.py
[23.312s] -- Installing: /home/minkhanttun/ros2_ws/install/cpp_parameters/share/ament_index/resource_index/package_run_dependencies/cpp_parameters
[23.318s] -- Installing: /home/minkhanttun/ros2_ws/install/cpp_parameters/share/ament_index/resource_index/parent_prefix_path/cpp_parameters
[23.318s] -- Installing: /home/minkhanttun/ros2_ws/install/cpp_parameters/share/cpp_parameters/environment/ament_prefix_path.sh
[23.318s] -- Installing: /home/minkhanttun/ros2_ws/install/cpp_parameters/share/cpp_parameters/environment/ament_prefix_path.dsv
[23.319s] -- Installing: /home/minkhanttun/ros2_ws/install/cpp_parameters/share/cpp_parameters/environment/path.sh
[23.320s] -- Installing: /home/minkhanttun/ros2_ws/install/cpp_parameters/share/cpp_parameters/environment/path.dsv
[23.320s] -- Installing: /home/minkhanttun/ros2_ws/install/cpp_parameters/share/cpp_parameters/local_setup.bash
[23.320s] -- Installing: /home/minkhanttun/ros2_ws/install/cpp_parameters/share/cpp_parameters/local_setup.sh
[23.321s] -- Installing: /home/minkhanttun/ros2_ws/install/cpp_parameters/share/cpp_parameters/local_setup.zsh
[23.323s] -- Installing: /home/minkhanttun/ros2_ws/install/cpp_parameters/share/cpp_parameters/local_setup.dsv
[23.327s] -- Installing: /home/minkhanttun/ros2_ws/install/cpp_parameters/share/cpp_parameters/package.dsv
[23.327s] -- Installing: /home/minkhanttun/ros2_ws/install/cpp_parameters/share/ament_index/resource_index/packages/cpp_parameters
[23.327s] -- Installing: /home/minkhanttun/ros2_ws/install/cpp_parameters/share/cpp_parameters/cmake/cpp_parametersConfig.cmake
[23.328s] -- Installing: /home/minkhanttun/ros2_ws/install/cpp_parameters/share/cpp_parameters/cmake/cpp_parametersConfig-version.cmake
[23.328s] -- Installing: /home/minkhanttun/ros2_ws/install/cpp_parameters/share/cpp_parameters/package.xml
[23.353s] Invoked command in '/home/minkhanttun/ros2_ws/build/cpp_parameters' returned '0': CMAKE_PREFIX_PATH=${CMAKE_PREFIX_PATH}:/opt/ros/jazzy DEBUGINFOD_URLS=https://debuginfod.ubuntu.com /usr/bin/cmake --install /home/minkhanttun/ros2_ws/build/cpp_parameters
