[0.105s] Invoking command in '/home/minkhanttun/ros2_ws/build/turtlesim': CMAKE_PREFIX_PATH=${CMAKE_PREFIX_PATH}:/opt/ros/jazzy DEBUGINFOD_URLS=https://debuginfod.ubuntu.com /usr/bin/cmake --build /home/minkhanttun/ros2_ws/build/turtlesim -- -j4 -l4
[0.573s] [  0%] Built target turtlesim__rosidl_generator_type_description
[0.716s] [  0%] Built target ament_cmake_python_copy_turtlesim
[0.899s] [ 23%] Built target turtlesim__rosidl_generator_c
[0.900s] [ 24%] Built target turtlesim__cpp
[1.170s] [ 33%] Built target turtlesim__rosidl_typesupport_introspection_c
[1.275s] [ 42%] Built target turtlesim__rosidl_typesupport_c
[1.399s] [ 50%] Built target turtlesim__rosidl_typesupport_fastrtps_c
[1.471s] [ 58%] Built target turtlesim__rosidl_typesupport_introspection_cpp
[1.568s] [ 67%] Built target turtlesim__rosidl_typesupport_cpp
[1.782s] [ 76%] Built target turtlesim__rosidl_typesupport_fastrtps_cpp
[1.981s] [ 78%] Built target turtle_teleop_key
[2.081s] [ 83%] Built target turtlesim_node
[2.207s] [ 84%] Built target draw_square
[2.333s] [ 84%] Built target turtlesim
[2.446s] [ 86%] Built target mimic
[2.650s] [ 86%] Built target turtlesim__py
[2.869s] [ 94%] Built target turtlesim__rosidl_generator_py
[3.098s] [ 96%] Built target turtlesim_s__rosidl_typesupport_introspection_c
[3.145s] [ 98%] Built target turtlesim_s__rosidl_typesupport_c
[3.149s] [100%] Built target turtlesim_s__rosidl_typesupport_fastrtps_c
[3.670s] running egg_info
[3.841s] writing turtlesim.egg-info/PKG-INFO
[3.847s] writing dependency_links to turtlesim.egg-info/dependency_links.txt
[3.853s] writing top-level names to turtlesim.egg-info/top_level.txt
[4.185s] reading manifest file 'turtlesim.egg-info/SOURCES.txt'
[4.185s] writing manifest file 'turtlesim.egg-info/SOURCES.txt'
[4.499s] [100%] Built target ament_cmake_python_build_turtlesim_egg
[4.685s] Invoked command in '/home/minkhanttun/ros2_ws/build/turtlesim' returned '0': CMAKE_PREFIX_PATH=${CMAKE_PREFIX_PATH}:/opt/ros/jazzy DEBUGINFOD_URLS=https://debuginfod.ubuntu.com /usr/bin/cmake --build /home/minkhanttun/ros2_ws/build/turtlesim -- -j4 -l4
[4.693s] Invoking command in '/home/minkhanttun/ros2_ws/build/turtlesim': CMAKE_PREFIX_PATH=${CMAKE_PREFIX_PATH}:/opt/ros/jazzy DEBUGINFOD_URLS=https://debuginfod.ubuntu.com /usr/bin/cmake --install /home/minkhanttun/ros2_ws/build/turtlesim
[4.744s] -- Install configuration: ""
[4.744s] -- Up-to-date: /home/minkhanttun/ros2_ws/install/turtlesim/share/ament_index/resource_index/rosidl_interfaces/turtlesim
[4.744s] -- Up-to-date: /home/minkhanttun/ros2_ws/install/turtlesim/share/turtlesim/action/RotateAbsolute.json
[4.744s] -- Up-to-date: /home/minkhanttun/ros2_ws/install/turtlesim/share/turtlesim/msg/Color.json
[4.744s] -- Up-to-date: /home/minkhanttun/ros2_ws/install/turtlesim/share/turtlesim/msg/Pose.json
[4.745s] -- Up-to-date: /home/minkhanttun/ros2_ws/install/turtlesim/share/turtlesim/srv/Kill.json
[4.745s] -- Up-to-date: /home/minkhanttun/ros2_ws/install/turtlesim/share/turtlesim/srv/SetPen.json
[4.745s] -- Up-to-date: /home/minkhanttun/ros2_ws/install/turtlesim/share/turtlesim/srv/Spawn.json
[4.745s] -- Up-to-date: /home/minkhanttun/ros2_ws/install/turtlesim/share/turtlesim/srv/TeleportAbsolute.json
[4.745s] -- Up-to-date: /home/minkhanttun/ros2_ws/install/turtlesim/share/turtlesim/srv/TeleportRelative.json
[4.756s] -- Up-to-date: /home/minkhanttun/ros2_ws/install/turtlesim/include/turtlesim/turtlesim
[4.756s] -- Up-to-date: /home/minkhanttun/ros2_ws/install/turtlesim/include/turtlesim/turtlesim/msg
[4.756s] -- Up-to-date: /home/minkhanttun/ros2_ws/install/turtlesim/include/turtlesim/turtlesim/msg/color.h
[4.757s] -- Up-to-date: /home/minkhanttun/ros2_ws/install/turtlesim/include/turtlesim/turtlesim/msg/detail
[4.757s] -- Up-to-date: /home/minkhanttun/ros2_ws/install/turtlesim/include/turtlesim/turtlesim/msg/detail/color__functions.c
[4.758s] -- Up-to-date: /home/minkhanttun/ros2_ws/install/turtlesim/include/turtlesim/turtlesim/msg/detail/color__struct.h
[4.768s] -- Up-to-date: /home/minkhanttun/ros2_ws/install/turtlesim/include/turtlesim/turtlesim/msg/detail/color__functions.h
[4.769s] -- Up-to-date: /home/minkhanttun/ros2_ws/install/turtlesim/include/turtlesim/turtlesim/msg/detail/pose__functions.h
[4.769s] -- Up-to-date: /home/minkhanttun/ros2_ws/install/turtlesim/include/turtlesim/turtlesim/msg/detail/pose__type_support.h
[4.769s] -- Installing: /home/minkhanttun/ros2_ws/install/turtlesim/include/turtlesim/turtlesim/msg/detail/color__type_support.c
[4.769s] -- Up-to-date: /home/minkhanttun/ros2_ws/install/turtlesim/include/turtlesim/turtlesim/msg/detail/pose__description.c
[4.769s] -- Up-to-date: /home/minkhanttun/ros2_ws/install/turtlesim/include/turtlesim/turtlesim/msg/detail/pose__struct.h
[4.770s] -- Up-to-date: /home/minkhanttun/ros2_ws/install/turtlesim/include/turtlesim/turtlesim/msg/detail/color__description.c
[4.770s] -- Installing: /home/minkhanttun/ros2_ws/install/turtlesim/include/turtlesim/turtlesim/msg/detail/pose__type_support.c
[4.770s] -- Up-to-date: /home/minkhanttun/ros2_ws/install/turtlesim/include/turtlesim/turtlesim/msg/detail/pose__functions.c
[4.770s] -- Up-to-date: /home/minkhanttun/ros2_ws/install/turtlesim/include/turtlesim/turtlesim/msg/detail/color__type_support.h
[4.773s] -- Up-to-date: /home/minkhanttun/ros2_ws/install/turtlesim/include/turtlesim/turtlesim/msg/rosidl_generator_c__visibility_control.h
[4.774s] -- Up-to-date: /home/minkhanttun/ros2_ws/install/turtlesim/include/turtlesim/turtlesim/msg/pose.h
[4.774s] -- Up-to-date: /home/minkhanttun/ros2_ws/install/turtlesim/include/turtlesim/turtlesim/srv
[4.774s] -- Up-to-date: /home/minkhanttun/ros2_ws/install/turtlesim/include/turtlesim/turtlesim/srv/kill.h
[4.775s] -- Up-to-date: /home/minkhanttun/ros2_ws/install/turtlesim/include/turtlesim/turtlesim/srv/detail
[4.775s] -- Up-to-date: /home/minkhanttun/ros2_ws/install/turtlesim/include/turtlesim/turtlesim/srv/detail/teleport_relative__type_support.h
[4.775s] -- Up-to-date: /home/minkhanttun/ros2_ws/install/turtlesim/include/turtlesim/turtlesim/srv/detail/spawn__functions.c
[4.775s] -- Installing: /home/minkhanttun/ros2_ws/install/turtlesim/include/turtlesim/turtlesim/srv/detail/kill__type_support.c
[4.775s] -- Up-to-date: /home/minkhanttun/ros2_ws/install/turtlesim/include/turtlesim/turtlesim/srv/detail/spawn__functions.h
[4.776s] -- Up-to-date: /home/minkhanttun/ros2_ws/install/turtlesim/include/turtlesim/turtlesim/srv/detail/spawn__struct.h
[4.776s] -- Up-to-date: /home/minkhanttun/ros2_ws/install/turtlesim/include/turtlesim/turtlesim/srv/detail/kill__functions.c
[4.783s] -- Up-to-date: /home/minkhanttun/ros2_ws/install/turtlesim/include/turtlesim/turtlesim/srv/detail/set_pen__struct.h
[4.795s] -- Up-to-date: /home/minkhanttun/ros2_ws/install/turtlesim/include/turtlesim/turtlesim/srv/detail/teleport_absolute__functions.c
[4.797s] -- Up-to-date: /home/minkhanttun/ros2_ws/install/turtlesim/include/turtlesim/turtlesim/srv/detail/spawn__type_support.h
[4.797s] -- Up-to-date: /home/minkhanttun/ros2_ws/install/turtlesim/include/turtlesim/turtlesim/srv/detail/kill__struct.h
[4.797s] -- Up-to-date: /home/minkhanttun/ros2_ws/install/turtlesim/include/turtlesim/turtlesim/srv/detail/set_pen__description.c
[4.797s] -- Up-to-date: /home/minkhanttun/ros2_ws/install/turtlesim/include/turtlesim/turtlesim/srv/detail/set_pen__functions.c
[4.798s] -- Up-to-date: /home/minkhanttun/ros2_ws/install/turtlesim/include/turtlesim/turtlesim/srv/detail/set_pen__type_support.h
[4.798s] -- Installing: /home/minkhanttun/ros2_ws/install/turtlesim/include/turtlesim/turtlesim/srv/detail/spawn__type_support.c
[4.798s] -- Up-to-date: /home/minkhanttun/ros2_ws/install/turtlesim/include/turtlesim/turtlesim/srv/detail/teleport_relative__functions.h
[4.798s] -- Installing: /home/minkhanttun/ros2_ws/install/turtlesim/include/turtlesim/turtlesim/srv/detail/teleport_relative__type_support.c
[4.804s] -- Up-to-date: /home/minkhanttun/ros2_ws/install/turtlesim/include/turtlesim/turtlesim/srv/detail/teleport_relative__struct.h
[4.804s] -- Up-to-date: /home/minkhanttun/ros2_ws/install/turtlesim/include/turtlesim/turtlesim/srv/detail/kill__functions.h
[4.804s] -- Installing: /home/minkhanttun/ros2_ws/install/turtlesim/include/turtlesim/turtlesim/srv/detail/set_pen__type_support.c
[4.804s] -- Up-to-date: /home/minkhanttun/ros2_ws/install/turtlesim/include/turtlesim/turtlesim/srv/detail/kill__type_support.h
[4.805s] -- Up-to-date: /home/minkhanttun/ros2_ws/install/turtlesim/include/turtlesim/turtlesim/srv/detail/teleport_relative__functions.c
[4.805s] -- Up-to-date: /home/minkhanttun/ros2_ws/install/turtlesim/include/turtlesim/turtlesim/srv/detail/teleport_absolute__description.c
[4.805s] -- Up-to-date: /home/minkhanttun/ros2_ws/install/turtlesim/include/turtlesim/turtlesim/srv/detail/spawn__description.c
[4.805s] -- Up-to-date: /home/minkhanttun/ros2_ws/install/turtlesim/include/turtlesim/turtlesim/srv/detail/teleport_absolute__struct.h
[4.805s] -- Installing: /home/minkhanttun/ros2_ws/install/turtlesim/include/turtlesim/turtlesim/srv/detail/teleport_absolute__type_support.c
[4.805s] -- Up-to-date: /home/minkhanttun/ros2_ws/install/turtlesim/include/turtlesim/turtlesim/srv/detail/teleport_absolute__functions.h
[4.816s] -- Up-to-date: /home/minkhanttun/ros2_ws/install/turtlesim/include/turtlesim/turtlesim/srv/detail/set_pen__functions.h
[4.817s] -- Up-to-date: /home/minkhanttun/ros2_ws/install/turtlesim/include/turtlesim/turtlesim/srv/detail/kill__description.c
[4.817s] -- Up-to-date: /home/minkhanttun/ros2_ws/install/turtlesim/include/turtlesim/turtlesim/srv/detail/teleport_relative__description.c
[4.817s] -- Up-to-date: /home/minkhanttun/ros2_ws/install/turtlesim/include/turtlesim/turtlesim/srv/detail/teleport_absolute__type_support.h
[4.817s] -- Up-to-date: /home/minkhanttun/ros2_ws/install/turtlesim/include/turtlesim/turtlesim/srv/set_pen.h
[4.818s] -- Up-to-date: /home/minkhanttun/ros2_ws/install/turtlesim/include/turtlesim/turtlesim/srv/teleport_relative.h
[4.820s] -- Up-to-date: /home/minkhanttun/ros2_ws/install/turtlesim/include/turtlesim/turtlesim/srv/spawn.h
[4.820s] -- Up-to-date: /home/minkhanttun/ros2_ws/install/turtlesim/include/turtlesim/turtlesim/srv/teleport_absolute.h
[4.820s] -- Up-to-date: /home/minkhanttun/ros2_ws/install/turtlesim/include/turtlesim/turtlesim/action
[4.820s] -- Up-to-date: /home/minkhanttun/ros2_ws/install/turtlesim/include/turtlesim/turtlesim/action/detail
[4.825s] -- Up-to-date: /home/minkhanttun/ros2_ws/install/turtlesim/include/turtlesim/turtlesim/action/detail/rotate_absolute__type_support.h
[4.825s] -- Up-to-date: /home/minkhanttun/ros2_ws/install/turtlesim/include/turtlesim/turtlesim/action/detail/rotate_absolute__description.c
[4.825s] -- Up-to-date: /home/minkhanttun/ros2_ws/install/turtlesim/include/turtlesim/turtlesim/action/detail/rotate_absolute__struct.h
[4.825s] -- Up-to-date: /home/minkhanttun/ros2_ws/install/turtlesim/include/turtlesim/turtlesim/action/detail/rotate_absolute__functions.c
[4.826s] -- Up-to-date: /home/minkhanttun/ros2_ws/install/turtlesim/include/turtlesim/turtlesim/action/detail/rotate_absolute__functions.h
[4.834s] -- Installing: /home/minkhanttun/ros2_ws/install/turtlesim/include/turtlesim/turtlesim/action/detail/rotate_absolute__type_support.c
[4.834s] -- Up-to-date: /home/minkhanttun/ros2_ws/install/turtlesim/include/turtlesim/turtlesim/action/rotate_absolute.h
[4.835s] -- Up-to-date: /home/minkhanttun/ros2_ws/install/turtlesim/share/turtlesim/environment/library_path.sh
[4.835s] -- Up-to-date: /home/minkhanttun/ros2_ws/install/turtlesim/share/turtlesim/environment/library_path.dsv
[4.835s] -- Up-to-date: /home/minkhanttun/ros2_ws/install/turtlesim/lib/libturtlesim__rosidl_generator_c.so
[4.835s] -- Up-to-date: /home/minkhanttun/ros2_ws/install/turtlesim/include/turtlesim/turtlesim
[4.835s] -- Up-to-date: /home/minkhanttun/ros2_ws/install/turtlesim/include/turtlesim/turtlesim/msg
[4.837s] -- Up-to-date: /home/minkhanttun/ros2_ws/install/turtlesim/include/turtlesim/turtlesim/msg/detail
[4.838s] -- Up-to-date: /home/minkhanttun/ros2_ws/install/turtlesim/include/turtlesim/turtlesim/msg/detail/color__rosidl_typesupport_fastrtps_c.h
[4.838s] -- Up-to-date: /home/minkhanttun/ros2_ws/install/turtlesim/include/turtlesim/turtlesim/msg/detail/pose__rosidl_typesupport_fastrtps_c.h
[4.838s] -- Up-to-date: /home/minkhanttun/ros2_ws/install/turtlesim/include/turtlesim/turtlesim/msg/rosidl_typesupport_fastrtps_c__visibility_control.h
[4.838s] -- Up-to-date: /home/minkhanttun/ros2_ws/install/turtlesim/include/turtlesim/turtlesim/srv
[4.847s] -- Up-to-date: /home/minkhanttun/ros2_ws/install/turtlesim/include/turtlesim/turtlesim/srv/detail
[4.848s] -- Up-to-date: /home/minkhanttun/ros2_ws/install/turtlesim/include/turtlesim/turtlesim/srv/detail/set_pen__rosidl_typesupport_fastrtps_c.h
[4.848s] -- Up-to-date: /home/minkhanttun/ros2_ws/install/turtlesim/include/turtlesim/turtlesim/srv/detail/spawn__rosidl_typesupport_fastrtps_c.h
[4.848s] -- Up-to-date: /home/minkhanttun/ros2_ws/install/turtlesim/include/turtlesim/turtlesim/srv/detail/teleport_relative__rosidl_typesupport_fastrtps_c.h
[4.850s] -- Up-to-date: /home/minkhanttun/ros2_ws/install/turtlesim/include/turtlesim/turtlesim/srv/detail/teleport_absolute__rosidl_typesupport_fastrtps_c.h
[4.851s] -- Up-to-date: /home/minkhanttun/ros2_ws/install/turtlesim/include/turtlesim/turtlesim/srv/detail/kill__rosidl_typesupport_fastrtps_c.h
[4.853s] -- Up-to-date: /home/minkhanttun/ros2_ws/install/turtlesim/include/turtlesim/turtlesim/action
[4.854s] -- Up-to-date: /home/minkhanttun/ros2_ws/install/turtlesim/include/turtlesim/turtlesim/action/detail
[4.854s] -- Up-to-date: /home/minkhanttun/ros2_ws/install/turtlesim/include/turtlesim/turtlesim/action/detail/rotate_absolute__rosidl_typesupport_fastrtps_c.h
[4.854s] -- Up-to-date: /home/minkhanttun/ros2_ws/install/turtlesim/lib/libturtlesim__rosidl_typesupport_fastrtps_c.so
[4.854s] -- Up-to-date: /home/minkhanttun/ros2_ws/install/turtlesim/include/turtlesim/turtlesim
[4.858s] -- Up-to-date: /home/minkhanttun/ros2_ws/install/turtlesim/include/turtlesim/turtlesim/msg
[4.861s] -- Up-to-date: /home/minkhanttun/ros2_ws/install/turtlesim/include/turtlesim/turtlesim/msg/pose.hpp
[4.861s] -- Up-to-date: /home/minkhanttun/ros2_ws/install/turtlesim/include/turtlesim/turtlesim/msg/detail
[4.861s] -- Up-to-date: /home/minkhanttun/ros2_ws/install/turtlesim/include/turtlesim/turtlesim/msg/detail/color__type_support.hpp
[4.861s] -- Up-to-date: /home/minkhanttun/ros2_ws/install/turtlesim/include/turtlesim/turtlesim/msg/detail/color__traits.hpp
[4.862s] -- Up-to-date: /home/minkhanttun/ros2_ws/install/turtlesim/include/turtlesim/turtlesim/msg/detail/pose__type_support.hpp
[4.862s] -- Up-to-date: /home/minkhanttun/ros2_ws/install/turtlesim/include/turtlesim/turtlesim/msg/detail/pose__struct.hpp
[4.862s] -- Up-to-date: /home/minkhanttun/ros2_ws/install/turtlesim/include/turtlesim/turtlesim/msg/detail/pose__traits.hpp
[4.862s] -- Up-to-date: /home/minkhanttun/ros2_ws/install/turtlesim/include/turtlesim/turtlesim/msg/detail/color__builder.hpp
[4.870s] -- Up-to-date: /home/minkhanttun/ros2_ws/install/turtlesim/include/turtlesim/turtlesim/msg/detail/pose__builder.hpp
[4.870s] -- Up-to-date: /home/minkhanttun/ros2_ws/install/turtlesim/include/turtlesim/turtlesim/msg/detail/color__struct.hpp
[4.870s] -- Up-to-date: /home/minkhanttun/ros2_ws/install/turtlesim/include/turtlesim/turtlesim/msg/color.hpp
[4.870s] -- Up-to-date: /home/minkhanttun/ros2_ws/install/turtlesim/include/turtlesim/turtlesim/msg/rosidl_generator_cpp__visibility_control.hpp
[4.871s] -- Up-to-date: /home/minkhanttun/ros2_ws/install/turtlesim/include/turtlesim/turtlesim/srv
[4.871s] -- Up-to-date: /home/minkhanttun/ros2_ws/install/turtlesim/include/turtlesim/turtlesim/srv/teleport_absolute.hpp
[4.871s] -- Up-to-date: /home/minkhanttun/ros2_ws/install/turtlesim/include/turtlesim/turtlesim/srv/detail
[4.871s] -- Up-to-date: /home/minkhanttun/ros2_ws/install/turtlesim/include/turtlesim/turtlesim/srv/detail/teleport_relative__traits.hpp
[4.871s] -- Up-to-date: /home/minkhanttun/ros2_ws/install/turtlesim/include/turtlesim/turtlesim/srv/detail/teleport_absolute__builder.hpp
[4.871s] -- Up-to-date: /home/minkhanttun/ros2_ws/install/turtlesim/include/turtlesim/turtlesim/srv/detail/spawn__builder.hpp
[4.872s] -- Up-to-date: /home/minkhanttun/ros2_ws/install/turtlesim/include/turtlesim/turtlesim/srv/detail/teleport_absolute__traits.hpp
[4.872s] -- Up-to-date: /home/minkhanttun/ros2_ws/install/turtlesim/include/turtlesim/turtlesim/srv/detail/teleport_relative__builder.hpp
[4.872s] -- Up-to-date: /home/minkhanttun/ros2_ws/install/turtlesim/include/turtlesim/turtlesim/srv/detail/set_pen__builder.hpp
[4.872s] -- Up-to-date: /home/minkhanttun/ros2_ws/install/turtlesim/include/turtlesim/turtlesim/srv/detail/set_pen__traits.hpp
[4.872s] -- Up-to-date: /home/minkhanttun/ros2_ws/install/turtlesim/include/turtlesim/turtlesim/srv/detail/teleport_absolute__type_support.hpp
[4.872s] -- Up-to-date: /home/minkhanttun/ros2_ws/install/turtlesim/include/turtlesim/turtlesim/srv/detail/teleport_absolute__struct.hpp
[4.872s] -- Up-to-date: /home/minkhanttun/ros2_ws/install/turtlesim/include/turtlesim/turtlesim/srv/detail/kill__traits.hpp
[4.885s] -- Up-to-date: /home/minkhanttun/ros2_ws/install/turtlesim/include/turtlesim/turtlesim/srv/detail/kill__builder.hpp
[4.885s] -- Up-to-date: /home/minkhanttun/ros2_ws/install/turtlesim/include/turtlesim/turtlesim/srv/detail/kill__struct.hpp
[4.885s] -- Up-to-date: /home/minkhanttun/ros2_ws/install/turtlesim/include/turtlesim/turtlesim/srv/detail/teleport_relative__type_support.hpp
[4.886s] -- Up-to-date: /home/minkhanttun/ros2_ws/install/turtlesim/include/turtlesim/turtlesim/srv/detail/spawn__type_support.hpp
[4.886s] -- Up-to-date: /home/minkhanttun/ros2_ws/install/turtlesim/include/turtlesim/turtlesim/srv/detail/kill__type_support.hpp
[4.886s] -- Up-to-date: /home/minkhanttun/ros2_ws/install/turtlesim/include/turtlesim/turtlesim/srv/detail/set_pen__type_support.hpp
[4.886s] -- Up-to-date: /home/minkhanttun/ros2_ws/install/turtlesim/include/turtlesim/turtlesim/srv/detail/teleport_relative__struct.hpp
[4.886s] -- Up-to-date: /home/minkhanttun/ros2_ws/install/turtlesim/include/turtlesim/turtlesim/srv/detail/spawn__struct.hpp
[4.887s] -- Up-to-date: /home/minkhanttun/ros2_ws/install/turtlesim/include/turtlesim/turtlesim/srv/detail/set_pen__struct.hpp
[4.887s] -- Up-to-date: /home/minkhanttun/ros2_ws/install/turtlesim/include/turtlesim/turtlesim/srv/detail/spawn__traits.hpp
[4.887s] -- Up-to-date: /home/minkhanttun/ros2_ws/install/turtlesim/include/turtlesim/turtlesim/srv/kill.hpp
[4.887s] -- Up-to-date: /home/minkhanttun/ros2_ws/install/turtlesim/include/turtlesim/turtlesim/srv/spawn.hpp
[4.887s] -- Up-to-date: /home/minkhanttun/ros2_ws/install/turtlesim/include/turtlesim/turtlesim/srv/set_pen.hpp
[4.887s] -- Up-to-date: /home/minkhanttun/ros2_ws/install/turtlesim/include/turtlesim/turtlesim/srv/teleport_relative.hpp
[4.893s] -- Up-to-date: /home/minkhanttun/ros2_ws/install/turtlesim/include/turtlesim/turtlesim/action
[4.893s] -- Up-to-date: /home/minkhanttun/ros2_ws/install/turtlesim/include/turtlesim/turtlesim/action/detail
[4.894s] -- Up-to-date: /home/minkhanttun/ros2_ws/install/turtlesim/include/turtlesim/turtlesim/action/detail/rotate_absolute__struct.hpp
[4.896s] -- Up-to-date: /home/minkhanttun/ros2_ws/install/turtlesim/include/turtlesim/turtlesim/action/detail/rotate_absolute__builder.hpp
[4.896s] -- Up-to-date: /home/minkhanttun/ros2_ws/install/turtlesim/include/turtlesim/turtlesim/action/detail/rotate_absolute__type_support.hpp
[4.897s] -- Up-to-date: /home/minkhanttun/ros2_ws/install/turtlesim/include/turtlesim/turtlesim/action/detail/rotate_absolute__traits.hpp
[4.897s] -- Up-to-date: /home/minkhanttun/ros2_ws/install/turtlesim/include/turtlesim/turtlesim/action/rotate_absolute.hpp
[4.897s] -- Up-to-date: /home/minkhanttun/ros2_ws/install/turtlesim/include/turtlesim/turtlesim
[4.897s] -- Up-to-date: /home/minkhanttun/ros2_ws/install/turtlesim/include/turtlesim/turtlesim/msg
[4.897s] -- Up-to-date: /home/minkhanttun/ros2_ws/install/turtlesim/include/turtlesim/turtlesim/msg/rosidl_typesupport_fastrtps_cpp__visibility_control.h
[4.897s] -- Up-to-date: /home/minkhanttun/ros2_ws/install/turtlesim/include/turtlesim/turtlesim/msg/detail
[4.904s] -- Up-to-date: /home/minkhanttun/ros2_ws/install/turtlesim/include/turtlesim/turtlesim/msg/detail/color__rosidl_typesupport_fastrtps_cpp.hpp
[4.904s] -- Up-to-date: /home/minkhanttun/ros2_ws/install/turtlesim/include/turtlesim/turtlesim/msg/detail/dds_fastrtps
[4.904s] -- Up-to-date: /home/minkhanttun/ros2_ws/install/turtlesim/include/turtlesim/turtlesim/msg/detail/pose__rosidl_typesupport_fastrtps_cpp.hpp
[4.904s] -- Up-to-date: /home/minkhanttun/ros2_ws/install/turtlesim/include/turtlesim/turtlesim/srv
[4.905s] -- Up-to-date: /home/minkhanttun/ros2_ws/install/turtlesim/include/turtlesim/turtlesim/srv/detail
[4.905s] -- Up-to-date: /home/minkhanttun/ros2_ws/install/turtlesim/include/turtlesim/turtlesim/srv/detail/kill__rosidl_typesupport_fastrtps_cpp.hpp
[4.905s] -- Up-to-date: /home/minkhanttun/ros2_ws/install/turtlesim/include/turtlesim/turtlesim/srv/detail/teleport_relative__rosidl_typesupport_fastrtps_cpp.hpp
[4.905s] -- Up-to-date: /home/minkhanttun/ros2_ws/install/turtlesim/include/turtlesim/turtlesim/srv/detail/spawn__rosidl_typesupport_fastrtps_cpp.hpp
[4.905s] -- Up-to-date: /home/minkhanttun/ros2_ws/install/turtlesim/include/turtlesim/turtlesim/srv/detail/dds_fastrtps
[4.916s] -- Up-to-date: /home/minkhanttun/ros2_ws/install/turtlesim/include/turtlesim/turtlesim/srv/detail/set_pen__rosidl_typesupport_fastrtps_cpp.hpp
[4.916s] -- Up-to-date: /home/minkhanttun/ros2_ws/install/turtlesim/include/turtlesim/turtlesim/srv/detail/teleport_absolute__rosidl_typesupport_fastrtps_cpp.hpp
[4.916s] -- Up-to-date: /home/minkhanttun/ros2_ws/install/turtlesim/include/turtlesim/turtlesim/action
[4.916s] -- Up-to-date: /home/minkhanttun/ros2_ws/install/turtlesim/include/turtlesim/turtlesim/action/detail
[4.916s] -- Up-to-date: /home/minkhanttun/ros2_ws/install/turtlesim/include/turtlesim/turtlesim/action/detail/rotate_absolute__rosidl_typesupport_fastrtps_cpp.hpp
[4.916s] -- Up-to-date: /home/minkhanttun/ros2_ws/install/turtlesim/include/turtlesim/turtlesim/action/detail/dds_fastrtps
[4.917s] -- Up-to-date: /home/minkhanttun/ros2_ws/install/turtlesim/lib/libturtlesim__rosidl_typesupport_fastrtps_cpp.so
[4.917s] -- Up-to-date: /home/minkhanttun/ros2_ws/install/turtlesim/include/turtlesim/turtlesim
[4.917s] -- Up-to-date: /home/minkhanttun/ros2_ws/install/turtlesim/include/turtlesim/turtlesim/msg
[4.917s] -- Up-to-date: /home/minkhanttun/ros2_ws/install/turtlesim/include/turtlesim/turtlesim/msg/detail
[4.917s] -- Up-to-date: /home/minkhanttun/ros2_ws/install/turtlesim/include/turtlesim/turtlesim/msg/detail/color__rosidl_typesupport_introspection_c.h
[4.917s] -- Installing: /home/minkhanttun/ros2_ws/install/turtlesim/include/turtlesim/turtlesim/msg/detail/color__type_support.c
[4.917s] -- Up-to-date: /home/minkhanttun/ros2_ws/install/turtlesim/include/turtlesim/turtlesim/msg/detail/pose__rosidl_typesupport_introspection_c.h
[4.917s] -- Installing: /home/minkhanttun/ros2_ws/install/turtlesim/include/turtlesim/turtlesim/msg/detail/pose__type_support.c
[4.917s] -- Up-to-date: /home/minkhanttun/ros2_ws/install/turtlesim/include/turtlesim/turtlesim/msg/rosidl_typesupport_introspection_c__visibility_control.h
[4.917s] -- Up-to-date: /home/minkhanttun/ros2_ws/install/turtlesim/include/turtlesim/turtlesim/srv
[4.918s] -- Up-to-date: /home/minkhanttun/ros2_ws/install/turtlesim/include/turtlesim/turtlesim/srv/detail
[4.918s] -- Installing: /home/minkhanttun/ros2_ws/install/turtlesim/include/turtlesim/turtlesim/srv/detail/kill__type_support.c
[4.918s] -- Up-to-date: /home/minkhanttun/ros2_ws/install/turtlesim/include/turtlesim/turtlesim/srv/detail/set_pen__rosidl_typesupport_introspection_c.h
[4.918s] -- Up-to-date: /home/minkhanttun/ros2_ws/install/turtlesim/include/turtlesim/turtlesim/srv/detail/teleport_absolute__rosidl_typesupport_introspection_c.h
[4.918s] -- Up-to-date: /home/minkhanttun/ros2_ws/install/turtlesim/include/turtlesim/turtlesim/srv/detail/kill__rosidl_typesupport_introspection_c.h
[4.918s] -- Up-to-date: /home/minkhanttun/ros2_ws/install/turtlesim/include/turtlesim/turtlesim/srv/detail/teleport_relative__rosidl_typesupport_introspection_c.h
[4.918s] -- Installing: /home/minkhanttun/ros2_ws/install/turtlesim/include/turtlesim/turtlesim/srv/detail/spawn__type_support.c
[4.920s] -- Installing: /home/minkhanttun/ros2_ws/install/turtlesim/include/turtlesim/turtlesim/srv/detail/teleport_relative__type_support.c
[4.920s] -- Installing: /home/minkhanttun/ros2_ws/install/turtlesim/include/turtlesim/turtlesim/srv/detail/set_pen__type_support.c
[4.920s] -- Installing: /home/minkhanttun/ros2_ws/install/turtlesim/include/turtlesim/turtlesim/srv/detail/teleport_absolute__type_support.c
[4.920s] -- Up-to-date: /home/minkhanttun/ros2_ws/install/turtlesim/include/turtlesim/turtlesim/srv/detail/spawn__rosidl_typesupport_introspection_c.h
[4.920s] -- Up-to-date: /home/minkhanttun/ros2_ws/install/turtlesim/include/turtlesim/turtlesim/action
[4.921s] -- Up-to-date: /home/minkhanttun/ros2_ws/install/turtlesim/include/turtlesim/turtlesim/action/detail
[4.921s] -- Installing: /home/minkhanttun/ros2_ws/install/turtlesim/include/turtlesim/turtlesim/action/detail/rotate_absolute__type_support.c
[4.921s] -- Up-to-date: /home/minkhanttun/ros2_ws/install/turtlesim/include/turtlesim/turtlesim/action/detail/rotate_absolute__rosidl_typesupport_introspection_c.h
[4.922s] -- Up-to-date: /home/minkhanttun/ros2_ws/install/turtlesim/lib/libturtlesim__rosidl_typesupport_introspection_c.so
[4.922s] -- Up-to-date: /home/minkhanttun/ros2_ws/install/turtlesim/lib/libturtlesim__rosidl_typesupport_c.so
[4.934s] -- Up-to-date: /home/minkhanttun/ros2_ws/install/turtlesim/include/turtlesim/turtlesim
[4.935s] -- Up-to-date: /home/minkhanttun/ros2_ws/install/turtlesim/include/turtlesim/turtlesim/msg
[4.935s] -- Up-to-date: /home/minkhanttun/ros2_ws/install/turtlesim/include/turtlesim/turtlesim/msg/detail
[4.935s] -- Up-to-date: /home/minkhanttun/ros2_ws/install/turtlesim/include/turtlesim/turtlesim/msg/detail/color__type_support.cpp
[4.935s] -- Up-to-date: /home/minkhanttun/ros2_ws/install/turtlesim/include/turtlesim/turtlesim/msg/detail/pose__type_support.cpp
[4.935s] -- Up-to-date: /home/minkhanttun/ros2_ws/install/turtlesim/include/turtlesim/turtlesim/msg/detail/color__rosidl_typesupport_introspection_cpp.hpp
[4.935s] -- Up-to-date: /home/minkhanttun/ros2_ws/install/turtlesim/include/turtlesim/turtlesim/msg/detail/pose__rosidl_typesupport_introspection_cpp.hpp
[4.936s] -- Up-to-date: /home/minkhanttun/ros2_ws/install/turtlesim/include/turtlesim/turtlesim/srv
[4.936s] -- Up-to-date: /home/minkhanttun/ros2_ws/install/turtlesim/include/turtlesim/turtlesim/srv/detail
[4.936s] -- Up-to-date: /home/minkhanttun/ros2_ws/install/turtlesim/include/turtlesim/turtlesim/srv/detail/teleport_relative__rosidl_typesupport_introspection_cpp.hpp
[4.936s] -- Up-to-date: /home/minkhanttun/ros2_ws/install/turtlesim/include/turtlesim/turtlesim/srv/detail/kill__rosidl_typesupport_introspection_cpp.hpp
[4.936s] -- Up-to-date: /home/minkhanttun/ros2_ws/install/turtlesim/include/turtlesim/turtlesim/srv/detail/teleport_absolute__type_support.cpp
[4.936s] -- Up-to-date: /home/minkhanttun/ros2_ws/install/turtlesim/include/turtlesim/turtlesim/srv/detail/set_pen__type_support.cpp
[4.942s] -- Up-to-date: /home/minkhanttun/ros2_ws/install/turtlesim/include/turtlesim/turtlesim/srv/detail/set_pen__rosidl_typesupport_introspection_cpp.hpp
[4.943s] -- Up-to-date: /home/minkhanttun/ros2_ws/install/turtlesim/include/turtlesim/turtlesim/srv/detail/teleport_absolute__rosidl_typesupport_introspection_cpp.hpp
[4.943s] -- Up-to-date: /home/minkhanttun/ros2_ws/install/turtlesim/include/turtlesim/turtlesim/srv/detail/kill__type_support.cpp
[4.943s] -- Up-to-date: /home/minkhanttun/ros2_ws/install/turtlesim/include/turtlesim/turtlesim/srv/detail/teleport_relative__type_support.cpp
[4.944s] -- Up-to-date: /home/minkhanttun/ros2_ws/install/turtlesim/include/turtlesim/turtlesim/srv/detail/spawn__type_support.cpp
[4.944s] -- Up-to-date: /home/minkhanttun/ros2_ws/install/turtlesim/include/turtlesim/turtlesim/srv/detail/spawn__rosidl_typesupport_introspection_cpp.hpp
[4.944s] -- Up-to-date: /home/minkhanttun/ros2_ws/install/turtlesim/include/turtlesim/turtlesim/action
[4.944s] -- Up-to-date: /home/minkhanttun/ros2_ws/install/turtlesim/include/turtlesim/turtlesim/action/detail
[4.944s] -- Up-to-date: /home/minkhanttun/ros2_ws/install/turtlesim/include/turtlesim/turtlesim/action/detail/rotate_absolute__type_support.cpp
[4.947s] -- Up-to-date: /home/minkhanttun/ros2_ws/install/turtlesim/include/turtlesim/turtlesim/action/detail/rotate_absolute__rosidl_typesupport_introspection_cpp.hpp
[4.948s] -- Up-to-date: /home/minkhanttun/ros2_ws/install/turtlesim/lib/libturtlesim__rosidl_typesupport_introspection_cpp.so
[4.948s] -- Up-to-date: /home/minkhanttun/ros2_ws/install/turtlesim/lib/libturtlesim__rosidl_typesupport_cpp.so
[4.948s] -- Up-to-date: /home/minkhanttun/ros2_ws/install/turtlesim/share/turtlesim/environment/pythonpath.sh
[4.949s] -- Up-to-date: /home/minkhanttun/ros2_ws/install/turtlesim/share/turtlesim/environment/pythonpath.dsv
[4.949s] -- Up-to-date: /home/minkhanttun/ros2_ws/install/turtlesim/lib/python3.12/site-packages/turtlesim-1.8.3-py3.12.egg-info
[4.949s] -- Installing: /home/minkhanttun/ros2_ws/install/turtlesim/lib/python3.12/site-packages/turtlesim-1.8.3-py3.12.egg-info/SOURCES.txt
[4.949s] -- Installing: /home/minkhanttun/ros2_ws/install/turtlesim/lib/python3.12/site-packages/turtlesim-1.8.3-py3.12.egg-info/top_level.txt
[4.952s] -- Installing: /home/minkhanttun/ros2_ws/install/turtlesim/lib/python3.12/site-packages/turtlesim-1.8.3-py3.12.egg-info/PKG-INFO
[4.953s] -- Installing: /home/minkhanttun/ros2_ws/install/turtlesim/lib/python3.12/site-packages/turtlesim-1.8.3-py3.12.egg-info/dependency_links.txt
[4.953s] -- Up-to-date: /home/minkhanttun/ros2_ws/install/turtlesim/lib/python3.12/site-packages/turtlesim
[4.953s] -- Up-to-date: /home/minkhanttun/ros2_ws/install/turtlesim/lib/python3.12/site-packages/turtlesim/_turtlesim_s.ep.rosidl_typesupport_c.c
[4.962s] -- Up-to-date: /home/minkhanttun/ros2_ws/install/turtlesim/lib/python3.12/site-packages/turtlesim/_turtlesim_s.ep.rosidl_typesupport_introspection_c.c
[4.966s] -- Up-to-date: /home/minkhanttun/ros2_ws/install/turtlesim/lib/python3.12/site-packages/turtlesim/turtlesim_s__rosidl_typesupport_introspection_c.so
[4.979s] -- Up-to-date: /home/minkhanttun/ros2_ws/install/turtlesim/lib/python3.12/site-packages/turtlesim/msg
[4.980s] -- Up-to-date: /home/minkhanttun/ros2_ws/install/turtlesim/lib/python3.12/site-packages/turtlesim/msg/_pose_s.c
[4.980s] -- Up-to-date: /home/minkhanttun/ros2_ws/install/turtlesim/lib/python3.12/site-packages/turtlesim/msg/_pose.py
[4.980s] -- Up-to-date: /home/minkhanttun/ros2_ws/install/turtlesim/lib/python3.12/site-packages/turtlesim/msg/__init__.py
[4.980s] -- Up-to-date: /home/minkhanttun/ros2_ws/install/turtlesim/lib/python3.12/site-packages/turtlesim/msg/_color.py
[4.980s] -- Up-to-date: /home/minkhanttun/ros2_ws/install/turtlesim/lib/python3.12/site-packages/turtlesim/msg/_color_s.c
[4.981s] -- Up-to-date: /home/minkhanttun/ros2_ws/install/turtlesim/lib/python3.12/site-packages/turtlesim/__init__.py
[4.981s] -- Up-to-date: /home/minkhanttun/ros2_ws/install/turtlesim/lib/python3.12/site-packages/turtlesim/turtlesim_s__rosidl_typesupport_fastrtps_c.so
[4.981s] -- Up-to-date: /home/minkhanttun/ros2_ws/install/turtlesim/lib/python3.12/site-packages/turtlesim/srv
[4.981s] -- Up-to-date: /home/minkhanttun/ros2_ws/install/turtlesim/lib/python3.12/site-packages/turtlesim/srv/_teleport_relative.py
[4.981s] -- Up-to-date: /home/minkhanttun/ros2_ws/install/turtlesim/lib/python3.12/site-packages/turtlesim/srv/_set_pen_s.c
[4.985s] -- Up-to-date: /home/minkhanttun/ros2_ws/install/turtlesim/lib/python3.12/site-packages/turtlesim/srv/__init__.py
[4.997s] -- Up-to-date: /home/minkhanttun/ros2_ws/install/turtlesim/lib/python3.12/site-packages/turtlesim/srv/_spawn.py
[5.000s] -- Up-to-date: /home/minkhanttun/ros2_ws/install/turtlesim/lib/python3.12/site-packages/turtlesim/srv/_kill_s.c
[5.004s] -- Up-to-date: /home/minkhanttun/ros2_ws/install/turtlesim/lib/python3.12/site-packages/turtlesim/srv/_set_pen.py
[5.004s] -- Up-to-date: /home/minkhanttun/ros2_ws/install/turtlesim/lib/python3.12/site-packages/turtlesim/srv/_teleport_absolute.py
[5.005s] -- Up-to-date: /home/minkhanttun/ros2_ws/install/turtlesim/lib/python3.12/site-packages/turtlesim/srv/_teleport_relative_s.c
[5.005s] -- Up-to-date: /home/minkhanttun/ros2_ws/install/turtlesim/lib/python3.12/site-packages/turtlesim/srv/_teleport_absolute_s.c
[5.005s] -- Up-to-date: /home/minkhanttun/ros2_ws/install/turtlesim/lib/python3.12/site-packages/turtlesim/srv/_spawn_s.c
[5.006s] -- Up-to-date: /home/minkhanttun/ros2_ws/install/turtlesim/lib/python3.12/site-packages/turtlesim/srv/_kill.py
[5.006s] -- Up-to-date: /home/minkhanttun/ros2_ws/install/turtlesim/lib/python3.12/site-packages/turtlesim/_turtlesim_s.ep.rosidl_typesupport_fastrtps_c.c
[5.006s] -- Up-to-date: /home/minkhanttun/ros2_ws/install/turtlesim/lib/python3.12/site-packages/turtlesim/action
[5.006s] -- Up-to-date: /home/minkhanttun/ros2_ws/install/turtlesim/lib/python3.12/site-packages/turtlesim/action/__init__.py
[5.016s] -- Up-to-date: /home/minkhanttun/ros2_ws/install/turtlesim/lib/python3.12/site-packages/turtlesim/action/_rotate_absolute_s.c
[5.019s] -- Up-to-date: /home/minkhanttun/ros2_ws/install/turtlesim/lib/python3.12/site-packages/turtlesim/action/_rotate_absolute.py
[5.020s] -- Up-to-date: /home/minkhanttun/ros2_ws/install/turtlesim/lib/python3.12/site-packages/turtlesim/turtlesim_s__rosidl_typesupport_c.so
[5.020s] Listing '/home/minkhanttun/ros2_ws/install/turtlesim/lib/python3.12/site-packages/turtlesim'...
[5.020s] Listing '/home/minkhanttun/ros2_ws/install/turtlesim/lib/python3.12/site-packages/turtlesim/action'...
[5.029s] Listing '/home/minkhanttun/ros2_ws/install/turtlesim/lib/python3.12/site-packages/turtlesim/msg'...
[5.029s] Listing '/home/minkhanttun/ros2_ws/install/turtlesim/lib/python3.12/site-packages/turtlesim/srv'...
[5.030s] -- Up-to-date: /home/minkhanttun/ros2_ws/install/turtlesim/lib/python3.12/site-packages/turtlesim/turtlesim_s__rosidl_typesupport_fastrtps_c.so
[5.030s] -- Up-to-date: /home/minkhanttun/ros2_ws/install/turtlesim/lib/python3.12/site-packages/turtlesim/turtlesim_s__rosidl_typesupport_introspection_c.so
[5.030s] -- Up-to-date: /home/minkhanttun/ros2_ws/install/turtlesim/lib/python3.12/site-packages/turtlesim/turtlesim_s__rosidl_typesupport_c.so
[5.030s] -- Up-to-date: /home/minkhanttun/ros2_ws/install/turtlesim/lib/libturtlesim__rosidl_generator_py.so
[5.043s] -- Up-to-date: /home/minkhanttun/ros2_ws/install/turtlesim/share/turtlesim/action/RotateAbsolute.idl
[5.043s] -- Up-to-date: /home/minkhanttun/ros2_ws/install/turtlesim/share/turtlesim/msg/Color.idl
[5.044s] -- Up-to-date: /home/minkhanttun/ros2_ws/install/turtlesim/share/turtlesim/msg/Pose.idl
[5.047s] -- Up-to-date: /home/minkhanttun/ros2_ws/install/turtlesim/share/turtlesim/srv/Kill.idl
[5.047s] -- Up-to-date: /home/minkhanttun/ros2_ws/install/turtlesim/share/turtlesim/srv/SetPen.idl
[5.050s] -- Up-to-date: /home/minkhanttun/ros2_ws/install/turtlesim/share/turtlesim/srv/Spawn.idl
[5.051s] -- Up-to-date: /home/minkhanttun/ros2_ws/install/turtlesim/share/turtlesim/srv/TeleportAbsolute.idl
[5.051s] -- Up-to-date: /home/minkhanttun/ros2_ws/install/turtlesim/share/turtlesim/srv/TeleportRelative.idl
[5.051s] -- Up-to-date: /home/minkhanttun/ros2_ws/install/turtlesim/share/turtlesim/action/RotateAbsolute.action
[5.051s] -- Up-to-date: /home/minkhanttun/ros2_ws/install/turtlesim/share/turtlesim/msg/Color.msg
[5.051s] -- Up-to-date: /home/minkhanttun/ros2_ws/install/turtlesim/share/turtlesim/msg/Pose.msg
[5.052s] -- Up-to-date: /home/minkhanttun/ros2_ws/install/turtlesim/share/turtlesim/srv/Kill.srv
[5.052s] -- Up-to-date: /home/minkhanttun/ros2_ws/install/turtlesim/share/turtlesim/srv/SetPen.srv
[5.052s] -- Up-to-date: /home/minkhanttun/ros2_ws/install/turtlesim/share/turtlesim/srv/Spawn.srv
[5.052s] -- Up-to-date: /home/minkhanttun/ros2_ws/install/turtlesim/share/turtlesim/srv/TeleportAbsolute.srv
[5.052s] -- Up-to-date: /home/minkhanttun/ros2_ws/install/turtlesim/share/turtlesim/srv/TeleportRelative.srv
[5.052s] -- Up-to-date: /home/minkhanttun/ros2_ws/install/turtlesim/lib/turtlesim/turtlesim_node
[5.053s] -- Up-to-date: /home/minkhanttun/ros2_ws/install/turtlesim/lib/turtlesim/turtle_teleop_key
[5.053s] -- Up-to-date: /home/minkhanttun/ros2_ws/install/turtlesim/lib/turtlesim/draw_square
[5.053s] -- Up-to-date: /home/minkhanttun/ros2_ws/install/turtlesim/lib/turtlesim/mimic
[5.053s] -- Up-to-date: /home/minkhanttun/ros2_ws/install/turtlesim/share/turtlesim/images
[5.058s] -- Up-to-date: /home/minkhanttun/ros2_ws/install/turtlesim/share/turtlesim/images/iron.png
[5.058s] -- Up-to-date: /home/minkhanttun/ros2_ws/install/turtlesim/share/turtlesim/images/ardent.png
[5.059s] -- Up-to-date: /home/minkhanttun/ros2_ws/install/turtlesim/share/turtlesim/images/dashing.png
[5.061s] -- Up-to-date: /home/minkhanttun/ros2_ws/install/turtlesim/share/turtlesim/images/humble.png
[5.065s] -- Up-to-date: /home/minkhanttun/ros2_ws/install/turtlesim/share/turtlesim/images/foxy.png
[5.065s] -- Up-to-date: /home/minkhanttun/ros2_ws/install/turtlesim/share/turtlesim/images/jazzy.png
[5.069s] -- Up-to-date: /home/minkhanttun/ros2_ws/install/turtlesim/share/turtlesim/images/eloquent.png
[5.069s] -- Up-to-date: /home/minkhanttun/ros2_ws/install/turtlesim/share/turtlesim/images/galactic.png
[5.069s] -- Up-to-date: /home/minkhanttun/ros2_ws/install/turtlesim/share/turtlesim/images/bouncy.png
[5.070s] -- Up-to-date: /home/minkhanttun/ros2_ws/install/turtlesim/share/turtlesim/images/crystal.png
[5.070s] -- Up-to-date: /home/minkhanttun/ros2_ws/install/turtlesim/share/turtlesim/images/rolling.png
[5.070s] -- Up-to-date: /home/minkhanttun/ros2_ws/install/turtlesim/share/turtlesim/launch
[5.070s] -- Up-to-date: /home/minkhanttun/ros2_ws/install/turtlesim/share/turtlesim/launch/multisim.launch.py
[5.070s] -- Up-to-date: /home/minkhanttun/ros2_ws/install/turtlesim/share/ament_index/resource_index/package_run_dependencies/turtlesim
[5.070s] -- Up-to-date: /home/minkhanttun/ros2_ws/install/turtlesim/share/ament_index/resource_index/parent_prefix_path/turtlesim
[5.071s] -- Up-to-date: /home/minkhanttun/ros2_ws/install/turtlesim/share/turtlesim/environment/ament_prefix_path.sh
[5.071s] -- Up-to-date: /home/minkhanttun/ros2_ws/install/turtlesim/share/turtlesim/environment/ament_prefix_path.dsv
[5.071s] -- Up-to-date: /home/minkhanttun/ros2_ws/install/turtlesim/share/turtlesim/environment/path.sh
[5.071s] -- Up-to-date: /home/minkhanttun/ros2_ws/install/turtlesim/share/turtlesim/environment/path.dsv
[5.071s] -- Up-to-date: /home/minkhanttun/ros2_ws/install/turtlesim/share/turtlesim/local_setup.bash
[5.071s] -- Up-to-date: /home/minkhanttun/ros2_ws/install/turtlesim/share/turtlesim/local_setup.sh
[5.074s] -- Up-to-date: /home/minkhanttun/ros2_ws/install/turtlesim/share/turtlesim/local_setup.zsh
[5.074s] -- Up-to-date: /home/minkhanttun/ros2_ws/install/turtlesim/share/turtlesim/local_setup.dsv
[5.074s] -- Installing: /home/minkhanttun/ros2_ws/install/turtlesim/share/turtlesim/package.dsv
[5.074s] -- Up-to-date: /home/minkhanttun/ros2_ws/install/turtlesim/share/ament_index/resource_index/packages/turtlesim
[5.074s] -- Up-to-date: /home/minkhanttun/ros2_ws/install/turtlesim/share/turtlesim/cmake/export_turtlesim__rosidl_generator_cExport.cmake
[5.074s] -- Up-to-date: /home/minkhanttun/ros2_ws/install/turtlesim/share/turtlesim/cmake/export_turtlesim__rosidl_generator_cExport-noconfig.cmake
[5.074s] -- Up-to-date: /home/minkhanttun/ros2_ws/install/turtlesim/share/turtlesim/cmake/export_turtlesim__rosidl_typesupport_fastrtps_cExport.cmake
[5.074s] -- Up-to-date: /home/minkhanttun/ros2_ws/install/turtlesim/share/turtlesim/cmake/export_turtlesim__rosidl_typesupport_fastrtps_cExport-noconfig.cmake
[5.074s] -- Up-to-date: /home/minkhanttun/ros2_ws/install/turtlesim/share/turtlesim/cmake/export_turtlesim__rosidl_generator_cppExport.cmake
[5.075s] -- Up-to-date: /home/minkhanttun/ros2_ws/install/turtlesim/share/turtlesim/cmake/export_turtlesim__rosidl_typesupport_fastrtps_cppExport.cmake
[5.075s] -- Up-to-date: /home/minkhanttun/ros2_ws/install/turtlesim/share/turtlesim/cmake/export_turtlesim__rosidl_typesupport_fastrtps_cppExport-noconfig.cmake
[5.075s] -- Up-to-date: /home/minkhanttun/ros2_ws/install/turtlesim/share/turtlesim/cmake/turtlesim__rosidl_typesupport_introspection_cExport.cmake
[5.075s] -- Up-to-date: /home/minkhanttun/ros2_ws/install/turtlesim/share/turtlesim/cmake/turtlesim__rosidl_typesupport_introspection_cExport-noconfig.cmake
[5.075s] -- Up-to-date: /home/minkhanttun/ros2_ws/install/turtlesim/share/turtlesim/cmake/turtlesim__rosidl_typesupport_cExport.cmake
[5.075s] -- Up-to-date: /home/minkhanttun/ros2_ws/install/turtlesim/share/turtlesim/cmake/turtlesim__rosidl_typesupport_cExport-noconfig.cmake
[5.075s] -- Up-to-date: /home/minkhanttun/ros2_ws/install/turtlesim/share/turtlesim/cmake/turtlesim__rosidl_typesupport_introspection_cppExport.cmake
[5.075s] -- Up-to-date: /home/minkhanttun/ros2_ws/install/turtlesim/share/turtlesim/cmake/turtlesim__rosidl_typesupport_introspection_cppExport-noconfig.cmake
[5.076s] -- Up-to-date: /home/minkhanttun/ros2_ws/install/turtlesim/share/turtlesim/cmake/turtlesim__rosidl_typesupport_cppExport.cmake
[5.076s] -- Up-to-date: /home/minkhanttun/ros2_ws/install/turtlesim/share/turtlesim/cmake/turtlesim__rosidl_typesupport_cppExport-noconfig.cmake
[5.076s] -- Up-to-date: /home/minkhanttun/ros2_ws/install/turtlesim/share/turtlesim/cmake/export_turtlesim__rosidl_generator_pyExport.cmake
[5.076s] -- Up-to-date: /home/minkhanttun/ros2_ws/install/turtlesim/share/turtlesim/cmake/export_turtlesim__rosidl_generator_pyExport-noconfig.cmake
[5.076s] -- Up-to-date: /home/minkhanttun/ros2_ws/install/turtlesim/share/turtlesim/cmake/rosidl_cmake-extras.cmake
[5.076s] -- Up-to-date: /home/minkhanttun/ros2_ws/install/turtlesim/share/turtlesim/cmake/ament_cmake_export_dependencies-extras.cmake
[5.079s] -- Up-to-date: /home/minkhanttun/ros2_ws/install/turtlesim/share/turtlesim/cmake/ament_cmake_export_include_directories-extras.cmake
[5.080s] -- Up-to-date: /home/minkhanttun/ros2_ws/install/turtlesim/share/turtlesim/cmake/ament_cmake_export_libraries-extras.cmake
[5.080s] -- Up-to-date: /home/minkhanttun/ros2_ws/install/turtlesim/share/turtlesim/cmake/ament_cmake_export_targets-extras.cmake
[5.080s] -- Up-to-date: /home/minkhanttun/ros2_ws/install/turtlesim/share/turtlesim/cmake/rosidl_cmake_export_typesupport_targets-extras.cmake
[5.080s] -- Up-to-date: /home/minkhanttun/ros2_ws/install/turtlesim/share/turtlesim/cmake/rosidl_cmake_export_typesupport_libraries-extras.cmake
[5.080s] -- Up-to-date: /home/minkhanttun/ros2_ws/install/turtlesim/share/turtlesim/cmake/turtlesimConfig.cmake
[5.080s] -- Up-to-date: /home/minkhanttun/ros2_ws/install/turtlesim/share/turtlesim/cmake/turtlesimConfig-version.cmake
[5.081s] -- Up-to-date: /home/minkhanttun/ros2_ws/install/turtlesim/share/turtlesim/package.xml
[5.107s] Invoked command in '/home/minkhanttun/ros2_ws/build/turtlesim' returned '0': CMAKE_PREFIX_PATH=${CMAKE_PREFIX_PATH}:/opt/ros/jazzy DEBUGINFOD_URLS=https://debuginfod.ubuntu.com /usr/bin/cmake --install /home/minkhanttun/ros2_ws/build/turtlesim
