[0.076s] Invoking command in '/home/minkhanttun/ros2_ws/build/tutorial_interfaces': CMAKE_PREFIX_PATH=${CMAKE_PREFIX_PATH}:/opt/ros/jazzy DEBUGINFOD_URLS=https://debuginfod.ubuntu.com /usr/bin/cmake --build /home/minkhanttun/ros2_ws/build/tutorial_interfaces -- -j4 -l4
[0.510s] [  1%] Built target tutorial_interfaces__rosidl_generator_type_description
[0.611s] [  1%] Built target ament_cmake_python_copy_tutorial_interfaces
[0.704s] [  3%] Built target tutorial_interfaces__cpp
[0.791s] [ 24%] Built target tutorial_interfaces__rosidl_generator_c
[1.054s] [ 33%] Built target tutorial_interfaces__rosidl_typesupport_introspection_c
[1.100s] [ 42%] Built target tutorial_interfaces__rosidl_typesupport_c
[1.201s] [ 51%] Built target tutorial_interfaces__rosidl_typesupport_fastrtps_cpp
[1.399s] [ 61%] Built target tutorial_interfaces__rosidl_typesupport_introspection_cpp
[1.544s] [ 70%] Built target tutorial_interfaces__rosidl_typesupport_fastrtps_c
[1.613s] [ 79%] Built target tutorial_interfaces__rosidl_typesupport_cpp
[1.949s] [ 79%] Built target tutorial_interfaces
[2.266s] [ 81%] Built target tutorial_interfaces__py
[2.550s] [ 88%] Built target tutorial_interfaces__rosidl_generator_py
[2.735s] [ 92%] Built target tutorial_interfaces_s__rosidl_typesupport_fastrtps_c
[2.826s] [ 96%] Built target tutorial_interfaces_s__rosidl_typesupport_c
[2.839s] [100%] Built target tutorial_interfaces_s__rosidl_typesupport_introspection_c
[4.011s] running egg_info
[4.141s] writing tutorial_interfaces.egg-info/PKG-INFO
[4.146s] writing dependency_links to tutorial_interfaces.egg-info/dependency_links.txt
[4.146s] writing top-level names to tutorial_interfaces.egg-info/top_level.txt
[4.578s] reading manifest file 'tutorial_interfaces.egg-info/SOURCES.txt'
[4.578s] writing manifest file 'tutorial_interfaces.egg-info/SOURCES.txt'
[5.077s] [100%] Built target ament_cmake_python_build_tutorial_interfaces_egg
[5.343s] Invoked command in '/home/minkhanttun/ros2_ws/build/tutorial_interfaces' returned '0': CMAKE_PREFIX_PATH=${CMAKE_PREFIX_PATH}:/opt/ros/jazzy DEBUGINFOD_URLS=https://debuginfod.ubuntu.com /usr/bin/cmake --build /home/minkhanttun/ros2_ws/build/tutorial_interfaces -- -j4 -l4
[5.348s] Invoking command in '/home/minkhanttun/ros2_ws/build/tutorial_interfaces': CMAKE_PREFIX_PATH=${CMAKE_PREFIX_PATH}:/opt/ros/jazzy DEBUGINFOD_URLS=https://debuginfod.ubuntu.com /usr/bin/cmake --install /home/minkhanttun/ros2_ws/build/tutorial_interfaces
[5.413s] -- Install configuration: ""
[5.413s] -- Up-to-date: /home/minkhanttun/ros2_ws/install/tutorial_interfaces/share/ament_index/resource_index/rosidl_interfaces/tutorial_interfaces
[5.413s] -- Up-to-date: /home/minkhanttun/ros2_ws/install/tutorial_interfaces/share/tutorial_interfaces/msg/Num.json
[5.414s] -- Up-to-date: /home/minkhanttun/ros2_ws/install/tutorial_interfaces/share/tutorial_interfaces/msg/Sphere.json
[5.414s] -- Up-to-date: /home/minkhanttun/ros2_ws/install/tutorial_interfaces/share/tutorial_interfaces/srv/AddThreeInts.json
[5.414s] -- Up-to-date: /home/minkhanttun/ros2_ws/install/tutorial_interfaces/include/tutorial_interfaces/tutorial_interfaces
[5.422s] -- Up-to-date: /home/minkhanttun/ros2_ws/install/tutorial_interfaces/include/tutorial_interfaces/tutorial_interfaces/msg
[5.423s] -- Up-to-date: /home/minkhanttun/ros2_ws/install/tutorial_interfaces/include/tutorial_interfaces/tutorial_interfaces/msg/detail
[5.429s] -- Up-to-date: /home/minkhanttun/ros2_ws/install/tutorial_interfaces/include/tutorial_interfaces/tutorial_interfaces/msg/detail/num__functions.h
[5.429s] -- Up-to-date: /home/minkhanttun/ros2_ws/install/tutorial_interfaces/include/tutorial_interfaces/tutorial_interfaces/msg/detail/sphere__functions.c
[5.429s] -- Up-to-date: /home/minkhanttun/ros2_ws/install/tutorial_interfaces/include/tutorial_interfaces/tutorial_interfaces/msg/detail/sphere__description.c
[5.430s] -- Up-to-date: /home/minkhanttun/ros2_ws/install/tutorial_interfaces/include/tutorial_interfaces/tutorial_interfaces/msg/detail/sphere__type_support.h
[5.430s] -- Up-to-date: /home/minkhanttun/ros2_ws/install/tutorial_interfaces/include/tutorial_interfaces/tutorial_interfaces/msg/detail/sphere__struct.h
[5.430s] -- Installing: /home/minkhanttun/ros2_ws/install/tutorial_interfaces/include/tutorial_interfaces/tutorial_interfaces/msg/detail/sphere__type_support.c
[5.431s] -- Up-to-date: /home/minkhanttun/ros2_ws/install/tutorial_interfaces/include/tutorial_interfaces/tutorial_interfaces/msg/detail/num__type_support.h
[5.439s] -- Up-to-date: /home/minkhanttun/ros2_ws/install/tutorial_interfaces/include/tutorial_interfaces/tutorial_interfaces/msg/detail/sphere__functions.h
[5.439s] -- Up-to-date: /home/minkhanttun/ros2_ws/install/tutorial_interfaces/include/tutorial_interfaces/tutorial_interfaces/msg/detail/num__description.c
[5.439s] -- Up-to-date: /home/minkhanttun/ros2_ws/install/tutorial_interfaces/include/tutorial_interfaces/tutorial_interfaces/msg/detail/num__struct.h
[5.440s] -- Up-to-date: /home/minkhanttun/ros2_ws/install/tutorial_interfaces/include/tutorial_interfaces/tutorial_interfaces/msg/detail/num__functions.c
[5.440s] -- Installing: /home/minkhanttun/ros2_ws/install/tutorial_interfaces/include/tutorial_interfaces/tutorial_interfaces/msg/detail/num__type_support.c
[5.440s] -- Up-to-date: /home/minkhanttun/ros2_ws/install/tutorial_interfaces/include/tutorial_interfaces/tutorial_interfaces/msg/rosidl_generator_c__visibility_control.h
[5.440s] -- Up-to-date: /home/minkhanttun/ros2_ws/install/tutorial_interfaces/include/tutorial_interfaces/tutorial_interfaces/msg/num.h
[5.440s] -- Up-to-date: /home/minkhanttun/ros2_ws/install/tutorial_interfaces/include/tutorial_interfaces/tutorial_interfaces/msg/sphere.h
[5.440s] -- Up-to-date: /home/minkhanttun/ros2_ws/install/tutorial_interfaces/include/tutorial_interfaces/tutorial_interfaces/srv
[5.441s] -- Up-to-date: /home/minkhanttun/ros2_ws/install/tutorial_interfaces/include/tutorial_interfaces/tutorial_interfaces/srv/detail
[5.444s] -- Up-to-date: /home/minkhanttun/ros2_ws/install/tutorial_interfaces/include/tutorial_interfaces/tutorial_interfaces/srv/detail/add_three_ints__functions.h
[5.451s] -- Up-to-date: /home/minkhanttun/ros2_ws/install/tutorial_interfaces/include/tutorial_interfaces/tutorial_interfaces/srv/detail/add_three_ints__description.c
[5.451s] -- Up-to-date: /home/minkhanttun/ros2_ws/install/tutorial_interfaces/include/tutorial_interfaces/tutorial_interfaces/srv/detail/add_three_ints__type_support.h
[5.451s] -- Up-to-date: /home/minkhanttun/ros2_ws/install/tutorial_interfaces/include/tutorial_interfaces/tutorial_interfaces/srv/detail/add_three_ints__struct.h
[5.451s] -- Up-to-date: /home/minkhanttun/ros2_ws/install/tutorial_interfaces/include/tutorial_interfaces/tutorial_interfaces/srv/detail/add_three_ints__functions.c
[5.451s] -- Installing: /home/minkhanttun/ros2_ws/install/tutorial_interfaces/include/tutorial_interfaces/tutorial_interfaces/srv/detail/add_three_ints__type_support.c
[5.451s] -- Up-to-date: /home/minkhanttun/ros2_ws/install/tutorial_interfaces/include/tutorial_interfaces/tutorial_interfaces/srv/add_three_ints.h
[5.451s] -- Up-to-date: /home/minkhanttun/ros2_ws/install/tutorial_interfaces/share/tutorial_interfaces/environment/library_path.sh
[5.452s] -- Up-to-date: /home/minkhanttun/ros2_ws/install/tutorial_interfaces/share/tutorial_interfaces/environment/library_path.dsv
[5.452s] -- Up-to-date: /home/minkhanttun/ros2_ws/install/tutorial_interfaces/lib/libtutorial_interfaces__rosidl_generator_c.so
[5.452s] -- Up-to-date: /home/minkhanttun/ros2_ws/install/tutorial_interfaces/include/tutorial_interfaces/tutorial_interfaces
[5.452s] -- Up-to-date: /home/minkhanttun/ros2_ws/install/tutorial_interfaces/include/tutorial_interfaces/tutorial_interfaces/msg
[5.452s] -- Up-to-date: /home/minkhanttun/ros2_ws/install/tutorial_interfaces/include/tutorial_interfaces/tutorial_interfaces/msg/detail
[5.452s] -- Up-to-date: /home/minkhanttun/ros2_ws/install/tutorial_interfaces/include/tutorial_interfaces/tutorial_interfaces/msg/detail/num__rosidl_typesupport_fastrtps_c.h
[5.452s] -- Up-to-date: /home/minkhanttun/ros2_ws/install/tutorial_interfaces/include/tutorial_interfaces/tutorial_interfaces/msg/detail/sphere__rosidl_typesupport_fastrtps_c.h
[5.452s] -- Up-to-date: /home/minkhanttun/ros2_ws/install/tutorial_interfaces/include/tutorial_interfaces/tutorial_interfaces/msg/rosidl_typesupport_fastrtps_c__visibility_control.h
[5.457s] -- Up-to-date: /home/minkhanttun/ros2_ws/install/tutorial_interfaces/include/tutorial_interfaces/tutorial_interfaces/srv
[5.457s] -- Up-to-date: /home/minkhanttun/ros2_ws/install/tutorial_interfaces/include/tutorial_interfaces/tutorial_interfaces/srv/detail
[5.457s] -- Up-to-date: /home/minkhanttun/ros2_ws/install/tutorial_interfaces/include/tutorial_interfaces/tutorial_interfaces/srv/detail/add_three_ints__rosidl_typesupport_fastrtps_c.h
[5.457s] -- Up-to-date: /home/minkhanttun/ros2_ws/install/tutorial_interfaces/lib/libtutorial_interfaces__rosidl_typesupport_fastrtps_c.so
[5.458s] -- Up-to-date: /home/minkhanttun/ros2_ws/install/tutorial_interfaces/include/tutorial_interfaces/tutorial_interfaces
[5.458s] -- Up-to-date: /home/minkhanttun/ros2_ws/install/tutorial_interfaces/include/tutorial_interfaces/tutorial_interfaces/msg
[5.458s] -- Up-to-date: /home/minkhanttun/ros2_ws/install/tutorial_interfaces/include/tutorial_interfaces/tutorial_interfaces/msg/detail
[5.458s] -- Up-to-date: /home/minkhanttun/ros2_ws/install/tutorial_interfaces/include/tutorial_interfaces/tutorial_interfaces/msg/detail/sphere__type_support.hpp
[5.458s] -- Up-to-date: /home/minkhanttun/ros2_ws/install/tutorial_interfaces/include/tutorial_interfaces/tutorial_interfaces/msg/detail/num__traits.hpp
[5.459s] -- Up-to-date: /home/minkhanttun/ros2_ws/install/tutorial_interfaces/include/tutorial_interfaces/tutorial_interfaces/msg/detail/num__builder.hpp
[5.464s] -- Up-to-date: /home/minkhanttun/ros2_ws/install/tutorial_interfaces/include/tutorial_interfaces/tutorial_interfaces/msg/detail/num__type_support.hpp
[5.471s] -- Up-to-date: /home/minkhanttun/ros2_ws/install/tutorial_interfaces/include/tutorial_interfaces/tutorial_interfaces/msg/detail/sphere__struct.hpp
[5.471s] -- Up-to-date: /home/minkhanttun/ros2_ws/install/tutorial_interfaces/include/tutorial_interfaces/tutorial_interfaces/msg/detail/sphere__builder.hpp
[5.471s] -- Up-to-date: /home/minkhanttun/ros2_ws/install/tutorial_interfaces/include/tutorial_interfaces/tutorial_interfaces/msg/detail/num__struct.hpp
[5.471s] -- Up-to-date: /home/minkhanttun/ros2_ws/install/tutorial_interfaces/include/tutorial_interfaces/tutorial_interfaces/msg/detail/sphere__traits.hpp
[5.474s] -- Up-to-date: /home/minkhanttun/ros2_ws/install/tutorial_interfaces/include/tutorial_interfaces/tutorial_interfaces/msg/rosidl_generator_cpp__visibility_control.hpp
[5.474s] -- Up-to-date: /home/minkhanttun/ros2_ws/install/tutorial_interfaces/include/tutorial_interfaces/tutorial_interfaces/msg/num.hpp
[5.475s] -- Up-to-date: /home/minkhanttun/ros2_ws/install/tutorial_interfaces/include/tutorial_interfaces/tutorial_interfaces/msg/sphere.hpp
[5.475s] -- Up-to-date: /home/minkhanttun/ros2_ws/install/tutorial_interfaces/include/tutorial_interfaces/tutorial_interfaces/srv
[5.475s] -- Up-to-date: /home/minkhanttun/ros2_ws/install/tutorial_interfaces/include/tutorial_interfaces/tutorial_interfaces/srv/add_three_ints.hpp
[5.475s] -- Up-to-date: /home/minkhanttun/ros2_ws/install/tutorial_interfaces/include/tutorial_interfaces/tutorial_interfaces/srv/detail
[5.475s] -- Up-to-date: /home/minkhanttun/ros2_ws/install/tutorial_interfaces/include/tutorial_interfaces/tutorial_interfaces/srv/detail/add_three_ints__type_support.hpp
[5.475s] -- Up-to-date: /home/minkhanttun/ros2_ws/install/tutorial_interfaces/include/tutorial_interfaces/tutorial_interfaces/srv/detail/add_three_ints__builder.hpp
[5.484s] -- Up-to-date: /home/minkhanttun/ros2_ws/install/tutorial_interfaces/include/tutorial_interfaces/tutorial_interfaces/srv/detail/add_three_ints__struct.hpp
[5.484s] -- Up-to-date: /home/minkhanttun/ros2_ws/install/tutorial_interfaces/include/tutorial_interfaces/tutorial_interfaces/srv/detail/add_three_ints__traits.hpp
[5.484s] -- Up-to-date: /home/minkhanttun/ros2_ws/install/tutorial_interfaces/include/tutorial_interfaces/tutorial_interfaces
[5.484s] -- Up-to-date: /home/minkhanttun/ros2_ws/install/tutorial_interfaces/include/tutorial_interfaces/tutorial_interfaces/msg
[5.485s] -- Up-to-date: /home/minkhanttun/ros2_ws/install/tutorial_interfaces/include/tutorial_interfaces/tutorial_interfaces/msg/rosidl_typesupport_fastrtps_cpp__visibility_control.h
[5.485s] -- Up-to-date: /home/minkhanttun/ros2_ws/install/tutorial_interfaces/include/tutorial_interfaces/tutorial_interfaces/msg/detail
[5.485s] -- Up-to-date: /home/minkhanttun/ros2_ws/install/tutorial_interfaces/include/tutorial_interfaces/tutorial_interfaces/msg/detail/num__rosidl_typesupport_fastrtps_cpp.hpp
[5.485s] -- Up-to-date: /home/minkhanttun/ros2_ws/install/tutorial_interfaces/include/tutorial_interfaces/tutorial_interfaces/msg/detail/sphere__rosidl_typesupport_fastrtps_cpp.hpp
[5.485s] -- Up-to-date: /home/minkhanttun/ros2_ws/install/tutorial_interfaces/include/tutorial_interfaces/tutorial_interfaces/msg/detail/dds_fastrtps
[5.485s] -- Up-to-date: /home/minkhanttun/ros2_ws/install/tutorial_interfaces/include/tutorial_interfaces/tutorial_interfaces/srv
[5.485s] -- Up-to-date: /home/minkhanttun/ros2_ws/install/tutorial_interfaces/include/tutorial_interfaces/tutorial_interfaces/srv/detail
[5.485s] -- Up-to-date: /home/minkhanttun/ros2_ws/install/tutorial_interfaces/include/tutorial_interfaces/tutorial_interfaces/srv/detail/add_three_ints__rosidl_typesupport_fastrtps_cpp.hpp
[5.485s] -- Up-to-date: /home/minkhanttun/ros2_ws/install/tutorial_interfaces/include/tutorial_interfaces/tutorial_interfaces/srv/detail/dds_fastrtps
[5.494s] -- Up-to-date: /home/minkhanttun/ros2_ws/install/tutorial_interfaces/lib/libtutorial_interfaces__rosidl_typesupport_fastrtps_cpp.so
[5.494s] -- Up-to-date: /home/minkhanttun/ros2_ws/install/tutorial_interfaces/include/tutorial_interfaces/tutorial_interfaces
[5.494s] -- Up-to-date: /home/minkhanttun/ros2_ws/install/tutorial_interfaces/include/tutorial_interfaces/tutorial_interfaces/msg
[5.494s] -- Up-to-date: /home/minkhanttun/ros2_ws/install/tutorial_interfaces/include/tutorial_interfaces/tutorial_interfaces/msg/detail
[5.494s] -- Installing: /home/minkhanttun/ros2_ws/install/tutorial_interfaces/include/tutorial_interfaces/tutorial_interfaces/msg/detail/sphere__type_support.c
[5.495s] -- Up-to-date: /home/minkhanttun/ros2_ws/install/tutorial_interfaces/include/tutorial_interfaces/tutorial_interfaces/msg/detail/num__rosidl_typesupport_introspection_c.h
[5.495s] -- Up-to-date: /home/minkhanttun/ros2_ws/install/tutorial_interfaces/include/tutorial_interfaces/tutorial_interfaces/msg/detail/sphere__rosidl_typesupport_introspection_c.h
[5.495s] -- Installing: /home/minkhanttun/ros2_ws/install/tutorial_interfaces/include/tutorial_interfaces/tutorial_interfaces/msg/detail/num__type_support.c
[5.495s] -- Up-to-date: /home/minkhanttun/ros2_ws/install/tutorial_interfaces/include/tutorial_interfaces/tutorial_interfaces/msg/rosidl_typesupport_introspection_c__visibility_control.h
[5.495s] -- Up-to-date: /home/minkhanttun/ros2_ws/install/tutorial_interfaces/include/tutorial_interfaces/tutorial_interfaces/srv
[5.495s] -- Up-to-date: /home/minkhanttun/ros2_ws/install/tutorial_interfaces/include/tutorial_interfaces/tutorial_interfaces/srv/detail
[5.496s] -- Up-to-date: /home/minkhanttun/ros2_ws/install/tutorial_interfaces/include/tutorial_interfaces/tutorial_interfaces/srv/detail/add_three_ints__rosidl_typesupport_introspection_c.h
[5.496s] -- Installing: /home/minkhanttun/ros2_ws/install/tutorial_interfaces/include/tutorial_interfaces/tutorial_interfaces/srv/detail/add_three_ints__type_support.c
[5.496s] -- Up-to-date: /home/minkhanttun/ros2_ws/install/tutorial_interfaces/lib/libtutorial_interfaces__rosidl_typesupport_introspection_c.so
[5.496s] -- Up-to-date: /home/minkhanttun/ros2_ws/install/tutorial_interfaces/lib/libtutorial_interfaces__rosidl_typesupport_c.so
[5.496s] -- Up-to-date: /home/minkhanttun/ros2_ws/install/tutorial_interfaces/include/tutorial_interfaces/tutorial_interfaces
[5.509s] -- Up-to-date: /home/minkhanttun/ros2_ws/install/tutorial_interfaces/include/tutorial_interfaces/tutorial_interfaces/msg
[5.509s] -- Up-to-date: /home/minkhanttun/ros2_ws/install/tutorial_interfaces/include/tutorial_interfaces/tutorial_interfaces/msg/detail
[5.509s] -- Up-to-date: /home/minkhanttun/ros2_ws/install/tutorial_interfaces/include/tutorial_interfaces/tutorial_interfaces/msg/detail/num__type_support.cpp
[5.510s] -- Up-to-date: /home/minkhanttun/ros2_ws/install/tutorial_interfaces/include/tutorial_interfaces/tutorial_interfaces/msg/detail/num__rosidl_typesupport_introspection_cpp.hpp
[5.510s] -- Up-to-date: /home/minkhanttun/ros2_ws/install/tutorial_interfaces/include/tutorial_interfaces/tutorial_interfaces/msg/detail/sphere__type_support.cpp
[5.510s] -- Up-to-date: /home/minkhanttun/ros2_ws/install/tutorial_interfaces/include/tutorial_interfaces/tutorial_interfaces/msg/detail/sphere__rosidl_typesupport_introspection_cpp.hpp
[5.510s] -- Up-to-date: /home/minkhanttun/ros2_ws/install/tutorial_interfaces/include/tutorial_interfaces/tutorial_interfaces/srv
[5.510s] -- Up-to-date: /home/minkhanttun/ros2_ws/install/tutorial_interfaces/include/tutorial_interfaces/tutorial_interfaces/srv/detail
[5.511s] -- Up-to-date: /home/minkhanttun/ros2_ws/install/tutorial_interfaces/include/tutorial_interfaces/tutorial_interfaces/srv/detail/add_three_ints__type_support.cpp
[5.511s] -- Up-to-date: /home/minkhanttun/ros2_ws/install/tutorial_interfaces/include/tutorial_interfaces/tutorial_interfaces/srv/detail/add_three_ints__rosidl_typesupport_introspection_cpp.hpp
[5.511s] -- Up-to-date: /home/minkhanttun/ros2_ws/install/tutorial_interfaces/lib/libtutorial_interfaces__rosidl_typesupport_introspection_cpp.so
[5.511s] -- Up-to-date: /home/minkhanttun/ros2_ws/install/tutorial_interfaces/lib/libtutorial_interfaces__rosidl_typesupport_cpp.so
[5.511s] -- Up-to-date: /home/minkhanttun/ros2_ws/install/tutorial_interfaces/share/tutorial_interfaces/environment/pythonpath.sh
[5.511s] -- Up-to-date: /home/minkhanttun/ros2_ws/install/tutorial_interfaces/share/tutorial_interfaces/environment/pythonpath.dsv
[5.526s] -- Up-to-date: /home/minkhanttun/ros2_ws/install/tutorial_interfaces/lib/python3.12/site-packages/tutorial_interfaces-0.0.0-py3.12.egg-info
[5.526s] -- Installing: /home/minkhanttun/ros2_ws/install/tutorial_interfaces/lib/python3.12/site-packages/tutorial_interfaces-0.0.0-py3.12.egg-info/SOURCES.txt
[5.526s] -- Installing: /home/minkhanttun/ros2_ws/install/tutorial_interfaces/lib/python3.12/site-packages/tutorial_interfaces-0.0.0-py3.12.egg-info/top_level.txt
[5.526s] -- Installing: /home/minkhanttun/ros2_ws/install/tutorial_interfaces/lib/python3.12/site-packages/tutorial_interfaces-0.0.0-py3.12.egg-info/PKG-INFO
[5.526s] -- Installing: /home/minkhanttun/ros2_ws/install/tutorial_interfaces/lib/python3.12/site-packages/tutorial_interfaces-0.0.0-py3.12.egg-info/dependency_links.txt
[5.528s] -- Up-to-date: /home/minkhanttun/ros2_ws/install/tutorial_interfaces/lib/python3.12/site-packages/tutorial_interfaces
[5.534s] -- Up-to-date: /home/minkhanttun/ros2_ws/install/tutorial_interfaces/lib/python3.12/site-packages/tutorial_interfaces/_tutorial_interfaces_s.ep.rosidl_typesupport_fastrtps_c.c
[5.534s] -- Up-to-date: /home/minkhanttun/ros2_ws/install/tutorial_interfaces/lib/python3.12/site-packages/tutorial_interfaces/tutorial_interfaces_s__rosidl_typesupport_c.so
[5.534s] -- Up-to-date: /home/minkhanttun/ros2_ws/install/tutorial_interfaces/lib/python3.12/site-packages/tutorial_interfaces/tutorial_interfaces_s__rosidl_typesupport_fastrtps_c.so
[5.534s] -- Up-to-date: /home/minkhanttun/ros2_ws/install/tutorial_interfaces/lib/python3.12/site-packages/tutorial_interfaces/msg
[5.534s] -- Up-to-date: /home/minkhanttun/ros2_ws/install/tutorial_interfaces/lib/python3.12/site-packages/tutorial_interfaces/msg/_num_s.c
[5.535s] -- Up-to-date: /home/minkhanttun/ros2_ws/install/tutorial_interfaces/lib/python3.12/site-packages/tutorial_interfaces/msg/_sphere.py
[5.535s] -- Up-to-date: /home/minkhanttun/ros2_ws/install/tutorial_interfaces/lib/python3.12/site-packages/tutorial_interfaces/msg/_num.py
[5.538s] -- Up-to-date: /home/minkhanttun/ros2_ws/install/tutorial_interfaces/lib/python3.12/site-packages/tutorial_interfaces/msg/__init__.py
[5.538s] -- Up-to-date: /home/minkhanttun/ros2_ws/install/tutorial_interfaces/lib/python3.12/site-packages/tutorial_interfaces/msg/_sphere_s.c
[5.538s] -- Up-to-date: /home/minkhanttun/ros2_ws/install/tutorial_interfaces/lib/python3.12/site-packages/tutorial_interfaces/_tutorial_interfaces_s.ep.rosidl_typesupport_c.c
[5.538s] -- Up-to-date: /home/minkhanttun/ros2_ws/install/tutorial_interfaces/lib/python3.12/site-packages/tutorial_interfaces/tutorial_interfaces_s__rosidl_typesupport_introspection_c.so
[5.538s] -- Up-to-date: /home/minkhanttun/ros2_ws/install/tutorial_interfaces/lib/python3.12/site-packages/tutorial_interfaces/__init__.py
[5.538s] -- Up-to-date: /home/minkhanttun/ros2_ws/install/tutorial_interfaces/lib/python3.12/site-packages/tutorial_interfaces/_tutorial_interfaces_s.ep.rosidl_typesupport_introspection_c.c
[5.538s] -- Up-to-date: /home/minkhanttun/ros2_ws/install/tutorial_interfaces/lib/python3.12/site-packages/tutorial_interfaces/srv
[5.545s] -- Up-to-date: /home/minkhanttun/ros2_ws/install/tutorial_interfaces/lib/python3.12/site-packages/tutorial_interfaces/srv/_add_three_ints_s.c
[5.547s] -- Up-to-date: /home/minkhanttun/ros2_ws/install/tutorial_interfaces/lib/python3.12/site-packages/tutorial_interfaces/srv/__init__.py
[5.547s] -- Up-to-date: /home/minkhanttun/ros2_ws/install/tutorial_interfaces/lib/python3.12/site-packages/tutorial_interfaces/srv/_add_three_ints.py
[5.865s] Listing '/home/minkhanttun/ros2_ws/install/tutorial_interfaces/lib/python3.12/site-packages/tutorial_interfaces'...
[5.866s] Listing '/home/minkhanttun/ros2_ws/install/tutorial_interfaces/lib/python3.12/site-packages/tutorial_interfaces/msg'...
[5.866s] Listing '/home/minkhanttun/ros2_ws/install/tutorial_interfaces/lib/python3.12/site-packages/tutorial_interfaces/srv'...
[5.934s] -- Up-to-date: /home/minkhanttun/ros2_ws/install/tutorial_interfaces/lib/python3.12/site-packages/tutorial_interfaces/tutorial_interfaces_s__rosidl_typesupport_fastrtps_c.so
[5.935s] -- Up-to-date: /home/minkhanttun/ros2_ws/install/tutorial_interfaces/lib/python3.12/site-packages/tutorial_interfaces/tutorial_interfaces_s__rosidl_typesupport_introspection_c.so
[5.935s] -- Up-to-date: /home/minkhanttun/ros2_ws/install/tutorial_interfaces/lib/python3.12/site-packages/tutorial_interfaces/tutorial_interfaces_s__rosidl_typesupport_c.so
[5.943s] -- Up-to-date: /home/minkhanttun/ros2_ws/install/tutorial_interfaces/lib/libtutorial_interfaces__rosidl_generator_py.so
[5.944s] -- Up-to-date: /home/minkhanttun/ros2_ws/install/tutorial_interfaces/share/tutorial_interfaces/msg/Num.idl
[5.944s] -- Up-to-date: /home/minkhanttun/ros2_ws/install/tutorial_interfaces/share/tutorial_interfaces/msg/Sphere.idl
[5.944s] -- Up-to-date: /home/minkhanttun/ros2_ws/install/tutorial_interfaces/share/tutorial_interfaces/srv/AddThreeInts.idl
[5.954s] -- Up-to-date: /home/minkhanttun/ros2_ws/install/tutorial_interfaces/share/tutorial_interfaces/msg/Num.msg
[5.954s] -- Up-to-date: /home/minkhanttun/ros2_ws/install/tutorial_interfaces/share/tutorial_interfaces/msg/Sphere.msg
[5.955s] -- Up-to-date: /home/minkhanttun/ros2_ws/install/tutorial_interfaces/share/tutorial_interfaces/srv/AddThreeInts.srv
[5.955s] -- Up-to-date: /home/minkhanttun/ros2_ws/install/tutorial_interfaces/share/ament_index/resource_index/package_run_dependencies/tutorial_interfaces
[5.955s] -- Up-to-date: /home/minkhanttun/ros2_ws/install/tutorial_interfaces/share/ament_index/resource_index/parent_prefix_path/tutorial_interfaces
[5.955s] -- Up-to-date: /home/minkhanttun/ros2_ws/install/tutorial_interfaces/share/tutorial_interfaces/environment/ament_prefix_path.sh
[5.955s] -- Up-to-date: /home/minkhanttun/ros2_ws/install/tutorial_interfaces/share/tutorial_interfaces/environment/ament_prefix_path.dsv
[5.955s] -- Up-to-date: /home/minkhanttun/ros2_ws/install/tutorial_interfaces/share/tutorial_interfaces/environment/path.sh
[5.962s] -- Up-to-date: /home/minkhanttun/ros2_ws/install/tutorial_interfaces/share/tutorial_interfaces/environment/path.dsv
[5.962s] -- Up-to-date: /home/minkhanttun/ros2_ws/install/tutorial_interfaces/share/tutorial_interfaces/local_setup.bash
[5.965s] -- Up-to-date: /home/minkhanttun/ros2_ws/install/tutorial_interfaces/share/tutorial_interfaces/local_setup.sh
[5.965s] -- Up-to-date: /home/minkhanttun/ros2_ws/install/tutorial_interfaces/share/tutorial_interfaces/local_setup.zsh
[5.965s] -- Up-to-date: /home/minkhanttun/ros2_ws/install/tutorial_interfaces/share/tutorial_interfaces/local_setup.dsv
[5.966s] -- Installing: /home/minkhanttun/ros2_ws/install/tutorial_interfaces/share/tutorial_interfaces/package.dsv
[5.969s] -- Up-to-date: /home/minkhanttun/ros2_ws/install/tutorial_interfaces/share/ament_index/resource_index/packages/tutorial_interfaces
[5.969s] -- Up-to-date: /home/minkhanttun/ros2_ws/install/tutorial_interfaces/share/tutorial_interfaces/cmake/export_tutorial_interfaces__rosidl_generator_cExport.cmake
[5.969s] -- Up-to-date: /home/minkhanttun/ros2_ws/install/tutorial_interfaces/share/tutorial_interfaces/cmake/export_tutorial_interfaces__rosidl_generator_cExport-noconfig.cmake
[5.985s] -- Up-to-date: /home/minkhanttun/ros2_ws/install/tutorial_interfaces/share/tutorial_interfaces/cmake/export_tutorial_interfaces__rosidl_typesupport_fastrtps_cExport.cmake
[5.985s] -- Up-to-date: /home/minkhanttun/ros2_ws/install/tutorial_interfaces/share/tutorial_interfaces/cmake/export_tutorial_interfaces__rosidl_typesupport_fastrtps_cExport-noconfig.cmake
[5.985s] -- Up-to-date: /home/minkhanttun/ros2_ws/install/tutorial_interfaces/share/tutorial_interfaces/cmake/export_tutorial_interfaces__rosidl_generator_cppExport.cmake
[5.985s] -- Up-to-date: /home/minkhanttun/ros2_ws/install/tutorial_interfaces/share/tutorial_interfaces/cmake/export_tutorial_interfaces__rosidl_typesupport_fastrtps_cppExport.cmake
[5.986s] -- Up-to-date: /home/minkhanttun/ros2_ws/install/tutorial_interfaces/share/tutorial_interfaces/cmake/export_tutorial_interfaces__rosidl_typesupport_fastrtps_cppExport-noconfig.cmake
[5.989s] -- Up-to-date: /home/minkhanttun/ros2_ws/install/tutorial_interfaces/share/tutorial_interfaces/cmake/tutorial_interfaces__rosidl_typesupport_introspection_cExport.cmake
[5.989s] -- Up-to-date: /home/minkhanttun/ros2_ws/install/tutorial_interfaces/share/tutorial_interfaces/cmake/tutorial_interfaces__rosidl_typesupport_introspection_cExport-noconfig.cmake
[5.989s] -- Up-to-date: /home/minkhanttun/ros2_ws/install/tutorial_interfaces/share/tutorial_interfaces/cmake/tutorial_interfaces__rosidl_typesupport_cExport.cmake
[6.009s] -- Up-to-date: /home/minkhanttun/ros2_ws/install/tutorial_interfaces/share/tutorial_interfaces/cmake/tutorial_interfaces__rosidl_typesupport_cExport-noconfig.cmake
[6.010s] -- Up-to-date: /home/minkhanttun/ros2_ws/install/tutorial_interfaces/share/tutorial_interfaces/cmake/tutorial_interfaces__rosidl_typesupport_introspection_cppExport.cmake
[6.010s] -- Up-to-date: /home/minkhanttun/ros2_ws/install/tutorial_interfaces/share/tutorial_interfaces/cmake/tutorial_interfaces__rosidl_typesupport_introspection_cppExport-noconfig.cmake
[6.010s] -- Up-to-date: /home/minkhanttun/ros2_ws/install/tutorial_interfaces/share/tutorial_interfaces/cmake/tutorial_interfaces__rosidl_typesupport_cppExport.cmake
[6.010s] -- Up-to-date: /home/minkhanttun/ros2_ws/install/tutorial_interfaces/share/tutorial_interfaces/cmake/tutorial_interfaces__rosidl_typesupport_cppExport-noconfig.cmake
[6.010s] -- Up-to-date: /home/minkhanttun/ros2_ws/install/tutorial_interfaces/share/tutorial_interfaces/cmake/export_tutorial_interfaces__rosidl_generator_pyExport.cmake
[6.010s] -- Up-to-date: /home/minkhanttun/ros2_ws/install/tutorial_interfaces/share/tutorial_interfaces/cmake/export_tutorial_interfaces__rosidl_generator_pyExport-noconfig.cmake
[6.011s] -- Up-to-date: /home/minkhanttun/ros2_ws/install/tutorial_interfaces/share/tutorial_interfaces/cmake/rosidl_cmake-extras.cmake
[6.011s] -- Up-to-date: /home/minkhanttun/ros2_ws/install/tutorial_interfaces/share/tutorial_interfaces/cmake/ament_cmake_export_dependencies-extras.cmake
[6.011s] -- Up-to-date: /home/minkhanttun/ros2_ws/install/tutorial_interfaces/share/tutorial_interfaces/cmake/ament_cmake_export_include_directories-extras.cmake
[6.011s] -- Up-to-date: /home/minkhanttun/ros2_ws/install/tutorial_interfaces/share/tutorial_interfaces/cmake/ament_cmake_export_libraries-extras.cmake
[6.011s] -- Up-to-date: /home/minkhanttun/ros2_ws/install/tutorial_interfaces/share/tutorial_interfaces/cmake/ament_cmake_export_targets-extras.cmake
[6.011s] -- Up-to-date: /home/minkhanttun/ros2_ws/install/tutorial_interfaces/share/tutorial_interfaces/cmake/rosidl_cmake_export_typesupport_targets-extras.cmake
[6.026s] -- Up-to-date: /home/minkhanttun/ros2_ws/install/tutorial_interfaces/share/tutorial_interfaces/cmake/rosidl_cmake_export_typesupport_libraries-extras.cmake
[6.027s] -- Up-to-date: /home/minkhanttun/ros2_ws/install/tutorial_interfaces/share/tutorial_interfaces/cmake/tutorial_interfacesConfig.cmake
[6.027s] -- Up-to-date: /home/minkhanttun/ros2_ws/install/tutorial_interfaces/share/tutorial_interfaces/cmake/tutorial_interfacesConfig-version.cmake
[6.027s] -- Up-to-date: /home/minkhanttun/ros2_ws/install/tutorial_interfaces/share/tutorial_interfaces/package.xml
[6.027s] Invoked command in '/home/minkhanttun/ros2_ws/build/tutorial_interfaces' returned '0': CMAKE_PREFIX_PATH=${CMAKE_PREFIX_PATH}:/opt/ros/jazzy DEBUGINFOD_URLS=https://debuginfod.ubuntu.com /usr/bin/cmake --install /home/minkhanttun/ros2_ws/build/tutorial_interfaces
