[0.284s] Invoking command in '/home/minkhanttun/ros2_ws/build/cpp_srvcli': CMAKE_PREFIX_PATH=/home/minkhanttun/ros2_ws/install/tutorial_interfaces:/home/minkhanttun/ros2_ws/install/cpp_srvcli:/home/minkhanttun/ros2_ws/install/cpp_pubsub:/home/minkhanttun/ros2_ws/install/turtlesim:/home/minkhanttun/ros2_ws/install/polygon_plugins:/home/minkhanttun/ros2_ws/install/polygon_base:/home/minkhanttun/ros2_ws/install/launch_tutorial:/home/minkhanttun/ros2_ws/install/custom_action_cpp:/home/minkhanttun/ros2_ws/install/custom_action_interfaces:/home/minkhanttun/ros2_ws/install/cpp_parameters:/home/minkhanttun/ros2_ws/install/cpp_parameter_event_handler:/opt/ros/jazzy/opt/gz_math_vendor:/opt/ros/jazzy/opt/gz_utils_vendor:/opt/ros/jazzy/opt/gz_cmake_vendor:/opt/ros/jazzy DEBUGINFOD_URLS=https://debuginfod.ubuntu.com /usr/bin/cmake --build /home/minkhanttun/ros2_ws/build/cpp_srvcli -- -j4 -l4
[0.484s] [ 50%] Built target server
[0.529s] [100%] Built target client
[0.683s] Invoked command in '/home/minkhanttun/ros2_ws/build/cpp_srvcli' returned '0': CMAKE_PREFIX_PATH=/home/minkhanttun/ros2_ws/install/tutorial_interfaces:/home/minkhanttun/ros2_ws/install/cpp_srvcli:/home/minkhanttun/ros2_ws/install/cpp_pubsub:/home/minkhanttun/ros2_ws/install/turtlesim:/home/minkhanttun/ros2_ws/install/polygon_plugins:/home/minkhanttun/ros2_ws/install/polygon_base:/home/minkhanttun/ros2_ws/install/launch_tutorial:/home/minkhanttun/ros2_ws/install/custom_action_cpp:/home/minkhanttun/ros2_ws/install/custom_action_interfaces:/home/minkhanttun/ros2_ws/install/cpp_parameters:/home/minkhanttun/ros2_ws/install/cpp_parameter_event_handler:/opt/ros/jazzy/opt/gz_math_vendor:/opt/ros/jazzy/opt/gz_utils_vendor:/opt/ros/jazzy/opt/gz_cmake_vendor:/opt/ros/jazzy DEBUGINFOD_URLS=https://debuginfod.ubuntu.com /usr/bin/cmake --build /home/minkhanttun/ros2_ws/build/cpp_srvcli -- -j4 -l4
[0.689s] Invoking command in '/home/minkhanttun/ros2_ws/build/cpp_srvcli': CMAKE_PREFIX_PATH=/home/minkhanttun/ros2_ws/install/tutorial_interfaces:/home/minkhanttun/ros2_ws/install/cpp_srvcli:/home/minkhanttun/ros2_ws/install/cpp_pubsub:/home/minkhanttun/ros2_ws/install/turtlesim:/home/minkhanttun/ros2_ws/install/polygon_plugins:/home/minkhanttun/ros2_ws/install/polygon_base:/home/minkhanttun/ros2_ws/install/launch_tutorial:/home/minkhanttun/ros2_ws/install/custom_action_cpp:/home/minkhanttun/ros2_ws/install/custom_action_interfaces:/home/minkhanttun/ros2_ws/install/cpp_parameters:/home/minkhanttun/ros2_ws/install/cpp_parameter_event_handler:/opt/ros/jazzy/opt/gz_math_vendor:/opt/ros/jazzy/opt/gz_utils_vendor:/opt/ros/jazzy/opt/gz_cmake_vendor:/opt/ros/jazzy DEBUGINFOD_URLS=https://debuginfod.ubuntu.com /usr/bin/cmake --install /home/minkhanttun/ros2_ws/build/cpp_srvcli
[0.775s] -- Install configuration: ""
[0.778s] -- Up-to-date: /home/minkhanttun/ros2_ws/install/cpp_srvcli/lib/cpp_srvcli/server
[0.778s] -- Up-to-date: /home/minkhanttun/ros2_ws/install/cpp_srvcli/lib/cpp_srvcli/client
[0.778s] -- Up-to-date: /home/minkhanttun/ros2_ws/install/cpp_srvcli/share/ament_index/resource_index/package_run_dependencies/cpp_srvcli
[0.778s] -- Up-to-date: /home/minkhanttun/ros2_ws/install/cpp_srvcli/share/ament_index/resource_index/parent_prefix_path/cpp_srvcli
[0.781s] -- Up-to-date: /home/minkhanttun/ros2_ws/install/cpp_srvcli/share/cpp_srvcli/environment/ament_prefix_path.sh
[0.781s] -- Up-to-date: /home/minkhanttun/ros2_ws/install/cpp_srvcli/share/cpp_srvcli/environment/ament_prefix_path.dsv
[0.781s] -- Up-to-date: /home/minkhanttun/ros2_ws/install/cpp_srvcli/share/cpp_srvcli/environment/path.sh
[0.781s] -- Up-to-date: /home/minkhanttun/ros2_ws/install/cpp_srvcli/share/cpp_srvcli/environment/path.dsv
[0.782s] -- Up-to-date: /home/minkhanttun/ros2_ws/install/cpp_srvcli/share/cpp_srvcli/local_setup.bash
[0.782s] -- Up-to-date: /home/minkhanttun/ros2_ws/install/cpp_srvcli/share/cpp_srvcli/local_setup.sh
[0.782s] -- Up-to-date: /home/minkhanttun/ros2_ws/install/cpp_srvcli/share/cpp_srvcli/local_setup.zsh
[0.782s] -- Up-to-date: /home/minkhanttun/ros2_ws/install/cpp_srvcli/share/cpp_srvcli/local_setup.dsv
[0.782s] -- Installing: /home/minkhanttun/ros2_ws/install/cpp_srvcli/share/cpp_srvcli/package.dsv
[0.782s] -- Up-to-date: /home/minkhanttun/ros2_ws/install/cpp_srvcli/share/ament_index/resource_index/packages/cpp_srvcli
[0.782s] -- Up-to-date: /home/minkhanttun/ros2_ws/install/cpp_srvcli/share/cpp_srvcli/cmake/cpp_srvcliConfig.cmake
[0.782s] -- Up-to-date: /home/minkhanttun/ros2_ws/install/cpp_srvcli/share/cpp_srvcli/cmake/cpp_srvcliConfig-version.cmake
[0.783s] -- Up-to-date: /home/minkhanttun/ros2_ws/install/cpp_srvcli/share/cpp_srvcli/package.xml
[0.809s] Invoked command in '/home/minkhanttun/ros2_ws/build/cpp_srvcli' returned '0': CMAKE_PREFIX_PATH=/home/minkhanttun/ros2_ws/install/tutorial_interfaces:/home/minkhanttun/ros2_ws/install/cpp_srvcli:/home/minkhanttun/ros2_ws/install/cpp_pubsub:/home/minkhanttun/ros2_ws/install/turtlesim:/home/minkhanttun/ros2_ws/install/polygon_plugins:/home/minkhanttun/ros2_ws/install/polygon_base:/home/minkhanttun/ros2_ws/install/launch_tutorial:/home/minkhanttun/ros2_ws/install/custom_action_cpp:/home/minkhanttun/ros2_ws/install/custom_action_interfaces:/home/minkhanttun/ros2_ws/install/cpp_parameters:/home/minkhanttun/ros2_ws/install/cpp_parameter_event_handler:/opt/ros/jazzy/opt/gz_math_vendor:/opt/ros/jazzy/opt/gz_utils_vendor:/opt/ros/jazzy/opt/gz_cmake_vendor:/opt/ros/jazzy DEBUGINFOD_URLS=https://debuginfod.ubuntu.com /usr/bin/cmake --install /home/minkhanttun/ros2_ws/build/cpp_srvcli
