[0.072s] Invoking command in '/home/minkhanttun/ros2_ws/build/turtlesim': CMAKE_PREFIX_PATH=${CMAKE_PREFIX_PATH}:/opt/ros/jazzy DEBUGINFOD_URLS=https://debuginfod.ubuntu.com /usr/bin/cmake --build /home/minkhanttun/ros2_ws/build/turtlesim -- -j4 -l4
[0.663s] [  0%] Built target turtlesim__rosidl_generator_type_description
[0.734s] [  0%] Built target ament_cmake_python_copy_turtlesim
[1.005s] [  1%] Built target turtlesim__cpp
[1.031s] [ 24%] Built target turtlesim__rosidl_generator_c
[2.231s] running egg_info
[2.342s] writing turtlesim.egg-info/PKG-INFO
[2.346s] writing dependency_links to turtlesim.egg-info/dependency_links.txt
[2.346s] writing top-level names to turtlesim.egg-info/top_level.txt
[2.600s] reading manifest file 'turtlesim.egg-info/SOURCES.txt'
[2.601s] writing manifest file 'turtlesim.egg-info/SOURCES.txt'
[2.840s] [ 24%] Built target ament_cmake_python_build_turtlesim_egg
[2.949s] [ 33%] Built target turtlesim__rosidl_typesupport_fastrtps_cpp
[3.079s] [ 42%] Built target turtlesim__rosidl_typesupport_introspection_c
[3.219s] [ 51%] Built target turtlesim__rosidl_typesupport_c
[3.403s] [ 59%] Built target turtlesim__rosidl_typesupport_introspection_cpp
[3.587s] [ 67%] Built target turtlesim__rosidl_typesupport_fastrtps_c
[3.771s] [ 76%] Built target turtlesim__rosidl_typesupport_cpp
[3.915s] [ 76%] Built target turtlesim
[4.041s] [ 77%] Built target draw_square
[4.237s] [ 79%] Built target mimic
[4.407s] [ 79%] Built target turtlesim__py
[4.612s] [ 81%] Built target turtle_teleop_key
[4.764s] [ 89%] Built target turtlesim__rosidl_generator_py
[4.971s] [ 94%] Built target turtlesim_node
[5.084s] [ 96%] Built target turtlesim_s__rosidl_typesupport_c
[5.247s] [ 98%] Built target turtlesim_s__rosidl_typesupport_introspection_c
[5.286s] [100%] Built target turtlesim_s__rosidl_typesupport_fastrtps_c
[5.440s] Invoked command in '/home/minkhanttun/ros2_ws/build/turtlesim' returned '0': CMAKE_PREFIX_PATH=${CMAKE_PREFIX_PATH}:/opt/ros/jazzy DEBUGINFOD_URLS=https://debuginfod.ubuntu.com /usr/bin/cmake --build /home/minkhanttun/ros2_ws/build/turtlesim -- -j4 -l4
[5.441s] Invoking command in '/home/minkhanttun/ros2_ws/build/turtlesim': CMAKE_PREFIX_PATH=${CMAKE_PREFIX_PATH}:/opt/ros/jazzy DEBUGINFOD_URLS=https://debuginfod.ubuntu.com /usr/bin/cmake --install /home/minkhanttun/ros2_ws/build/turtlesim
[5.488s] -- Install configuration: ""
[5.491s] -- Up-to-date: /home/minkhanttun/ros2_ws/install/turtlesim/share/ament_index/resource_index/rosidl_interfaces/turtlesim
[5.492s] -- Up-to-date: /home/minkhanttun/ros2_ws/install/turtlesim/share/turtlesim/action/RotateAbsolute.json
[5.493s] -- Up-to-date: /home/minkhanttun/ros2_ws/install/turtlesim/share/turtlesim/msg/Color.json
[5.493s] -- Up-to-date: /home/minkhanttun/ros2_ws/install/turtlesim/share/turtlesim/msg/Pose.json
[5.493s] -- Up-to-date: /home/minkhanttun/ros2_ws/install/turtlesim/share/turtlesim/srv/Kill.json
[5.493s] -- Up-to-date: /home/minkhanttun/ros2_ws/install/turtlesim/share/turtlesim/srv/SetPen.json
[5.493s] -- Up-to-date: /home/minkhanttun/ros2_ws/install/turtlesim/share/turtlesim/srv/Spawn.json
[5.494s] -- Up-to-date: /home/minkhanttun/ros2_ws/install/turtlesim/share/turtlesim/srv/TeleportAbsolute.json
[5.500s] -- Up-to-date: /home/minkhanttun/ros2_ws/install/turtlesim/share/turtlesim/srv/TeleportRelative.json
[5.500s] -- Up-to-date: /home/minkhanttun/ros2_ws/install/turtlesim/include/turtlesim/turtlesim
[5.503s] -- Up-to-date: /home/minkhanttun/ros2_ws/install/turtlesim/include/turtlesim/turtlesim/msg
[5.507s] -- Up-to-date: /home/minkhanttun/ros2_ws/install/turtlesim/include/turtlesim/turtlesim/msg/color.h
[5.508s] -- Up-to-date: /home/minkhanttun/ros2_ws/install/turtlesim/include/turtlesim/turtlesim/msg/detail
[5.509s] -- Up-to-date: /home/minkhanttun/ros2_ws/install/turtlesim/include/turtlesim/turtlesim/msg/detail/color__functions.c
[5.509s] -- Up-to-date: /home/minkhanttun/ros2_ws/install/turtlesim/include/turtlesim/turtlesim/msg/detail/color__struct.h
[5.509s] -- Up-to-date: /home/minkhanttun/ros2_ws/install/turtlesim/include/turtlesim/turtlesim/msg/detail/color__functions.h
[5.510s] -- Up-to-date: /home/minkhanttun/ros2_ws/install/turtlesim/include/turtlesim/turtlesim/msg/detail/pose__functions.h
[5.510s] -- Up-to-date: /home/minkhanttun/ros2_ws/install/turtlesim/include/turtlesim/turtlesim/msg/detail/pose__type_support.h
[5.510s] -- Installing: /home/minkhanttun/ros2_ws/install/turtlesim/include/turtlesim/turtlesim/msg/detail/color__type_support.c
[5.510s] -- Up-to-date: /home/minkhanttun/ros2_ws/install/turtlesim/include/turtlesim/turtlesim/msg/detail/pose__description.c
[5.512s] -- Up-to-date: /home/minkhanttun/ros2_ws/install/turtlesim/include/turtlesim/turtlesim/msg/detail/pose__struct.h
[5.519s] -- Up-to-date: /home/minkhanttun/ros2_ws/install/turtlesim/include/turtlesim/turtlesim/msg/detail/color__description.c
[5.519s] -- Installing: /home/minkhanttun/ros2_ws/install/turtlesim/include/turtlesim/turtlesim/msg/detail/pose__type_support.c
[5.519s] -- Up-to-date: /home/minkhanttun/ros2_ws/install/turtlesim/include/turtlesim/turtlesim/msg/detail/pose__functions.c
[5.519s] -- Up-to-date: /home/minkhanttun/ros2_ws/install/turtlesim/include/turtlesim/turtlesim/msg/detail/color__type_support.h
[5.520s] -- Up-to-date: /home/minkhanttun/ros2_ws/install/turtlesim/include/turtlesim/turtlesim/msg/rosidl_generator_c__visibility_control.h
[5.520s] -- Up-to-date: /home/minkhanttun/ros2_ws/install/turtlesim/include/turtlesim/turtlesim/msg/pose.h
[5.520s] -- Up-to-date: /home/minkhanttun/ros2_ws/install/turtlesim/include/turtlesim/turtlesim/srv
[5.520s] -- Up-to-date: /home/minkhanttun/ros2_ws/install/turtlesim/include/turtlesim/turtlesim/srv/kill.h
[5.520s] -- Up-to-date: /home/minkhanttun/ros2_ws/install/turtlesim/include/turtlesim/turtlesim/srv/detail
[5.520s] -- Up-to-date: /home/minkhanttun/ros2_ws/install/turtlesim/include/turtlesim/turtlesim/srv/detail/teleport_relative__type_support.h
[5.520s] -- Up-to-date: /home/minkhanttun/ros2_ws/install/turtlesim/include/turtlesim/turtlesim/srv/detail/spawn__functions.c
[5.521s] -- Installing: /home/minkhanttun/ros2_ws/install/turtlesim/include/turtlesim/turtlesim/srv/detail/kill__type_support.c
[5.521s] -- Up-to-date: /home/minkhanttun/ros2_ws/install/turtlesim/include/turtlesim/turtlesim/srv/detail/spawn__functions.h
[5.521s] -- Up-to-date: /home/minkhanttun/ros2_ws/install/turtlesim/include/turtlesim/turtlesim/srv/detail/spawn__struct.h
[5.521s] -- Up-to-date: /home/minkhanttun/ros2_ws/install/turtlesim/include/turtlesim/turtlesim/srv/detail/kill__functions.c
[5.531s] -- Up-to-date: /home/minkhanttun/ros2_ws/install/turtlesim/include/turtlesim/turtlesim/srv/detail/set_pen__struct.h
[5.532s] -- Up-to-date: /home/minkhanttun/ros2_ws/install/turtlesim/include/turtlesim/turtlesim/srv/detail/teleport_absolute__functions.c
[5.532s] -- Up-to-date: /home/minkhanttun/ros2_ws/install/turtlesim/include/turtlesim/turtlesim/srv/detail/spawn__type_support.h
[5.532s] -- Up-to-date: /home/minkhanttun/ros2_ws/install/turtlesim/include/turtlesim/turtlesim/srv/detail/kill__struct.h
[5.532s] -- Up-to-date: /home/minkhanttun/ros2_ws/install/turtlesim/include/turtlesim/turtlesim/srv/detail/set_pen__description.c
[5.535s] -- Up-to-date: /home/minkhanttun/ros2_ws/install/turtlesim/include/turtlesim/turtlesim/srv/detail/set_pen__functions.c
[5.536s] -- Up-to-date: /home/minkhanttun/ros2_ws/install/turtlesim/include/turtlesim/turtlesim/srv/detail/set_pen__type_support.h
[5.536s] -- Installing: /home/minkhanttun/ros2_ws/install/turtlesim/include/turtlesim/turtlesim/srv/detail/spawn__type_support.c
[5.536s] -- Up-to-date: /home/minkhanttun/ros2_ws/install/turtlesim/include/turtlesim/turtlesim/srv/detail/teleport_relative__functions.h
[5.543s] -- Installing: /home/minkhanttun/ros2_ws/install/turtlesim/include/turtlesim/turtlesim/srv/detail/teleport_relative__type_support.c
[5.543s] -- Up-to-date: /home/minkhanttun/ros2_ws/install/turtlesim/include/turtlesim/turtlesim/srv/detail/teleport_relative__struct.h
[5.543s] -- Up-to-date: /home/minkhanttun/ros2_ws/install/turtlesim/include/turtlesim/turtlesim/srv/detail/kill__functions.h
[5.543s] -- Installing: /home/minkhanttun/ros2_ws/install/turtlesim/include/turtlesim/turtlesim/srv/detail/set_pen__type_support.c
[5.544s] -- Up-to-date: /home/minkhanttun/ros2_ws/install/turtlesim/include/turtlesim/turtlesim/srv/detail/kill__type_support.h
[5.544s] -- Up-to-date: /home/minkhanttun/ros2_ws/install/turtlesim/include/turtlesim/turtlesim/srv/detail/teleport_relative__functions.c
[5.544s] -- Up-to-date: /home/minkhanttun/ros2_ws/install/turtlesim/include/turtlesim/turtlesim/srv/detail/teleport_absolute__description.c
[5.544s] -- Up-to-date: /home/minkhanttun/ros2_ws/install/turtlesim/include/turtlesim/turtlesim/srv/detail/spawn__description.c
[5.544s] -- Up-to-date: /home/minkhanttun/ros2_ws/install/turtlesim/include/turtlesim/turtlesim/srv/detail/teleport_absolute__struct.h
[5.545s] -- Installing: /home/minkhanttun/ros2_ws/install/turtlesim/include/turtlesim/turtlesim/srv/detail/teleport_absolute__type_support.c
[5.545s] -- Up-to-date: /home/minkhanttun/ros2_ws/install/turtlesim/include/turtlesim/turtlesim/srv/detail/teleport_absolute__functions.h
[5.545s] -- Up-to-date: /home/minkhanttun/ros2_ws/install/turtlesim/include/turtlesim/turtlesim/srv/detail/set_pen__functions.h
[5.545s] -- Up-to-date: /home/minkhanttun/ros2_ws/install/turtlesim/include/turtlesim/turtlesim/srv/detail/kill__description.c
[5.545s] -- Up-to-date: /home/minkhanttun/ros2_ws/install/turtlesim/include/turtlesim/turtlesim/srv/detail/teleport_relative__description.c
[5.547s] -- Up-to-date: /home/minkhanttun/ros2_ws/install/turtlesim/include/turtlesim/turtlesim/srv/detail/teleport_absolute__type_support.h
[5.547s] -- Up-to-date: /home/minkhanttun/ros2_ws/install/turtlesim/include/turtlesim/turtlesim/srv/set_pen.h
[5.548s] -- Up-to-date: /home/minkhanttun/ros2_ws/install/turtlesim/include/turtlesim/turtlesim/srv/teleport_relative.h
[5.548s] -- Up-to-date: /home/minkhanttun/ros2_ws/install/turtlesim/include/turtlesim/turtlesim/srv/spawn.h
[5.548s] -- Up-to-date: /home/minkhanttun/ros2_ws/install/turtlesim/include/turtlesim/turtlesim/srv/teleport_absolute.h
[5.548s] -- Up-to-date: /home/minkhanttun/ros2_ws/install/turtlesim/include/turtlesim/turtlesim/action
[5.548s] -- Up-to-date: /home/minkhanttun/ros2_ws/install/turtlesim/include/turtlesim/turtlesim/action/detail
[5.548s] -- Up-to-date: /home/minkhanttun/ros2_ws/install/turtlesim/include/turtlesim/turtlesim/action/detail/rotate_absolute__type_support.h
[5.548s] -- Up-to-date: /home/minkhanttun/ros2_ws/install/turtlesim/include/turtlesim/turtlesim/action/detail/rotate_absolute__description.c
[5.549s] -- Up-to-date: /home/minkhanttun/ros2_ws/install/turtlesim/include/turtlesim/turtlesim/action/detail/rotate_absolute__struct.h
[5.549s] -- Up-to-date: /home/minkhanttun/ros2_ws/install/turtlesim/include/turtlesim/turtlesim/action/detail/rotate_absolute__functions.c
[5.549s] -- Up-to-date: /home/minkhanttun/ros2_ws/install/turtlesim/include/turtlesim/turtlesim/action/detail/rotate_absolute__functions.h
[5.549s] -- Installing: /home/minkhanttun/ros2_ws/install/turtlesim/include/turtlesim/turtlesim/action/detail/rotate_absolute__type_support.c
[5.549s] -- Up-to-date: /home/minkhanttun/ros2_ws/install/turtlesim/include/turtlesim/turtlesim/action/rotate_absolute.h
[5.549s] -- Up-to-date: /home/minkhanttun/ros2_ws/install/turtlesim/share/turtlesim/environment/library_path.sh
[5.549s] -- Up-to-date: /home/minkhanttun/ros2_ws/install/turtlesim/share/turtlesim/environment/library_path.dsv
[5.549s] -- Up-to-date: /home/minkhanttun/ros2_ws/install/turtlesim/lib/libturtlesim__rosidl_generator_c.so
[5.551s] -- Up-to-date: /home/minkhanttun/ros2_ws/install/turtlesim/include/turtlesim/turtlesim
[5.551s] -- Up-to-date: /home/minkhanttun/ros2_ws/install/turtlesim/include/turtlesim/turtlesim/msg
[5.551s] -- Up-to-date: /home/minkhanttun/ros2_ws/install/turtlesim/include/turtlesim/turtlesim/msg/detail
[5.551s] -- Up-to-date: /home/minkhanttun/ros2_ws/install/turtlesim/include/turtlesim/turtlesim/msg/detail/color__rosidl_typesupport_fastrtps_c.h
[5.551s] -- Up-to-date: /home/minkhanttun/ros2_ws/install/turtlesim/include/turtlesim/turtlesim/msg/detail/pose__rosidl_typesupport_fastrtps_c.h
[5.552s] -- Up-to-date: /home/minkhanttun/ros2_ws/install/turtlesim/include/turtlesim/turtlesim/msg/rosidl_typesupport_fastrtps_c__visibility_control.h
[5.556s] -- Up-to-date: /home/minkhanttun/ros2_ws/install/turtlesim/include/turtlesim/turtlesim/srv
[5.556s] -- Up-to-date: /home/minkhanttun/ros2_ws/install/turtlesim/include/turtlesim/turtlesim/srv/detail
[5.556s] -- Up-to-date: /home/minkhanttun/ros2_ws/install/turtlesim/include/turtlesim/turtlesim/srv/detail/set_pen__rosidl_typesupport_fastrtps_c.h
[5.556s] -- Up-to-date: /home/minkhanttun/ros2_ws/install/turtlesim/include/turtlesim/turtlesim/srv/detail/spawn__rosidl_typesupport_fastrtps_c.h
[5.557s] -- Up-to-date: /home/minkhanttun/ros2_ws/install/turtlesim/include/turtlesim/turtlesim/srv/detail/teleport_relative__rosidl_typesupport_fastrtps_c.h
[5.557s] -- Up-to-date: /home/minkhanttun/ros2_ws/install/turtlesim/include/turtlesim/turtlesim/srv/detail/teleport_absolute__rosidl_typesupport_fastrtps_c.h
[5.557s] -- Up-to-date: /home/minkhanttun/ros2_ws/install/turtlesim/include/turtlesim/turtlesim/srv/detail/kill__rosidl_typesupport_fastrtps_c.h
[5.557s] -- Up-to-date: /home/minkhanttun/ros2_ws/install/turtlesim/include/turtlesim/turtlesim/action
[5.557s] -- Up-to-date: /home/minkhanttun/ros2_ws/install/turtlesim/include/turtlesim/turtlesim/action/detail
[5.557s] -- Up-to-date: /home/minkhanttun/ros2_ws/install/turtlesim/include/turtlesim/turtlesim/action/detail/rotate_absolute__rosidl_typesupport_fastrtps_c.h
[5.557s] -- Up-to-date: /home/minkhanttun/ros2_ws/install/turtlesim/lib/libturtlesim__rosidl_typesupport_fastrtps_c.so
[5.558s] -- Up-to-date: /home/minkhanttun/ros2_ws/install/turtlesim/include/turtlesim/turtlesim
[5.558s] -- Up-to-date: /home/minkhanttun/ros2_ws/install/turtlesim/include/turtlesim/turtlesim/msg
[5.558s] -- Up-to-date: /home/minkhanttun/ros2_ws/install/turtlesim/include/turtlesim/turtlesim/msg/pose.hpp
[5.558s] -- Up-to-date: /home/minkhanttun/ros2_ws/install/turtlesim/include/turtlesim/turtlesim/msg/detail
[5.558s] -- Up-to-date: /home/minkhanttun/ros2_ws/install/turtlesim/include/turtlesim/turtlesim/msg/detail/color__type_support.hpp
[5.558s] -- Up-to-date: /home/minkhanttun/ros2_ws/install/turtlesim/include/turtlesim/turtlesim/msg/detail/color__traits.hpp
[5.558s] -- Up-to-date: /home/minkhanttun/ros2_ws/install/turtlesim/include/turtlesim/turtlesim/msg/detail/pose__type_support.hpp
[5.558s] -- Up-to-date: /home/minkhanttun/ros2_ws/install/turtlesim/include/turtlesim/turtlesim/msg/detail/pose__struct.hpp
[5.558s] -- Up-to-date: /home/minkhanttun/ros2_ws/install/turtlesim/include/turtlesim/turtlesim/msg/detail/pose__traits.hpp
[5.559s] -- Up-to-date: /home/minkhanttun/ros2_ws/install/turtlesim/include/turtlesim/turtlesim/msg/detail/color__builder.hpp
[5.559s] -- Up-to-date: /home/minkhanttun/ros2_ws/install/turtlesim/include/turtlesim/turtlesim/msg/detail/pose__builder.hpp
[5.559s] -- Up-to-date: /home/minkhanttun/ros2_ws/install/turtlesim/include/turtlesim/turtlesim/msg/detail/color__struct.hpp
[5.559s] -- Up-to-date: /home/minkhanttun/ros2_ws/install/turtlesim/include/turtlesim/turtlesim/msg/color.hpp
[5.559s] -- Up-to-date: /home/minkhanttun/ros2_ws/install/turtlesim/include/turtlesim/turtlesim/msg/rosidl_generator_cpp__visibility_control.hpp
[5.559s] -- Up-to-date: /home/minkhanttun/ros2_ws/install/turtlesim/include/turtlesim/turtlesim/srv
[5.560s] -- Up-to-date: /home/minkhanttun/ros2_ws/install/turtlesim/include/turtlesim/turtlesim/srv/teleport_absolute.hpp
[5.560s] -- Up-to-date: /home/minkhanttun/ros2_ws/install/turtlesim/include/turtlesim/turtlesim/srv/detail
[5.560s] -- Up-to-date: /home/minkhanttun/ros2_ws/install/turtlesim/include/turtlesim/turtlesim/srv/detail/teleport_relative__traits.hpp
[5.560s] -- Up-to-date: /home/minkhanttun/ros2_ws/install/turtlesim/include/turtlesim/turtlesim/srv/detail/teleport_absolute__builder.hpp
[5.560s] -- Up-to-date: /home/minkhanttun/ros2_ws/install/turtlesim/include/turtlesim/turtlesim/srv/detail/spawn__builder.hpp
[5.560s] -- Up-to-date: /home/minkhanttun/ros2_ws/install/turtlesim/include/turtlesim/turtlesim/srv/detail/teleport_absolute__traits.hpp
[5.562s] -- Up-to-date: /home/minkhanttun/ros2_ws/install/turtlesim/include/turtlesim/turtlesim/srv/detail/teleport_relative__builder.hpp
[5.562s] -- Up-to-date: /home/minkhanttun/ros2_ws/install/turtlesim/include/turtlesim/turtlesim/srv/detail/set_pen__builder.hpp
[5.562s] -- Up-to-date: /home/minkhanttun/ros2_ws/install/turtlesim/include/turtlesim/turtlesim/srv/detail/set_pen__traits.hpp
[5.562s] -- Up-to-date: /home/minkhanttun/ros2_ws/install/turtlesim/include/turtlesim/turtlesim/srv/detail/teleport_absolute__type_support.hpp
[5.562s] -- Up-to-date: /home/minkhanttun/ros2_ws/install/turtlesim/include/turtlesim/turtlesim/srv/detail/teleport_absolute__struct.hpp
[5.562s] -- Up-to-date: /home/minkhanttun/ros2_ws/install/turtlesim/include/turtlesim/turtlesim/srv/detail/kill__traits.hpp
[5.563s] -- Up-to-date: /home/minkhanttun/ros2_ws/install/turtlesim/include/turtlesim/turtlesim/srv/detail/kill__builder.hpp
[5.563s] -- Up-to-date: /home/minkhanttun/ros2_ws/install/turtlesim/include/turtlesim/turtlesim/srv/detail/kill__struct.hpp
[5.563s] -- Up-to-date: /home/minkhanttun/ros2_ws/install/turtlesim/include/turtlesim/turtlesim/srv/detail/teleport_relative__type_support.hpp
[5.563s] -- Up-to-date: /home/minkhanttun/ros2_ws/install/turtlesim/include/turtlesim/turtlesim/srv/detail/spawn__type_support.hpp
[5.563s] -- Up-to-date: /home/minkhanttun/ros2_ws/install/turtlesim/include/turtlesim/turtlesim/srv/detail/kill__type_support.hpp
[5.563s] -- Up-to-date: /home/minkhanttun/ros2_ws/install/turtlesim/include/turtlesim/turtlesim/srv/detail/set_pen__type_support.hpp
[5.563s] -- Up-to-date: /home/minkhanttun/ros2_ws/install/turtlesim/include/turtlesim/turtlesim/srv/detail/teleport_relative__struct.hpp
[5.563s] -- Up-to-date: /home/minkhanttun/ros2_ws/install/turtlesim/include/turtlesim/turtlesim/srv/detail/spawn__struct.hpp
[5.563s] -- Up-to-date: /home/minkhanttun/ros2_ws/install/turtlesim/include/turtlesim/turtlesim/srv/detail/set_pen__struct.hpp
[5.564s] -- Up-to-date: /home/minkhanttun/ros2_ws/install/turtlesim/include/turtlesim/turtlesim/srv/detail/spawn__traits.hpp
[5.564s] -- Up-to-date: /home/minkhanttun/ros2_ws/install/turtlesim/include/turtlesim/turtlesim/srv/kill.hpp
[5.564s] -- Up-to-date: /home/minkhanttun/ros2_ws/install/turtlesim/include/turtlesim/turtlesim/srv/spawn.hpp
[5.564s] -- Up-to-date: /home/minkhanttun/ros2_ws/install/turtlesim/include/turtlesim/turtlesim/srv/set_pen.hpp
[5.564s] -- Up-to-date: /home/minkhanttun/ros2_ws/install/turtlesim/include/turtlesim/turtlesim/srv/teleport_relative.hpp
[5.564s] -- Up-to-date: /home/minkhanttun/ros2_ws/install/turtlesim/include/turtlesim/turtlesim/action
[5.564s] -- Up-to-date: /home/minkhanttun/ros2_ws/install/turtlesim/include/turtlesim/turtlesim/action/detail
[5.564s] -- Up-to-date: /home/minkhanttun/ros2_ws/install/turtlesim/include/turtlesim/turtlesim/action/detail/rotate_absolute__struct.hpp
[5.565s] -- Up-to-date: /home/minkhanttun/ros2_ws/install/turtlesim/include/turtlesim/turtlesim/action/detail/rotate_absolute__builder.hpp
[5.565s] -- Up-to-date: /home/minkhanttun/ros2_ws/install/turtlesim/include/turtlesim/turtlesim/action/detail/rotate_absolute__type_support.hpp
[5.565s] -- Up-to-date: /home/minkhanttun/ros2_ws/install/turtlesim/include/turtlesim/turtlesim/action/detail/rotate_absolute__traits.hpp
[5.565s] -- Up-to-date: /home/minkhanttun/ros2_ws/install/turtlesim/include/turtlesim/turtlesim/action/rotate_absolute.hpp
[5.565s] -- Up-to-date: /home/minkhanttun/ros2_ws/install/turtlesim/include/turtlesim/turtlesim
[5.565s] -- Up-to-date: /home/minkhanttun/ros2_ws/install/turtlesim/include/turtlesim/turtlesim/msg
[5.565s] -- Up-to-date: /home/minkhanttun/ros2_ws/install/turtlesim/include/turtlesim/turtlesim/msg/rosidl_typesupport_fastrtps_cpp__visibility_control.h
[5.566s] -- Up-to-date: /home/minkhanttun/ros2_ws/install/turtlesim/include/turtlesim/turtlesim/msg/detail
[5.566s] -- Up-to-date: /home/minkhanttun/ros2_ws/install/turtlesim/include/turtlesim/turtlesim/msg/detail/color__rosidl_typesupport_fastrtps_cpp.hpp
[5.566s] -- Up-to-date: /home/minkhanttun/ros2_ws/install/turtlesim/include/turtlesim/turtlesim/msg/detail/dds_fastrtps
[5.566s] -- Up-to-date: /home/minkhanttun/ros2_ws/install/turtlesim/include/turtlesim/turtlesim/msg/detail/pose__rosidl_typesupport_fastrtps_cpp.hpp
[5.566s] -- Up-to-date: /home/minkhanttun/ros2_ws/install/turtlesim/include/turtlesim/turtlesim/srv
[5.566s] -- Up-to-date: /home/minkhanttun/ros2_ws/install/turtlesim/include/turtlesim/turtlesim/srv/detail
[5.566s] -- Up-to-date: /home/minkhanttun/ros2_ws/install/turtlesim/include/turtlesim/turtlesim/srv/detail/kill__rosidl_typesupport_fastrtps_cpp.hpp
[5.567s] -- Up-to-date: /home/minkhanttun/ros2_ws/install/turtlesim/include/turtlesim/turtlesim/srv/detail/teleport_relative__rosidl_typesupport_fastrtps_cpp.hpp
[5.569s] -- Up-to-date: /home/minkhanttun/ros2_ws/install/turtlesim/include/turtlesim/turtlesim/srv/detail/spawn__rosidl_typesupport_fastrtps_cpp.hpp
[5.570s] -- Up-to-date: /home/minkhanttun/ros2_ws/install/turtlesim/include/turtlesim/turtlesim/srv/detail/dds_fastrtps
[5.570s] -- Up-to-date: /home/minkhanttun/ros2_ws/install/turtlesim/include/turtlesim/turtlesim/srv/detail/set_pen__rosidl_typesupport_fastrtps_cpp.hpp
[5.570s] -- Up-to-date: /home/minkhanttun/ros2_ws/install/turtlesim/include/turtlesim/turtlesim/srv/detail/teleport_absolute__rosidl_typesupport_fastrtps_cpp.hpp
[5.570s] -- Up-to-date: /home/minkhanttun/ros2_ws/install/turtlesim/include/turtlesim/turtlesim/action
[5.570s] -- Up-to-date: /home/minkhanttun/ros2_ws/install/turtlesim/include/turtlesim/turtlesim/action/detail
[5.570s] -- Up-to-date: /home/minkhanttun/ros2_ws/install/turtlesim/include/turtlesim/turtlesim/action/detail/rotate_absolute__rosidl_typesupport_fastrtps_cpp.hpp
[5.574s] -- Up-to-date: /home/minkhanttun/ros2_ws/install/turtlesim/include/turtlesim/turtlesim/action/detail/dds_fastrtps
[5.574s] -- Up-to-date: /home/minkhanttun/ros2_ws/install/turtlesim/lib/libturtlesim__rosidl_typesupport_fastrtps_cpp.so
[5.575s] -- Up-to-date: /home/minkhanttun/ros2_ws/install/turtlesim/include/turtlesim/turtlesim
[5.575s] -- Up-to-date: /home/minkhanttun/ros2_ws/install/turtlesim/include/turtlesim/turtlesim/msg
[5.575s] -- Up-to-date: /home/minkhanttun/ros2_ws/install/turtlesim/include/turtlesim/turtlesim/msg/detail
[5.575s] -- Up-to-date: /home/minkhanttun/ros2_ws/install/turtlesim/include/turtlesim/turtlesim/msg/detail/color__rosidl_typesupport_introspection_c.h
[5.575s] -- Installing: /home/minkhanttun/ros2_ws/install/turtlesim/include/turtlesim/turtlesim/msg/detail/color__type_support.c
[5.576s] -- Up-to-date: /home/minkhanttun/ros2_ws/install/turtlesim/include/turtlesim/turtlesim/msg/detail/pose__rosidl_typesupport_introspection_c.h
[5.576s] -- Installing: /home/minkhanttun/ros2_ws/install/turtlesim/include/turtlesim/turtlesim/msg/detail/pose__type_support.c
[5.576s] -- Up-to-date: /home/minkhanttun/ros2_ws/install/turtlesim/include/turtlesim/turtlesim/msg/rosidl_typesupport_introspection_c__visibility_control.h
[5.578s] -- Up-to-date: /home/minkhanttun/ros2_ws/install/turtlesim/include/turtlesim/turtlesim/srv
[5.579s] -- Up-to-date: /home/minkhanttun/ros2_ws/install/turtlesim/include/turtlesim/turtlesim/srv/detail
[5.579s] -- Installing: /home/minkhanttun/ros2_ws/install/turtlesim/include/turtlesim/turtlesim/srv/detail/kill__type_support.c
[5.579s] -- Up-to-date: /home/minkhanttun/ros2_ws/install/turtlesim/include/turtlesim/turtlesim/srv/detail/set_pen__rosidl_typesupport_introspection_c.h
[5.579s] -- Up-to-date: /home/minkhanttun/ros2_ws/install/turtlesim/include/turtlesim/turtlesim/srv/detail/teleport_absolute__rosidl_typesupport_introspection_c.h
[5.579s] -- Up-to-date: /home/minkhanttun/ros2_ws/install/turtlesim/include/turtlesim/turtlesim/srv/detail/kill__rosidl_typesupport_introspection_c.h
[5.579s] -- Up-to-date: /home/minkhanttun/ros2_ws/install/turtlesim/include/turtlesim/turtlesim/srv/detail/teleport_relative__rosidl_typesupport_introspection_c.h
[5.579s] -- Installing: /home/minkhanttun/ros2_ws/install/turtlesim/include/turtlesim/turtlesim/srv/detail/spawn__type_support.c
[5.581s] -- Installing: /home/minkhanttun/ros2_ws/install/turtlesim/include/turtlesim/turtlesim/srv/detail/teleport_relative__type_support.c
[5.582s] -- Installing: /home/minkhanttun/ros2_ws/install/turtlesim/include/turtlesim/turtlesim/srv/detail/set_pen__type_support.c
[5.584s] -- Installing: /home/minkhanttun/ros2_ws/install/turtlesim/include/turtlesim/turtlesim/srv/detail/teleport_absolute__type_support.c
[5.584s] -- Up-to-date: /home/minkhanttun/ros2_ws/install/turtlesim/include/turtlesim/turtlesim/srv/detail/spawn__rosidl_typesupport_introspection_c.h
[5.584s] -- Up-to-date: /home/minkhanttun/ros2_ws/install/turtlesim/include/turtlesim/turtlesim/action
[5.585s] -- Up-to-date: /home/minkhanttun/ros2_ws/install/turtlesim/include/turtlesim/turtlesim/action/detail
[5.588s] -- Installing: /home/minkhanttun/ros2_ws/install/turtlesim/include/turtlesim/turtlesim/action/detail/rotate_absolute__type_support.c
[5.589s] -- Up-to-date: /home/minkhanttun/ros2_ws/install/turtlesim/include/turtlesim/turtlesim/action/detail/rotate_absolute__rosidl_typesupport_introspection_c.h
[5.589s] -- Up-to-date: /home/minkhanttun/ros2_ws/install/turtlesim/lib/libturtlesim__rosidl_typesupport_introspection_c.so
[5.589s] -- Up-to-date: /home/minkhanttun/ros2_ws/install/turtlesim/lib/libturtlesim__rosidl_typesupport_c.so
[5.589s] -- Up-to-date: /home/minkhanttun/ros2_ws/install/turtlesim/include/turtlesim/turtlesim
[5.589s] -- Up-to-date: /home/minkhanttun/ros2_ws/install/turtlesim/include/turtlesim/turtlesim/msg
[5.589s] -- Up-to-date: /home/minkhanttun/ros2_ws/install/turtlesim/include/turtlesim/turtlesim/msg/detail
[5.589s] -- Up-to-date: /home/minkhanttun/ros2_ws/install/turtlesim/include/turtlesim/turtlesim/msg/detail/color__type_support.cpp
[5.589s] -- Up-to-date: /home/minkhanttun/ros2_ws/install/turtlesim/include/turtlesim/turtlesim/msg/detail/pose__type_support.cpp
[5.590s] -- Up-to-date: /home/minkhanttun/ros2_ws/install/turtlesim/include/turtlesim/turtlesim/msg/detail/color__rosidl_typesupport_introspection_cpp.hpp
[5.590s] -- Up-to-date: /home/minkhanttun/ros2_ws/install/turtlesim/include/turtlesim/turtlesim/msg/detail/pose__rosidl_typesupport_introspection_cpp.hpp
[5.590s] -- Up-to-date: /home/minkhanttun/ros2_ws/install/turtlesim/include/turtlesim/turtlesim/srv
[5.590s] -- Up-to-date: /home/minkhanttun/ros2_ws/install/turtlesim/include/turtlesim/turtlesim/srv/detail
[5.590s] -- Up-to-date: /home/minkhanttun/ros2_ws/install/turtlesim/include/turtlesim/turtlesim/srv/detail/teleport_relative__rosidl_typesupport_introspection_cpp.hpp
[5.590s] -- Up-to-date: /home/minkhanttun/ros2_ws/install/turtlesim/include/turtlesim/turtlesim/srv/detail/kill__rosidl_typesupport_introspection_cpp.hpp
[5.590s] -- Up-to-date: /home/minkhanttun/ros2_ws/install/turtlesim/include/turtlesim/turtlesim/srv/detail/teleport_absolute__type_support.cpp
[5.596s] -- Up-to-date: /home/minkhanttun/ros2_ws/install/turtlesim/include/turtlesim/turtlesim/srv/detail/set_pen__type_support.cpp
[5.596s] -- Up-to-date: /home/minkhanttun/ros2_ws/install/turtlesim/include/turtlesim/turtlesim/srv/detail/set_pen__rosidl_typesupport_introspection_cpp.hpp
[5.596s] -- Up-to-date: /home/minkhanttun/ros2_ws/install/turtlesim/include/turtlesim/turtlesim/srv/detail/teleport_absolute__rosidl_typesupport_introspection_cpp.hpp
[5.596s] -- Up-to-date: /home/minkhanttun/ros2_ws/install/turtlesim/include/turtlesim/turtlesim/srv/detail/kill__type_support.cpp
[5.597s] -- Up-to-date: /home/minkhanttun/ros2_ws/install/turtlesim/include/turtlesim/turtlesim/srv/detail/teleport_relative__type_support.cpp
[5.597s] -- Up-to-date: /home/minkhanttun/ros2_ws/install/turtlesim/include/turtlesim/turtlesim/srv/detail/spawn__type_support.cpp
[5.597s] -- Up-to-date: /home/minkhanttun/ros2_ws/install/turtlesim/include/turtlesim/turtlesim/srv/detail/spawn__rosidl_typesupport_introspection_cpp.hpp
[5.597s] -- Up-to-date: /home/minkhanttun/ros2_ws/install/turtlesim/include/turtlesim/turtlesim/action
[5.597s] -- Up-to-date: /home/minkhanttun/ros2_ws/install/turtlesim/include/turtlesim/turtlesim/action/detail
[5.597s] -- Up-to-date: /home/minkhanttun/ros2_ws/install/turtlesim/include/turtlesim/turtlesim/action/detail/rotate_absolute__type_support.cpp
[5.597s] -- Up-to-date: /home/minkhanttun/ros2_ws/install/turtlesim/include/turtlesim/turtlesim/action/detail/rotate_absolute__rosidl_typesupport_introspection_cpp.hpp
[5.598s] -- Up-to-date: /home/minkhanttun/ros2_ws/install/turtlesim/lib/libturtlesim__rosidl_typesupport_introspection_cpp.so
[5.598s] -- Up-to-date: /home/minkhanttun/ros2_ws/install/turtlesim/lib/libturtlesim__rosidl_typesupport_cpp.so
[5.598s] -- Up-to-date: /home/minkhanttun/ros2_ws/install/turtlesim/share/turtlesim/environment/pythonpath.sh
[5.598s] -- Up-to-date: /home/minkhanttun/ros2_ws/install/turtlesim/share/turtlesim/environment/pythonpath.dsv
[5.598s] -- Up-to-date: /home/minkhanttun/ros2_ws/install/turtlesim/lib/python3.12/site-packages/turtlesim-1.8.3-py3.12.egg-info
[5.598s] -- Installing: /home/minkhanttun/ros2_ws/install/turtlesim/lib/python3.12/site-packages/turtlesim-1.8.3-py3.12.egg-info/SOURCES.txt
[5.598s] -- Installing: /home/minkhanttun/ros2_ws/install/turtlesim/lib/python3.12/site-packages/turtlesim-1.8.3-py3.12.egg-info/top_level.txt
[5.601s] -- Installing: /home/minkhanttun/ros2_ws/install/turtlesim/lib/python3.12/site-packages/turtlesim-1.8.3-py3.12.egg-info/PKG-INFO
[5.602s] -- Installing: /home/minkhanttun/ros2_ws/install/turtlesim/lib/python3.12/site-packages/turtlesim-1.8.3-py3.12.egg-info/dependency_links.txt
[5.602s] -- Up-to-date: /home/minkhanttun/ros2_ws/install/turtlesim/lib/python3.12/site-packages/turtlesim
[5.602s] -- Up-to-date: /home/minkhanttun/ros2_ws/install/turtlesim/lib/python3.12/site-packages/turtlesim/_turtlesim_s.ep.rosidl_typesupport_c.c
[5.602s] -- Up-to-date: /home/minkhanttun/ros2_ws/install/turtlesim/lib/python3.12/site-packages/turtlesim/_turtlesim_s.ep.rosidl_typesupport_introspection_c.c
[5.602s] -- Up-to-date: /home/minkhanttun/ros2_ws/install/turtlesim/lib/python3.12/site-packages/turtlesim/turtlesim_s__rosidl_typesupport_introspection_c.so
[5.602s] -- Up-to-date: /home/minkhanttun/ros2_ws/install/turtlesim/lib/python3.12/site-packages/turtlesim/msg
[5.602s] -- Up-to-date: /home/minkhanttun/ros2_ws/install/turtlesim/lib/python3.12/site-packages/turtlesim/msg/_pose_s.c
[5.603s] -- Up-to-date: /home/minkhanttun/ros2_ws/install/turtlesim/lib/python3.12/site-packages/turtlesim/msg/_pose.py
[5.603s] -- Up-to-date: /home/minkhanttun/ros2_ws/install/turtlesim/lib/python3.12/site-packages/turtlesim/msg/__init__.py
[5.603s] -- Up-to-date: /home/minkhanttun/ros2_ws/install/turtlesim/lib/python3.12/site-packages/turtlesim/msg/_color.py
[5.603s] -- Up-to-date: /home/minkhanttun/ros2_ws/install/turtlesim/lib/python3.12/site-packages/turtlesim/msg/_color_s.c
[5.603s] -- Up-to-date: /home/minkhanttun/ros2_ws/install/turtlesim/lib/python3.12/site-packages/turtlesim/__init__.py
[5.603s] -- Up-to-date: /home/minkhanttun/ros2_ws/install/turtlesim/lib/python3.12/site-packages/turtlesim/turtlesim_s__rosidl_typesupport_fastrtps_c.so
[5.607s] -- Up-to-date: /home/minkhanttun/ros2_ws/install/turtlesim/lib/python3.12/site-packages/turtlesim/srv
[5.607s] -- Up-to-date: /home/minkhanttun/ros2_ws/install/turtlesim/lib/python3.12/site-packages/turtlesim/srv/_teleport_relative.py
[5.607s] -- Up-to-date: /home/minkhanttun/ros2_ws/install/turtlesim/lib/python3.12/site-packages/turtlesim/srv/_set_pen_s.c
[5.607s] -- Up-to-date: /home/minkhanttun/ros2_ws/install/turtlesim/lib/python3.12/site-packages/turtlesim/srv/__init__.py
[5.607s] -- Up-to-date: /home/minkhanttun/ros2_ws/install/turtlesim/lib/python3.12/site-packages/turtlesim/srv/_spawn.py
[5.607s] -- Up-to-date: /home/minkhanttun/ros2_ws/install/turtlesim/lib/python3.12/site-packages/turtlesim/srv/_kill_s.c
[5.608s] -- Up-to-date: /home/minkhanttun/ros2_ws/install/turtlesim/lib/python3.12/site-packages/turtlesim/srv/_set_pen.py
[5.608s] -- Up-to-date: /home/minkhanttun/ros2_ws/install/turtlesim/lib/python3.12/site-packages/turtlesim/srv/_teleport_absolute.py
[5.608s] -- Up-to-date: /home/minkhanttun/ros2_ws/install/turtlesim/lib/python3.12/site-packages/turtlesim/srv/_teleport_relative_s.c
[5.608s] -- Up-to-date: /home/minkhanttun/ros2_ws/install/turtlesim/lib/python3.12/site-packages/turtlesim/srv/_teleport_absolute_s.c
[5.608s] -- Up-to-date: /home/minkhanttun/ros2_ws/install/turtlesim/lib/python3.12/site-packages/turtlesim/srv/_spawn_s.c
[5.608s] -- Up-to-date: /home/minkhanttun/ros2_ws/install/turtlesim/lib/python3.12/site-packages/turtlesim/srv/_kill.py
[5.608s] -- Up-to-date: /home/minkhanttun/ros2_ws/install/turtlesim/lib/python3.12/site-packages/turtlesim/_turtlesim_s.ep.rosidl_typesupport_fastrtps_c.c
[5.608s] -- Up-to-date: /home/minkhanttun/ros2_ws/install/turtlesim/lib/python3.12/site-packages/turtlesim/action
[5.608s] -- Up-to-date: /home/minkhanttun/ros2_ws/install/turtlesim/lib/python3.12/site-packages/turtlesim/action/__init__.py
[5.609s] -- Up-to-date: /home/minkhanttun/ros2_ws/install/turtlesim/lib/python3.12/site-packages/turtlesim/action/_rotate_absolute_s.c
[5.609s] -- Up-to-date: /home/minkhanttun/ros2_ws/install/turtlesim/lib/python3.12/site-packages/turtlesim/action/_rotate_absolute.py
[5.609s] -- Up-to-date: /home/minkhanttun/ros2_ws/install/turtlesim/lib/python3.12/site-packages/turtlesim/turtlesim_s__rosidl_typesupport_c.so
[5.704s] Listing '/home/minkhanttun/ros2_ws/install/turtlesim/lib/python3.12/site-packages/turtlesim'...
[5.704s] Listing '/home/minkhanttun/ros2_ws/install/turtlesim/lib/python3.12/site-packages/turtlesim/action'...
[5.704s] Listing '/home/minkhanttun/ros2_ws/install/turtlesim/lib/python3.12/site-packages/turtlesim/msg'...
[5.704s] Listing '/home/minkhanttun/ros2_ws/install/turtlesim/lib/python3.12/site-packages/turtlesim/srv'...
[5.757s] -- Up-to-date: /home/minkhanttun/ros2_ws/install/turtlesim/lib/python3.12/site-packages/turtlesim/turtlesim_s__rosidl_typesupport_fastrtps_c.so
[5.761s] -- Up-to-date: /home/minkhanttun/ros2_ws/install/turtlesim/lib/python3.12/site-packages/turtlesim/turtlesim_s__rosidl_typesupport_introspection_c.so
[5.764s] -- Up-to-date: /home/minkhanttun/ros2_ws/install/turtlesim/lib/python3.12/site-packages/turtlesim/turtlesim_s__rosidl_typesupport_c.so
[5.764s] -- Up-to-date: /home/minkhanttun/ros2_ws/install/turtlesim/lib/libturtlesim__rosidl_generator_py.so
[5.766s] -- Up-to-date: /home/minkhanttun/ros2_ws/install/turtlesim/share/turtlesim/action/RotateAbsolute.idl
[5.767s] -- Up-to-date: /home/minkhanttun/ros2_ws/install/turtlesim/share/turtlesim/msg/Color.idl
[5.771s] -- Up-to-date: /home/minkhanttun/ros2_ws/install/turtlesim/share/turtlesim/msg/Pose.idl
[5.771s] -- Up-to-date: /home/minkhanttun/ros2_ws/install/turtlesim/share/turtlesim/srv/Kill.idl
[5.774s] -- Up-to-date: /home/minkhanttun/ros2_ws/install/turtlesim/share/turtlesim/srv/SetPen.idl
[5.774s] -- Up-to-date: /home/minkhanttun/ros2_ws/install/turtlesim/share/turtlesim/srv/Spawn.idl
[5.775s] -- Up-to-date: /home/minkhanttun/ros2_ws/install/turtlesim/share/turtlesim/srv/TeleportAbsolute.idl
[5.779s] -- Up-to-date: /home/minkhanttun/ros2_ws/install/turtlesim/share/turtlesim/srv/TeleportRelative.idl
[5.782s] -- Up-to-date: /home/minkhanttun/ros2_ws/install/turtlesim/share/turtlesim/action/RotateAbsolute.action
[5.786s] -- Up-to-date: /home/minkhanttun/ros2_ws/install/turtlesim/share/turtlesim/msg/Color.msg
[5.786s] -- Up-to-date: /home/minkhanttun/ros2_ws/install/turtlesim/share/turtlesim/msg/Pose.msg
[5.789s] -- Up-to-date: /home/minkhanttun/ros2_ws/install/turtlesim/share/turtlesim/srv/Kill.srv
[5.789s] -- Up-to-date: /home/minkhanttun/ros2_ws/install/turtlesim/share/turtlesim/srv/SetPen.srv
[5.789s] -- Up-to-date: /home/minkhanttun/ros2_ws/install/turtlesim/share/turtlesim/srv/Spawn.srv
[5.790s] -- Up-to-date: /home/minkhanttun/ros2_ws/install/turtlesim/share/turtlesim/srv/TeleportAbsolute.srv
[5.790s] -- Up-to-date: /home/minkhanttun/ros2_ws/install/turtlesim/share/turtlesim/srv/TeleportRelative.srv
[5.792s] -- Up-to-date: /home/minkhanttun/ros2_ws/install/turtlesim/lib/turtlesim/turtlesim_node
[5.792s] -- Up-to-date: /home/minkhanttun/ros2_ws/install/turtlesim/lib/turtlesim/turtle_teleop_key
[5.792s] -- Up-to-date: /home/minkhanttun/ros2_ws/install/turtlesim/lib/turtlesim/draw_square
[5.797s] -- Up-to-date: /home/minkhanttun/ros2_ws/install/turtlesim/lib/turtlesim/mimic
[5.798s] -- Up-to-date: /home/minkhanttun/ros2_ws/install/turtlesim/share/turtlesim/images
[5.798s] -- Up-to-date: /home/minkhanttun/ros2_ws/install/turtlesim/share/turtlesim/images/iron.png
[5.798s] -- Up-to-date: /home/minkhanttun/ros2_ws/install/turtlesim/share/turtlesim/images/ardent.png
[5.798s] -- Up-to-date: /home/minkhanttun/ros2_ws/install/turtlesim/share/turtlesim/images/dashing.png
[5.798s] -- Up-to-date: /home/minkhanttun/ros2_ws/install/turtlesim/share/turtlesim/images/humble.png
[5.798s] -- Up-to-date: /home/minkhanttun/ros2_ws/install/turtlesim/share/turtlesim/images/foxy.png
[5.798s] -- Up-to-date: /home/minkhanttun/ros2_ws/install/turtlesim/share/turtlesim/images/jazzy.png
[5.799s] -- Up-to-date: /home/minkhanttun/ros2_ws/install/turtlesim/share/turtlesim/images/eloquent.png
[5.799s] -- Up-to-date: /home/minkhanttun/ros2_ws/install/turtlesim/share/turtlesim/images/galactic.png
[5.799s] -- Up-to-date: /home/minkhanttun/ros2_ws/install/turtlesim/share/turtlesim/images/bouncy.png
[5.799s] -- Up-to-date: /home/minkhanttun/ros2_ws/install/turtlesim/share/turtlesim/images/crystal.png
[5.799s] -- Up-to-date: /home/minkhanttun/ros2_ws/install/turtlesim/share/turtlesim/images/rolling.png
[5.799s] -- Up-to-date: /home/minkhanttun/ros2_ws/install/turtlesim/share/turtlesim/launch
[5.799s] -- Up-to-date: /home/minkhanttun/ros2_ws/install/turtlesim/share/turtlesim/launch/multisim.launch.py
[5.799s] -- Up-to-date: /home/minkhanttun/ros2_ws/install/turtlesim/share/ament_index/resource_index/package_run_dependencies/turtlesim
[5.805s] -- Up-to-date: /home/minkhanttun/ros2_ws/install/turtlesim/share/ament_index/resource_index/parent_prefix_path/turtlesim
[5.805s] -- Up-to-date: /home/minkhanttun/ros2_ws/install/turtlesim/share/turtlesim/environment/ament_prefix_path.sh
[5.805s] -- Up-to-date: /home/minkhanttun/ros2_ws/install/turtlesim/share/turtlesim/environment/ament_prefix_path.dsv
[5.805s] -- Up-to-date: /home/minkhanttun/ros2_ws/install/turtlesim/share/turtlesim/environment/path.sh
[5.805s] -- Up-to-date: /home/minkhanttun/ros2_ws/install/turtlesim/share/turtlesim/environment/path.dsv
[5.805s] -- Up-to-date: /home/minkhanttun/ros2_ws/install/turtlesim/share/turtlesim/local_setup.bash
[5.806s] -- Up-to-date: /home/minkhanttun/ros2_ws/install/turtlesim/share/turtlesim/local_setup.sh
[5.806s] -- Up-to-date: /home/minkhanttun/ros2_ws/install/turtlesim/share/turtlesim/local_setup.zsh
[5.806s] -- Up-to-date: /home/minkhanttun/ros2_ws/install/turtlesim/share/turtlesim/local_setup.dsv
[5.806s] -- Installing: /home/minkhanttun/ros2_ws/install/turtlesim/share/turtlesim/package.dsv
[5.806s] -- Up-to-date: /home/minkhanttun/ros2_ws/install/turtlesim/share/ament_index/resource_index/packages/turtlesim
[5.811s] -- Up-to-date: /home/minkhanttun/ros2_ws/install/turtlesim/share/turtlesim/cmake/export_turtlesim__rosidl_generator_cExport.cmake
[5.815s] -- Up-to-date: /home/minkhanttun/ros2_ws/install/turtlesim/share/turtlesim/cmake/export_turtlesim__rosidl_generator_cExport-noconfig.cmake
[5.815s] -- Up-to-date: /home/minkhanttun/ros2_ws/install/turtlesim/share/turtlesim/cmake/export_turtlesim__rosidl_typesupport_fastrtps_cExport.cmake
[5.815s] -- Up-to-date: /home/minkhanttun/ros2_ws/install/turtlesim/share/turtlesim/cmake/export_turtlesim__rosidl_typesupport_fastrtps_cExport-noconfig.cmake
[5.815s] -- Up-to-date: /home/minkhanttun/ros2_ws/install/turtlesim/share/turtlesim/cmake/export_turtlesim__rosidl_generator_cppExport.cmake
[5.816s] -- Up-to-date: /home/minkhanttun/ros2_ws/install/turtlesim/share/turtlesim/cmake/export_turtlesim__rosidl_typesupport_fastrtps_cppExport.cmake
[5.818s] -- Up-to-date: /home/minkhanttun/ros2_ws/install/turtlesim/share/turtlesim/cmake/export_turtlesim__rosidl_typesupport_fastrtps_cppExport-noconfig.cmake
[5.818s] -- Up-to-date: /home/minkhanttun/ros2_ws/install/turtlesim/share/turtlesim/cmake/turtlesim__rosidl_typesupport_introspection_cExport.cmake
[5.818s] -- Up-to-date: /home/minkhanttun/ros2_ws/install/turtlesim/share/turtlesim/cmake/turtlesim__rosidl_typesupport_introspection_cExport-noconfig.cmake
[5.818s] -- Up-to-date: /home/minkhanttun/ros2_ws/install/turtlesim/share/turtlesim/cmake/turtlesim__rosidl_typesupport_cExport.cmake
[5.819s] -- Up-to-date: /home/minkhanttun/ros2_ws/install/turtlesim/share/turtlesim/cmake/turtlesim__rosidl_typesupport_cExport-noconfig.cmake
[5.820s] -- Up-to-date: /home/minkhanttun/ros2_ws/install/turtlesim/share/turtlesim/cmake/turtlesim__rosidl_typesupport_introspection_cppExport.cmake
[5.821s] -- Up-to-date: /home/minkhanttun/ros2_ws/install/turtlesim/share/turtlesim/cmake/turtlesim__rosidl_typesupport_introspection_cppExport-noconfig.cmake
[5.821s] -- Up-to-date: /home/minkhanttun/ros2_ws/install/turtlesim/share/turtlesim/cmake/turtlesim__rosidl_typesupport_cppExport.cmake
[5.821s] -- Up-to-date: /home/minkhanttun/ros2_ws/install/turtlesim/share/turtlesim/cmake/turtlesim__rosidl_typesupport_cppExport-noconfig.cmake
[5.821s] -- Up-to-date: /home/minkhanttun/ros2_ws/install/turtlesim/share/turtlesim/cmake/export_turtlesim__rosidl_generator_pyExport.cmake
[5.821s] -- Up-to-date: /home/minkhanttun/ros2_ws/install/turtlesim/share/turtlesim/cmake/export_turtlesim__rosidl_generator_pyExport-noconfig.cmake
[5.821s] -- Up-to-date: /home/minkhanttun/ros2_ws/install/turtlesim/share/turtlesim/cmake/rosidl_cmake-extras.cmake
[5.824s] -- Up-to-date: /home/minkhanttun/ros2_ws/install/turtlesim/share/turtlesim/cmake/ament_cmake_export_dependencies-extras.cmake
[5.824s] -- Up-to-date: /home/minkhanttun/ros2_ws/install/turtlesim/share/turtlesim/cmake/ament_cmake_export_include_directories-extras.cmake
[5.825s] -- Up-to-date: /home/minkhanttun/ros2_ws/install/turtlesim/share/turtlesim/cmake/ament_cmake_export_libraries-extras.cmake
[5.825s] -- Up-to-date: /home/minkhanttun/ros2_ws/install/turtlesim/share/turtlesim/cmake/ament_cmake_export_targets-extras.cmake
[5.826s] -- Up-to-date: /home/minkhanttun/ros2_ws/install/turtlesim/share/turtlesim/cmake/rosidl_cmake_export_typesupport_targets-extras.cmake
[5.827s] -- Up-to-date: /home/minkhanttun/ros2_ws/install/turtlesim/share/turtlesim/cmake/rosidl_cmake_export_typesupport_libraries-extras.cmake
[5.827s] -- Up-to-date: /home/minkhanttun/ros2_ws/install/turtlesim/share/turtlesim/cmake/turtlesimConfig.cmake
[5.827s] -- Up-to-date: /home/minkhanttun/ros2_ws/install/turtlesim/share/turtlesim/cmake/turtlesimConfig-version.cmake
[5.827s] -- Up-to-date: /home/minkhanttun/ros2_ws/install/turtlesim/share/turtlesim/package.xml
[5.833s] Invoked command in '/home/minkhanttun/ros2_ws/build/turtlesim' returned '0': CMAKE_PREFIX_PATH=${CMAKE_PREFIX_PATH}:/opt/ros/jazzy DEBUGINFOD_URLS=https://debuginfod.ubuntu.com /usr/bin/cmake --install /home/minkhanttun/ros2_ws/build/turtlesim
