[0.029s] Invoking command in '/home/minkhanttun/ros2_ws/build/learning_tf2_cpp': CMAKE_PREFIX_PATH=/home/minkhanttun/ros2_ws/install/turtlesim:/home/minkhanttun/ros2_ws/install/cpp_srvcli:/home/minkhanttun/ros2_ws/install/cpp_pubsub:/home/minkhanttun/ros2_ws/install/tutorial_interfaces:/home/minkhanttun/ros2_ws/install/polygon_plugins:/home/minkhanttun/ros2_ws/install/polygon_base:/home/minkhanttun/ros2_ws/install/launch_tutorial:/home/minkhanttun/ros2_ws/install/custom_action_cpp:/home/minkhanttun/ros2_ws/install/custom_action_interfaces:/home/minkhanttun/ros2_ws/install/cpp_parameters:/home/minkhanttun/ros2_ws/install/cpp_parameter_event_handler:/opt/ros/jazzy/opt/gz_math_vendor:/opt/ros/jazzy/opt/gz_utils_vendor:/opt/ros/jazzy/opt/gz_cmake_vendor:/opt/ros/jazzy DEBUGINFOD_URLS=https://debuginfod.ubuntu.com LD_LIBRARY_PATH=/home/minkhanttun/ros2_ws/install/turtlesim/lib:/home/minkhanttun/ros2_ws/install/tutorial_interfaces/lib:/home/minkhanttun/ros2_ws/install/polygon_plugins/lib:/home/minkhanttun/ros2_ws/install/custom_action_cpp/lib:/home/minkhanttun/ros2_ws/install/custom_action_interfaces/lib:/opt/ros/jazzy/opt/rviz_ogre_vendor/lib:/opt/ros/jazzy/lib/aarch64-linux-gnu:/opt/ros/jazzy/opt/gz_math_vendor/lib:/opt/ros/jazzy/opt/gz_utils_vendor/lib:/opt/ros/jazzy/opt/gz_cmake_vendor/lib:/opt/ros/jazzy/lib PYTHONPATH=/home/minkhanttun/ros2_ws/install/turtlesim/lib/python3.12/site-packages:/home/minkhanttun/ros2_ws/install/tutorial_interfaces/lib/python3.12/site-packages:/home/minkhanttun/ros2_ws/install/custom_action_interfaces/lib/python3.12/site-packages:/opt/ros/jazzy/lib/python3.12/site-packages /usr/bin/cmake --build /home/minkhanttun/ros2_ws/build/learning_tf2_cpp -- -j4 -l4
[0.092s] -- Found ament_cmake: 2.5.3 (/opt/ros/jazzy/share/ament_cmake/cmake)
[0.592s] -- Found geometry_msgs: 5.3.5 (/opt/ros/jazzy/share/geometry_msgs/cmake)
[0.646s] -- Found rosidl_generator_c: 4.6.5 (/opt/ros/jazzy/share/rosidl_generator_c/cmake)
[0.665s] -- Found rosidl_generator_cpp: 4.6.5 (/opt/ros/jazzy/share/rosidl_generator_cpp/cmake)
[0.688s] -- Using all available rosidl_typesupport_c: rosidl_typesupport_fastrtps_c;rosidl_typesupport_introspection_c
[0.717s] -- Using all available rosidl_typesupport_cpp: rosidl_typesupport_fastrtps_cpp;rosidl_typesupport_introspection_cpp
[0.796s] -- Found rclcpp: 28.1.6 (/opt/ros/jazzy/share/rclcpp/cmake)
[0.896s] -- Found rmw_implementation_cmake: 7.3.1 (/opt/ros/jazzy/share/rmw_implementation_cmake/cmake)
[0.899s] -- Found rmw_fastrtps_cpp: 8.4.1 (/opt/ros/jazzy/share/rmw_fastrtps_cpp/cmake)
[1.044s] -- Using RMW implementation 'rmw_fastrtps_cpp' as default
[1.166s] -- Found tf2: 0.36.7 (/opt/ros/jazzy/share/tf2/cmake)
[1.173s] -- Found tf2_ros: 0.36.7 (/opt/ros/jazzy/share/tf2_ros/cmake)
[1.383s] -- Found turtlesim: 1.8.3 (/home/minkhanttun/ros2_ws/install/turtlesim/share/turtlesim/cmake)
[1.419s] -- Found ament_lint_auto: 0.17.1 (/opt/ros/jazzy/share/ament_lint_auto/cmake)
[1.634s] [31mCMake Error at /opt/ros/jazzy/share/ament_cmake_target_dependencies/cmake/ament_target_dependencies.cmake:77 (message):
[1.634s]   ament_target_dependencies() the passed package name
[1.634s]   'static_turtle_tf2_broadcaster' was not found before
[1.634s] Call Stack (most recent call first):
[1.635s]   CMakeLists.txt:31 (ament_target_dependencies)
[1.635s] 
[1.635s] [0m
[1.635s] -- Configuring incomplete, errors occurred!
[1.660s] gmake: *** [Makefile:267: cmake_check_build_system] Error 1
[1.664s] Invoked command in '/home/minkhanttun/ros2_ws/build/learning_tf2_cpp' returned '2': CMAKE_PREFIX_PATH=/home/minkhanttun/ros2_ws/install/turtlesim:/home/minkhanttun/ros2_ws/install/cpp_srvcli:/home/minkhanttun/ros2_ws/install/cpp_pubsub:/home/minkhanttun/ros2_ws/install/tutorial_interfaces:/home/minkhanttun/ros2_ws/install/polygon_plugins:/home/minkhanttun/ros2_ws/install/polygon_base:/home/minkhanttun/ros2_ws/install/launch_tutorial:/home/minkhanttun/ros2_ws/install/custom_action_cpp:/home/minkhanttun/ros2_ws/install/custom_action_interfaces:/home/minkhanttun/ros2_ws/install/cpp_parameters:/home/minkhanttun/ros2_ws/install/cpp_parameter_event_handler:/opt/ros/jazzy/opt/gz_math_vendor:/opt/ros/jazzy/opt/gz_utils_vendor:/opt/ros/jazzy/opt/gz_cmake_vendor:/opt/ros/jazzy DEBUGINFOD_URLS=https://debuginfod.ubuntu.com LD_LIBRARY_PATH=/home/minkhanttun/ros2_ws/install/turtlesim/lib:/home/minkhanttun/ros2_ws/install/tutorial_interfaces/lib:/home/minkhanttun/ros2_ws/install/polygon_plugins/lib:/home/minkhanttun/ros2_ws/install/custom_action_cpp/lib:/home/minkhanttun/ros2_ws/install/custom_action_interfaces/lib:/opt/ros/jazzy/opt/rviz_ogre_vendor/lib:/opt/ros/jazzy/lib/aarch64-linux-gnu:/opt/ros/jazzy/opt/gz_math_vendor/lib:/opt/ros/jazzy/opt/gz_utils_vendor/lib:/opt/ros/jazzy/opt/gz_cmake_vendor/lib:/opt/ros/jazzy/lib PYTHONPATH=/home/minkhanttun/ros2_ws/install/turtlesim/lib/python3.12/site-packages:/home/minkhanttun/ros2_ws/install/tutorial_interfaces/lib/python3.12/site-packages:/home/minkhanttun/ros2_ws/install/custom_action_interfaces/lib/python3.12/site-packages:/opt/ros/jazzy/lib/python3.12/site-packages /usr/bin/cmake --build /home/minkhanttun/ros2_ws/build/learning_tf2_cpp -- -j4 -l4
