[0.171s] Invoking command in '/home/minkhanttun/ros2_ws/build/cpp_pubsub': CMAKE_PREFIX_PATH=/home/minkhanttun/ros2_ws/install/tutorial_interfaces:/home/minkhanttun/ros2_ws/install/cpp_srvcli:/home/minkhanttun/ros2_ws/install/cpp_pubsub:/home/minkhanttun/ros2_ws/install/turtlesim:/home/minkhanttun/ros2_ws/install/polygon_plugins:/home/minkhanttun/ros2_ws/install/polygon_base:/home/minkhanttun/ros2_ws/install/launch_tutorial:/home/minkhanttun/ros2_ws/install/custom_action_cpp:/home/minkhanttun/ros2_ws/install/custom_action_interfaces:/home/minkhanttun/ros2_ws/install/cpp_parameters:/home/minkhanttun/ros2_ws/install/cpp_parameter_event_handler:/opt/ros/jazzy/opt/gz_math_vendor:/opt/ros/jazzy/opt/gz_utils_vendor:/opt/ros/jazzy/opt/gz_cmake_vendor:/opt/ros/jazzy DEBUGINFOD_URLS=https://debuginfod.ubuntu.com /usr/bin/cmake --build /home/minkhanttun/ros2_ws/build/cpp_pubsub -- -j4 -l4
[0.477s] [ 50%] Built target talker
[0.478s] [100%] Built target listener
[0.558s] Invoked command in '/home/minkhanttun/ros2_ws/build/cpp_pubsub' returned '0': CMAKE_PREFIX_PATH=/home/minkhanttun/ros2_ws/install/tutorial_interfaces:/home/minkhanttun/ros2_ws/install/cpp_srvcli:/home/minkhanttun/ros2_ws/install/cpp_pubsub:/home/minkhanttun/ros2_ws/install/turtlesim:/home/minkhanttun/ros2_ws/install/polygon_plugins:/home/minkhanttun/ros2_ws/install/polygon_base:/home/minkhanttun/ros2_ws/install/launch_tutorial:/home/minkhanttun/ros2_ws/install/custom_action_cpp:/home/minkhanttun/ros2_ws/install/custom_action_interfaces:/home/minkhanttun/ros2_ws/install/cpp_parameters:/home/minkhanttun/ros2_ws/install/cpp_parameter_event_handler:/opt/ros/jazzy/opt/gz_math_vendor:/opt/ros/jazzy/opt/gz_utils_vendor:/opt/ros/jazzy/opt/gz_cmake_vendor:/opt/ros/jazzy DEBUGINFOD_URLS=https://debuginfod.ubuntu.com /usr/bin/cmake --build /home/minkhanttun/ros2_ws/build/cpp_pubsub -- -j4 -l4
[0.566s] Invoking command in '/home/minkhanttun/ros2_ws/build/cpp_pubsub': CMAKE_PREFIX_PATH=/home/minkhanttun/ros2_ws/install/tutorial_interfaces:/home/minkhanttun/ros2_ws/install/cpp_srvcli:/home/minkhanttun/ros2_ws/install/cpp_pubsub:/home/minkhanttun/ros2_ws/install/turtlesim:/home/minkhanttun/ros2_ws/install/polygon_plugins:/home/minkhanttun/ros2_ws/install/polygon_base:/home/minkhanttun/ros2_ws/install/launch_tutorial:/home/minkhanttun/ros2_ws/install/custom_action_cpp:/home/minkhanttun/ros2_ws/install/custom_action_interfaces:/home/minkhanttun/ros2_ws/install/cpp_parameters:/home/minkhanttun/ros2_ws/install/cpp_parameter_event_handler:/opt/ros/jazzy/opt/gz_math_vendor:/opt/ros/jazzy/opt/gz_utils_vendor:/opt/ros/jazzy/opt/gz_cmake_vendor:/opt/ros/jazzy DEBUGINFOD_URLS=https://debuginfod.ubuntu.com /usr/bin/cmake --install /home/minkhanttun/ros2_ws/build/cpp_pubsub
[0.608s] -- Install configuration: ""
[0.608s] -- Up-to-date: /home/minkhanttun/ros2_ws/install/cpp_pubsub/lib/cpp_pubsub/talker
[0.614s] -- Up-to-date: /home/minkhanttun/ros2_ws/install/cpp_pubsub/lib/cpp_pubsub/listener
[0.615s] -- Up-to-date: /home/minkhanttun/ros2_ws/install/cpp_pubsub/share/ament_index/resource_index/package_run_dependencies/cpp_pubsub
[0.615s] -- Up-to-date: /home/minkhanttun/ros2_ws/install/cpp_pubsub/share/ament_index/resource_index/parent_prefix_path/cpp_pubsub
[0.615s] -- Up-to-date: /home/minkhanttun/ros2_ws/install/cpp_pubsub/share/cpp_pubsub/environment/ament_prefix_path.sh
[0.618s] -- Up-to-date: /home/minkhanttun/ros2_ws/install/cpp_pubsub/share/cpp_pubsub/environment/ament_prefix_path.dsv
[0.618s] -- Up-to-date: /home/minkhanttun/ros2_ws/install/cpp_pubsub/share/cpp_pubsub/environment/path.sh
[0.618s] -- Up-to-date: /home/minkhanttun/ros2_ws/install/cpp_pubsub/share/cpp_pubsub/environment/path.dsv
[0.618s] -- Up-to-date: /home/minkhanttun/ros2_ws/install/cpp_pubsub/share/cpp_pubsub/local_setup.bash
[0.619s] -- Up-to-date: /home/minkhanttun/ros2_ws/install/cpp_pubsub/share/cpp_pubsub/local_setup.sh
[0.619s] -- Up-to-date: /home/minkhanttun/ros2_ws/install/cpp_pubsub/share/cpp_pubsub/local_setup.zsh
[0.619s] -- Up-to-date: /home/minkhanttun/ros2_ws/install/cpp_pubsub/share/cpp_pubsub/local_setup.dsv
[0.619s] -- Installing: /home/minkhanttun/ros2_ws/install/cpp_pubsub/share/cpp_pubsub/package.dsv
[0.619s] -- Up-to-date: /home/minkhanttun/ros2_ws/install/cpp_pubsub/share/ament_index/resource_index/packages/cpp_pubsub
[0.619s] -- Up-to-date: /home/minkhanttun/ros2_ws/install/cpp_pubsub/share/cpp_pubsub/cmake/cpp_pubsubConfig.cmake
[0.619s] -- Up-to-date: /home/minkhanttun/ros2_ws/install/cpp_pubsub/share/cpp_pubsub/cmake/cpp_pubsubConfig-version.cmake
[0.620s] -- Up-to-date: /home/minkhanttun/ros2_ws/install/cpp_pubsub/share/cpp_pubsub/package.xml
[0.636s] Invoked command in '/home/minkhanttun/ros2_ws/build/cpp_pubsub' returned '0': CMAKE_PREFIX_PATH=/home/minkhanttun/ros2_ws/install/tutorial_interfaces:/home/minkhanttun/ros2_ws/install/cpp_srvcli:/home/minkhanttun/ros2_ws/install/cpp_pubsub:/home/minkhanttun/ros2_ws/install/turtlesim:/home/minkhanttun/ros2_ws/install/polygon_plugins:/home/minkhanttun/ros2_ws/install/polygon_base:/home/minkhanttun/ros2_ws/install/launch_tutorial:/home/minkhanttun/ros2_ws/install/custom_action_cpp:/home/minkhanttun/ros2_ws/install/custom_action_interfaces:/home/minkhanttun/ros2_ws/install/cpp_parameters:/home/minkhanttun/ros2_ws/install/cpp_parameter_event_handler:/opt/ros/jazzy/opt/gz_math_vendor:/opt/ros/jazzy/opt/gz_utils_vendor:/opt/ros/jazzy/opt/gz_cmake_vendor:/opt/ros/jazzy DEBUGINFOD_URLS=https://debuginfod.ubuntu.com /usr/bin/cmake --install /home/minkhanttun/ros2_ws/build/cpp_pubsub
