[0.044s] Invoking command in '/home/minkhanttun/ros2_ws/build/cpp_parameter_event_handler': CMAKE_PREFIX_PATH=${CMAKE_PREFIX_PATH}:/opt/ros/jazzy DEBUGINFOD_URLS=https://debuginfod.ubuntu.com /usr/bin/cmake /home/minkhanttun/ros2_ws/src/cpp_parameter_event_handler -DCMAKE_INSTALL_PREFIX=/home/minkhanttun/ros2_ws/install/cpp_parameter_event_handler
[0.432s] -- The C compiler identification is GNU 14.2.0
[0.804s] -- The CXX compiler identification is GNU 14.2.0
[0.932s] -- Detecting C compiler ABI info
[1.744s] -- Detecting C compiler ABI info - done
[1.864s] -- Check for working C compiler: /usr/bin/cc - skipped
[1.864s] -- Detecting C compile features
[1.878s] -- Detecting C compile features - done
[1.903s] -- Detecting CXX compiler ABI info
[2.763s] -- Detecting CXX compiler ABI info - done
[3.022s] -- Check for working CXX compiler: /usr/bin/c++ - skipped
[3.023s] -- Detecting CXX compile features
[3.049s] -- Detecting CXX compile features - done
[3.081s] -- Found ament_cmake: 2.5.3 (/opt/ros/jazzy/share/ament_cmake/cmake)
[4.459s] -- Found Python3: /usr/bin/python3 (found version "3.12.7") found components: Interpreter
[5.429s] -- Found rclcpp: 28.1.6 (/opt/ros/jazzy/share/rclcpp/cmake)
[5.582s] -- Found rosidl_generator_c: 4.6.5 (/opt/ros/jazzy/share/rosidl_generator_c/cmake)
[5.641s] -- Found rosidl_generator_cpp: 4.6.5 (/opt/ros/jazzy/share/rosidl_generator_cpp/cmake)
[5.737s] -- Using all available rosidl_typesupport_c: rosidl_typesupport_fastrtps_c;rosidl_typesupport_introspection_c
[5.779s] -- Using all available rosidl_typesupport_cpp: rosidl_typesupport_fastrtps_cpp;rosidl_typesupport_introspection_cpp
[6.126s] -- Found rmw_implementation_cmake: 7.3.1 (/opt/ros/jazzy/share/rmw_implementation_cmake/cmake)
[6.146s] -- Found rmw_fastrtps_cpp: 8.4.1 (/opt/ros/jazzy/share/rmw_fastrtps_cpp/cmake)
[6.751s] -- Found OpenSSL: /usr/lib/aarch64-linux-gnu/libcrypto.so (found version "3.3.1")
[6.874s] -- Found FastRTPS: /opt/ros/jazzy/include (Required is at least version "2.13")
[7.005s] -- Using RMW implementation 'rmw_fastrtps_cpp' as default
[7.294s] -- Found ament_lint_auto: 0.17.1 (/opt/ros/jazzy/share/ament_lint_auto/cmake)
[7.749s] -- Added test 'cppcheck' to perform static code analysis on C / C++ code
[7.752s] -- Configured cppcheck include dirs: 
[7.752s] -- Configured cppcheck exclude dirs and/or files: 
[7.757s] -- Added test 'lint_cmake' to check CMake code style
[7.758s] -- Added test 'uncrustify' to check C / C++ code style
[7.758s] -- Configured uncrustify additional arguments: 
[7.758s] -- Added test 'xmllint' to check XML markup files
[7.762s] -- Configuring done (7.7s)
[7.790s] -- Generating done (0.0s)
[7.796s] -- Build files have been written to: /home/minkhanttun/ros2_ws/build/cpp_parameter_event_handler
[7.831s] Invoked command in '/home/minkhanttun/ros2_ws/build/cpp_parameter_event_handler' returned '0': CMAKE_PREFIX_PATH=${CMAKE_PREFIX_PATH}:/opt/ros/jazzy DEBUGINFOD_URLS=https://debuginfod.ubuntu.com /usr/bin/cmake /home/minkhanttun/ros2_ws/src/cpp_parameter_event_handler -DCMAKE_INSTALL_PREFIX=/home/minkhanttun/ros2_ws/install/cpp_parameter_event_handler
[7.839s] Invoking command in '/home/minkhanttun/ros2_ws/build/cpp_parameter_event_handler': CMAKE_PREFIX_PATH=${CMAKE_PREFIX_PATH}:/opt/ros/jazzy DEBUGINFOD_URLS=https://debuginfod.ubuntu.com /usr/bin/cmake --build /home/minkhanttun/ros2_ws/build/cpp_parameter_event_handler -- -j4 -l4
[8.050s] [ 50%] [32mBuilding CXX object CMakeFiles/parameter_event_handler.dir/src/parameter_event_handler.cpp.o[0m
[47.400s] [100%] [32m[1mLinking CXX executable parameter_event_handler[0m
[49.794s] [100%] Built target parameter_event_handler
[49.901s] Invoked command in '/home/minkhanttun/ros2_ws/build/cpp_parameter_event_handler' returned '0': CMAKE_PREFIX_PATH=${CMAKE_PREFIX_PATH}:/opt/ros/jazzy DEBUGINFOD_URLS=https://debuginfod.ubuntu.com /usr/bin/cmake --build /home/minkhanttun/ros2_ws/build/cpp_parameter_event_handler -- -j4 -l4
[49.902s] Invoking command in '/home/minkhanttun/ros2_ws/build/cpp_parameter_event_handler': CMAKE_PREFIX_PATH=${CMAKE_PREFIX_PATH}:/opt/ros/jazzy DEBUGINFOD_URLS=https://debuginfod.ubuntu.com /usr/bin/cmake --install /home/minkhanttun/ros2_ws/build/cpp_parameter_event_handler
[49.965s] -- Install configuration: ""
[49.971s] -- Installing: /home/minkhanttun/ros2_ws/install/cpp_parameter_event_handler/lib/cpp_parameter_event_handler/parameter_event_handler
[50.009s] -- Set non-toolchain portion of runtime path of "/home/minkhanttun/ros2_ws/install/cpp_parameter_event_handler/lib/cpp_parameter_event_handler/parameter_event_handler" to ""
[50.016s] -- Installing: /home/minkhanttun/ros2_ws/install/cpp_parameter_event_handler/share/ament_index/resource_index/package_run_dependencies/cpp_parameter_event_handler
[50.020s] -- Installing: /home/minkhanttun/ros2_ws/install/cpp_parameter_event_handler/share/ament_index/resource_index/parent_prefix_path/cpp_parameter_event_handler
[50.020s] -- Installing: /home/minkhanttun/ros2_ws/install/cpp_parameter_event_handler/share/cpp_parameter_event_handler/environment/ament_prefix_path.sh
[50.024s] -- Installing: /home/minkhanttun/ros2_ws/install/cpp_parameter_event_handler/share/cpp_parameter_event_handler/environment/ament_prefix_path.dsv
[50.033s] -- Installing: /home/minkhanttun/ros2_ws/install/cpp_parameter_event_handler/share/cpp_parameter_event_handler/environment/path.sh
[50.033s] -- Installing: /home/minkhanttun/ros2_ws/install/cpp_parameter_event_handler/share/cpp_parameter_event_handler/environment/path.dsv
[50.033s] -- Installing: /home/minkhanttun/ros2_ws/install/cpp_parameter_event_handler/share/cpp_parameter_event_handler/local_setup.bash
[50.033s] -- Installing: /home/minkhanttun/ros2_ws/install/cpp_parameter_event_handler/share/cpp_parameter_event_handler/local_setup.sh
[50.038s] -- Installing: /home/minkhanttun/ros2_ws/install/cpp_parameter_event_handler/share/cpp_parameter_event_handler/local_setup.zsh
[50.038s] -- Installing: /home/minkhanttun/ros2_ws/install/cpp_parameter_event_handler/share/cpp_parameter_event_handler/local_setup.dsv
[50.047s] -- Installing: /home/minkhanttun/ros2_ws/install/cpp_parameter_event_handler/share/cpp_parameter_event_handler/package.dsv
[50.049s] -- Installing: /home/minkhanttun/ros2_ws/install/cpp_parameter_event_handler/share/ament_index/resource_index/packages/cpp_parameter_event_handler
[50.049s] -- Installing: /home/minkhanttun/ros2_ws/install/cpp_parameter_event_handler/share/cpp_parameter_event_handler/cmake/cpp_parameter_event_handlerConfig.cmake
[50.050s] -- Installing: /home/minkhanttun/ros2_ws/install/cpp_parameter_event_handler/share/cpp_parameter_event_handler/cmake/cpp_parameter_event_handlerConfig-version.cmake
[50.060s] -- Installing: /home/minkhanttun/ros2_ws/install/cpp_parameter_event_handler/share/cpp_parameter_event_handler/package.xml
[50.085s] Invoked command in '/home/minkhanttun/ros2_ws/build/cpp_parameter_event_handler' returned '0': CMAKE_PREFIX_PATH=${CMAKE_PREFIX_PATH}:/opt/ros/jazzy DEBUGINFOD_URLS=https://debuginfod.ubuntu.com /usr/bin/cmake --install /home/minkhanttun/ros2_ws/build/cpp_parameter_event_handler
