[0.102s] Invoking command in '/home/minkhanttun/ros2_ws/build/tutorial_interfaces': CMAKE_PREFIX_PATH=${CMAKE_PREFIX_PATH}:/opt/ros/jazzy DEBUGINFOD_URLS=https://debuginfod.ubuntu.com /usr/bin/cmake --build /home/minkhanttun/ros2_ws/build/tutorial_interfaces -- -j4 -l4
[0.526s] [  0%] Built target ament_cmake_python_copy_tutorial_interfaces
[0.549s] [  1%] Built target tutorial_interfaces__rosidl_generator_type_description
[0.759s] [  3%] Built target tutorial_interfaces__cpp
[0.824s] [ 24%] Built target tutorial_interfaces__rosidl_generator_c
[1.100s] [ 33%] Built target tutorial_interfaces__rosidl_typesupport_c
[1.222s] [ 42%] Built target tutorial_interfaces__rosidl_typesupport_introspection_c
[1.356s] [ 51%] Built target tutorial_interfaces__rosidl_typesupport_fastrtps_cpp
[1.436s] [ 61%] Built target tutorial_interfaces__rosidl_typesupport_introspection_cpp
[1.475s] [ 70%] Built target tutorial_interfaces__rosidl_typesupport_cpp
[1.773s] [ 79%] Built target tutorial_interfaces__rosidl_typesupport_fastrtps_c
[2.031s] [ 79%] Built target tutorial_interfaces
[2.377s] [ 81%] Built target tutorial_interfaces__py
[2.624s] [ 88%] Built target tutorial_interfaces__rosidl_generator_py
[2.794s] [ 92%] Built target tutorial_interfaces_s__rosidl_typesupport_introspection_c
[2.845s] [ 96%] Built target tutorial_interfaces_s__rosidl_typesupport_c
[2.885s] [100%] Built target tutorial_interfaces_s__rosidl_typesupport_fastrtps_c
[4.081s] running egg_info
[4.210s] writing tutorial_interfaces.egg-info/PKG-INFO
[4.210s] writing dependency_links to tutorial_interfaces.egg-info/dependency_links.txt
[4.211s] writing top-level names to tutorial_interfaces.egg-info/top_level.txt
[4.548s] reading manifest file 'tutorial_interfaces.egg-info/SOURCES.txt'
[4.548s] writing manifest file 'tutorial_interfaces.egg-info/SOURCES.txt'
[5.075s] [100%] Built target ament_cmake_python_build_tutorial_interfaces_egg
[5.312s] Invoked command in '/home/minkhanttun/ros2_ws/build/tutorial_interfaces' returned '0': CMAKE_PREFIX_PATH=${CMAKE_PREFIX_PATH}:/opt/ros/jazzy DEBUGINFOD_URLS=https://debuginfod.ubuntu.com /usr/bin/cmake --build /home/minkhanttun/ros2_ws/build/tutorial_interfaces -- -j4 -l4
[5.317s] Invoking command in '/home/minkhanttun/ros2_ws/build/tutorial_interfaces': CMAKE_PREFIX_PATH=${CMAKE_PREFIX_PATH}:/opt/ros/jazzy DEBUGINFOD_URLS=https://debuginfod.ubuntu.com /usr/bin/cmake --install /home/minkhanttun/ros2_ws/build/tutorial_interfaces
[5.390s] -- Install configuration: ""
[5.394s] -- Up-to-date: /home/minkhanttun/ros2_ws/install/tutorial_interfaces/share/ament_index/resource_index/rosidl_interfaces/tutorial_interfaces
[5.394s] -- Up-to-date: /home/minkhanttun/ros2_ws/install/tutorial_interfaces/share/tutorial_interfaces/msg/Num.json
[5.403s] -- Up-to-date: /home/minkhanttun/ros2_ws/install/tutorial_interfaces/share/tutorial_interfaces/msg/Sphere.json
[5.405s] -- Up-to-date: /home/minkhanttun/ros2_ws/install/tutorial_interfaces/share/tutorial_interfaces/srv/AddThreeInts.json
[5.406s] -- Up-to-date: /home/minkhanttun/ros2_ws/install/tutorial_interfaces/include/tutorial_interfaces/tutorial_interfaces
[5.406s] -- Up-to-date: /home/minkhanttun/ros2_ws/install/tutorial_interfaces/include/tutorial_interfaces/tutorial_interfaces/msg
[5.406s] -- Up-to-date: /home/minkhanttun/ros2_ws/install/tutorial_interfaces/include/tutorial_interfaces/tutorial_interfaces/msg/detail
[5.406s] -- Up-to-date: /home/minkhanttun/ros2_ws/install/tutorial_interfaces/include/tutorial_interfaces/tutorial_interfaces/msg/detail/num__functions.h
[5.406s] -- Up-to-date: /home/minkhanttun/ros2_ws/install/tutorial_interfaces/include/tutorial_interfaces/tutorial_interfaces/msg/detail/sphere__functions.c
[5.407s] -- Up-to-date: /home/minkhanttun/ros2_ws/install/tutorial_interfaces/include/tutorial_interfaces/tutorial_interfaces/msg/detail/sphere__description.c
[5.407s] -- Up-to-date: /home/minkhanttun/ros2_ws/install/tutorial_interfaces/include/tutorial_interfaces/tutorial_interfaces/msg/detail/sphere__type_support.h
[5.407s] -- Up-to-date: /home/minkhanttun/ros2_ws/install/tutorial_interfaces/include/tutorial_interfaces/tutorial_interfaces/msg/detail/sphere__struct.h
[5.408s] -- Installing: /home/minkhanttun/ros2_ws/install/tutorial_interfaces/include/tutorial_interfaces/tutorial_interfaces/msg/detail/sphere__type_support.c
[5.415s] -- Up-to-date: /home/minkhanttun/ros2_ws/install/tutorial_interfaces/include/tutorial_interfaces/tutorial_interfaces/msg/detail/num__type_support.h
[5.416s] -- Up-to-date: /home/minkhanttun/ros2_ws/install/tutorial_interfaces/include/tutorial_interfaces/tutorial_interfaces/msg/detail/sphere__functions.h
[5.416s] -- Up-to-date: /home/minkhanttun/ros2_ws/install/tutorial_interfaces/include/tutorial_interfaces/tutorial_interfaces/msg/detail/num__description.c
[5.416s] -- Up-to-date: /home/minkhanttun/ros2_ws/install/tutorial_interfaces/include/tutorial_interfaces/tutorial_interfaces/msg/detail/num__struct.h
[5.426s] -- Up-to-date: /home/minkhanttun/ros2_ws/install/tutorial_interfaces/include/tutorial_interfaces/tutorial_interfaces/msg/detail/num__functions.c
[5.427s] -- Installing: /home/minkhanttun/ros2_ws/install/tutorial_interfaces/include/tutorial_interfaces/tutorial_interfaces/msg/detail/num__type_support.c
[5.430s] -- Up-to-date: /home/minkhanttun/ros2_ws/install/tutorial_interfaces/include/tutorial_interfaces/tutorial_interfaces/msg/rosidl_generator_c__visibility_control.h
[5.430s] -- Up-to-date: /home/minkhanttun/ros2_ws/install/tutorial_interfaces/include/tutorial_interfaces/tutorial_interfaces/msg/num.h
[5.431s] -- Up-to-date: /home/minkhanttun/ros2_ws/install/tutorial_interfaces/include/tutorial_interfaces/tutorial_interfaces/msg/sphere.h
[5.431s] -- Up-to-date: /home/minkhanttun/ros2_ws/install/tutorial_interfaces/include/tutorial_interfaces/tutorial_interfaces/srv
[5.431s] -- Up-to-date: /home/minkhanttun/ros2_ws/install/tutorial_interfaces/include/tutorial_interfaces/tutorial_interfaces/srv/detail
[5.431s] -- Up-to-date: /home/minkhanttun/ros2_ws/install/tutorial_interfaces/include/tutorial_interfaces/tutorial_interfaces/srv/detail/add_three_ints__functions.h
[5.431s] -- Up-to-date: /home/minkhanttun/ros2_ws/install/tutorial_interfaces/include/tutorial_interfaces/tutorial_interfaces/srv/detail/add_three_ints__description.c
[5.440s] -- Up-to-date: /home/minkhanttun/ros2_ws/install/tutorial_interfaces/include/tutorial_interfaces/tutorial_interfaces/srv/detail/add_three_ints__type_support.h
[5.447s] -- Up-to-date: /home/minkhanttun/ros2_ws/install/tutorial_interfaces/include/tutorial_interfaces/tutorial_interfaces/srv/detail/add_three_ints__struct.h
[5.447s] -- Up-to-date: /home/minkhanttun/ros2_ws/install/tutorial_interfaces/include/tutorial_interfaces/tutorial_interfaces/srv/detail/add_three_ints__functions.c
[5.457s] -- Installing: /home/minkhanttun/ros2_ws/install/tutorial_interfaces/include/tutorial_interfaces/tutorial_interfaces/srv/detail/add_three_ints__type_support.c
[5.458s] -- Up-to-date: /home/minkhanttun/ros2_ws/install/tutorial_interfaces/include/tutorial_interfaces/tutorial_interfaces/srv/add_three_ints.h
[5.462s] -- Up-to-date: /home/minkhanttun/ros2_ws/install/tutorial_interfaces/share/tutorial_interfaces/environment/library_path.sh
[5.462s] -- Up-to-date: /home/minkhanttun/ros2_ws/install/tutorial_interfaces/share/tutorial_interfaces/environment/library_path.dsv
[5.463s] -- Up-to-date: /home/minkhanttun/ros2_ws/install/tutorial_interfaces/lib/libtutorial_interfaces__rosidl_generator_c.so
[5.463s] -- Up-to-date: /home/minkhanttun/ros2_ws/install/tutorial_interfaces/include/tutorial_interfaces/tutorial_interfaces
[5.463s] -- Up-to-date: /home/minkhanttun/ros2_ws/install/tutorial_interfaces/include/tutorial_interfaces/tutorial_interfaces/msg
[5.469s] -- Up-to-date: /home/minkhanttun/ros2_ws/install/tutorial_interfaces/include/tutorial_interfaces/tutorial_interfaces/msg/detail
[5.470s] -- Up-to-date: /home/minkhanttun/ros2_ws/install/tutorial_interfaces/include/tutorial_interfaces/tutorial_interfaces/msg/detail/num__rosidl_typesupport_fastrtps_c.h
[5.470s] -- Up-to-date: /home/minkhanttun/ros2_ws/install/tutorial_interfaces/include/tutorial_interfaces/tutorial_interfaces/msg/detail/sphere__rosidl_typesupport_fastrtps_c.h
[5.470s] -- Up-to-date: /home/minkhanttun/ros2_ws/install/tutorial_interfaces/include/tutorial_interfaces/tutorial_interfaces/msg/rosidl_typesupport_fastrtps_c__visibility_control.h
[5.470s] -- Up-to-date: /home/minkhanttun/ros2_ws/install/tutorial_interfaces/include/tutorial_interfaces/tutorial_interfaces/srv
[5.471s] -- Up-to-date: /home/minkhanttun/ros2_ws/install/tutorial_interfaces/include/tutorial_interfaces/tutorial_interfaces/srv/detail
[5.475s] -- Up-to-date: /home/minkhanttun/ros2_ws/install/tutorial_interfaces/include/tutorial_interfaces/tutorial_interfaces/srv/detail/add_three_ints__rosidl_typesupport_fastrtps_c.h
[5.476s] -- Up-to-date: /home/minkhanttun/ros2_ws/install/tutorial_interfaces/lib/libtutorial_interfaces__rosidl_typesupport_fastrtps_c.so
[5.486s] -- Up-to-date: /home/minkhanttun/ros2_ws/install/tutorial_interfaces/include/tutorial_interfaces/tutorial_interfaces
[5.486s] -- Up-to-date: /home/minkhanttun/ros2_ws/install/tutorial_interfaces/include/tutorial_interfaces/tutorial_interfaces/msg
[5.486s] -- Up-to-date: /home/minkhanttun/ros2_ws/install/tutorial_interfaces/include/tutorial_interfaces/tutorial_interfaces/msg/detail
[5.487s] -- Up-to-date: /home/minkhanttun/ros2_ws/install/tutorial_interfaces/include/tutorial_interfaces/tutorial_interfaces/msg/detail/sphere__type_support.hpp
[5.491s] -- Up-to-date: /home/minkhanttun/ros2_ws/install/tutorial_interfaces/include/tutorial_interfaces/tutorial_interfaces/msg/detail/num__traits.hpp
[5.491s] -- Up-to-date: /home/minkhanttun/ros2_ws/install/tutorial_interfaces/include/tutorial_interfaces/tutorial_interfaces/msg/detail/num__builder.hpp
[5.492s] -- Up-to-date: /home/minkhanttun/ros2_ws/install/tutorial_interfaces/include/tutorial_interfaces/tutorial_interfaces/msg/detail/num__type_support.hpp
[5.495s] -- Up-to-date: /home/minkhanttun/ros2_ws/install/tutorial_interfaces/include/tutorial_interfaces/tutorial_interfaces/msg/detail/sphere__struct.hpp
[5.499s] -- Up-to-date: /home/minkhanttun/ros2_ws/install/tutorial_interfaces/include/tutorial_interfaces/tutorial_interfaces/msg/detail/sphere__builder.hpp
[5.499s] -- Up-to-date: /home/minkhanttun/ros2_ws/install/tutorial_interfaces/include/tutorial_interfaces/tutorial_interfaces/msg/detail/num__struct.hpp
[5.499s] -- Up-to-date: /home/minkhanttun/ros2_ws/install/tutorial_interfaces/include/tutorial_interfaces/tutorial_interfaces/msg/detail/sphere__traits.hpp
[5.502s] -- Up-to-date: /home/minkhanttun/ros2_ws/install/tutorial_interfaces/include/tutorial_interfaces/tutorial_interfaces/msg/rosidl_generator_cpp__visibility_control.hpp
[5.502s] -- Up-to-date: /home/minkhanttun/ros2_ws/install/tutorial_interfaces/include/tutorial_interfaces/tutorial_interfaces/msg/num.hpp
[5.503s] -- Up-to-date: /home/minkhanttun/ros2_ws/install/tutorial_interfaces/include/tutorial_interfaces/tutorial_interfaces/msg/sphere.hpp
[5.508s] -- Up-to-date: /home/minkhanttun/ros2_ws/install/tutorial_interfaces/include/tutorial_interfaces/tutorial_interfaces/srv
[5.508s] -- Up-to-date: /home/minkhanttun/ros2_ws/install/tutorial_interfaces/include/tutorial_interfaces/tutorial_interfaces/srv/add_three_ints.hpp
[5.508s] -- Up-to-date: /home/minkhanttun/ros2_ws/install/tutorial_interfaces/include/tutorial_interfaces/tutorial_interfaces/srv/detail
[5.509s] -- Up-to-date: /home/minkhanttun/ros2_ws/install/tutorial_interfaces/include/tutorial_interfaces/tutorial_interfaces/srv/detail/add_three_ints__type_support.hpp
[5.509s] -- Up-to-date: /home/minkhanttun/ros2_ws/install/tutorial_interfaces/include/tutorial_interfaces/tutorial_interfaces/srv/detail/add_three_ints__builder.hpp
[5.509s] -- Up-to-date: /home/minkhanttun/ros2_ws/install/tutorial_interfaces/include/tutorial_interfaces/tutorial_interfaces/srv/detail/add_three_ints__struct.hpp
[5.517s] -- Up-to-date: /home/minkhanttun/ros2_ws/install/tutorial_interfaces/include/tutorial_interfaces/tutorial_interfaces/srv/detail/add_three_ints__traits.hpp
[5.539s] -- Up-to-date: /home/minkhanttun/ros2_ws/install/tutorial_interfaces/include/tutorial_interfaces/tutorial_interfaces
[5.540s] -- Up-to-date: /home/minkhanttun/ros2_ws/install/tutorial_interfaces/include/tutorial_interfaces/tutorial_interfaces/msg
[5.540s] -- Up-to-date: /home/minkhanttun/ros2_ws/install/tutorial_interfaces/include/tutorial_interfaces/tutorial_interfaces/msg/rosidl_typesupport_fastrtps_cpp__visibility_control.h
[5.540s] -- Up-to-date: /home/minkhanttun/ros2_ws/install/tutorial_interfaces/include/tutorial_interfaces/tutorial_interfaces/msg/detail
[5.540s] -- Up-to-date: /home/minkhanttun/ros2_ws/install/tutorial_interfaces/include/tutorial_interfaces/tutorial_interfaces/msg/detail/num__rosidl_typesupport_fastrtps_cpp.hpp
[5.541s] -- Up-to-date: /home/minkhanttun/ros2_ws/install/tutorial_interfaces/include/tutorial_interfaces/tutorial_interfaces/msg/detail/sphere__rosidl_typesupport_fastrtps_cpp.hpp
[5.541s] -- Up-to-date: /home/minkhanttun/ros2_ws/install/tutorial_interfaces/include/tutorial_interfaces/tutorial_interfaces/msg/detail/dds_fastrtps
[5.541s] -- Up-to-date: /home/minkhanttun/ros2_ws/install/tutorial_interfaces/include/tutorial_interfaces/tutorial_interfaces/srv
[5.541s] -- Up-to-date: /home/minkhanttun/ros2_ws/install/tutorial_interfaces/include/tutorial_interfaces/tutorial_interfaces/srv/detail
[5.541s] -- Up-to-date: /home/minkhanttun/ros2_ws/install/tutorial_interfaces/include/tutorial_interfaces/tutorial_interfaces/srv/detail/add_three_ints__rosidl_typesupport_fastrtps_cpp.hpp
[5.547s] -- Up-to-date: /home/minkhanttun/ros2_ws/install/tutorial_interfaces/include/tutorial_interfaces/tutorial_interfaces/srv/detail/dds_fastrtps
[5.548s] -- Up-to-date: /home/minkhanttun/ros2_ws/install/tutorial_interfaces/lib/libtutorial_interfaces__rosidl_typesupport_fastrtps_cpp.so
[5.548s] -- Up-to-date: /home/minkhanttun/ros2_ws/install/tutorial_interfaces/include/tutorial_interfaces/tutorial_interfaces
[5.548s] -- Up-to-date: /home/minkhanttun/ros2_ws/install/tutorial_interfaces/include/tutorial_interfaces/tutorial_interfaces/msg
[5.551s] -- Up-to-date: /home/minkhanttun/ros2_ws/install/tutorial_interfaces/include/tutorial_interfaces/tutorial_interfaces/msg/detail
[5.552s] -- Installing: /home/minkhanttun/ros2_ws/install/tutorial_interfaces/include/tutorial_interfaces/tutorial_interfaces/msg/detail/sphere__type_support.c
[5.562s] -- Up-to-date: /home/minkhanttun/ros2_ws/install/tutorial_interfaces/include/tutorial_interfaces/tutorial_interfaces/msg/detail/num__rosidl_typesupport_introspection_c.h
[5.563s] -- Up-to-date: /home/minkhanttun/ros2_ws/install/tutorial_interfaces/include/tutorial_interfaces/tutorial_interfaces/msg/detail/sphere__rosidl_typesupport_introspection_c.h
[5.563s] -- Installing: /home/minkhanttun/ros2_ws/install/tutorial_interfaces/include/tutorial_interfaces/tutorial_interfaces/msg/detail/num__type_support.c
[5.563s] -- Up-to-date: /home/minkhanttun/ros2_ws/install/tutorial_interfaces/include/tutorial_interfaces/tutorial_interfaces/msg/rosidl_typesupport_introspection_c__visibility_control.h
[5.563s] -- Up-to-date: /home/minkhanttun/ros2_ws/install/tutorial_interfaces/include/tutorial_interfaces/tutorial_interfaces/srv
[5.564s] -- Up-to-date: /home/minkhanttun/ros2_ws/install/tutorial_interfaces/include/tutorial_interfaces/tutorial_interfaces/srv/detail
[5.567s] -- Up-to-date: /home/minkhanttun/ros2_ws/install/tutorial_interfaces/include/tutorial_interfaces/tutorial_interfaces/srv/detail/add_three_ints__rosidl_typesupport_introspection_c.h
[5.567s] -- Installing: /home/minkhanttun/ros2_ws/install/tutorial_interfaces/include/tutorial_interfaces/tutorial_interfaces/srv/detail/add_three_ints__type_support.c
[5.567s] -- Up-to-date: /home/minkhanttun/ros2_ws/install/tutorial_interfaces/lib/libtutorial_interfaces__rosidl_typesupport_introspection_c.so
[5.568s] -- Up-to-date: /home/minkhanttun/ros2_ws/install/tutorial_interfaces/lib/libtutorial_interfaces__rosidl_typesupport_c.so
[5.568s] -- Up-to-date: /home/minkhanttun/ros2_ws/install/tutorial_interfaces/include/tutorial_interfaces/tutorial_interfaces
[5.571s] -- Up-to-date: /home/minkhanttun/ros2_ws/install/tutorial_interfaces/include/tutorial_interfaces/tutorial_interfaces/msg
[5.588s] -- Up-to-date: /home/minkhanttun/ros2_ws/install/tutorial_interfaces/include/tutorial_interfaces/tutorial_interfaces/msg/detail
[5.588s] -- Up-to-date: /home/minkhanttun/ros2_ws/install/tutorial_interfaces/include/tutorial_interfaces/tutorial_interfaces/msg/detail/num__type_support.cpp
[5.589s] -- Up-to-date: /home/minkhanttun/ros2_ws/install/tutorial_interfaces/include/tutorial_interfaces/tutorial_interfaces/msg/detail/num__rosidl_typesupport_introspection_cpp.hpp
[5.589s] -- Up-to-date: /home/minkhanttun/ros2_ws/install/tutorial_interfaces/include/tutorial_interfaces/tutorial_interfaces/msg/detail/sphere__type_support.cpp
[5.589s] -- Up-to-date: /home/minkhanttun/ros2_ws/install/tutorial_interfaces/include/tutorial_interfaces/tutorial_interfaces/msg/detail/sphere__rosidl_typesupport_introspection_cpp.hpp
[5.589s] -- Up-to-date: /home/minkhanttun/ros2_ws/install/tutorial_interfaces/include/tutorial_interfaces/tutorial_interfaces/srv
[5.589s] -- Up-to-date: /home/minkhanttun/ros2_ws/install/tutorial_interfaces/include/tutorial_interfaces/tutorial_interfaces/srv/detail
[5.590s] -- Up-to-date: /home/minkhanttun/ros2_ws/install/tutorial_interfaces/include/tutorial_interfaces/tutorial_interfaces/srv/detail/add_three_ints__type_support.cpp
[5.590s] -- Up-to-date: /home/minkhanttun/ros2_ws/install/tutorial_interfaces/include/tutorial_interfaces/tutorial_interfaces/srv/detail/add_three_ints__rosidl_typesupport_introspection_cpp.hpp
[5.590s] -- Up-to-date: /home/minkhanttun/ros2_ws/install/tutorial_interfaces/lib/libtutorial_interfaces__rosidl_typesupport_introspection_cpp.so
[5.590s] -- Up-to-date: /home/minkhanttun/ros2_ws/install/tutorial_interfaces/lib/libtutorial_interfaces__rosidl_typesupport_cpp.so
[5.606s] -- Up-to-date: /home/minkhanttun/ros2_ws/install/tutorial_interfaces/share/tutorial_interfaces/environment/pythonpath.sh
[5.606s] -- Up-to-date: /home/minkhanttun/ros2_ws/install/tutorial_interfaces/share/tutorial_interfaces/environment/pythonpath.dsv
[5.607s] -- Up-to-date: /home/minkhanttun/ros2_ws/install/tutorial_interfaces/lib/python3.12/site-packages/tutorial_interfaces-0.0.0-py3.12.egg-info
[5.607s] -- Installing: /home/minkhanttun/ros2_ws/install/tutorial_interfaces/lib/python3.12/site-packages/tutorial_interfaces-0.0.0-py3.12.egg-info/SOURCES.txt
[5.607s] -- Installing: /home/minkhanttun/ros2_ws/install/tutorial_interfaces/lib/python3.12/site-packages/tutorial_interfaces-0.0.0-py3.12.egg-info/top_level.txt
[5.607s] -- Installing: /home/minkhanttun/ros2_ws/install/tutorial_interfaces/lib/python3.12/site-packages/tutorial_interfaces-0.0.0-py3.12.egg-info/PKG-INFO
[5.607s] -- Installing: /home/minkhanttun/ros2_ws/install/tutorial_interfaces/lib/python3.12/site-packages/tutorial_interfaces-0.0.0-py3.12.egg-info/dependency_links.txt
[5.607s] -- Up-to-date: /home/minkhanttun/ros2_ws/install/tutorial_interfaces/lib/python3.12/site-packages/tutorial_interfaces
[5.608s] -- Up-to-date: /home/minkhanttun/ros2_ws/install/tutorial_interfaces/lib/python3.12/site-packages/tutorial_interfaces/_tutorial_interfaces_s.ep.rosidl_typesupport_fastrtps_c.c
[5.608s] -- Up-to-date: /home/minkhanttun/ros2_ws/install/tutorial_interfaces/lib/python3.12/site-packages/tutorial_interfaces/tutorial_interfaces_s__rosidl_typesupport_c.so
[5.618s] -- Up-to-date: /home/minkhanttun/ros2_ws/install/tutorial_interfaces/lib/python3.12/site-packages/tutorial_interfaces/tutorial_interfaces_s__rosidl_typesupport_fastrtps_c.so
[5.618s] -- Up-to-date: /home/minkhanttun/ros2_ws/install/tutorial_interfaces/lib/python3.12/site-packages/tutorial_interfaces/msg
[5.619s] -- Up-to-date: /home/minkhanttun/ros2_ws/install/tutorial_interfaces/lib/python3.12/site-packages/tutorial_interfaces/msg/_num_s.c
[5.619s] -- Up-to-date: /home/minkhanttun/ros2_ws/install/tutorial_interfaces/lib/python3.12/site-packages/tutorial_interfaces/msg/_sphere.py
[5.619s] -- Up-to-date: /home/minkhanttun/ros2_ws/install/tutorial_interfaces/lib/python3.12/site-packages/tutorial_interfaces/msg/_num.py
[5.634s] -- Up-to-date: /home/minkhanttun/ros2_ws/install/tutorial_interfaces/lib/python3.12/site-packages/tutorial_interfaces/msg/__init__.py
[5.634s] -- Up-to-date: /home/minkhanttun/ros2_ws/install/tutorial_interfaces/lib/python3.12/site-packages/tutorial_interfaces/msg/_sphere_s.c
[5.635s] -- Up-to-date: /home/minkhanttun/ros2_ws/install/tutorial_interfaces/lib/python3.12/site-packages/tutorial_interfaces/_tutorial_interfaces_s.ep.rosidl_typesupport_c.c
[5.635s] -- Up-to-date: /home/minkhanttun/ros2_ws/install/tutorial_interfaces/lib/python3.12/site-packages/tutorial_interfaces/tutorial_interfaces_s__rosidl_typesupport_introspection_c.so
[5.635s] -- Up-to-date: /home/minkhanttun/ros2_ws/install/tutorial_interfaces/lib/python3.12/site-packages/tutorial_interfaces/__init__.py
[5.635s] -- Up-to-date: /home/minkhanttun/ros2_ws/install/tutorial_interfaces/lib/python3.12/site-packages/tutorial_interfaces/_tutorial_interfaces_s.ep.rosidl_typesupport_introspection_c.c
[5.635s] -- Up-to-date: /home/minkhanttun/ros2_ws/install/tutorial_interfaces/lib/python3.12/site-packages/tutorial_interfaces/srv
[5.636s] -- Up-to-date: /home/minkhanttun/ros2_ws/install/tutorial_interfaces/lib/python3.12/site-packages/tutorial_interfaces/srv/_add_three_ints_s.c
[5.636s] -- Up-to-date: /home/minkhanttun/ros2_ws/install/tutorial_interfaces/lib/python3.12/site-packages/tutorial_interfaces/srv/__init__.py
[5.636s] -- Up-to-date: /home/minkhanttun/ros2_ws/install/tutorial_interfaces/lib/python3.12/site-packages/tutorial_interfaces/srv/_add_three_ints.py
[5.876s] Listing '/home/minkhanttun/ros2_ws/install/tutorial_interfaces/lib/python3.12/site-packages/tutorial_interfaces'...
[5.877s] Listing '/home/minkhanttun/ros2_ws/install/tutorial_interfaces/lib/python3.12/site-packages/tutorial_interfaces/msg'...
[5.877s] Listing '/home/minkhanttun/ros2_ws/install/tutorial_interfaces/lib/python3.12/site-packages/tutorial_interfaces/srv'...
[5.955s] -- Up-to-date: /home/minkhanttun/ros2_ws/install/tutorial_interfaces/lib/python3.12/site-packages/tutorial_interfaces/tutorial_interfaces_s__rosidl_typesupport_fastrtps_c.so
[5.962s] -- Up-to-date: /home/minkhanttun/ros2_ws/install/tutorial_interfaces/lib/python3.12/site-packages/tutorial_interfaces/tutorial_interfaces_s__rosidl_typesupport_introspection_c.so
[5.966s] -- Up-to-date: /home/minkhanttun/ros2_ws/install/tutorial_interfaces/lib/python3.12/site-packages/tutorial_interfaces/tutorial_interfaces_s__rosidl_typesupport_c.so
[5.967s] -- Up-to-date: /home/minkhanttun/ros2_ws/install/tutorial_interfaces/lib/libtutorial_interfaces__rosidl_generator_py.so
[5.976s] -- Up-to-date: /home/minkhanttun/ros2_ws/install/tutorial_interfaces/share/tutorial_interfaces/msg/Num.idl
[5.976s] -- Up-to-date: /home/minkhanttun/ros2_ws/install/tutorial_interfaces/share/tutorial_interfaces/msg/Sphere.idl
[5.976s] -- Up-to-date: /home/minkhanttun/ros2_ws/install/tutorial_interfaces/share/tutorial_interfaces/srv/AddThreeInts.idl
[5.976s] -- Up-to-date: /home/minkhanttun/ros2_ws/install/tutorial_interfaces/share/tutorial_interfaces/msg/Num.msg
[5.976s] -- Up-to-date: /home/minkhanttun/ros2_ws/install/tutorial_interfaces/share/tutorial_interfaces/msg/Sphere.msg
[5.976s] -- Up-to-date: /home/minkhanttun/ros2_ws/install/tutorial_interfaces/share/tutorial_interfaces/srv/AddThreeInts.srv
[5.977s] -- Up-to-date: /home/minkhanttun/ros2_ws/install/tutorial_interfaces/share/ament_index/resource_index/package_run_dependencies/tutorial_interfaces
[5.977s] -- Up-to-date: /home/minkhanttun/ros2_ws/install/tutorial_interfaces/share/ament_index/resource_index/parent_prefix_path/tutorial_interfaces
[5.977s] -- Up-to-date: /home/minkhanttun/ros2_ws/install/tutorial_interfaces/share/tutorial_interfaces/environment/ament_prefix_path.sh
[5.977s] -- Up-to-date: /home/minkhanttun/ros2_ws/install/tutorial_interfaces/share/tutorial_interfaces/environment/ament_prefix_path.dsv
[5.977s] -- Up-to-date: /home/minkhanttun/ros2_ws/install/tutorial_interfaces/share/tutorial_interfaces/environment/path.sh
[5.977s] -- Up-to-date: /home/minkhanttun/ros2_ws/install/tutorial_interfaces/share/tutorial_interfaces/environment/path.dsv
[5.977s] -- Up-to-date: /home/minkhanttun/ros2_ws/install/tutorial_interfaces/share/tutorial_interfaces/local_setup.bash
[5.978s] -- Up-to-date: /home/minkhanttun/ros2_ws/install/tutorial_interfaces/share/tutorial_interfaces/local_setup.sh
[5.989s] -- Up-to-date: /home/minkhanttun/ros2_ws/install/tutorial_interfaces/share/tutorial_interfaces/local_setup.zsh
[5.989s] -- Up-to-date: /home/minkhanttun/ros2_ws/install/tutorial_interfaces/share/tutorial_interfaces/local_setup.dsv
[5.989s] -- Installing: /home/minkhanttun/ros2_ws/install/tutorial_interfaces/share/tutorial_interfaces/package.dsv
[5.989s] -- Up-to-date: /home/minkhanttun/ros2_ws/install/tutorial_interfaces/share/ament_index/resource_index/packages/tutorial_interfaces
[5.989s] -- Up-to-date: /home/minkhanttun/ros2_ws/install/tutorial_interfaces/share/tutorial_interfaces/cmake/export_tutorial_interfaces__rosidl_generator_cExport.cmake
[5.990s] -- Up-to-date: /home/minkhanttun/ros2_ws/install/tutorial_interfaces/share/tutorial_interfaces/cmake/export_tutorial_interfaces__rosidl_generator_cExport-noconfig.cmake
[5.990s] -- Up-to-date: /home/minkhanttun/ros2_ws/install/tutorial_interfaces/share/tutorial_interfaces/cmake/export_tutorial_interfaces__rosidl_typesupport_fastrtps_cExport.cmake
[5.990s] -- Up-to-date: /home/minkhanttun/ros2_ws/install/tutorial_interfaces/share/tutorial_interfaces/cmake/export_tutorial_interfaces__rosidl_typesupport_fastrtps_cExport-noconfig.cmake
[5.990s] -- Up-to-date: /home/minkhanttun/ros2_ws/install/tutorial_interfaces/share/tutorial_interfaces/cmake/export_tutorial_interfaces__rosidl_generator_cppExport.cmake
[5.990s] -- Up-to-date: /home/minkhanttun/ros2_ws/install/tutorial_interfaces/share/tutorial_interfaces/cmake/export_tutorial_interfaces__rosidl_typesupport_fastrtps_cppExport.cmake
[5.990s] -- Up-to-date: /home/minkhanttun/ros2_ws/install/tutorial_interfaces/share/tutorial_interfaces/cmake/export_tutorial_interfaces__rosidl_typesupport_fastrtps_cppExport-noconfig.cmake
[5.990s] -- Up-to-date: /home/minkhanttun/ros2_ws/install/tutorial_interfaces/share/tutorial_interfaces/cmake/tutorial_interfaces__rosidl_typesupport_introspection_cExport.cmake
[5.991s] -- Up-to-date: /home/minkhanttun/ros2_ws/install/tutorial_interfaces/share/tutorial_interfaces/cmake/tutorial_interfaces__rosidl_typesupport_introspection_cExport-noconfig.cmake
[5.991s] -- Up-to-date: /home/minkhanttun/ros2_ws/install/tutorial_interfaces/share/tutorial_interfaces/cmake/tutorial_interfaces__rosidl_typesupport_cExport.cmake
[5.991s] -- Up-to-date: /home/minkhanttun/ros2_ws/install/tutorial_interfaces/share/tutorial_interfaces/cmake/tutorial_interfaces__rosidl_typesupport_cExport-noconfig.cmake
[5.991s] -- Up-to-date: /home/minkhanttun/ros2_ws/install/tutorial_interfaces/share/tutorial_interfaces/cmake/tutorial_interfaces__rosidl_typesupport_introspection_cppExport.cmake
[5.991s] -- Up-to-date: /home/minkhanttun/ros2_ws/install/tutorial_interfaces/share/tutorial_interfaces/cmake/tutorial_interfaces__rosidl_typesupport_introspection_cppExport-noconfig.cmake
[5.991s] -- Up-to-date: /home/minkhanttun/ros2_ws/install/tutorial_interfaces/share/tutorial_interfaces/cmake/tutorial_interfaces__rosidl_typesupport_cppExport.cmake
[5.991s] -- Up-to-date: /home/minkhanttun/ros2_ws/install/tutorial_interfaces/share/tutorial_interfaces/cmake/tutorial_interfaces__rosidl_typesupport_cppExport-noconfig.cmake
[5.992s] -- Up-to-date: /home/minkhanttun/ros2_ws/install/tutorial_interfaces/share/tutorial_interfaces/cmake/export_tutorial_interfaces__rosidl_generator_pyExport.cmake
[5.992s] -- Up-to-date: /home/minkhanttun/ros2_ws/install/tutorial_interfaces/share/tutorial_interfaces/cmake/export_tutorial_interfaces__rosidl_generator_pyExport-noconfig.cmake
[6.005s] -- Up-to-date: /home/minkhanttun/ros2_ws/install/tutorial_interfaces/share/tutorial_interfaces/cmake/rosidl_cmake-extras.cmake
[6.005s] -- Up-to-date: /home/minkhanttun/ros2_ws/install/tutorial_interfaces/share/tutorial_interfaces/cmake/ament_cmake_export_dependencies-extras.cmake
[6.005s] -- Up-to-date: /home/minkhanttun/ros2_ws/install/tutorial_interfaces/share/tutorial_interfaces/cmake/ament_cmake_export_include_directories-extras.cmake
[6.005s] -- Up-to-date: /home/minkhanttun/ros2_ws/install/tutorial_interfaces/share/tutorial_interfaces/cmake/ament_cmake_export_libraries-extras.cmake
[6.005s] -- Up-to-date: /home/minkhanttun/ros2_ws/install/tutorial_interfaces/share/tutorial_interfaces/cmake/ament_cmake_export_targets-extras.cmake
[6.005s] -- Up-to-date: /home/minkhanttun/ros2_ws/install/tutorial_interfaces/share/tutorial_interfaces/cmake/rosidl_cmake_export_typesupport_targets-extras.cmake
[6.005s] -- Up-to-date: /home/minkhanttun/ros2_ws/install/tutorial_interfaces/share/tutorial_interfaces/cmake/rosidl_cmake_export_typesupport_libraries-extras.cmake
[6.005s] -- Up-to-date: /home/minkhanttun/ros2_ws/install/tutorial_interfaces/share/tutorial_interfaces/cmake/tutorial_interfacesConfig.cmake
[6.005s] -- Up-to-date: /home/minkhanttun/ros2_ws/install/tutorial_interfaces/share/tutorial_interfaces/cmake/tutorial_interfacesConfig-version.cmake
[6.006s] -- Up-to-date: /home/minkhanttun/ros2_ws/install/tutorial_interfaces/share/tutorial_interfaces/package.xml
[6.006s] Invoked command in '/home/minkhanttun/ros2_ws/build/tutorial_interfaces' returned '0': CMAKE_PREFIX_PATH=${CMAKE_PREFIX_PATH}:/opt/ros/jazzy DEBUGINFOD_URLS=https://debuginfod.ubuntu.com /usr/bin/cmake --install /home/minkhanttun/ros2_ws/build/tutorial_interfaces
