[0.254s] Invoking command in '/home/minkhanttun/ros2_ws/build/cpp_pubsub': CMAKE_PREFIX_PATH=/home/minkhanttun/ros2_ws/install/tutorial_interfaces:/home/minkhanttun/ros2_ws/install/cpp_srvcli:/home/minkhanttun/ros2_ws/install/cpp_pubsub:/home/minkhanttun/ros2_ws/install/turtlesim:/home/minkhanttun/ros2_ws/install/polygon_plugins:/home/minkhanttun/ros2_ws/install/polygon_base:/home/minkhanttun/ros2_ws/install/launch_tutorial:/home/minkhanttun/ros2_ws/install/custom_action_cpp:/home/minkhanttun/ros2_ws/install/custom_action_interfaces:/home/minkhanttun/ros2_ws/install/cpp_parameters:/home/minkhanttun/ros2_ws/install/cpp_parameter_event_handler:/opt/ros/jazzy/opt/gz_math_vendor:/opt/ros/jazzy/opt/gz_utils_vendor:/opt/ros/jazzy/opt/gz_cmake_vendor:/opt/ros/jazzy DEBUGINFOD_URLS=https://debuginfod.ubuntu.com /usr/bin/cmake --build /home/minkhanttun/ros2_ws/build/cpp_pubsub -- -j4 -l4
[0.632s] [ 50%] Built target talker
[0.836s] [100%] Built target listener
[0.967s] Invoked command in '/home/minkhanttun/ros2_ws/build/cpp_pubsub' returned '0': CMAKE_PREFIX_PATH=/home/minkhanttun/ros2_ws/install/tutorial_interfaces:/home/minkhanttun/ros2_ws/install/cpp_srvcli:/home/minkhanttun/ros2_ws/install/cpp_pubsub:/home/minkhanttun/ros2_ws/install/turtlesim:/home/minkhanttun/ros2_ws/install/polygon_plugins:/home/minkhanttun/ros2_ws/install/polygon_base:/home/minkhanttun/ros2_ws/install/launch_tutorial:/home/minkhanttun/ros2_ws/install/custom_action_cpp:/home/minkhanttun/ros2_ws/install/custom_action_interfaces:/home/minkhanttun/ros2_ws/install/cpp_parameters:/home/minkhanttun/ros2_ws/install/cpp_parameter_event_handler:/opt/ros/jazzy/opt/gz_math_vendor:/opt/ros/jazzy/opt/gz_utils_vendor:/opt/ros/jazzy/opt/gz_cmake_vendor:/opt/ros/jazzy DEBUGINFOD_URLS=https://debuginfod.ubuntu.com /usr/bin/cmake --build /home/minkhanttun/ros2_ws/build/cpp_pubsub -- -j4 -l4
[0.968s] Invoking command in '/home/minkhanttun/ros2_ws/build/cpp_pubsub': CMAKE_PREFIX_PATH=/home/minkhanttun/ros2_ws/install/tutorial_interfaces:/home/minkhanttun/ros2_ws/install/cpp_srvcli:/home/minkhanttun/ros2_ws/install/cpp_pubsub:/home/minkhanttun/ros2_ws/install/turtlesim:/home/minkhanttun/ros2_ws/install/polygon_plugins:/home/minkhanttun/ros2_ws/install/polygon_base:/home/minkhanttun/ros2_ws/install/launch_tutorial:/home/minkhanttun/ros2_ws/install/custom_action_cpp:/home/minkhanttun/ros2_ws/install/custom_action_interfaces:/home/minkhanttun/ros2_ws/install/cpp_parameters:/home/minkhanttun/ros2_ws/install/cpp_parameter_event_handler:/opt/ros/jazzy/opt/gz_math_vendor:/opt/ros/jazzy/opt/gz_utils_vendor:/opt/ros/jazzy/opt/gz_cmake_vendor:/opt/ros/jazzy DEBUGINFOD_URLS=https://debuginfod.ubuntu.com /usr/bin/cmake --install /home/minkhanttun/ros2_ws/build/cpp_pubsub
[1.046s] -- Install configuration: ""
[1.057s] -- Up-to-date: /home/minkhanttun/ros2_ws/install/cpp_pubsub/lib/cpp_pubsub/talker
[1.058s] -- Up-to-date: /home/minkhanttun/ros2_ws/install/cpp_pubsub/lib/cpp_pubsub/listener
[1.058s] -- Up-to-date: /home/minkhanttun/ros2_ws/install/cpp_pubsub/share/ament_index/resource_index/package_run_dependencies/cpp_pubsub
[1.058s] -- Up-to-date: /home/minkhanttun/ros2_ws/install/cpp_pubsub/share/ament_index/resource_index/parent_prefix_path/cpp_pubsub
[1.059s] -- Up-to-date: /home/minkhanttun/ros2_ws/install/cpp_pubsub/share/cpp_pubsub/environment/ament_prefix_path.sh
[1.059s] -- Up-to-date: /home/minkhanttun/ros2_ws/install/cpp_pubsub/share/cpp_pubsub/environment/ament_prefix_path.dsv
[1.059s] -- Up-to-date: /home/minkhanttun/ros2_ws/install/cpp_pubsub/share/cpp_pubsub/environment/path.sh
[1.059s] -- Up-to-date: /home/minkhanttun/ros2_ws/install/cpp_pubsub/share/cpp_pubsub/environment/path.dsv
[1.059s] -- Up-to-date: /home/minkhanttun/ros2_ws/install/cpp_pubsub/share/cpp_pubsub/local_setup.bash
[1.059s] -- Up-to-date: /home/minkhanttun/ros2_ws/install/cpp_pubsub/share/cpp_pubsub/local_setup.sh
[1.059s] -- Up-to-date: /home/minkhanttun/ros2_ws/install/cpp_pubsub/share/cpp_pubsub/local_setup.zsh
[1.060s] -- Up-to-date: /home/minkhanttun/ros2_ws/install/cpp_pubsub/share/cpp_pubsub/local_setup.dsv
[1.060s] -- Installing: /home/minkhanttun/ros2_ws/install/cpp_pubsub/share/cpp_pubsub/package.dsv
[1.060s] -- Up-to-date: /home/minkhanttun/ros2_ws/install/cpp_pubsub/share/ament_index/resource_index/packages/cpp_pubsub
[1.060s] -- Up-to-date: /home/minkhanttun/ros2_ws/install/cpp_pubsub/share/cpp_pubsub/cmake/cpp_pubsubConfig.cmake
[1.069s] -- Up-to-date: /home/minkhanttun/ros2_ws/install/cpp_pubsub/share/cpp_pubsub/cmake/cpp_pubsubConfig-version.cmake
[1.069s] -- Up-to-date: /home/minkhanttun/ros2_ws/install/cpp_pubsub/share/cpp_pubsub/package.xml
[1.188s] Invoked command in '/home/minkhanttun/ros2_ws/build/cpp_pubsub' returned '0': CMAKE_PREFIX_PATH=/home/minkhanttun/ros2_ws/install/tutorial_interfaces:/home/minkhanttun/ros2_ws/install/cpp_srvcli:/home/minkhanttun/ros2_ws/install/cpp_pubsub:/home/minkhanttun/ros2_ws/install/turtlesim:/home/minkhanttun/ros2_ws/install/polygon_plugins:/home/minkhanttun/ros2_ws/install/polygon_base:/home/minkhanttun/ros2_ws/install/launch_tutorial:/home/minkhanttun/ros2_ws/install/custom_action_cpp:/home/minkhanttun/ros2_ws/install/custom_action_interfaces:/home/minkhanttun/ros2_ws/install/cpp_parameters:/home/minkhanttun/ros2_ws/install/cpp_parameter_event_handler:/opt/ros/jazzy/opt/gz_math_vendor:/opt/ros/jazzy/opt/gz_utils_vendor:/opt/ros/jazzy/opt/gz_cmake_vendor:/opt/ros/jazzy DEBUGINFOD_URLS=https://debuginfod.ubuntu.com /usr/bin/cmake --install /home/minkhanttun/ros2_ws/build/cpp_pubsub
