[0.078s] Invoking command in '/home/minkhanttun/ros2_ws/build/custom_action_interfaces': CMAKE_PREFIX_PATH=${CMAKE_PREFIX_PATH}:/opt/ros/jazzy DEBUGINFOD_URLS=https://debuginfod.ubuntu.com /usr/bin/cmake --build /home/minkhanttun/ros2_ws/build/custom_action_interfaces -- -j4 -l4
[0.438s] [  2%] Built target custom_action_interfaces__rosidl_generator_type_description
[0.543s] [  2%] Built target ament_cmake_python_copy_custom_action_interfaces
[0.701s] [  5%] Built target custom_action_interfaces__cpp
[0.747s] [ 20%] Built target custom_action_interfaces__rosidl_generator_c
[1.110s] [ 29%] Built target custom_action_interfaces__rosidl_typesupport_fastrtps_c
[1.124s] [ 38%] Built target custom_action_interfaces__rosidl_typesupport_introspection_c
[1.130s] [ 47%] Built target custom_action_interfaces__rosidl_typesupport_cpp
[1.472s] [ 55%] Built target custom_action_interfaces__rosidl_typesupport_c
[1.494s] [ 64%] Built target custom_action_interfaces__rosidl_typesupport_fastrtps_cpp
[1.587s] [ 73%] Built target custom_action_interfaces__rosidl_typesupport_introspection_cpp
[1.902s] [ 73%] Built target custom_action_interfaces
[2.236s] [ 76%] Built target custom_action_interfaces__py
[2.552s] [ 82%] Built target custom_action_interfaces__rosidl_generator_py
[2.828s] [ 88%] Built target custom_action_interfaces_s__rosidl_typesupport_fastrtps_c
[2.884s] [ 94%] Built target custom_action_interfaces_s__rosidl_typesupport_introspection_c
[2.914s] [100%] Built target custom_action_interfaces_s__rosidl_typesupport_c
[3.647s] running egg_info
[3.801s] writing custom_action_interfaces.egg-info/PKG-INFO
[3.801s] writing dependency_links to custom_action_interfaces.egg-info/dependency_links.txt
[3.803s] writing top-level names to custom_action_interfaces.egg-info/top_level.txt
[4.062s] reading manifest file 'custom_action_interfaces.egg-info/SOURCES.txt'
[4.062s] writing manifest file 'custom_action_interfaces.egg-info/SOURCES.txt'
[4.460s] [100%] Built target ament_cmake_python_build_custom_action_interfaces_egg
[4.591s] Invoked command in '/home/minkhanttun/ros2_ws/build/custom_action_interfaces' returned '0': CMAKE_PREFIX_PATH=${CMAKE_PREFIX_PATH}:/opt/ros/jazzy DEBUGINFOD_URLS=https://debuginfod.ubuntu.com /usr/bin/cmake --build /home/minkhanttun/ros2_ws/build/custom_action_interfaces -- -j4 -l4
[4.594s] Invoking command in '/home/minkhanttun/ros2_ws/build/custom_action_interfaces': CMAKE_PREFIX_PATH=${CMAKE_PREFIX_PATH}:/opt/ros/jazzy DEBUGINFOD_URLS=https://debuginfod.ubuntu.com /usr/bin/cmake --install /home/minkhanttun/ros2_ws/build/custom_action_interfaces
[4.622s] -- Install configuration: ""
[4.623s] -- Up-to-date: /home/minkhanttun/ros2_ws/install/custom_action_interfaces/share/ament_index/resource_index/rosidl_interfaces/custom_action_interfaces
[4.627s] -- Up-to-date: /home/minkhanttun/ros2_ws/install/custom_action_interfaces/share/custom_action_interfaces/action/Fibonacci.json
[4.627s] -- Up-to-date: /home/minkhanttun/ros2_ws/install/custom_action_interfaces/include/custom_action_interfaces/custom_action_interfaces
[4.627s] -- Up-to-date: /home/minkhanttun/ros2_ws/install/custom_action_interfaces/include/custom_action_interfaces/custom_action_interfaces/msg
[4.627s] -- Up-to-date: /home/minkhanttun/ros2_ws/install/custom_action_interfaces/include/custom_action_interfaces/custom_action_interfaces/msg/rosidl_generator_c__visibility_control.h
[4.628s] -- Up-to-date: /home/minkhanttun/ros2_ws/install/custom_action_interfaces/include/custom_action_interfaces/custom_action_interfaces/action
[4.628s] -- Up-to-date: /home/minkhanttun/ros2_ws/install/custom_action_interfaces/include/custom_action_interfaces/custom_action_interfaces/action/detail
[4.628s] -- Installing: /home/minkhanttun/ros2_ws/install/custom_action_interfaces/include/custom_action_interfaces/custom_action_interfaces/action/detail/fibonacci__type_support.c
[4.628s] -- Up-to-date: /home/minkhanttun/ros2_ws/install/custom_action_interfaces/include/custom_action_interfaces/custom_action_interfaces/action/detail/fibonacci__description.c
[4.628s] -- Up-to-date: /home/minkhanttun/ros2_ws/install/custom_action_interfaces/include/custom_action_interfaces/custom_action_interfaces/action/detail/fibonacci__functions.h
[4.628s] -- Up-to-date: /home/minkhanttun/ros2_ws/install/custom_action_interfaces/include/custom_action_interfaces/custom_action_interfaces/action/detail/fibonacci__struct.h
[4.628s] -- Up-to-date: /home/minkhanttun/ros2_ws/install/custom_action_interfaces/include/custom_action_interfaces/custom_action_interfaces/action/detail/fibonacci__functions.c
[4.629s] -- Up-to-date: /home/minkhanttun/ros2_ws/install/custom_action_interfaces/include/custom_action_interfaces/custom_action_interfaces/action/detail/fibonacci__type_support.h
[4.629s] -- Up-to-date: /home/minkhanttun/ros2_ws/install/custom_action_interfaces/include/custom_action_interfaces/custom_action_interfaces/action/fibonacci.h
[4.629s] -- Up-to-date: /home/minkhanttun/ros2_ws/install/custom_action_interfaces/share/custom_action_interfaces/environment/library_path.sh
[4.629s] -- Up-to-date: /home/minkhanttun/ros2_ws/install/custom_action_interfaces/share/custom_action_interfaces/environment/library_path.dsv
[4.629s] -- Up-to-date: /home/minkhanttun/ros2_ws/install/custom_action_interfaces/lib/libcustom_action_interfaces__rosidl_generator_c.so
[4.629s] -- Up-to-date: /home/minkhanttun/ros2_ws/install/custom_action_interfaces/include/custom_action_interfaces/custom_action_interfaces
[4.629s] -- Up-to-date: /home/minkhanttun/ros2_ws/install/custom_action_interfaces/include/custom_action_interfaces/custom_action_interfaces/msg
[4.632s] -- Up-to-date: /home/minkhanttun/ros2_ws/install/custom_action_interfaces/include/custom_action_interfaces/custom_action_interfaces/msg/rosidl_typesupport_fastrtps_c__visibility_control.h
[4.634s] -- Up-to-date: /home/minkhanttun/ros2_ws/install/custom_action_interfaces/include/custom_action_interfaces/custom_action_interfaces/action
[4.634s] -- Up-to-date: /home/minkhanttun/ros2_ws/install/custom_action_interfaces/include/custom_action_interfaces/custom_action_interfaces/action/detail
[4.634s] -- Up-to-date: /home/minkhanttun/ros2_ws/install/custom_action_interfaces/include/custom_action_interfaces/custom_action_interfaces/action/detail/fibonacci__rosidl_typesupport_fastrtps_c.h
[4.634s] -- Up-to-date: /home/minkhanttun/ros2_ws/install/custom_action_interfaces/lib/libcustom_action_interfaces__rosidl_typesupport_fastrtps_c.so
[4.634s] -- Up-to-date: /home/minkhanttun/ros2_ws/install/custom_action_interfaces/include/custom_action_interfaces/custom_action_interfaces
[4.635s] -- Up-to-date: /home/minkhanttun/ros2_ws/install/custom_action_interfaces/include/custom_action_interfaces/custom_action_interfaces/msg
[4.635s] -- Up-to-date: /home/minkhanttun/ros2_ws/install/custom_action_interfaces/include/custom_action_interfaces/custom_action_interfaces/msg/rosidl_typesupport_introspection_c__visibility_control.h
[4.635s] -- Up-to-date: /home/minkhanttun/ros2_ws/install/custom_action_interfaces/include/custom_action_interfaces/custom_action_interfaces/action
[4.636s] -- Up-to-date: /home/minkhanttun/ros2_ws/install/custom_action_interfaces/include/custom_action_interfaces/custom_action_interfaces/action/detail
[4.636s] -- Installing: /home/minkhanttun/ros2_ws/install/custom_action_interfaces/include/custom_action_interfaces/custom_action_interfaces/action/detail/fibonacci__type_support.c
[4.638s] -- Up-to-date: /home/minkhanttun/ros2_ws/install/custom_action_interfaces/include/custom_action_interfaces/custom_action_interfaces/action/detail/fibonacci__rosidl_typesupport_introspection_c.h
[4.638s] -- Up-to-date: /home/minkhanttun/ros2_ws/install/custom_action_interfaces/lib/libcustom_action_interfaces__rosidl_typesupport_introspection_c.so
[4.644s] -- Up-to-date: /home/minkhanttun/ros2_ws/install/custom_action_interfaces/lib/libcustom_action_interfaces__rosidl_typesupport_c.so
[4.644s] -- Up-to-date: /home/minkhanttun/ros2_ws/install/custom_action_interfaces/include/custom_action_interfaces/custom_action_interfaces
[4.645s] -- Up-to-date: /home/minkhanttun/ros2_ws/install/custom_action_interfaces/include/custom_action_interfaces/custom_action_interfaces/msg
[4.650s] -- Up-to-date: /home/minkhanttun/ros2_ws/install/custom_action_interfaces/include/custom_action_interfaces/custom_action_interfaces/msg/rosidl_generator_cpp__visibility_control.hpp
[4.650s] -- Up-to-date: /home/minkhanttun/ros2_ws/install/custom_action_interfaces/include/custom_action_interfaces/custom_action_interfaces/action
[4.654s] -- Up-to-date: /home/minkhanttun/ros2_ws/install/custom_action_interfaces/include/custom_action_interfaces/custom_action_interfaces/action/detail
[4.654s] -- Up-to-date: /home/minkhanttun/ros2_ws/install/custom_action_interfaces/include/custom_action_interfaces/custom_action_interfaces/action/detail/fibonacci__traits.hpp
[4.655s] -- Up-to-date: /home/minkhanttun/ros2_ws/install/custom_action_interfaces/include/custom_action_interfaces/custom_action_interfaces/action/detail/fibonacci__type_support.hpp
[4.658s] -- Up-to-date: /home/minkhanttun/ros2_ws/install/custom_action_interfaces/include/custom_action_interfaces/custom_action_interfaces/action/detail/fibonacci__struct.hpp
[4.658s] -- Up-to-date: /home/minkhanttun/ros2_ws/install/custom_action_interfaces/include/custom_action_interfaces/custom_action_interfaces/action/detail/fibonacci__builder.hpp
[4.664s] -- Up-to-date: /home/minkhanttun/ros2_ws/install/custom_action_interfaces/include/custom_action_interfaces/custom_action_interfaces/action/fibonacci.hpp
[4.664s] -- Up-to-date: /home/minkhanttun/ros2_ws/install/custom_action_interfaces/include/custom_action_interfaces/custom_action_interfaces
[4.665s] -- Up-to-date: /home/minkhanttun/ros2_ws/install/custom_action_interfaces/include/custom_action_interfaces/custom_action_interfaces/msg
[4.665s] -- Up-to-date: /home/minkhanttun/ros2_ws/install/custom_action_interfaces/include/custom_action_interfaces/custom_action_interfaces/msg/rosidl_typesupport_fastrtps_cpp__visibility_control.h
[4.665s] -- Up-to-date: /home/minkhanttun/ros2_ws/install/custom_action_interfaces/include/custom_action_interfaces/custom_action_interfaces/action
[4.665s] -- Up-to-date: /home/minkhanttun/ros2_ws/install/custom_action_interfaces/include/custom_action_interfaces/custom_action_interfaces/action/detail
[4.666s] -- Up-to-date: /home/minkhanttun/ros2_ws/install/custom_action_interfaces/include/custom_action_interfaces/custom_action_interfaces/action/detail/fibonacci__rosidl_typesupport_fastrtps_cpp.hpp
[4.666s] -- Up-to-date: /home/minkhanttun/ros2_ws/install/custom_action_interfaces/include/custom_action_interfaces/custom_action_interfaces/action/detail/dds_fastrtps
[4.666s] -- Up-to-date: /home/minkhanttun/ros2_ws/install/custom_action_interfaces/lib/libcustom_action_interfaces__rosidl_typesupport_fastrtps_cpp.so
[4.666s] -- Up-to-date: /home/minkhanttun/ros2_ws/install/custom_action_interfaces/include/custom_action_interfaces/custom_action_interfaces
[4.666s] -- Up-to-date: /home/minkhanttun/ros2_ws/install/custom_action_interfaces/include/custom_action_interfaces/custom_action_interfaces/action
[4.674s] -- Up-to-date: /home/minkhanttun/ros2_ws/install/custom_action_interfaces/include/custom_action_interfaces/custom_action_interfaces/action/detail
[4.675s] -- Up-to-date: /home/minkhanttun/ros2_ws/install/custom_action_interfaces/include/custom_action_interfaces/custom_action_interfaces/action/detail/fibonacci__rosidl_typesupport_introspection_cpp.hpp
[4.675s] -- Up-to-date: /home/minkhanttun/ros2_ws/install/custom_action_interfaces/include/custom_action_interfaces/custom_action_interfaces/action/detail/fibonacci__type_support.cpp
[4.675s] -- Up-to-date: /home/minkhanttun/ros2_ws/install/custom_action_interfaces/lib/libcustom_action_interfaces__rosidl_typesupport_introspection_cpp.so
[4.675s] -- Up-to-date: /home/minkhanttun/ros2_ws/install/custom_action_interfaces/lib/libcustom_action_interfaces__rosidl_typesupport_cpp.so
[4.675s] -- Up-to-date: /home/minkhanttun/ros2_ws/install/custom_action_interfaces/share/custom_action_interfaces/environment/pythonpath.sh
[4.676s] -- Up-to-date: /home/minkhanttun/ros2_ws/install/custom_action_interfaces/share/custom_action_interfaces/environment/pythonpath.dsv
[4.676s] -- Up-to-date: /home/minkhanttun/ros2_ws/install/custom_action_interfaces/lib/python3.12/site-packages/custom_action_interfaces-0.0.0-py3.12.egg-info
[4.676s] -- Installing: /home/minkhanttun/ros2_ws/install/custom_action_interfaces/lib/python3.12/site-packages/custom_action_interfaces-0.0.0-py3.12.egg-info/SOURCES.txt
[4.676s] -- Installing: /home/minkhanttun/ros2_ws/install/custom_action_interfaces/lib/python3.12/site-packages/custom_action_interfaces-0.0.0-py3.12.egg-info/top_level.txt
[4.684s] -- Installing: /home/minkhanttun/ros2_ws/install/custom_action_interfaces/lib/python3.12/site-packages/custom_action_interfaces-0.0.0-py3.12.egg-info/PKG-INFO
[4.695s] -- Installing: /home/minkhanttun/ros2_ws/install/custom_action_interfaces/lib/python3.12/site-packages/custom_action_interfaces-0.0.0-py3.12.egg-info/dependency_links.txt
[4.705s] -- Up-to-date: /home/minkhanttun/ros2_ws/install/custom_action_interfaces/lib/python3.12/site-packages/custom_action_interfaces
[4.706s] -- Up-to-date: /home/minkhanttun/ros2_ws/install/custom_action_interfaces/lib/python3.12/site-packages/custom_action_interfaces/custom_action_interfaces_s__rosidl_typesupport_c.so
[4.706s] -- Up-to-date: /home/minkhanttun/ros2_ws/install/custom_action_interfaces/lib/python3.12/site-packages/custom_action_interfaces/_custom_action_interfaces_s.ep.rosidl_typesupport_fastrtps_c.c
[4.706s] -- Up-to-date: /home/minkhanttun/ros2_ws/install/custom_action_interfaces/lib/python3.12/site-packages/custom_action_interfaces/custom_action_interfaces_s__rosidl_typesupport_introspection_c.so
[4.706s] -- Up-to-date: /home/minkhanttun/ros2_ws/install/custom_action_interfaces/lib/python3.12/site-packages/custom_action_interfaces/custom_action_interfaces_s__rosidl_typesupport_fastrtps_c.so
[4.707s] -- Up-to-date: /home/minkhanttun/ros2_ws/install/custom_action_interfaces/lib/python3.12/site-packages/custom_action_interfaces/_custom_action_interfaces_s.ep.rosidl_typesupport_c.c
[4.707s] -- Up-to-date: /home/minkhanttun/ros2_ws/install/custom_action_interfaces/lib/python3.12/site-packages/custom_action_interfaces/__init__.py
[4.707s] -- Up-to-date: /home/minkhanttun/ros2_ws/install/custom_action_interfaces/lib/python3.12/site-packages/custom_action_interfaces/action
[4.707s] -- Up-to-date: /home/minkhanttun/ros2_ws/install/custom_action_interfaces/lib/python3.12/site-packages/custom_action_interfaces/action/_fibonacci.py
[4.707s] -- Up-to-date: /home/minkhanttun/ros2_ws/install/custom_action_interfaces/lib/python3.12/site-packages/custom_action_interfaces/action/_fibonacci_s.c
[4.713s] -- Up-to-date: /home/minkhanttun/ros2_ws/install/custom_action_interfaces/lib/python3.12/site-packages/custom_action_interfaces/action/__init__.py
[4.714s] -- Up-to-date: /home/minkhanttun/ros2_ws/install/custom_action_interfaces/lib/python3.12/site-packages/custom_action_interfaces/_custom_action_interfaces_s.ep.rosidl_typesupport_introspection_c.c
[5.059s] Listing '/home/minkhanttun/ros2_ws/install/custom_action_interfaces/lib/python3.12/site-packages/custom_action_interfaces'...
[5.060s] Listing '/home/minkhanttun/ros2_ws/install/custom_action_interfaces/lib/python3.12/site-packages/custom_action_interfaces/action'...
[5.110s] -- Up-to-date: /home/minkhanttun/ros2_ws/install/custom_action_interfaces/lib/python3.12/site-packages/custom_action_interfaces/custom_action_interfaces_s__rosidl_typesupport_fastrtps_c.so
[5.110s] -- Up-to-date: /home/minkhanttun/ros2_ws/install/custom_action_interfaces/lib/python3.12/site-packages/custom_action_interfaces/custom_action_interfaces_s__rosidl_typesupport_introspection_c.so
[5.110s] -- Up-to-date: /home/minkhanttun/ros2_ws/install/custom_action_interfaces/lib/python3.12/site-packages/custom_action_interfaces/custom_action_interfaces_s__rosidl_typesupport_c.so
[5.110s] -- Up-to-date: /home/minkhanttun/ros2_ws/install/custom_action_interfaces/lib/libcustom_action_interfaces__rosidl_generator_py.so
[5.110s] -- Up-to-date: /home/minkhanttun/ros2_ws/install/custom_action_interfaces/share/custom_action_interfaces/action/Fibonacci.idl
[5.110s] -- Up-to-date: /home/minkhanttun/ros2_ws/install/custom_action_interfaces/share/custom_action_interfaces/action/Fibonacci.action
[5.111s] -- Up-to-date: /home/minkhanttun/ros2_ws/install/custom_action_interfaces/share/ament_index/resource_index/package_run_dependencies/custom_action_interfaces
[5.111s] -- Up-to-date: /home/minkhanttun/ros2_ws/install/custom_action_interfaces/share/ament_index/resource_index/parent_prefix_path/custom_action_interfaces
[5.111s] -- Up-to-date: /home/minkhanttun/ros2_ws/install/custom_action_interfaces/share/custom_action_interfaces/environment/ament_prefix_path.sh
[5.111s] -- Up-to-date: /home/minkhanttun/ros2_ws/install/custom_action_interfaces/share/custom_action_interfaces/environment/ament_prefix_path.dsv
[5.111s] -- Up-to-date: /home/minkhanttun/ros2_ws/install/custom_action_interfaces/share/custom_action_interfaces/environment/path.sh
[5.111s] -- Up-to-date: /home/minkhanttun/ros2_ws/install/custom_action_interfaces/share/custom_action_interfaces/environment/path.dsv
[5.111s] -- Up-to-date: /home/minkhanttun/ros2_ws/install/custom_action_interfaces/share/custom_action_interfaces/local_setup.bash
[5.111s] -- Up-to-date: /home/minkhanttun/ros2_ws/install/custom_action_interfaces/share/custom_action_interfaces/local_setup.sh
[5.112s] -- Up-to-date: /home/minkhanttun/ros2_ws/install/custom_action_interfaces/share/custom_action_interfaces/local_setup.zsh
[5.116s] -- Up-to-date: /home/minkhanttun/ros2_ws/install/custom_action_interfaces/share/custom_action_interfaces/local_setup.dsv
[5.116s] -- Installing: /home/minkhanttun/ros2_ws/install/custom_action_interfaces/share/custom_action_interfaces/package.dsv
[5.116s] -- Up-to-date: /home/minkhanttun/ros2_ws/install/custom_action_interfaces/share/ament_index/resource_index/packages/custom_action_interfaces
[5.118s] -- Up-to-date: /home/minkhanttun/ros2_ws/install/custom_action_interfaces/share/custom_action_interfaces/cmake/export_custom_action_interfaces__rosidl_generator_cExport.cmake
[5.123s] -- Up-to-date: /home/minkhanttun/ros2_ws/install/custom_action_interfaces/share/custom_action_interfaces/cmake/export_custom_action_interfaces__rosidl_generator_cExport-noconfig.cmake
[5.124s] -- Up-to-date: /home/minkhanttun/ros2_ws/install/custom_action_interfaces/share/custom_action_interfaces/cmake/export_custom_action_interfaces__rosidl_typesupport_fastrtps_cExport.cmake
[5.124s] -- Up-to-date: /home/minkhanttun/ros2_ws/install/custom_action_interfaces/share/custom_action_interfaces/cmake/export_custom_action_interfaces__rosidl_typesupport_fastrtps_cExport-noconfig.cmake
[5.124s] -- Up-to-date: /home/minkhanttun/ros2_ws/install/custom_action_interfaces/share/custom_action_interfaces/cmake/custom_action_interfaces__rosidl_typesupport_introspection_cExport.cmake
[5.130s] -- Up-to-date: /home/minkhanttun/ros2_ws/install/custom_action_interfaces/share/custom_action_interfaces/cmake/custom_action_interfaces__rosidl_typesupport_introspection_cExport-noconfig.cmake
[5.130s] -- Up-to-date: /home/minkhanttun/ros2_ws/install/custom_action_interfaces/share/custom_action_interfaces/cmake/custom_action_interfaces__rosidl_typesupport_cExport.cmake
[5.130s] -- Up-to-date: /home/minkhanttun/ros2_ws/install/custom_action_interfaces/share/custom_action_interfaces/cmake/custom_action_interfaces__rosidl_typesupport_cExport-noconfig.cmake
[5.130s] -- Up-to-date: /home/minkhanttun/ros2_ws/install/custom_action_interfaces/share/custom_action_interfaces/cmake/export_custom_action_interfaces__rosidl_generator_cppExport.cmake
[5.135s] -- Up-to-date: /home/minkhanttun/ros2_ws/install/custom_action_interfaces/share/custom_action_interfaces/cmake/export_custom_action_interfaces__rosidl_typesupport_fastrtps_cppExport.cmake
[5.135s] -- Up-to-date: /home/minkhanttun/ros2_ws/install/custom_action_interfaces/share/custom_action_interfaces/cmake/export_custom_action_interfaces__rosidl_typesupport_fastrtps_cppExport-noconfig.cmake
[5.135s] -- Up-to-date: /home/minkhanttun/ros2_ws/install/custom_action_interfaces/share/custom_action_interfaces/cmake/custom_action_interfaces__rosidl_typesupport_introspection_cppExport.cmake
[5.135s] -- Up-to-date: /home/minkhanttun/ros2_ws/install/custom_action_interfaces/share/custom_action_interfaces/cmake/custom_action_interfaces__rosidl_typesupport_introspection_cppExport-noconfig.cmake
[5.135s] -- Up-to-date: /home/minkhanttun/ros2_ws/install/custom_action_interfaces/share/custom_action_interfaces/cmake/custom_action_interfaces__rosidl_typesupport_cppExport.cmake
[5.136s] -- Up-to-date: /home/minkhanttun/ros2_ws/install/custom_action_interfaces/share/custom_action_interfaces/cmake/custom_action_interfaces__rosidl_typesupport_cppExport-noconfig.cmake
[5.136s] -- Up-to-date: /home/minkhanttun/ros2_ws/install/custom_action_interfaces/share/custom_action_interfaces/cmake/export_custom_action_interfaces__rosidl_generator_pyExport.cmake
[5.136s] -- Up-to-date: /home/minkhanttun/ros2_ws/install/custom_action_interfaces/share/custom_action_interfaces/cmake/export_custom_action_interfaces__rosidl_generator_pyExport-noconfig.cmake
[5.136s] -- Up-to-date: /home/minkhanttun/ros2_ws/install/custom_action_interfaces/share/custom_action_interfaces/cmake/rosidl_cmake-extras.cmake
[5.136s] -- Up-to-date: /home/minkhanttun/ros2_ws/install/custom_action_interfaces/share/custom_action_interfaces/cmake/ament_cmake_export_dependencies-extras.cmake
[5.137s] -- Up-to-date: /home/minkhanttun/ros2_ws/install/custom_action_interfaces/share/custom_action_interfaces/cmake/ament_cmake_export_include_directories-extras.cmake
[5.137s] -- Up-to-date: /home/minkhanttun/ros2_ws/install/custom_action_interfaces/share/custom_action_interfaces/cmake/ament_cmake_export_libraries-extras.cmake
[5.137s] -- Up-to-date: /home/minkhanttun/ros2_ws/install/custom_action_interfaces/share/custom_action_interfaces/cmake/ament_cmake_export_targets-extras.cmake
[5.137s] -- Up-to-date: /home/minkhanttun/ros2_ws/install/custom_action_interfaces/share/custom_action_interfaces/cmake/rosidl_cmake_export_typesupport_targets-extras.cmake
[5.137s] -- Up-to-date: /home/minkhanttun/ros2_ws/install/custom_action_interfaces/share/custom_action_interfaces/cmake/rosidl_cmake_export_typesupport_libraries-extras.cmake
[5.137s] -- Up-to-date: /home/minkhanttun/ros2_ws/install/custom_action_interfaces/share/custom_action_interfaces/cmake/custom_action_interfacesConfig.cmake
[5.137s] -- Up-to-date: /home/minkhanttun/ros2_ws/install/custom_action_interfaces/share/custom_action_interfaces/cmake/custom_action_interfacesConfig-version.cmake
[5.140s] -- Up-to-date: /home/minkhanttun/ros2_ws/install/custom_action_interfaces/share/custom_action_interfaces/package.xml
[5.213s] Invoked command in '/home/minkhanttun/ros2_ws/build/custom_action_interfaces' returned '0': CMAKE_PREFIX_PATH=${CMAKE_PREFIX_PATH}:/opt/ros/jazzy DEBUGINFOD_URLS=https://debuginfod.ubuntu.com /usr/bin/cmake --install /home/minkhanttun/ros2_ws/build/custom_action_interfaces
