-- Install configuration: ""
-- Up-to-date: /home/minkhanttun/ros2_ws/install/launch_tutorial/share/launch_tutorial//launch
-- Up-to-date: /home/minkhanttun/ros2_ws/install/launch_tutorial/share/launch_tutorial//launch/example_substitutions_launch.py
-- Up-to-date: /home/minkhanttun/ros2_ws/install/launch_tutorial/share/launch_tutorial//launch/turtlesim_world_1_launch.py
-- Up-to-date: /home/minkhanttun/ros2_ws/install/launch_tutorial/share/launch_tutorial//launch/launch_turtlesim_launch.py
-- Up-to-date: /home/minkhanttun/ros2_ws/install/launch_tutorial/share/launch_tutorial//launch/turtlesim_world_2_launch.py
-- Up-to-date: /home/minkhanttun/ros2_ws/install/launch_tutorial/share/launch_tutorial//launch/turtlesim_rviz_launch.py
-- Up-to-date: /home/minkhanttun/ros2_ws/install/launch_tutorial/share/launch_tutorial//launch/turtlesim_world_3_launch.py
-- Up-to-date: /home/minkhanttun/ros2_ws/install/launch_tutorial/share/launch_tutorial//launch/example_event_handlers_launch.py
-- Up-to-date: /home/minkhanttun/ros2_ws/install/launch_tutorial/share/launch_tutorial//launch/broadcaster_listener_launch.py
-- Up-to-date: /home/minkhanttun/ros2_ws/install/launch_tutorial/share/launch_tutorial//launch/fixed_broadcaster_launch.py
-- Up-to-date: /home/minkhanttun/ros2_ws/install/launch_tutorial/share/launch_tutorial//launch/mimic_launch.py
-- Up-to-date: /home/minkhanttun/ros2_ws/install/launch_tutorial/share/launch_tutorial//launch/example_main_launch.py
-- Up-to-date: /home/minkhanttun/ros2_ws/install/launch_tutorial/share/launch_tutorial//launch/setup.py
-- Up-to-date: /home/minkhanttun/ros2_ws/install/launch_tutorial/share/ament_index/resource_index/package_run_dependencies/launch_tutorial
-- Up-to-date: /home/minkhanttun/ros2_ws/install/launch_tutorial/share/ament_index/resource_index/parent_prefix_path/launch_tutorial
-- Up-to-date: /home/minkhanttun/ros2_ws/install/launch_tutorial/share/launch_tutorial/environment/ament_prefix_path.sh
-- Up-to-date: /home/minkhanttun/ros2_ws/install/launch_tutorial/share/launch_tutorial/environment/ament_prefix_path.dsv
-- Up-to-date: /home/minkhanttun/ros2_ws/install/launch_tutorial/share/launch_tutorial/environment/path.sh
-- Up-to-date: /home/minkhanttun/ros2_ws/install/launch_tutorial/share/launch_tutorial/environment/path.dsv
-- Up-to-date: /home/minkhanttun/ros2_ws/install/launch_tutorial/share/launch_tutorial/local_setup.bash
-- Up-to-date: /home/minkhanttun/ros2_ws/install/launch_tutorial/share/launch_tutorial/local_setup.sh
-- Up-to-date: /home/minkhanttun/ros2_ws/install/launch_tutorial/share/launch_tutorial/local_setup.zsh
-- Up-to-date: /home/minkhanttun/ros2_ws/install/launch_tutorial/share/launch_tutorial/local_setup.dsv
-- Installing: /home/minkhanttun/ros2_ws/install/launch_tutorial/share/launch_tutorial/package.dsv
-- Up-to-date: /home/minkhanttun/ros2_ws/install/launch_tutorial/share/ament_index/resource_index/packages/launch_tutorial
-- Up-to-date: /home/minkhanttun/ros2_ws/install/launch_tutorial/share/launch_tutorial/cmake/launch_tutorialConfig.cmake
-- Up-to-date: /home/minkhanttun/ros2_ws/install/launch_tutorial/share/launch_tutorial/cmake/launch_tutorialConfig-version.cmake
-- Up-to-date: /home/minkhanttun/ros2_ws/install/launch_tutorial/share/launch_tutorial/package.xml
