[0.068s] Invoking command in '/home/minkhanttun/ros2_ws/build/cpp_parameter_event_handler': CMAKE_PREFIX_PATH=${CMAKE_PREFIX_PATH}:/opt/ros/jazzy DEBUGINFOD_URLS=https://debuginfod.ubuntu.com /usr/bin/cmake --build /home/minkhanttun/ros2_ws/build/cpp_parameter_event_handler -- -j4 -l4
[0.643s] [100%] Built target parameter_event_handler
[0.745s] Invoked command in '/home/minkhanttun/ros2_ws/build/cpp_parameter_event_handler' returned '0': CMAKE_PREFIX_PATH=${CMAKE_PREFIX_PATH}:/opt/ros/jazzy DEBUGINFOD_URLS=https://debuginfod.ubuntu.com /usr/bin/cmake --build /home/minkhanttun/ros2_ws/build/cpp_parameter_event_handler -- -j4 -l4
[0.746s] Invoking command in '/home/minkhanttun/ros2_ws/build/cpp_parameter_event_handler': CMAKE_PREFIX_PATH=${CMAKE_PREFIX_PATH}:/opt/ros/jazzy DEBUGINFOD_URLS=https://debuginfod.ubuntu.com /usr/bin/cmake --install /home/minkhanttun/ros2_ws/build/cpp_parameter_event_handler
[0.855s] -- Install configuration: ""
[0.855s] -- Up-to-date: /home/minkhanttun/ros2_ws/install/cpp_parameter_event_handler/lib/cpp_parameter_event_handler/parameter_event_handler
[0.855s] -- Up-to-date: /home/minkhanttun/ros2_ws/install/cpp_parameter_event_handler/share/ament_index/resource_index/package_run_dependencies/cpp_parameter_event_handler
[0.859s] -- Up-to-date: /home/minkhanttun/ros2_ws/install/cpp_parameter_event_handler/share/ament_index/resource_index/parent_prefix_path/cpp_parameter_event_handler
[0.859s] -- Up-to-date: /home/minkhanttun/ros2_ws/install/cpp_parameter_event_handler/share/cpp_parameter_event_handler/environment/ament_prefix_path.sh
[0.867s] -- Up-to-date: /home/minkhanttun/ros2_ws/install/cpp_parameter_event_handler/share/cpp_parameter_event_handler/environment/ament_prefix_path.dsv
[0.868s] -- Up-to-date: /home/minkhanttun/ros2_ws/install/cpp_parameter_event_handler/share/cpp_parameter_event_handler/environment/path.sh
[0.868s] -- Up-to-date: /home/minkhanttun/ros2_ws/install/cpp_parameter_event_handler/share/cpp_parameter_event_handler/environment/path.dsv
[0.868s] -- Up-to-date: /home/minkhanttun/ros2_ws/install/cpp_parameter_event_handler/share/cpp_parameter_event_handler/local_setup.bash
[0.868s] -- Up-to-date: /home/minkhanttun/ros2_ws/install/cpp_parameter_event_handler/share/cpp_parameter_event_handler/local_setup.sh
[0.868s] -- Up-to-date: /home/minkhanttun/ros2_ws/install/cpp_parameter_event_handler/share/cpp_parameter_event_handler/local_setup.zsh
[0.869s] -- Up-to-date: /home/minkhanttun/ros2_ws/install/cpp_parameter_event_handler/share/cpp_parameter_event_handler/local_setup.dsv
[0.869s] -- Installing: /home/minkhanttun/ros2_ws/install/cpp_parameter_event_handler/share/cpp_parameter_event_handler/package.dsv
[0.880s] -- Up-to-date: /home/minkhanttun/ros2_ws/install/cpp_parameter_event_handler/share/ament_index/resource_index/packages/cpp_parameter_event_handler
[0.880s] -- Up-to-date: /home/minkhanttun/ros2_ws/install/cpp_parameter_event_handler/share/cpp_parameter_event_handler/cmake/cpp_parameter_event_handlerConfig.cmake
[0.880s] -- Up-to-date: /home/minkhanttun/ros2_ws/install/cpp_parameter_event_handler/share/cpp_parameter_event_handler/cmake/cpp_parameter_event_handlerConfig-version.cmake
[0.889s] -- Up-to-date: /home/minkhanttun/ros2_ws/install/cpp_parameter_event_handler/share/cpp_parameter_event_handler/package.xml
[0.905s] Invoked command in '/home/minkhanttun/ros2_ws/build/cpp_parameter_event_handler' returned '0': CMAKE_PREFIX_PATH=${CMAKE_PREFIX_PATH}:/opt/ros/jazzy DEBUGINFOD_URLS=https://debuginfod.ubuntu.com /usr/bin/cmake --install /home/minkhanttun/ros2_ws/build/cpp_parameter_event_handler
