[0.052s] Invoking command in '/home/minkhanttun/ros2_ws/build/tutorial_interfaces': CMAKE_PREFIX_PATH=${CMAKE_PREFIX_PATH}:/opt/ros/jazzy DEBUGINFOD_URLS=https://debuginfod.ubuntu.com /usr/bin/cmake /home/minkhanttun/ros2_ws/src/tutorial_interfaces -DCMAKE_INSTALL_PREFIX=/home/minkhanttun/ros2_ws/install/tutorial_interfaces
[0.389s] -- The C compiler identification is GNU 14.2.0
[0.956s] -- The CXX compiler identification is GNU 14.2.0
[1.041s] -- Detecting C compiler ABI info
[1.555s] -- Detecting C compiler ABI info - done
[1.606s] -- Check for working C compiler: /usr/bin/cc - skipped
[1.607s] -- Detecting C compile features
[1.611s] -- Detecting C compile features - done
[1.616s] -- Detecting CXX compiler ABI info
[2.175s] -- Detecting CXX compiler ABI info - done
[2.253s] -- Check for working CXX compiler: /usr/bin/c++ - skipped
[2.253s] -- Detecting CXX compile features
[2.254s] -- Detecting CXX compile features - done
[2.259s] -- Found ament_cmake: 2.5.3 (/opt/ros/jazzy/share/ament_cmake/cmake)
[2.788s] -- Found Python3: /usr/bin/python3 (found version "3.12.7") found components: Interpreter
[3.192s] -- Found geometry_msgs: 5.3.5 (/opt/ros/jazzy/share/geometry_msgs/cmake)
[3.256s] -- Found rosidl_generator_c: 4.6.5 (/opt/ros/jazzy/share/rosidl_generator_c/cmake)
[3.281s] -- Found rosidl_generator_cpp: 4.6.5 (/opt/ros/jazzy/share/rosidl_generator_cpp/cmake)
[3.316s] -- Using all available rosidl_typesupport_c: rosidl_typesupport_fastrtps_c;rosidl_typesupport_introspection_c
[3.347s] -- Using all available rosidl_typesupport_cpp: rosidl_typesupport_fastrtps_cpp;rosidl_typesupport_introspection_cpp
[3.504s] -- Found rosidl_default_generators: 1.6.0 (/opt/ros/jazzy/share/rosidl_default_generators/cmake)
[3.546s] -- Found rosidl_adapter: 4.6.5 (/opt/ros/jazzy/share/rosidl_adapter/cmake)
[5.983s] -- Found ament_cmake_ros: 0.12.0 (/opt/ros/jazzy/share/ament_cmake_ros/cmake)
[8.779s] -- Using all available rosidl_typesupport_c: rosidl_typesupport_fastrtps_c;rosidl_typesupport_introspection_c
[9.938s] -- Using all available rosidl_typesupport_cpp: rosidl_typesupport_fastrtps_cpp;rosidl_typesupport_introspection_cpp
[9.944s] -- Found python_cmake_module: 0.11.1 (/opt/ros/jazzy/share/python_cmake_module/cmake)
[10.545s] -- Found PythonExtra: /usr/bin/python3
[12.618s] -- Found Python3: /usr/bin/python3 (found version "3.12.7") found components: Interpreter Development NumPy Development.Module Development.Embed
[12.802s] -- Found ament_lint_auto: 0.17.1 (/opt/ros/jazzy/share/ament_lint_auto/cmake)
[12.868s] -- Added test 'lint_cmake' to check CMake code style
[12.872s] -- Added test 'xmllint' to check XML markup files
[12.877s] -- Configuring done (12.8s)
[13.112s] -- Generating done (0.2s)
[13.177s] -- Build files have been written to: /home/minkhanttun/ros2_ws/build/tutorial_interfaces
[13.265s] Invoked command in '/home/minkhanttun/ros2_ws/build/tutorial_interfaces' returned '0': CMAKE_PREFIX_PATH=${CMAKE_PREFIX_PATH}:/opt/ros/jazzy DEBUGINFOD_URLS=https://debuginfod.ubuntu.com /usr/bin/cmake /home/minkhanttun/ros2_ws/src/tutorial_interfaces -DCMAKE_INSTALL_PREFIX=/home/minkhanttun/ros2_ws/install/tutorial_interfaces
[13.266s] Invoking command in '/home/minkhanttun/ros2_ws/build/tutorial_interfaces': CMAKE_PREFIX_PATH=${CMAKE_PREFIX_PATH}:/opt/ros/jazzy DEBUGINFOD_URLS=https://debuginfod.ubuntu.com /usr/bin/cmake --build /home/minkhanttun/ros2_ws/build/tutorial_interfaces -- -j4 -l4
[13.568s] [  1%] [34m[1mGenerating type hashes for ROS interfaces[0m
[13.660s] [  1%] Built target ament_cmake_python_copy_tutorial_interfaces
[15.226s] [  1%] Built target tutorial_interfaces__rosidl_generator_type_description
[15.254s] running egg_info
[15.266s] creating tutorial_interfaces.egg-info
[15.275s] [  3%] [34m[1mGenerating C code for ROS interfaces[0m
[15.347s] [  5%] [34m[1mGenerating C++ code for ROS interfaces[0m
[15.452s] writing tutorial_interfaces.egg-info/PKG-INFO
[15.452s] writing dependency_links to tutorial_interfaces.egg-info/dependency_links.txt
[15.458s] writing top-level names to tutorial_interfaces.egg-info/top_level.txt
[15.458s] writing manifest file 'tutorial_interfaces.egg-info/SOURCES.txt'
[15.847s] reading manifest file 'tutorial_interfaces.egg-info/SOURCES.txt'
[15.850s] writing manifest file 'tutorial_interfaces.egg-info/SOURCES.txt'
[16.142s] [  5%] Built target ament_cmake_python_build_tutorial_interfaces_egg
[17.836s] [  5%] Built target tutorial_interfaces__cpp
[18.056s] [  7%] [32mBuilding C object CMakeFiles/tutorial_interfaces__rosidl_generator_c.dir/rosidl_generator_c/tutorial_interfaces/msg/detail/num__description.c.o[0m
[18.065s] [  9%] [32mBuilding C object CMakeFiles/tutorial_interfaces__rosidl_generator_c.dir/rosidl_generator_c/tutorial_interfaces/msg/detail/num__functions.c.o[0m
[18.219s] [ 11%] [32mBuilding C object CMakeFiles/tutorial_interfaces__rosidl_generator_c.dir/rosidl_generator_c/tutorial_interfaces/msg/detail/sphere__description.c.o[0m
[18.263s] [ 12%] [32mBuilding C object CMakeFiles/tutorial_interfaces__rosidl_generator_c.dir/rosidl_generator_c/tutorial_interfaces/msg/detail/sphere__functions.c.o[0m
[18.472s] [ 14%] [32mBuilding C object CMakeFiles/tutorial_interfaces__rosidl_generator_c.dir/rosidl_generator_c/tutorial_interfaces/msg/detail/sphere__type_support.c.o[0m
[18.513s] [ 16%] [32mBuilding C object CMakeFiles/tutorial_interfaces__rosidl_generator_c.dir/rosidl_generator_c/tutorial_interfaces/srv/detail/add_three_ints__description.c.o[0m
[18.634s] [ 18%] [32mBuilding C object CMakeFiles/tutorial_interfaces__rosidl_generator_c.dir/rosidl_generator_c/tutorial_interfaces/srv/detail/add_three_ints__functions.c.o[0m
[18.782s] [ 20%] [32mBuilding C object CMakeFiles/tutorial_interfaces__rosidl_generator_c.dir/rosidl_generator_c/tutorial_interfaces/srv/detail/add_three_ints__type_support.c.o[0m
[19.006s] [ 22%] [32mBuilding C object CMakeFiles/tutorial_interfaces__rosidl_generator_c.dir/rosidl_generator_c/tutorial_interfaces/msg/detail/num__type_support.c.o[0m
[19.220s] [ 24%] [32m[1mLinking C shared library libtutorial_interfaces__rosidl_generator_c.so[0m
[19.481s] [ 24%] Built target tutorial_interfaces__rosidl_generator_c
[19.534s] [ 25%] [34m[1mGenerating C introspection for ROS interfaces[0m
[19.542s] [ 27%] [34m[1mGenerating C++ type support for eProsima Fast-RTPS[0m
[21.383s] [ 29%] [32mBuilding C object CMakeFiles/tutorial_interfaces__rosidl_typesupport_introspection_c.dir/rosidl_typesupport_introspection_c/tutorial_interfaces/msg/detail/num__type_support.c.o[0m
[21.592s] [ 31%] [32mBuilding C object CMakeFiles/tutorial_interfaces__rosidl_typesupport_introspection_c.dir/rosidl_typesupport_introspection_c/tutorial_interfaces/msg/detail/sphere__type_support.c.o[0m
[21.776s] [ 33%] [32mBuilding CXX object CMakeFiles/tutorial_interfaces__rosidl_typesupport_fastrtps_cpp.dir/rosidl_typesupport_fastrtps_cpp/tutorial_interfaces/msg/detail/dds_fastrtps/num__type_support.cpp.o[0m
[21.809s] [ 35%] [32mBuilding C object CMakeFiles/tutorial_interfaces__rosidl_typesupport_introspection_c.dir/rosidl_typesupport_introspection_c/tutorial_interfaces/srv/detail/add_three_ints__type_support.c.o[0m
[22.079s] [ 37%] [32m[1mLinking C shared library libtutorial_interfaces__rosidl_typesupport_introspection_c.so[0m
[22.312s] [ 37%] Built target tutorial_interfaces__rosidl_typesupport_introspection_c
[25.366s] [ 38%] [32mBuilding CXX object CMakeFiles/tutorial_interfaces__rosidl_typesupport_fastrtps_cpp.dir/rosidl_typesupport_fastrtps_cpp/tutorial_interfaces/msg/detail/dds_fastrtps/sphere__type_support.cpp.o[0m
[28.597s] [ 40%] [32mBuilding CXX object CMakeFiles/tutorial_interfaces__rosidl_typesupport_fastrtps_cpp.dir/rosidl_typesupport_fastrtps_cpp/tutorial_interfaces/srv/detail/dds_fastrtps/add_three_ints__type_support.cpp.o[0m
[31.709s] [ 42%] [32m[1mLinking CXX shared library libtutorial_interfaces__rosidl_typesupport_fastrtps_cpp.so[0m
[32.132s] [ 42%] Built target tutorial_interfaces__rosidl_typesupport_fastrtps_cpp
[32.204s] [ 44%] [34m[1mGenerating C++ type support dispatch for ROS interfaces[0m
[33.679s] [ 46%] [32mBuilding CXX object CMakeFiles/tutorial_interfaces__rosidl_typesupport_cpp.dir/rosidl_typesupport_cpp/tutorial_interfaces/msg/num__type_support.cpp.o[0m
[35.432s] [ 48%] [32mBuilding CXX object CMakeFiles/tutorial_interfaces__rosidl_typesupport_cpp.dir/rosidl_typesupport_cpp/tutorial_interfaces/msg/sphere__type_support.cpp.o[0m
[37.084s] [ 50%] [32mBuilding CXX object CMakeFiles/tutorial_interfaces__rosidl_typesupport_cpp.dir/rosidl_typesupport_cpp/tutorial_interfaces/srv/add_three_ints__type_support.cpp.o[0m
[39.950s] [ 51%] [32m[1mLinking CXX shared library libtutorial_interfaces__rosidl_typesupport_cpp.so[0m
[40.524s] [ 51%] Built target tutorial_interfaces__rosidl_typesupport_cpp
[40.590s] [ 53%] [34m[1mGenerating C type support for eProsima Fast-RTPS[0m
[42.317s] [ 55%] [32mBuilding CXX object CMakeFiles/tutorial_interfaces__rosidl_typesupport_fastrtps_c.dir/rosidl_typesupport_fastrtps_c/tutorial_interfaces/msg/detail/num__type_support_c.cpp.o[0m
[44.143s] [ 57%] [32mBuilding CXX object CMakeFiles/tutorial_interfaces__rosidl_typesupport_fastrtps_c.dir/rosidl_typesupport_fastrtps_c/tutorial_interfaces/msg/detail/sphere__type_support_c.cpp.o[0m
[46.144s] [ 59%] [32mBuilding CXX object CMakeFiles/tutorial_interfaces__rosidl_typesupport_fastrtps_c.dir/rosidl_typesupport_fastrtps_c/tutorial_interfaces/srv/detail/add_three_ints__type_support_c.cpp.o[0m
[48.415s] [ 61%] [32m[1mLinking CXX shared library libtutorial_interfaces__rosidl_typesupport_fastrtps_c.so[0m
[48.853s] [ 61%] Built target tutorial_interfaces__rosidl_typesupport_fastrtps_c
[48.890s] [ 62%] [34m[1mGenerating C++ introspection for ROS interfaces[0m
[50.092s] [ 64%] [32mBuilding CXX object CMakeFiles/tutorial_interfaces__rosidl_typesupport_introspection_cpp.dir/rosidl_typesupport_introspection_cpp/tutorial_interfaces/msg/detail/num__type_support.cpp.o[0m
[52.190s] [ 66%] [32mBuilding CXX object CMakeFiles/tutorial_interfaces__rosidl_typesupport_introspection_cpp.dir/rosidl_typesupport_introspection_cpp/tutorial_interfaces/srv/detail/add_three_ints__type_support.cpp.o[0m
[55.219s] [ 68%] [32mBuilding CXX object CMakeFiles/tutorial_interfaces__rosidl_typesupport_introspection_cpp.dir/rosidl_typesupport_introspection_cpp/tutorial_interfaces/msg/detail/sphere__type_support.cpp.o[0m
[57.229s] [ 70%] [32m[1mLinking CXX shared library libtutorial_interfaces__rosidl_typesupport_introspection_cpp.so[0m
[57.700s] [ 70%] Built target tutorial_interfaces__rosidl_typesupport_introspection_cpp
[57.749s] [ 72%] [34m[1mGenerating C type support dispatch for ROS interfaces[0m
[59.349s] [ 74%] [32mBuilding CXX object CMakeFiles/tutorial_interfaces__rosidl_typesupport_c.dir/rosidl_typesupport_c/tutorial_interfaces/msg/num__type_support.cpp.o[0m
[59.551s] [ 75%] [32mBuilding CXX object CMakeFiles/tutorial_interfaces__rosidl_typesupport_c.dir/rosidl_typesupport_c/tutorial_interfaces/srv/add_three_ints__type_support.cpp.o[0m
[59.790s] [ 77%] [32mBuilding CXX object CMakeFiles/tutorial_interfaces__rosidl_typesupport_c.dir/rosidl_typesupport_c/tutorial_interfaces/msg/sphere__type_support.cpp.o[0m
[60.007s] [ 79%] [32m[1mLinking CXX shared library libtutorial_interfaces__rosidl_typesupport_c.so[0m
[60.199s] [ 79%] Built target tutorial_interfaces__rosidl_typesupport_c
[60.315s] [ 79%] Built target tutorial_interfaces
[60.439s] [ 81%] [34m[1mGenerating Python code for ROS interfaces[0m
[62.451s] [ 81%] Built target tutorial_interfaces__py
[62.563s] [ 83%] [32mBuilding C object CMakeFiles/tutorial_interfaces__rosidl_generator_py.dir/rosidl_generator_py/tutorial_interfaces/msg/_num_s.c.o[0m
[63.197s] [ 85%] [32mBuilding C object CMakeFiles/tutorial_interfaces__rosidl_generator_py.dir/rosidl_generator_py/tutorial_interfaces/srv/_add_three_ints_s.c.o[0m
[63.859s] [ 87%] [32mBuilding C object CMakeFiles/tutorial_interfaces__rosidl_generator_py.dir/rosidl_generator_py/tutorial_interfaces/msg/_sphere_s.c.o[0m
[64.610s] [ 88%] [32m[1mLinking C shared library libtutorial_interfaces__rosidl_generator_py.so[0m
[64.963s] [ 88%] Built target tutorial_interfaces__rosidl_generator_py
[65.130s] [ 90%] [32mBuilding C object CMakeFiles/tutorial_interfaces_s__rosidl_typesupport_fastrtps_c.dir/rosidl_generator_py/tutorial_interfaces/_tutorial_interfaces_s.ep.rosidl_typesupport_fastrtps_c.c.o[0m
[65.580s] [ 92%] [32m[1mLinking C shared module rosidl_generator_py/tutorial_interfaces/tutorial_interfaces_s__rosidl_typesupport_fastrtps_c.so[0m
[65.742s] [ 92%] Built target tutorial_interfaces_s__rosidl_typesupport_fastrtps_c
[65.879s] [ 94%] [32mBuilding C object CMakeFiles/tutorial_interfaces_s__rosidl_typesupport_c.dir/rosidl_generator_py/tutorial_interfaces/_tutorial_interfaces_s.ep.rosidl_typesupport_c.c.o[0m
[66.380s] [ 96%] [32m[1mLinking C shared module rosidl_generator_py/tutorial_interfaces/tutorial_interfaces_s__rosidl_typesupport_c.so[0m
[66.502s] [ 96%] Built target tutorial_interfaces_s__rosidl_typesupport_c
[66.620s] [ 98%] [32mBuilding C object CMakeFiles/tutorial_interfaces_s__rosidl_typesupport_introspection_c.dir/rosidl_generator_py/tutorial_interfaces/_tutorial_interfaces_s.ep.rosidl_typesupport_introspection_c.c.o[0m
[67.349s] [100%] [32m[1mLinking C shared module rosidl_generator_py/tutorial_interfaces/tutorial_interfaces_s__rosidl_typesupport_introspection_c.so[0m
[67.569s] [100%] Built target tutorial_interfaces_s__rosidl_typesupport_introspection_c
[67.684s] Invoked command in '/home/minkhanttun/ros2_ws/build/tutorial_interfaces' returned '0': CMAKE_PREFIX_PATH=${CMAKE_PREFIX_PATH}:/opt/ros/jazzy DEBUGINFOD_URLS=https://debuginfod.ubuntu.com /usr/bin/cmake --build /home/minkhanttun/ros2_ws/build/tutorial_interfaces -- -j4 -l4
[67.685s] Invoking command in '/home/minkhanttun/ros2_ws/build/tutorial_interfaces': CMAKE_PREFIX_PATH=${CMAKE_PREFIX_PATH}:/opt/ros/jazzy DEBUGINFOD_URLS=https://debuginfod.ubuntu.com /usr/bin/cmake --install /home/minkhanttun/ros2_ws/build/tutorial_interfaces
[67.759s] -- Install configuration: ""
[67.765s] -- Installing: /home/minkhanttun/ros2_ws/install/tutorial_interfaces/share/ament_index/resource_index/rosidl_interfaces/tutorial_interfaces
[67.768s] -- Installing: /home/minkhanttun/ros2_ws/install/tutorial_interfaces/share/tutorial_interfaces/msg/Num.json
[67.770s] -- Installing: /home/minkhanttun/ros2_ws/install/tutorial_interfaces/share/tutorial_interfaces/msg/Sphere.json
[67.771s] -- Installing: /home/minkhanttun/ros2_ws/install/tutorial_interfaces/share/tutorial_interfaces/srv/AddThreeInts.json
[67.771s] -- Installing: /home/minkhanttun/ros2_ws/install/tutorial_interfaces/include/tutorial_interfaces/tutorial_interfaces
[67.776s] -- Installing: /home/minkhanttun/ros2_ws/install/tutorial_interfaces/include/tutorial_interfaces/tutorial_interfaces/msg
[67.776s] -- Installing: /home/minkhanttun/ros2_ws/install/tutorial_interfaces/include/tutorial_interfaces/tutorial_interfaces/msg/detail
[67.776s] -- Installing: /home/minkhanttun/ros2_ws/install/tutorial_interfaces/include/tutorial_interfaces/tutorial_interfaces/msg/detail/num__functions.h
[67.776s] -- Installing: /home/minkhanttun/ros2_ws/install/tutorial_interfaces/include/tutorial_interfaces/tutorial_interfaces/msg/detail/sphere__functions.c
[67.777s] -- Installing: /home/minkhanttun/ros2_ws/install/tutorial_interfaces/include/tutorial_interfaces/tutorial_interfaces/msg/detail/sphere__description.c
[67.777s] -- Installing: /home/minkhanttun/ros2_ws/install/tutorial_interfaces/include/tutorial_interfaces/tutorial_interfaces/msg/detail/sphere__type_support.h
[67.777s] -- Installing: /home/minkhanttun/ros2_ws/install/tutorial_interfaces/include/tutorial_interfaces/tutorial_interfaces/msg/detail/sphere__struct.h
[67.782s] -- Installing: /home/minkhanttun/ros2_ws/install/tutorial_interfaces/include/tutorial_interfaces/tutorial_interfaces/msg/detail/sphere__type_support.c
[67.782s] -- Installing: /home/minkhanttun/ros2_ws/install/tutorial_interfaces/include/tutorial_interfaces/tutorial_interfaces/msg/detail/num__type_support.h
[67.782s] -- Installing: /home/minkhanttun/ros2_ws/install/tutorial_interfaces/include/tutorial_interfaces/tutorial_interfaces/msg/detail/sphere__functions.h
[67.783s] -- Installing: /home/minkhanttun/ros2_ws/install/tutorial_interfaces/include/tutorial_interfaces/tutorial_interfaces/msg/detail/num__description.c
[67.788s] -- Installing: /home/minkhanttun/ros2_ws/install/tutorial_interfaces/include/tutorial_interfaces/tutorial_interfaces/msg/detail/num__struct.h
[67.789s] -- Installing: /home/minkhanttun/ros2_ws/install/tutorial_interfaces/include/tutorial_interfaces/tutorial_interfaces/msg/detail/num__functions.c
[67.789s] -- Installing: /home/minkhanttun/ros2_ws/install/tutorial_interfaces/include/tutorial_interfaces/tutorial_interfaces/msg/detail/num__type_support.c
[67.791s] -- Installing: /home/minkhanttun/ros2_ws/install/tutorial_interfaces/include/tutorial_interfaces/tutorial_interfaces/msg/rosidl_generator_c__visibility_control.h
[67.792s] -- Installing: /home/minkhanttun/ros2_ws/install/tutorial_interfaces/include/tutorial_interfaces/tutorial_interfaces/msg/num.h
[67.793s] -- Installing: /home/minkhanttun/ros2_ws/install/tutorial_interfaces/include/tutorial_interfaces/tutorial_interfaces/msg/sphere.h
[67.793s] -- Installing: /home/minkhanttun/ros2_ws/install/tutorial_interfaces/include/tutorial_interfaces/tutorial_interfaces/srv
[67.793s] -- Installing: /home/minkhanttun/ros2_ws/install/tutorial_interfaces/include/tutorial_interfaces/tutorial_interfaces/srv/detail
[67.793s] -- Installing: /home/minkhanttun/ros2_ws/install/tutorial_interfaces/include/tutorial_interfaces/tutorial_interfaces/srv/detail/add_three_ints__functions.h
[67.793s] -- Installing: /home/minkhanttun/ros2_ws/install/tutorial_interfaces/include/tutorial_interfaces/tutorial_interfaces/srv/detail/add_three_ints__description.c
[67.793s] -- Installing: /home/minkhanttun/ros2_ws/install/tutorial_interfaces/include/tutorial_interfaces/tutorial_interfaces/srv/detail/add_three_ints__type_support.h
[67.799s] -- Installing: /home/minkhanttun/ros2_ws/install/tutorial_interfaces/include/tutorial_interfaces/tutorial_interfaces/srv/detail/add_three_ints__struct.h
[67.801s] -- Installing: /home/minkhanttun/ros2_ws/install/tutorial_interfaces/include/tutorial_interfaces/tutorial_interfaces/srv/detail/add_three_ints__functions.c
[67.801s] -- Installing: /home/minkhanttun/ros2_ws/install/tutorial_interfaces/include/tutorial_interfaces/tutorial_interfaces/srv/detail/add_three_ints__type_support.c
[67.802s] -- Installing: /home/minkhanttun/ros2_ws/install/tutorial_interfaces/include/tutorial_interfaces/tutorial_interfaces/srv/add_three_ints.h
[67.802s] -- Installing: /home/minkhanttun/ros2_ws/install/tutorial_interfaces/share/tutorial_interfaces/environment/library_path.sh
[67.802s] -- Installing: /home/minkhanttun/ros2_ws/install/tutorial_interfaces/share/tutorial_interfaces/environment/library_path.dsv
[67.802s] -- Installing: /home/minkhanttun/ros2_ws/install/tutorial_interfaces/lib/libtutorial_interfaces__rosidl_generator_c.so
[67.802s] -- Set non-toolchain portion of runtime path of "/home/minkhanttun/ros2_ws/install/tutorial_interfaces/lib/libtutorial_interfaces__rosidl_generator_c.so" to ""
[67.803s] -- Up-to-date: /home/minkhanttun/ros2_ws/install/tutorial_interfaces/include/tutorial_interfaces/tutorial_interfaces
[67.803s] -- Up-to-date: /home/minkhanttun/ros2_ws/install/tutorial_interfaces/include/tutorial_interfaces/tutorial_interfaces/msg
[67.803s] -- Up-to-date: /home/minkhanttun/ros2_ws/install/tutorial_interfaces/include/tutorial_interfaces/tutorial_interfaces/msg/detail
[67.812s] -- Installing: /home/minkhanttun/ros2_ws/install/tutorial_interfaces/include/tutorial_interfaces/tutorial_interfaces/msg/detail/num__rosidl_typesupport_fastrtps_c.h
[67.812s] -- Installing: /home/minkhanttun/ros2_ws/install/tutorial_interfaces/include/tutorial_interfaces/tutorial_interfaces/msg/detail/sphere__rosidl_typesupport_fastrtps_c.h
[67.812s] -- Installing: /home/minkhanttun/ros2_ws/install/tutorial_interfaces/include/tutorial_interfaces/tutorial_interfaces/msg/rosidl_typesupport_fastrtps_c__visibility_control.h
[67.812s] -- Up-to-date: /home/minkhanttun/ros2_ws/install/tutorial_interfaces/include/tutorial_interfaces/tutorial_interfaces/srv
[67.813s] -- Up-to-date: /home/minkhanttun/ros2_ws/install/tutorial_interfaces/include/tutorial_interfaces/tutorial_interfaces/srv/detail
[67.813s] -- Installing: /home/minkhanttun/ros2_ws/install/tutorial_interfaces/include/tutorial_interfaces/tutorial_interfaces/srv/detail/add_three_ints__rosidl_typesupport_fastrtps_c.h
[67.816s] -- Installing: /home/minkhanttun/ros2_ws/install/tutorial_interfaces/lib/libtutorial_interfaces__rosidl_typesupport_fastrtps_c.so
[67.817s] -- Set non-toolchain portion of runtime path of "/home/minkhanttun/ros2_ws/install/tutorial_interfaces/lib/libtutorial_interfaces__rosidl_typesupport_fastrtps_c.so" to ""
[67.822s] -- Up-to-date: /home/minkhanttun/ros2_ws/install/tutorial_interfaces/include/tutorial_interfaces/tutorial_interfaces
[67.823s] -- Up-to-date: /home/minkhanttun/ros2_ws/install/tutorial_interfaces/include/tutorial_interfaces/tutorial_interfaces/msg
[67.823s] -- Up-to-date: /home/minkhanttun/ros2_ws/install/tutorial_interfaces/include/tutorial_interfaces/tutorial_interfaces/msg/detail
[67.823s] -- Installing: /home/minkhanttun/ros2_ws/install/tutorial_interfaces/include/tutorial_interfaces/tutorial_interfaces/msg/detail/sphere__type_support.hpp
[67.826s] -- Installing: /home/minkhanttun/ros2_ws/install/tutorial_interfaces/include/tutorial_interfaces/tutorial_interfaces/msg/detail/num__traits.hpp
[67.827s] -- Installing: /home/minkhanttun/ros2_ws/install/tutorial_interfaces/include/tutorial_interfaces/tutorial_interfaces/msg/detail/num__builder.hpp
[67.827s] -- Installing: /home/minkhanttun/ros2_ws/install/tutorial_interfaces/include/tutorial_interfaces/tutorial_interfaces/msg/detail/num__type_support.hpp
[67.827s] -- Installing: /home/minkhanttun/ros2_ws/install/tutorial_interfaces/include/tutorial_interfaces/tutorial_interfaces/msg/detail/sphere__struct.hpp
[67.827s] -- Installing: /home/minkhanttun/ros2_ws/install/tutorial_interfaces/include/tutorial_interfaces/tutorial_interfaces/msg/detail/sphere__builder.hpp
[67.827s] -- Installing: /home/minkhanttun/ros2_ws/install/tutorial_interfaces/include/tutorial_interfaces/tutorial_interfaces/msg/detail/num__struct.hpp
[67.832s] -- Installing: /home/minkhanttun/ros2_ws/install/tutorial_interfaces/include/tutorial_interfaces/tutorial_interfaces/msg/detail/sphere__traits.hpp
[67.839s] -- Installing: /home/minkhanttun/ros2_ws/install/tutorial_interfaces/include/tutorial_interfaces/tutorial_interfaces/msg/rosidl_generator_cpp__visibility_control.hpp
[67.840s] -- Installing: /home/minkhanttun/ros2_ws/install/tutorial_interfaces/include/tutorial_interfaces/tutorial_interfaces/msg/num.hpp
[67.840s] -- Installing: /home/minkhanttun/ros2_ws/install/tutorial_interfaces/include/tutorial_interfaces/tutorial_interfaces/msg/sphere.hpp
[67.840s] -- Up-to-date: /home/minkhanttun/ros2_ws/install/tutorial_interfaces/include/tutorial_interfaces/tutorial_interfaces/srv
[67.840s] -- Installing: /home/minkhanttun/ros2_ws/install/tutorial_interfaces/include/tutorial_interfaces/tutorial_interfaces/srv/add_three_ints.hpp
[67.840s] -- Up-to-date: /home/minkhanttun/ros2_ws/install/tutorial_interfaces/include/tutorial_interfaces/tutorial_interfaces/srv/detail
[67.840s] -- Installing: /home/minkhanttun/ros2_ws/install/tutorial_interfaces/include/tutorial_interfaces/tutorial_interfaces/srv/detail/add_three_ints__type_support.hpp
[67.840s] -- Installing: /home/minkhanttun/ros2_ws/install/tutorial_interfaces/include/tutorial_interfaces/tutorial_interfaces/srv/detail/add_three_ints__builder.hpp
[67.841s] -- Installing: /home/minkhanttun/ros2_ws/install/tutorial_interfaces/include/tutorial_interfaces/tutorial_interfaces/srv/detail/add_three_ints__struct.hpp
[67.841s] -- Installing: /home/minkhanttun/ros2_ws/install/tutorial_interfaces/include/tutorial_interfaces/tutorial_interfaces/srv/detail/add_three_ints__traits.hpp
[67.841s] -- Up-to-date: /home/minkhanttun/ros2_ws/install/tutorial_interfaces/include/tutorial_interfaces/tutorial_interfaces
[67.841s] -- Up-to-date: /home/minkhanttun/ros2_ws/install/tutorial_interfaces/include/tutorial_interfaces/tutorial_interfaces/msg
[67.841s] -- Installing: /home/minkhanttun/ros2_ws/install/tutorial_interfaces/include/tutorial_interfaces/tutorial_interfaces/msg/rosidl_typesupport_fastrtps_cpp__visibility_control.h
[67.842s] -- Up-to-date: /home/minkhanttun/ros2_ws/install/tutorial_interfaces/include/tutorial_interfaces/tutorial_interfaces/msg/detail
[67.845s] -- Installing: /home/minkhanttun/ros2_ws/install/tutorial_interfaces/include/tutorial_interfaces/tutorial_interfaces/msg/detail/num__rosidl_typesupport_fastrtps_cpp.hpp
[67.850s] -- Installing: /home/minkhanttun/ros2_ws/install/tutorial_interfaces/include/tutorial_interfaces/tutorial_interfaces/msg/detail/sphere__rosidl_typesupport_fastrtps_cpp.hpp
[67.850s] -- Installing: /home/minkhanttun/ros2_ws/install/tutorial_interfaces/include/tutorial_interfaces/tutorial_interfaces/msg/detail/dds_fastrtps
[67.851s] -- Up-to-date: /home/minkhanttun/ros2_ws/install/tutorial_interfaces/include/tutorial_interfaces/tutorial_interfaces/srv
[67.851s] -- Up-to-date: /home/minkhanttun/ros2_ws/install/tutorial_interfaces/include/tutorial_interfaces/tutorial_interfaces/srv/detail
[67.856s] -- Installing: /home/minkhanttun/ros2_ws/install/tutorial_interfaces/include/tutorial_interfaces/tutorial_interfaces/srv/detail/add_three_ints__rosidl_typesupport_fastrtps_cpp.hpp
[67.856s] -- Installing: /home/minkhanttun/ros2_ws/install/tutorial_interfaces/include/tutorial_interfaces/tutorial_interfaces/srv/detail/dds_fastrtps
[67.857s] -- Installing: /home/minkhanttun/ros2_ws/install/tutorial_interfaces/lib/libtutorial_interfaces__rosidl_typesupport_fastrtps_cpp.so
[67.857s] -- Set non-toolchain portion of runtime path of "/home/minkhanttun/ros2_ws/install/tutorial_interfaces/lib/libtutorial_interfaces__rosidl_typesupport_fastrtps_cpp.so" to ""
[67.857s] -- Up-to-date: /home/minkhanttun/ros2_ws/install/tutorial_interfaces/include/tutorial_interfaces/tutorial_interfaces
[67.857s] -- Up-to-date: /home/minkhanttun/ros2_ws/install/tutorial_interfaces/include/tutorial_interfaces/tutorial_interfaces/msg
[67.857s] -- Up-to-date: /home/minkhanttun/ros2_ws/install/tutorial_interfaces/include/tutorial_interfaces/tutorial_interfaces/msg/detail
[67.857s] -- Installing: /home/minkhanttun/ros2_ws/install/tutorial_interfaces/include/tutorial_interfaces/tutorial_interfaces/msg/detail/sphere__type_support.c
[67.857s] -- Installing: /home/minkhanttun/ros2_ws/install/tutorial_interfaces/include/tutorial_interfaces/tutorial_interfaces/msg/detail/num__rosidl_typesupport_introspection_c.h
[67.858s] -- Installing: /home/minkhanttun/ros2_ws/install/tutorial_interfaces/include/tutorial_interfaces/tutorial_interfaces/msg/detail/sphere__rosidl_typesupport_introspection_c.h
[67.863s] -- Installing: /home/minkhanttun/ros2_ws/install/tutorial_interfaces/include/tutorial_interfaces/tutorial_interfaces/msg/detail/num__type_support.c
[67.863s] -- Installing: /home/minkhanttun/ros2_ws/install/tutorial_interfaces/include/tutorial_interfaces/tutorial_interfaces/msg/rosidl_typesupport_introspection_c__visibility_control.h
[67.863s] -- Up-to-date: /home/minkhanttun/ros2_ws/install/tutorial_interfaces/include/tutorial_interfaces/tutorial_interfaces/srv
[67.863s] -- Up-to-date: /home/minkhanttun/ros2_ws/install/tutorial_interfaces/include/tutorial_interfaces/tutorial_interfaces/srv/detail
[67.864s] -- Installing: /home/minkhanttun/ros2_ws/install/tutorial_interfaces/include/tutorial_interfaces/tutorial_interfaces/srv/detail/add_three_ints__rosidl_typesupport_introspection_c.h
[67.864s] -- Installing: /home/minkhanttun/ros2_ws/install/tutorial_interfaces/include/tutorial_interfaces/tutorial_interfaces/srv/detail/add_three_ints__type_support.c
[67.864s] -- Installing: /home/minkhanttun/ros2_ws/install/tutorial_interfaces/lib/libtutorial_interfaces__rosidl_typesupport_introspection_c.so
[67.864s] -- Set non-toolchain portion of runtime path of "/home/minkhanttun/ros2_ws/install/tutorial_interfaces/lib/libtutorial_interfaces__rosidl_typesupport_introspection_c.so" to ""
[67.865s] -- Installing: /home/minkhanttun/ros2_ws/install/tutorial_interfaces/lib/libtutorial_interfaces__rosidl_typesupport_c.so
[67.871s] -- Set non-toolchain portion of runtime path of "/home/minkhanttun/ros2_ws/install/tutorial_interfaces/lib/libtutorial_interfaces__rosidl_typesupport_c.so" to ""
[67.871s] -- Up-to-date: /home/minkhanttun/ros2_ws/install/tutorial_interfaces/include/tutorial_interfaces/tutorial_interfaces
[67.871s] -- Up-to-date: /home/minkhanttun/ros2_ws/install/tutorial_interfaces/include/tutorial_interfaces/tutorial_interfaces/msg
[67.871s] -- Up-to-date: /home/minkhanttun/ros2_ws/install/tutorial_interfaces/include/tutorial_interfaces/tutorial_interfaces/msg/detail
[67.872s] -- Installing: /home/minkhanttun/ros2_ws/install/tutorial_interfaces/include/tutorial_interfaces/tutorial_interfaces/msg/detail/num__type_support.cpp
[67.872s] -- Installing: /home/minkhanttun/ros2_ws/install/tutorial_interfaces/include/tutorial_interfaces/tutorial_interfaces/msg/detail/num__rosidl_typesupport_introspection_cpp.hpp
[67.872s] -- Installing: /home/minkhanttun/ros2_ws/install/tutorial_interfaces/include/tutorial_interfaces/tutorial_interfaces/msg/detail/sphere__type_support.cpp
[67.872s] -- Installing: /home/minkhanttun/ros2_ws/install/tutorial_interfaces/include/tutorial_interfaces/tutorial_interfaces/msg/detail/sphere__rosidl_typesupport_introspection_cpp.hpp
[67.872s] -- Up-to-date: /home/minkhanttun/ros2_ws/install/tutorial_interfaces/include/tutorial_interfaces/tutorial_interfaces/srv
[67.872s] -- Up-to-date: /home/minkhanttun/ros2_ws/install/tutorial_interfaces/include/tutorial_interfaces/tutorial_interfaces/srv/detail
[67.872s] -- Installing: /home/minkhanttun/ros2_ws/install/tutorial_interfaces/include/tutorial_interfaces/tutorial_interfaces/srv/detail/add_three_ints__type_support.cpp
[67.872s] -- Installing: /home/minkhanttun/ros2_ws/install/tutorial_interfaces/include/tutorial_interfaces/tutorial_interfaces/srv/detail/add_three_ints__rosidl_typesupport_introspection_cpp.hpp
[67.872s] -- Installing: /home/minkhanttun/ros2_ws/install/tutorial_interfaces/lib/libtutorial_interfaces__rosidl_typesupport_introspection_cpp.so
[67.872s] -- Set non-toolchain portion of runtime path of "/home/minkhanttun/ros2_ws/install/tutorial_interfaces/lib/libtutorial_interfaces__rosidl_typesupport_introspection_cpp.so" to ""
[67.873s] -- Installing: /home/minkhanttun/ros2_ws/install/tutorial_interfaces/lib/libtutorial_interfaces__rosidl_typesupport_cpp.so
[67.877s] -- Set non-toolchain portion of runtime path of "/home/minkhanttun/ros2_ws/install/tutorial_interfaces/lib/libtutorial_interfaces__rosidl_typesupport_cpp.so" to ""
[67.877s] -- Installing: /home/minkhanttun/ros2_ws/install/tutorial_interfaces/share/tutorial_interfaces/environment/pythonpath.sh
[67.877s] -- Installing: /home/minkhanttun/ros2_ws/install/tutorial_interfaces/share/tutorial_interfaces/environment/pythonpath.dsv
[67.878s] -- Installing: /home/minkhanttun/ros2_ws/install/tutorial_interfaces/lib/python3.12/site-packages/tutorial_interfaces-0.0.0-py3.12.egg-info
[67.878s] -- Installing: /home/minkhanttun/ros2_ws/install/tutorial_interfaces/lib/python3.12/site-packages/tutorial_interfaces-0.0.0-py3.12.egg-info/SOURCES.txt
[67.878s] -- Installing: /home/minkhanttun/ros2_ws/install/tutorial_interfaces/lib/python3.12/site-packages/tutorial_interfaces-0.0.0-py3.12.egg-info/top_level.txt
[67.878s] -- Installing: /home/minkhanttun/ros2_ws/install/tutorial_interfaces/lib/python3.12/site-packages/tutorial_interfaces-0.0.0-py3.12.egg-info/PKG-INFO
[67.878s] -- Installing: /home/minkhanttun/ros2_ws/install/tutorial_interfaces/lib/python3.12/site-packages/tutorial_interfaces-0.0.0-py3.12.egg-info/dependency_links.txt
[67.879s] -- Installing: /home/minkhanttun/ros2_ws/install/tutorial_interfaces/lib/python3.12/site-packages/tutorial_interfaces
[67.879s] -- Installing: /home/minkhanttun/ros2_ws/install/tutorial_interfaces/lib/python3.12/site-packages/tutorial_interfaces/_tutorial_interfaces_s.ep.rosidl_typesupport_fastrtps_c.c
[67.879s] -- Installing: /home/minkhanttun/ros2_ws/install/tutorial_interfaces/lib/python3.12/site-packages/tutorial_interfaces/tutorial_interfaces_s__rosidl_typesupport_c.so
[67.888s] -- Installing: /home/minkhanttun/ros2_ws/install/tutorial_interfaces/lib/python3.12/site-packages/tutorial_interfaces/tutorial_interfaces_s__rosidl_typesupport_fastrtps_c.so
[67.888s] -- Installing: /home/minkhanttun/ros2_ws/install/tutorial_interfaces/lib/python3.12/site-packages/tutorial_interfaces/msg
[67.888s] -- Installing: /home/minkhanttun/ros2_ws/install/tutorial_interfaces/lib/python3.12/site-packages/tutorial_interfaces/msg/_num_s.c
[67.889s] -- Installing: /home/minkhanttun/ros2_ws/install/tutorial_interfaces/lib/python3.12/site-packages/tutorial_interfaces/msg/_sphere.py
[67.889s] -- Installing: /home/minkhanttun/ros2_ws/install/tutorial_interfaces/lib/python3.12/site-packages/tutorial_interfaces/msg/_num.py
[67.889s] -- Installing: /home/minkhanttun/ros2_ws/install/tutorial_interfaces/lib/python3.12/site-packages/tutorial_interfaces/msg/__init__.py
[67.889s] -- Installing: /home/minkhanttun/ros2_ws/install/tutorial_interfaces/lib/python3.12/site-packages/tutorial_interfaces/msg/_sphere_s.c
[67.889s] -- Installing: /home/minkhanttun/ros2_ws/install/tutorial_interfaces/lib/python3.12/site-packages/tutorial_interfaces/_tutorial_interfaces_s.ep.rosidl_typesupport_c.c
[67.890s] -- Installing: /home/minkhanttun/ros2_ws/install/tutorial_interfaces/lib/python3.12/site-packages/tutorial_interfaces/tutorial_interfaces_s__rosidl_typesupport_introspection_c.so
[67.890s] -- Installing: /home/minkhanttun/ros2_ws/install/tutorial_interfaces/lib/python3.12/site-packages/tutorial_interfaces/__init__.py
[67.893s] -- Installing: /home/minkhanttun/ros2_ws/install/tutorial_interfaces/lib/python3.12/site-packages/tutorial_interfaces/_tutorial_interfaces_s.ep.rosidl_typesupport_introspection_c.c
[67.894s] -- Installing: /home/minkhanttun/ros2_ws/install/tutorial_interfaces/lib/python3.12/site-packages/tutorial_interfaces/srv
[67.894s] -- Installing: /home/minkhanttun/ros2_ws/install/tutorial_interfaces/lib/python3.12/site-packages/tutorial_interfaces/srv/_add_three_ints_s.c
[67.894s] -- Installing: /home/minkhanttun/ros2_ws/install/tutorial_interfaces/lib/python3.12/site-packages/tutorial_interfaces/srv/__init__.py
[67.894s] -- Installing: /home/minkhanttun/ros2_ws/install/tutorial_interfaces/lib/python3.12/site-packages/tutorial_interfaces/srv/_add_three_ints.py
[68.183s] Listing '/home/minkhanttun/ros2_ws/install/tutorial_interfaces/lib/python3.12/site-packages/tutorial_interfaces'...
[68.183s] Compiling '/home/minkhanttun/ros2_ws/install/tutorial_interfaces/lib/python3.12/site-packages/tutorial_interfaces/__init__.py'...
[68.183s] Listing '/home/minkhanttun/ros2_ws/install/tutorial_interfaces/lib/python3.12/site-packages/tutorial_interfaces/msg'...
[68.184s] Compiling '/home/minkhanttun/ros2_ws/install/tutorial_interfaces/lib/python3.12/site-packages/tutorial_interfaces/msg/__init__.py'...
[68.184s] Compiling '/home/minkhanttun/ros2_ws/install/tutorial_interfaces/lib/python3.12/site-packages/tutorial_interfaces/msg/_num.py'...
[68.184s] Compiling '/home/minkhanttun/ros2_ws/install/tutorial_interfaces/lib/python3.12/site-packages/tutorial_interfaces/msg/_sphere.py'...
[68.184s] Listing '/home/minkhanttun/ros2_ws/install/tutorial_interfaces/lib/python3.12/site-packages/tutorial_interfaces/srv'...
[68.184s] Compiling '/home/minkhanttun/ros2_ws/install/tutorial_interfaces/lib/python3.12/site-packages/tutorial_interfaces/srv/__init__.py'...
[68.185s] Compiling '/home/minkhanttun/ros2_ws/install/tutorial_interfaces/lib/python3.12/site-packages/tutorial_interfaces/srv/_add_three_ints.py'...
[68.267s] -- Installing: /home/minkhanttun/ros2_ws/install/tutorial_interfaces/lib/python3.12/site-packages/tutorial_interfaces/tutorial_interfaces_s__rosidl_typesupport_fastrtps_c.so
[68.278s] -- Set non-toolchain portion of runtime path of "/home/minkhanttun/ros2_ws/install/tutorial_interfaces/lib/python3.12/site-packages/tutorial_interfaces/tutorial_interfaces_s__rosidl_typesupport_fastrtps_c.so" to ""
[68.279s] -- Installing: /home/minkhanttun/ros2_ws/install/tutorial_interfaces/lib/python3.12/site-packages/tutorial_interfaces/tutorial_interfaces_s__rosidl_typesupport_introspection_c.so
[68.295s] -- Set non-toolchain portion of runtime path of "/home/minkhanttun/ros2_ws/install/tutorial_interfaces/lib/python3.12/site-packages/tutorial_interfaces/tutorial_interfaces_s__rosidl_typesupport_introspection_c.so" to ""
[68.299s] -- Installing: /home/minkhanttun/ros2_ws/install/tutorial_interfaces/lib/python3.12/site-packages/tutorial_interfaces/tutorial_interfaces_s__rosidl_typesupport_c.so
[68.308s] -- Set non-toolchain portion of runtime path of "/home/minkhanttun/ros2_ws/install/tutorial_interfaces/lib/python3.12/site-packages/tutorial_interfaces/tutorial_interfaces_s__rosidl_typesupport_c.so" to ""
[68.312s] -- Installing: /home/minkhanttun/ros2_ws/install/tutorial_interfaces/lib/libtutorial_interfaces__rosidl_generator_py.so
[68.320s] -- Set non-toolchain portion of runtime path of "/home/minkhanttun/ros2_ws/install/tutorial_interfaces/lib/libtutorial_interfaces__rosidl_generator_py.so" to ""
[68.333s] -- Installing: /home/minkhanttun/ros2_ws/install/tutorial_interfaces/share/tutorial_interfaces/msg/Num.idl
[68.333s] -- Installing: /home/minkhanttun/ros2_ws/install/tutorial_interfaces/share/tutorial_interfaces/msg/Sphere.idl
[68.333s] -- Installing: /home/minkhanttun/ros2_ws/install/tutorial_interfaces/share/tutorial_interfaces/srv/AddThreeInts.idl
[68.347s] -- Installing: /home/minkhanttun/ros2_ws/install/tutorial_interfaces/share/tutorial_interfaces/msg/Num.msg
[68.348s] -- Installing: /home/minkhanttun/ros2_ws/install/tutorial_interfaces/share/tutorial_interfaces/msg/Sphere.msg
[68.349s] -- Installing: /home/minkhanttun/ros2_ws/install/tutorial_interfaces/share/tutorial_interfaces/srv/AddThreeInts.srv
[68.350s] -- Installing: /home/minkhanttun/ros2_ws/install/tutorial_interfaces/share/ament_index/resource_index/package_run_dependencies/tutorial_interfaces
[68.350s] -- Installing: /home/minkhanttun/ros2_ws/install/tutorial_interfaces/share/ament_index/resource_index/parent_prefix_path/tutorial_interfaces
[68.351s] -- Installing: /home/minkhanttun/ros2_ws/install/tutorial_interfaces/share/tutorial_interfaces/environment/ament_prefix_path.sh
[68.365s] -- Installing: /home/minkhanttun/ros2_ws/install/tutorial_interfaces/share/tutorial_interfaces/environment/ament_prefix_path.dsv
[68.370s] -- Installing: /home/minkhanttun/ros2_ws/install/tutorial_interfaces/share/tutorial_interfaces/environment/path.sh
[68.373s] -- Installing: /home/minkhanttun/ros2_ws/install/tutorial_interfaces/share/tutorial_interfaces/environment/path.dsv
[68.374s] -- Installing: /home/minkhanttun/ros2_ws/install/tutorial_interfaces/share/tutorial_interfaces/local_setup.bash
[68.374s] -- Installing: /home/minkhanttun/ros2_ws/install/tutorial_interfaces/share/tutorial_interfaces/local_setup.sh
[68.381s] -- Installing: /home/minkhanttun/ros2_ws/install/tutorial_interfaces/share/tutorial_interfaces/local_setup.zsh
[68.381s] -- Installing: /home/minkhanttun/ros2_ws/install/tutorial_interfaces/share/tutorial_interfaces/local_setup.dsv
[68.385s] -- Installing: /home/minkhanttun/ros2_ws/install/tutorial_interfaces/share/tutorial_interfaces/package.dsv
[68.391s] -- Installing: /home/minkhanttun/ros2_ws/install/tutorial_interfaces/share/ament_index/resource_index/packages/tutorial_interfaces
[68.392s] -- Installing: /home/minkhanttun/ros2_ws/install/tutorial_interfaces/share/tutorial_interfaces/cmake/export_tutorial_interfaces__rosidl_generator_cExport.cmake
[68.395s] -- Installing: /home/minkhanttun/ros2_ws/install/tutorial_interfaces/share/tutorial_interfaces/cmake/export_tutorial_interfaces__rosidl_generator_cExport-noconfig.cmake
[68.403s] -- Installing: /home/minkhanttun/ros2_ws/install/tutorial_interfaces/share/tutorial_interfaces/cmake/export_tutorial_interfaces__rosidl_typesupport_fastrtps_cExport.cmake
[68.404s] -- Installing: /home/minkhanttun/ros2_ws/install/tutorial_interfaces/share/tutorial_interfaces/cmake/export_tutorial_interfaces__rosidl_typesupport_fastrtps_cExport-noconfig.cmake
[68.404s] -- Installing: /home/minkhanttun/ros2_ws/install/tutorial_interfaces/share/tutorial_interfaces/cmake/export_tutorial_interfaces__rosidl_generator_cppExport.cmake
[68.418s] -- Installing: /home/minkhanttun/ros2_ws/install/tutorial_interfaces/share/tutorial_interfaces/cmake/export_tutorial_interfaces__rosidl_typesupport_fastrtps_cppExport.cmake
[68.419s] -- Installing: /home/minkhanttun/ros2_ws/install/tutorial_interfaces/share/tutorial_interfaces/cmake/export_tutorial_interfaces__rosidl_typesupport_fastrtps_cppExport-noconfig.cmake
[68.419s] -- Installing: /home/minkhanttun/ros2_ws/install/tutorial_interfaces/share/tutorial_interfaces/cmake/tutorial_interfaces__rosidl_typesupport_introspection_cExport.cmake
[68.419s] -- Installing: /home/minkhanttun/ros2_ws/install/tutorial_interfaces/share/tutorial_interfaces/cmake/tutorial_interfaces__rosidl_typesupport_introspection_cExport-noconfig.cmake
[68.420s] -- Installing: /home/minkhanttun/ros2_ws/install/tutorial_interfaces/share/tutorial_interfaces/cmake/tutorial_interfaces__rosidl_typesupport_cExport.cmake
[68.436s] -- Installing: /home/minkhanttun/ros2_ws/install/tutorial_interfaces/share/tutorial_interfaces/cmake/tutorial_interfaces__rosidl_typesupport_cExport-noconfig.cmake
[68.436s] -- Installing: /home/minkhanttun/ros2_ws/install/tutorial_interfaces/share/tutorial_interfaces/cmake/tutorial_interfaces__rosidl_typesupport_introspection_cppExport.cmake
[68.444s] -- Installing: /home/minkhanttun/ros2_ws/install/tutorial_interfaces/share/tutorial_interfaces/cmake/tutorial_interfaces__rosidl_typesupport_introspection_cppExport-noconfig.cmake
[68.445s] -- Installing: /home/minkhanttun/ros2_ws/install/tutorial_interfaces/share/tutorial_interfaces/cmake/tutorial_interfaces__rosidl_typesupport_cppExport.cmake
[68.445s] -- Installing: /home/minkhanttun/ros2_ws/install/tutorial_interfaces/share/tutorial_interfaces/cmake/tutorial_interfaces__rosidl_typesupport_cppExport-noconfig.cmake
[68.446s] -- Installing: /home/minkhanttun/ros2_ws/install/tutorial_interfaces/share/tutorial_interfaces/cmake/export_tutorial_interfaces__rosidl_generator_pyExport.cmake
[68.450s] -- Installing: /home/minkhanttun/ros2_ws/install/tutorial_interfaces/share/tutorial_interfaces/cmake/export_tutorial_interfaces__rosidl_generator_pyExport-noconfig.cmake
[68.451s] -- Installing: /home/minkhanttun/ros2_ws/install/tutorial_interfaces/share/tutorial_interfaces/cmake/rosidl_cmake-extras.cmake
[68.451s] -- Installing: /home/minkhanttun/ros2_ws/install/tutorial_interfaces/share/tutorial_interfaces/cmake/ament_cmake_export_dependencies-extras.cmake
[68.452s] -- Installing: /home/minkhanttun/ros2_ws/install/tutorial_interfaces/share/tutorial_interfaces/cmake/ament_cmake_export_include_directories-extras.cmake
[68.455s] -- Installing: /home/minkhanttun/ros2_ws/install/tutorial_interfaces/share/tutorial_interfaces/cmake/ament_cmake_export_libraries-extras.cmake
[68.456s] -- Installing: /home/minkhanttun/ros2_ws/install/tutorial_interfaces/share/tutorial_interfaces/cmake/ament_cmake_export_targets-extras.cmake
[68.462s] -- Installing: /home/minkhanttun/ros2_ws/install/tutorial_interfaces/share/tutorial_interfaces/cmake/rosidl_cmake_export_typesupport_targets-extras.cmake
[68.463s] -- Installing: /home/minkhanttun/ros2_ws/install/tutorial_interfaces/share/tutorial_interfaces/cmake/rosidl_cmake_export_typesupport_libraries-extras.cmake
[68.469s] -- Installing: /home/minkhanttun/ros2_ws/install/tutorial_interfaces/share/tutorial_interfaces/cmake/tutorial_interfacesConfig.cmake
[68.469s] -- Installing: /home/minkhanttun/ros2_ws/install/tutorial_interfaces/share/tutorial_interfaces/cmake/tutorial_interfacesConfig-version.cmake
[68.469s] -- Installing: /home/minkhanttun/ros2_ws/install/tutorial_interfaces/share/tutorial_interfaces/package.xml
[68.489s] Invoked command in '/home/minkhanttun/ros2_ws/build/tutorial_interfaces' returned '0': CMAKE_PREFIX_PATH=${CMAKE_PREFIX_PATH}:/opt/ros/jazzy DEBUGINFOD_URLS=https://debuginfod.ubuntu.com /usr/bin/cmake --install /home/minkhanttun/ros2_ws/build/tutorial_interfaces
