[0.061s] Invoking command in '/home/minkhanttun/ros2_ws/build/custom_action_cpp': CMAKE_PREFIX_PATH=/home/minkhanttun/ros2_ws/install/custom_action_interfaces:/home/minkhanttun/ros2_ws/install/cpp_srvcli:/home/minkhanttun/ros2_ws/install/cpp_pubsub:/home/minkhanttun/ros2_ws/install/tutorial_interfaces:/home/minkhanttun/ros2_ws/install/turtlesim:/home/minkhanttun/ros2_ws/install/polygon_plugins:/home/minkhanttun/ros2_ws/install/polygon_base:/home/minkhanttun/ros2_ws/install/launch_tutorial:/home/minkhanttun/ros2_ws/install/custom_action_cpp:/home/minkhanttun/ros2_ws/install/cpp_parameters:/home/minkhanttun/ros2_ws/install/cpp_parameter_event_handler:/opt/ros/jazzy/opt/gz_math_vendor:/opt/ros/jazzy/opt/gz_utils_vendor:/opt/ros/jazzy/opt/gz_cmake_vendor:/opt/ros/jazzy DEBUGINFOD_URLS=https://debuginfod.ubuntu.com LD_LIBRARY_PATH=/home/minkhanttun/ros2_ws/install/custom_action_interfaces/lib:/home/minkhanttun/ros2_ws/install/tutorial_interfaces/lib:/home/minkhanttun/ros2_ws/install/turtlesim/lib:/home/minkhanttun/ros2_ws/install/polygon_plugins/lib:/home/minkhanttun/ros2_ws/install/custom_action_cpp/lib:/opt/ros/jazzy/opt/rviz_ogre_vendor/lib:/opt/ros/jazzy/lib/aarch64-linux-gnu:/opt/ros/jazzy/opt/gz_math_vendor/lib:/opt/ros/jazzy/opt/gz_utils_vendor/lib:/opt/ros/jazzy/opt/gz_cmake_vendor/lib:/opt/ros/jazzy/lib PYTHONPATH=/home/minkhanttun/ros2_ws/install/custom_action_interfaces/lib/python3.12/site-packages:/home/minkhanttun/ros2_ws/install/tutorial_interfaces/lib/python3.12/site-packages:/home/minkhanttun/ros2_ws/install/turtlesim/lib/python3.12/site-packages:/opt/ros/jazzy/lib/python3.12/site-packages /usr/bin/cmake /home/minkhanttun/ros2_ws/src/custom_action_cpp -DCMAKE_INSTALL_PREFIX=/home/minkhanttun/ros2_ws/install/custom_action_cpp
[0.408s] -- The C compiler identification is GNU 14.2.0
[0.722s] -- The CXX compiler identification is GNU 14.2.0
[0.783s] -- Detecting C compiler ABI info
[1.232s] -- Detecting C compiler ABI info - done
[1.343s] -- Check for working C compiler: /usr/bin/cc - skipped
[1.344s] -- Detecting C compile features
[1.345s] -- Detecting C compile features - done
[1.374s] -- Detecting CXX compiler ABI info
[2.048s] -- Detecting CXX compiler ABI info - done
[2.129s] -- Check for working CXX compiler: /usr/bin/c++ - skipped
[2.129s] -- Detecting CXX compile features
[2.129s] -- Detecting CXX compile features - done
[2.146s] -- Found ament_cmake: 2.5.3 (/opt/ros/jazzy/share/ament_cmake/cmake)
[2.896s] -- Found Python3: /usr/bin/python3 (found version "3.12.7") found components: Interpreter
[3.530s] -- Found custom_action_interfaces: 0.0.0 (/home/minkhanttun/ros2_ws/install/custom_action_interfaces/share/custom_action_interfaces/cmake)
[3.666s] -- Found rosidl_generator_c: 4.6.5 (/opt/ros/jazzy/share/rosidl_generator_c/cmake)
[3.739s] -- Found rosidl_generator_cpp: 4.6.5 (/opt/ros/jazzy/share/rosidl_generator_cpp/cmake)
[3.825s] -- Using all available rosidl_typesupport_c: rosidl_typesupport_fastrtps_c;rosidl_typesupport_introspection_c
[3.912s] -- Using all available rosidl_typesupport_cpp: rosidl_typesupport_fastrtps_cpp;rosidl_typesupport_introspection_cpp
[4.292s] -- Found rclcpp: 28.1.6 (/opt/ros/jazzy/share/rclcpp/cmake)
[4.503s] -- Found rmw_implementation_cmake: 7.3.1 (/opt/ros/jazzy/share/rmw_implementation_cmake/cmake)
[4.519s] -- Found rmw_fastrtps_cpp: 8.4.1 (/opt/ros/jazzy/share/rmw_fastrtps_cpp/cmake)
[4.984s] -- Found OpenSSL: /usr/lib/aarch64-linux-gnu/libcrypto.so (found version "3.3.1")
[5.104s] -- Found FastRTPS: /opt/ros/jazzy/include (Required is at least version "2.13")
[5.255s] -- Using RMW implementation 'rmw_fastrtps_cpp' as default
[5.587s] -- Found rclcpp_action: 28.1.6 (/opt/ros/jazzy/share/rclcpp_action/cmake)
[5.656s] -- Found rclcpp_components: 28.1.6 (/opt/ros/jazzy/share/rclcpp_components/cmake)
[5.830s] -- Found ament_lint_auto: 0.17.1 (/opt/ros/jazzy/share/ament_lint_auto/cmake)
[6.440s] -- Added test 'cppcheck' to perform static code analysis on C / C++ code
[6.440s] -- Configured cppcheck include dirs: $<BUILD_INTERFACE:/home/minkhanttun/ros2_ws/src/custom_action_cpp/include>
[6.440s] -- Configured cppcheck exclude dirs and/or files: 
[6.448s] -- Added test 'lint_cmake' to check CMake code style
[6.453s] -- Added test 'uncrustify' to check C / C++ code style
[6.453s] -- Configured uncrustify additional arguments: 
[6.465s] -- Added test 'xmllint' to check XML markup files
[6.486s] -- Configuring done (6.4s)
[6.705s] -- Generating done (0.2s)
[6.765s] -- Build files have been written to: /home/minkhanttun/ros2_ws/build/custom_action_cpp
[6.835s] Invoked command in '/home/minkhanttun/ros2_ws/build/custom_action_cpp' returned '0': CMAKE_PREFIX_PATH=/home/minkhanttun/ros2_ws/install/custom_action_interfaces:/home/minkhanttun/ros2_ws/install/cpp_srvcli:/home/minkhanttun/ros2_ws/install/cpp_pubsub:/home/minkhanttun/ros2_ws/install/tutorial_interfaces:/home/minkhanttun/ros2_ws/install/turtlesim:/home/minkhanttun/ros2_ws/install/polygon_plugins:/home/minkhanttun/ros2_ws/install/polygon_base:/home/minkhanttun/ros2_ws/install/launch_tutorial:/home/minkhanttun/ros2_ws/install/custom_action_cpp:/home/minkhanttun/ros2_ws/install/cpp_parameters:/home/minkhanttun/ros2_ws/install/cpp_parameter_event_handler:/opt/ros/jazzy/opt/gz_math_vendor:/opt/ros/jazzy/opt/gz_utils_vendor:/opt/ros/jazzy/opt/gz_cmake_vendor:/opt/ros/jazzy DEBUGINFOD_URLS=https://debuginfod.ubuntu.com LD_LIBRARY_PATH=/home/minkhanttun/ros2_ws/install/custom_action_interfaces/lib:/home/minkhanttun/ros2_ws/install/tutorial_interfaces/lib:/home/minkhanttun/ros2_ws/install/turtlesim/lib:/home/minkhanttun/ros2_ws/install/polygon_plugins/lib:/home/minkhanttun/ros2_ws/install/custom_action_cpp/lib:/opt/ros/jazzy/opt/rviz_ogre_vendor/lib:/opt/ros/jazzy/lib/aarch64-linux-gnu:/opt/ros/jazzy/opt/gz_math_vendor/lib:/opt/ros/jazzy/opt/gz_utils_vendor/lib:/opt/ros/jazzy/opt/gz_cmake_vendor/lib:/opt/ros/jazzy/lib PYTHONPATH=/home/minkhanttun/ros2_ws/install/custom_action_interfaces/lib/python3.12/site-packages:/home/minkhanttun/ros2_ws/install/tutorial_interfaces/lib/python3.12/site-packages:/home/minkhanttun/ros2_ws/install/turtlesim/lib/python3.12/site-packages:/opt/ros/jazzy/lib/python3.12/site-packages /usr/bin/cmake /home/minkhanttun/ros2_ws/src/custom_action_cpp -DCMAKE_INSTALL_PREFIX=/home/minkhanttun/ros2_ws/install/custom_action_cpp
[6.836s] Invoking command in '/home/minkhanttun/ros2_ws/build/custom_action_cpp': CMAKE_PREFIX_PATH=/home/minkhanttun/ros2_ws/install/custom_action_interfaces:/home/minkhanttun/ros2_ws/install/cpp_srvcli:/home/minkhanttun/ros2_ws/install/cpp_pubsub:/home/minkhanttun/ros2_ws/install/tutorial_interfaces:/home/minkhanttun/ros2_ws/install/turtlesim:/home/minkhanttun/ros2_ws/install/polygon_plugins:/home/minkhanttun/ros2_ws/install/polygon_base:/home/minkhanttun/ros2_ws/install/launch_tutorial:/home/minkhanttun/ros2_ws/install/custom_action_cpp:/home/minkhanttun/ros2_ws/install/cpp_parameters:/home/minkhanttun/ros2_ws/install/cpp_parameter_event_handler:/opt/ros/jazzy/opt/gz_math_vendor:/opt/ros/jazzy/opt/gz_utils_vendor:/opt/ros/jazzy/opt/gz_cmake_vendor:/opt/ros/jazzy DEBUGINFOD_URLS=https://debuginfod.ubuntu.com LD_LIBRARY_PATH=/home/minkhanttun/ros2_ws/install/custom_action_interfaces/lib:/home/minkhanttun/ros2_ws/install/tutorial_interfaces/lib:/home/minkhanttun/ros2_ws/install/turtlesim/lib:/home/minkhanttun/ros2_ws/install/polygon_plugins/lib:/home/minkhanttun/ros2_ws/install/custom_action_cpp/lib:/opt/ros/jazzy/opt/rviz_ogre_vendor/lib:/opt/ros/jazzy/lib/aarch64-linux-gnu:/opt/ros/jazzy/opt/gz_math_vendor/lib:/opt/ros/jazzy/opt/gz_utils_vendor/lib:/opt/ros/jazzy/opt/gz_cmake_vendor/lib:/opt/ros/jazzy/lib PYTHONPATH=/home/minkhanttun/ros2_ws/install/custom_action_interfaces/lib/python3.12/site-packages:/home/minkhanttun/ros2_ws/install/tutorial_interfaces/lib/python3.12/site-packages:/home/minkhanttun/ros2_ws/install/turtlesim/lib/python3.12/site-packages:/opt/ros/jazzy/lib/python3.12/site-packages /usr/bin/cmake --build /home/minkhanttun/ros2_ws/build/custom_action_cpp -- -j4 -l4
[7.175s] [ 12%] [32mBuilding CXX object CMakeFiles/action_server.dir/src/fibonacci_action_server.cpp.o[0m
[30.215s] [ 25%] [32m[1mLinking CXX shared library libaction_server.so[0m
[31.182s] [ 25%] Built target action_server
[31.319s] [ 37%] [32mBuilding CXX object CMakeFiles/fibonacci_action_client.dir/rclcpp_components/node_main_fibonacci_action_client.cpp.o[0m
[43.743s] [ 50%] [32m[1mLinking CXX executable fibonacci_action_client[0m
[44.255s] [ 50%] Built target fibonacci_action_client
[44.302s] [ 62%] [32mBuilding CXX object CMakeFiles/action_client.dir/src/fibonacci_action_client.cpp.o[0m
[56.927s] [ 75%] [32m[1mLinking CXX shared library libaction_client.so[0m
[57.846s] [ 75%] Built target action_client
[57.958s] [ 87%] [32mBuilding CXX object CMakeFiles/fibonacci_action_server.dir/rclcpp_components/node_main_fibonacci_action_server.cpp.o[0m
[64.446s] [100%] [32m[1mLinking CXX executable fibonacci_action_server[0m
[64.788s] [100%] Built target fibonacci_action_server
[64.834s] Invoked command in '/home/minkhanttun/ros2_ws/build/custom_action_cpp' returned '0': CMAKE_PREFIX_PATH=/home/minkhanttun/ros2_ws/install/custom_action_interfaces:/home/minkhanttun/ros2_ws/install/cpp_srvcli:/home/minkhanttun/ros2_ws/install/cpp_pubsub:/home/minkhanttun/ros2_ws/install/tutorial_interfaces:/home/minkhanttun/ros2_ws/install/turtlesim:/home/minkhanttun/ros2_ws/install/polygon_plugins:/home/minkhanttun/ros2_ws/install/polygon_base:/home/minkhanttun/ros2_ws/install/launch_tutorial:/home/minkhanttun/ros2_ws/install/custom_action_cpp:/home/minkhanttun/ros2_ws/install/cpp_parameters:/home/minkhanttun/ros2_ws/install/cpp_parameter_event_handler:/opt/ros/jazzy/opt/gz_math_vendor:/opt/ros/jazzy/opt/gz_utils_vendor:/opt/ros/jazzy/opt/gz_cmake_vendor:/opt/ros/jazzy DEBUGINFOD_URLS=https://debuginfod.ubuntu.com LD_LIBRARY_PATH=/home/minkhanttun/ros2_ws/install/custom_action_interfaces/lib:/home/minkhanttun/ros2_ws/install/tutorial_interfaces/lib:/home/minkhanttun/ros2_ws/install/turtlesim/lib:/home/minkhanttun/ros2_ws/install/polygon_plugins/lib:/home/minkhanttun/ros2_ws/install/custom_action_cpp/lib:/opt/ros/jazzy/opt/rviz_ogre_vendor/lib:/opt/ros/jazzy/lib/aarch64-linux-gnu:/opt/ros/jazzy/opt/gz_math_vendor/lib:/opt/ros/jazzy/opt/gz_utils_vendor/lib:/opt/ros/jazzy/opt/gz_cmake_vendor/lib:/opt/ros/jazzy/lib PYTHONPATH=/home/minkhanttun/ros2_ws/install/custom_action_interfaces/lib/python3.12/site-packages:/home/minkhanttun/ros2_ws/install/tutorial_interfaces/lib/python3.12/site-packages:/home/minkhanttun/ros2_ws/install/turtlesim/lib/python3.12/site-packages:/opt/ros/jazzy/lib/python3.12/site-packages /usr/bin/cmake --build /home/minkhanttun/ros2_ws/build/custom_action_cpp -- -j4 -l4
[64.839s] Invoking command in '/home/minkhanttun/ros2_ws/build/custom_action_cpp': CMAKE_PREFIX_PATH=/home/minkhanttun/ros2_ws/install/custom_action_interfaces:/home/minkhanttun/ros2_ws/install/cpp_srvcli:/home/minkhanttun/ros2_ws/install/cpp_pubsub:/home/minkhanttun/ros2_ws/install/tutorial_interfaces:/home/minkhanttun/ros2_ws/install/turtlesim:/home/minkhanttun/ros2_ws/install/polygon_plugins:/home/minkhanttun/ros2_ws/install/polygon_base:/home/minkhanttun/ros2_ws/install/launch_tutorial:/home/minkhanttun/ros2_ws/install/custom_action_cpp:/home/minkhanttun/ros2_ws/install/cpp_parameters:/home/minkhanttun/ros2_ws/install/cpp_parameter_event_handler:/opt/ros/jazzy/opt/gz_math_vendor:/opt/ros/jazzy/opt/gz_utils_vendor:/opt/ros/jazzy/opt/gz_cmake_vendor:/opt/ros/jazzy DEBUGINFOD_URLS=https://debuginfod.ubuntu.com LD_LIBRARY_PATH=/home/minkhanttun/ros2_ws/install/custom_action_interfaces/lib:/home/minkhanttun/ros2_ws/install/tutorial_interfaces/lib:/home/minkhanttun/ros2_ws/install/turtlesim/lib:/home/minkhanttun/ros2_ws/install/polygon_plugins/lib:/home/minkhanttun/ros2_ws/install/custom_action_cpp/lib:/opt/ros/jazzy/opt/rviz_ogre_vendor/lib:/opt/ros/jazzy/lib/aarch64-linux-gnu:/opt/ros/jazzy/opt/gz_math_vendor/lib:/opt/ros/jazzy/opt/gz_utils_vendor/lib:/opt/ros/jazzy/opt/gz_cmake_vendor/lib:/opt/ros/jazzy/lib PYTHONPATH=/home/minkhanttun/ros2_ws/install/custom_action_interfaces/lib/python3.12/site-packages:/home/minkhanttun/ros2_ws/install/tutorial_interfaces/lib/python3.12/site-packages:/home/minkhanttun/ros2_ws/install/turtlesim/lib/python3.12/site-packages:/opt/ros/jazzy/lib/python3.12/site-packages /usr/bin/cmake --install /home/minkhanttun/ros2_ws/build/custom_action_cpp
[64.868s] -- Install configuration: ""
[64.872s] -- Installing: /home/minkhanttun/ros2_ws/install/custom_action_cpp/lib/custom_action_cpp/fibonacci_action_server
[64.872s] -- Set non-toolchain portion of runtime path of "/home/minkhanttun/ros2_ws/install/custom_action_cpp/lib/custom_action_cpp/fibonacci_action_server" to ""
[64.873s] -- Installing: /home/minkhanttun/ros2_ws/install/custom_action_cpp/lib/libaction_server.so
[64.876s] -- Set non-toolchain portion of runtime path of "/home/minkhanttun/ros2_ws/install/custom_action_cpp/lib/libaction_server.so" to ""
[64.877s] -- Installing: /home/minkhanttun/ros2_ws/install/custom_action_cpp/lib/custom_action_cpp/fibonacci_action_client
[64.882s] -- Set non-toolchain portion of runtime path of "/home/minkhanttun/ros2_ws/install/custom_action_cpp/lib/custom_action_cpp/fibonacci_action_client" to ""
[64.882s] -- Installing: /home/minkhanttun/ros2_ws/install/custom_action_cpp/lib/libaction_client.so
[64.883s] -- Set non-toolchain portion of runtime path of "/home/minkhanttun/ros2_ws/install/custom_action_cpp/lib/libaction_client.so" to ""
[64.884s] -- Installing: /home/minkhanttun/ros2_ws/install/custom_action_cpp/share/ament_index/resource_index/package_run_dependencies/custom_action_cpp
[64.884s] -- Installing: /home/minkhanttun/ros2_ws/install/custom_action_cpp/share/ament_index/resource_index/parent_prefix_path/custom_action_cpp
[64.888s] -- Installing: /home/minkhanttun/ros2_ws/install/custom_action_cpp/share/custom_action_cpp/environment/ament_prefix_path.sh
[64.889s] -- Installing: /home/minkhanttun/ros2_ws/install/custom_action_cpp/share/custom_action_cpp/environment/ament_prefix_path.dsv
[64.889s] -- Installing: /home/minkhanttun/ros2_ws/install/custom_action_cpp/share/custom_action_cpp/environment/path.sh
[64.889s] -- Installing: /home/minkhanttun/ros2_ws/install/custom_action_cpp/share/custom_action_cpp/environment/path.dsv
[64.890s] -- Installing: /home/minkhanttun/ros2_ws/install/custom_action_cpp/share/custom_action_cpp/local_setup.bash
[64.890s] -- Installing: /home/minkhanttun/ros2_ws/install/custom_action_cpp/share/custom_action_cpp/local_setup.sh
[64.892s] -- Installing: /home/minkhanttun/ros2_ws/install/custom_action_cpp/share/custom_action_cpp/local_setup.zsh
[64.897s] -- Installing: /home/minkhanttun/ros2_ws/install/custom_action_cpp/share/custom_action_cpp/local_setup.dsv
[64.897s] -- Installing: /home/minkhanttun/ros2_ws/install/custom_action_cpp/share/custom_action_cpp/package.dsv
[64.906s] -- Installing: /home/minkhanttun/ros2_ws/install/custom_action_cpp/share/ament_index/resource_index/packages/custom_action_cpp
[64.907s] -- Installing: /home/minkhanttun/ros2_ws/install/custom_action_cpp/share/ament_index/resource_index/rclcpp_components/custom_action_cpp
[64.907s] -- Installing: /home/minkhanttun/ros2_ws/install/custom_action_cpp/share/custom_action_cpp/cmake/custom_action_cppConfig.cmake
[64.908s] -- Installing: /home/minkhanttun/ros2_ws/install/custom_action_cpp/share/custom_action_cpp/cmake/custom_action_cppConfig-version.cmake
[64.908s] -- Installing: /home/minkhanttun/ros2_ws/install/custom_action_cpp/share/custom_action_cpp/package.xml
[64.914s] Invoked command in '/home/minkhanttun/ros2_ws/build/custom_action_cpp' returned '0': CMAKE_PREFIX_PATH=/home/minkhanttun/ros2_ws/install/custom_action_interfaces:/home/minkhanttun/ros2_ws/install/cpp_srvcli:/home/minkhanttun/ros2_ws/install/cpp_pubsub:/home/minkhanttun/ros2_ws/install/tutorial_interfaces:/home/minkhanttun/ros2_ws/install/turtlesim:/home/minkhanttun/ros2_ws/install/polygon_plugins:/home/minkhanttun/ros2_ws/install/polygon_base:/home/minkhanttun/ros2_ws/install/launch_tutorial:/home/minkhanttun/ros2_ws/install/custom_action_cpp:/home/minkhanttun/ros2_ws/install/cpp_parameters:/home/minkhanttun/ros2_ws/install/cpp_parameter_event_handler:/opt/ros/jazzy/opt/gz_math_vendor:/opt/ros/jazzy/opt/gz_utils_vendor:/opt/ros/jazzy/opt/gz_cmake_vendor:/opt/ros/jazzy DEBUGINFOD_URLS=https://debuginfod.ubuntu.com LD_LIBRARY_PATH=/home/minkhanttun/ros2_ws/install/custom_action_interfaces/lib:/home/minkhanttun/ros2_ws/install/tutorial_interfaces/lib:/home/minkhanttun/ros2_ws/install/turtlesim/lib:/home/minkhanttun/ros2_ws/install/polygon_plugins/lib:/home/minkhanttun/ros2_ws/install/custom_action_cpp/lib:/opt/ros/jazzy/opt/rviz_ogre_vendor/lib:/opt/ros/jazzy/lib/aarch64-linux-gnu:/opt/ros/jazzy/opt/gz_math_vendor/lib:/opt/ros/jazzy/opt/gz_utils_vendor/lib:/opt/ros/jazzy/opt/gz_cmake_vendor/lib:/opt/ros/jazzy/lib PYTHONPATH=/home/minkhanttun/ros2_ws/install/custom_action_interfaces/lib/python3.12/site-packages:/home/minkhanttun/ros2_ws/install/tutorial_interfaces/lib/python3.12/site-packages:/home/minkhanttun/ros2_ws/install/turtlesim/lib/python3.12/site-packages:/opt/ros/jazzy/lib/python3.12/site-packages /usr/bin/cmake --install /home/minkhanttun/ros2_ws/build/custom_action_cpp
