[0.040s] Invoking command in '/home/minkhanttun/ros2_ws/build/custom_action_interfaces': CMAKE_PREFIX_PATH=${CMAKE_PREFIX_PATH}:/opt/ros/jazzy DEBUGINFOD_URLS=https://debuginfod.ubuntu.com /usr/bin/cmake /home/minkhanttun/ros2_ws/src/custom_action_interfaces -DCMAKE_INSTALL_PREFIX=/home/minkhanttun/ros2_ws/install/custom_action_interfaces
[0.361s] -- The C compiler identification is GNU 14.2.0
[0.939s] -- The CXX compiler identification is GNU 14.2.0
[0.994s] -- Detecting C compiler ABI info
[1.545s] -- Detecting C compiler ABI info - done
[1.638s] -- Check for working C compiler: /usr/bin/cc - skipped
[1.638s] -- Detecting C compile features
[1.643s] -- Detecting C compile features - done
[1.660s] -- Detecting CXX compiler ABI info
[2.209s] -- Detecting CXX compiler ABI info - done
[2.276s] -- Check for working CXX compiler: /usr/bin/c++ - skipped
[2.276s] -- Detecting CXX compile features
[2.282s] -- Detecting CXX compile features - done
[2.300s] -- Found ament_cmake: 2.5.3 (/opt/ros/jazzy/share/ament_cmake/cmake)
[2.865s] -- Found Python3: /usr/bin/python3 (found version "3.12.7") found components: Interpreter
[3.216s] -- Found rosidl_default_generators: 1.6.0 (/opt/ros/jazzy/share/rosidl_default_generators/cmake)
[3.227s] -- Using all available rosidl_typesupport_c: rosidl_typesupport_fastrtps_c;rosidl_typesupport_introspection_c
[3.370s] -- Using all available rosidl_typesupport_cpp: rosidl_typesupport_fastrtps_cpp;rosidl_typesupport_introspection_cpp
[3.523s] -- Found rosidl_adapter: 4.6.5 (/opt/ros/jazzy/share/rosidl_adapter/cmake)
[3.529s] -- Found ament_lint_auto: 0.17.1 (/opt/ros/jazzy/share/ament_lint_auto/cmake)
[5.829s] -- Found ament_cmake_ros: 0.12.0 (/opt/ros/jazzy/share/ament_cmake_ros/cmake)
[7.296s] -- Using all available rosidl_typesupport_c: rosidl_typesupport_fastrtps_c;rosidl_typesupport_introspection_c
[9.236s] -- Using all available rosidl_typesupport_cpp: rosidl_typesupport_fastrtps_cpp;rosidl_typesupport_introspection_cpp
[9.246s] -- Found python_cmake_module: 0.11.1 (/opt/ros/jazzy/share/python_cmake_module/cmake)
[9.747s] -- Found PythonExtra: /usr/bin/python3
[12.372s] -- Found Python3: /usr/bin/python3 (found version "3.12.7") found components: Interpreter Development NumPy Development.Module Development.Embed
[12.517s] -- Added test 'lint_cmake' to check CMake code style
[12.524s] -- Added test 'xmllint' to check XML markup files
[12.574s] -- Configuring done (12.5s)
[12.741s] -- Generating done (0.2s)
[12.784s] -- Build files have been written to: /home/minkhanttun/ros2_ws/build/custom_action_interfaces
[12.826s] Invoked command in '/home/minkhanttun/ros2_ws/build/custom_action_interfaces' returned '0': CMAKE_PREFIX_PATH=${CMAKE_PREFIX_PATH}:/opt/ros/jazzy DEBUGINFOD_URLS=https://debuginfod.ubuntu.com /usr/bin/cmake /home/minkhanttun/ros2_ws/src/custom_action_interfaces -DCMAKE_INSTALL_PREFIX=/home/minkhanttun/ros2_ws/install/custom_action_interfaces
[12.832s] Invoking command in '/home/minkhanttun/ros2_ws/build/custom_action_interfaces': CMAKE_PREFIX_PATH=${CMAKE_PREFIX_PATH}:/opt/ros/jazzy DEBUGINFOD_URLS=https://debuginfod.ubuntu.com /usr/bin/cmake --build /home/minkhanttun/ros2_ws/build/custom_action_interfaces -- -j4 -l4
[13.074s] [  2%] [34m[1mGenerating type hashes for ROS interfaces[0m
[13.133s] [  2%] Built target ament_cmake_python_copy_custom_action_interfaces
[14.855s] [  2%] Built target custom_action_interfaces__rosidl_generator_type_description
[14.913s] [  5%] [34m[1mGenerating C code for ROS interfaces[0m
[14.919s] running egg_info
[14.921s] creating custom_action_interfaces.egg-info
[15.003s] [  8%] [34m[1mGenerating C++ code for ROS interfaces[0m
[15.053s] writing custom_action_interfaces.egg-info/PKG-INFO
[15.054s] writing dependency_links to custom_action_interfaces.egg-info/dependency_links.txt
[15.054s] writing top-level names to custom_action_interfaces.egg-info/top_level.txt
[15.054s] writing manifest file 'custom_action_interfaces.egg-info/SOURCES.txt'
[15.446s] reading manifest file 'custom_action_interfaces.egg-info/SOURCES.txt'
[15.451s] writing manifest file 'custom_action_interfaces.egg-info/SOURCES.txt'
[15.888s] [  8%] Built target ament_cmake_python_build_custom_action_interfaces_egg
[17.430s] [ 11%] [32mBuilding C object CMakeFiles/custom_action_interfaces__rosidl_generator_c.dir/rosidl_generator_c/custom_action_interfaces/action/detail/fibonacci__description.c.o[0m
[17.453s] [ 14%] [32mBuilding C object CMakeFiles/custom_action_interfaces__rosidl_generator_c.dir/rosidl_generator_c/custom_action_interfaces/action/detail/fibonacci__functions.c.o[0m
[17.585s] [ 14%] Built target custom_action_interfaces__cpp
[18.054s] [ 17%] [32mBuilding C object CMakeFiles/custom_action_interfaces__rosidl_generator_c.dir/rosidl_generator_c/custom_action_interfaces/action/detail/fibonacci__type_support.c.o[0m
[18.413s] [ 20%] [32m[1mLinking C shared library libcustom_action_interfaces__rosidl_generator_c.so[0m
[18.647s] [ 20%] Built target custom_action_interfaces__rosidl_generator_c
[18.695s] [ 23%] [34m[1mGenerating C++ type support dispatch for ROS interfaces[0m
[18.736s] [ 26%] [34m[1mGenerating C type support for eProsima Fast-RTPS[0m
[20.078s] [ 29%] [32mBuilding CXX object CMakeFiles/custom_action_interfaces__rosidl_typesupport_cpp.dir/rosidl_typesupport_cpp/custom_action_interfaces/action/fibonacci__type_support.cpp.o[0m
[21.490s] [ 32%] [32mBuilding CXX object CMakeFiles/custom_action_interfaces__rosidl_typesupport_fastrtps_c.dir/rosidl_typesupport_fastrtps_c/custom_action_interfaces/action/detail/fibonacci__type_support_c.cpp.o[0m
[26.088s] [ 35%] [32m[1mLinking CXX shared library libcustom_action_interfaces__rosidl_typesupport_cpp.so[0m
[26.681s] [ 35%] Built target custom_action_interfaces__rosidl_typesupport_cpp
[26.937s] [ 38%] [32m[1mLinking CXX shared library libcustom_action_interfaces__rosidl_typesupport_fastrtps_c.so[0m
[27.299s] [ 38%] Built target custom_action_interfaces__rosidl_typesupport_fastrtps_c
[27.364s] [ 41%] [34m[1mGenerating C++ type support for eProsima Fast-RTPS[0m
[29.321s] [ 44%] [32mBuilding CXX object CMakeFiles/custom_action_interfaces__rosidl_typesupport_fastrtps_cpp.dir/rosidl_typesupport_fastrtps_cpp/custom_action_interfaces/action/detail/dds_fastrtps/fibonacci__type_support.cpp.o[0m
[34.223s] [ 47%] [32m[1mLinking CXX shared library libcustom_action_interfaces__rosidl_typesupport_fastrtps_cpp.so[0m
[34.784s] [ 47%] Built target custom_action_interfaces__rosidl_typesupport_fastrtps_cpp
[34.867s] [ 50%] [34m[1mGenerating C++ introspection for ROS interfaces[0m
[36.893s] [ 52%] [32mBuilding CXX object CMakeFiles/custom_action_interfaces__rosidl_typesupport_introspection_cpp.dir/rosidl_typesupport_introspection_cpp/custom_action_interfaces/action/detail/fibonacci__type_support.cpp.o[0m
[42.272s] [ 55%] [32m[1mLinking CXX shared library libcustom_action_interfaces__rosidl_typesupport_introspection_cpp.so[0m
[42.777s] [ 55%] Built target custom_action_interfaces__rosidl_typesupport_introspection_cpp
[42.835s] [ 58%] [34m[1mGenerating C type support dispatch for ROS interfaces[0m
[44.240s] [ 61%] [32mBuilding CXX object CMakeFiles/custom_action_interfaces__rosidl_typesupport_c.dir/rosidl_typesupport_c/custom_action_interfaces/action/fibonacci__type_support.cpp.o[0m
[44.616s] [ 64%] [32m[1mLinking CXX shared library libcustom_action_interfaces__rosidl_typesupport_c.so[0m
[44.831s] [ 64%] Built target custom_action_interfaces__rosidl_typesupport_c
[44.885s] [ 67%] [34m[1mGenerating C introspection for ROS interfaces[0m
[46.479s] [ 70%] [32mBuilding C object CMakeFiles/custom_action_interfaces__rosidl_typesupport_introspection_c.dir/rosidl_typesupport_introspection_c/custom_action_interfaces/action/detail/fibonacci__type_support.c.o[0m
[46.895s] [ 73%] [32m[1mLinking C shared library libcustom_action_interfaces__rosidl_typesupport_introspection_c.so[0m
[47.046s] [ 73%] Built target custom_action_interfaces__rosidl_typesupport_introspection_c
[47.146s] [ 73%] Built target custom_action_interfaces
[47.259s] [ 76%] [34m[1mGenerating Python code for ROS interfaces[0m
[50.049s] [ 76%] Built target custom_action_interfaces__py
[50.157s] [ 79%] [32mBuilding C object CMakeFiles/custom_action_interfaces__rosidl_generator_py.dir/rosidl_generator_py/custom_action_interfaces/action/_fibonacci_s.c.o[0m
[51.621s] [ 82%] [32m[1mLinking C shared library libcustom_action_interfaces__rosidl_generator_py.so[0m
[52.017s] [ 82%] Built target custom_action_interfaces__rosidl_generator_py
[52.171s] [ 85%] [32mBuilding C object CMakeFiles/custom_action_interfaces_s__rosidl_typesupport_fastrtps_c.dir/rosidl_generator_py/custom_action_interfaces/_custom_action_interfaces_s.ep.rosidl_typesupport_fastrtps_c.c.o[0m
[53.426s] [ 88%] [32m[1mLinking C shared module rosidl_generator_py/custom_action_interfaces/custom_action_interfaces_s__rosidl_typesupport_fastrtps_c.so[0m
[53.606s] [ 88%] Built target custom_action_interfaces_s__rosidl_typesupport_fastrtps_c
[53.750s] [ 91%] [32mBuilding C object CMakeFiles/custom_action_interfaces_s__rosidl_typesupport_c.dir/rosidl_generator_py/custom_action_interfaces/_custom_action_interfaces_s.ep.rosidl_typesupport_c.c.o[0m
[54.255s] [ 94%] [32m[1mLinking C shared module rosidl_generator_py/custom_action_interfaces/custom_action_interfaces_s__rosidl_typesupport_c.so[0m
[54.414s] [ 94%] Built target custom_action_interfaces_s__rosidl_typesupport_c
[54.509s] [ 97%] [32mBuilding C object CMakeFiles/custom_action_interfaces_s__rosidl_typesupport_introspection_c.dir/rosidl_generator_py/custom_action_interfaces/_custom_action_interfaces_s.ep.rosidl_typesupport_introspection_c.c.o[0m
[55.109s] [100%] [32m[1mLinking C shared module rosidl_generator_py/custom_action_interfaces/custom_action_interfaces_s__rosidl_typesupport_introspection_c.so[0m
[55.318s] [100%] Built target custom_action_interfaces_s__rosidl_typesupport_introspection_c
[55.402s] Invoked command in '/home/minkhanttun/ros2_ws/build/custom_action_interfaces' returned '0': CMAKE_PREFIX_PATH=${CMAKE_PREFIX_PATH}:/opt/ros/jazzy DEBUGINFOD_URLS=https://debuginfod.ubuntu.com /usr/bin/cmake --build /home/minkhanttun/ros2_ws/build/custom_action_interfaces -- -j4 -l4
[55.403s] Invoking command in '/home/minkhanttun/ros2_ws/build/custom_action_interfaces': CMAKE_PREFIX_PATH=${CMAKE_PREFIX_PATH}:/opt/ros/jazzy DEBUGINFOD_URLS=https://debuginfod.ubuntu.com /usr/bin/cmake --install /home/minkhanttun/ros2_ws/build/custom_action_interfaces
[55.445s] -- Install configuration: ""
[55.447s] -- Installing: /home/minkhanttun/ros2_ws/install/custom_action_interfaces/share/ament_index/resource_index/rosidl_interfaces/custom_action_interfaces
[55.450s] -- Installing: /home/minkhanttun/ros2_ws/install/custom_action_interfaces/share/custom_action_interfaces/action/Fibonacci.json
[55.450s] -- Installing: /home/minkhanttun/ros2_ws/install/custom_action_interfaces/include/custom_action_interfaces/custom_action_interfaces
[55.450s] -- Installing: /home/minkhanttun/ros2_ws/install/custom_action_interfaces/include/custom_action_interfaces/custom_action_interfaces/msg
[55.451s] -- Installing: /home/minkhanttun/ros2_ws/install/custom_action_interfaces/include/custom_action_interfaces/custom_action_interfaces/msg/rosidl_generator_c__visibility_control.h
[55.451s] -- Installing: /home/minkhanttun/ros2_ws/install/custom_action_interfaces/include/custom_action_interfaces/custom_action_interfaces/action
[55.451s] -- Installing: /home/minkhanttun/ros2_ws/install/custom_action_interfaces/include/custom_action_interfaces/custom_action_interfaces/action/detail
[55.451s] -- Installing: /home/minkhanttun/ros2_ws/install/custom_action_interfaces/include/custom_action_interfaces/custom_action_interfaces/action/detail/fibonacci__type_support.c
[55.451s] -- Installing: /home/minkhanttun/ros2_ws/install/custom_action_interfaces/include/custom_action_interfaces/custom_action_interfaces/action/detail/fibonacci__description.c
[55.452s] -- Installing: /home/minkhanttun/ros2_ws/install/custom_action_interfaces/include/custom_action_interfaces/custom_action_interfaces/action/detail/fibonacci__functions.h
[55.455s] -- Installing: /home/minkhanttun/ros2_ws/install/custom_action_interfaces/include/custom_action_interfaces/custom_action_interfaces/action/detail/fibonacci__struct.h
[55.457s] -- Installing: /home/minkhanttun/ros2_ws/install/custom_action_interfaces/include/custom_action_interfaces/custom_action_interfaces/action/detail/fibonacci__functions.c
[55.458s] -- Installing: /home/minkhanttun/ros2_ws/install/custom_action_interfaces/include/custom_action_interfaces/custom_action_interfaces/action/detail/fibonacci__type_support.h
[55.458s] -- Installing: /home/minkhanttun/ros2_ws/install/custom_action_interfaces/include/custom_action_interfaces/custom_action_interfaces/action/fibonacci.h
[55.458s] -- Installing: /home/minkhanttun/ros2_ws/install/custom_action_interfaces/share/custom_action_interfaces/environment/library_path.sh
[55.458s] -- Installing: /home/minkhanttun/ros2_ws/install/custom_action_interfaces/share/custom_action_interfaces/environment/library_path.dsv
[55.461s] -- Installing: /home/minkhanttun/ros2_ws/install/custom_action_interfaces/lib/libcustom_action_interfaces__rosidl_generator_c.so
[55.464s] -- Set non-toolchain portion of runtime path of "/home/minkhanttun/ros2_ws/install/custom_action_interfaces/lib/libcustom_action_interfaces__rosidl_generator_c.so" to ""
[55.470s] -- Up-to-date: /home/minkhanttun/ros2_ws/install/custom_action_interfaces/include/custom_action_interfaces/custom_action_interfaces
[55.470s] -- Up-to-date: /home/minkhanttun/ros2_ws/install/custom_action_interfaces/include/custom_action_interfaces/custom_action_interfaces/msg
[55.470s] -- Installing: /home/minkhanttun/ros2_ws/install/custom_action_interfaces/include/custom_action_interfaces/custom_action_interfaces/msg/rosidl_typesupport_fastrtps_c__visibility_control.h
[55.470s] -- Up-to-date: /home/minkhanttun/ros2_ws/install/custom_action_interfaces/include/custom_action_interfaces/custom_action_interfaces/action
[55.472s] -- Up-to-date: /home/minkhanttun/ros2_ws/install/custom_action_interfaces/include/custom_action_interfaces/custom_action_interfaces/action/detail
[55.473s] -- Installing: /home/minkhanttun/ros2_ws/install/custom_action_interfaces/include/custom_action_interfaces/custom_action_interfaces/action/detail/fibonacci__rosidl_typesupport_fastrtps_c.h
[55.473s] -- Installing: /home/minkhanttun/ros2_ws/install/custom_action_interfaces/lib/libcustom_action_interfaces__rosidl_typesupport_fastrtps_c.so
[55.475s] -- Set non-toolchain portion of runtime path of "/home/minkhanttun/ros2_ws/install/custom_action_interfaces/lib/libcustom_action_interfaces__rosidl_typesupport_fastrtps_c.so" to ""
[55.476s] -- Up-to-date: /home/minkhanttun/ros2_ws/install/custom_action_interfaces/include/custom_action_interfaces/custom_action_interfaces
[55.476s] -- Up-to-date: /home/minkhanttun/ros2_ws/install/custom_action_interfaces/include/custom_action_interfaces/custom_action_interfaces/msg
[55.476s] -- Installing: /home/minkhanttun/ros2_ws/install/custom_action_interfaces/include/custom_action_interfaces/custom_action_interfaces/msg/rosidl_typesupport_introspection_c__visibility_control.h
[55.476s] -- Up-to-date: /home/minkhanttun/ros2_ws/install/custom_action_interfaces/include/custom_action_interfaces/custom_action_interfaces/action
[55.478s] -- Up-to-date: /home/minkhanttun/ros2_ws/install/custom_action_interfaces/include/custom_action_interfaces/custom_action_interfaces/action/detail
[55.478s] -- Installing: /home/minkhanttun/ros2_ws/install/custom_action_interfaces/include/custom_action_interfaces/custom_action_interfaces/action/detail/fibonacci__type_support.c
[55.480s] -- Installing: /home/minkhanttun/ros2_ws/install/custom_action_interfaces/include/custom_action_interfaces/custom_action_interfaces/action/detail/fibonacci__rosidl_typesupport_introspection_c.h
[55.480s] -- Installing: /home/minkhanttun/ros2_ws/install/custom_action_interfaces/lib/libcustom_action_interfaces__rosidl_typesupport_introspection_c.so
[55.480s] -- Set non-toolchain portion of runtime path of "/home/minkhanttun/ros2_ws/install/custom_action_interfaces/lib/libcustom_action_interfaces__rosidl_typesupport_introspection_c.so" to ""
[55.480s] -- Installing: /home/minkhanttun/ros2_ws/install/custom_action_interfaces/lib/libcustom_action_interfaces__rosidl_typesupport_c.so
[55.486s] -- Set non-toolchain portion of runtime path of "/home/minkhanttun/ros2_ws/install/custom_action_interfaces/lib/libcustom_action_interfaces__rosidl_typesupport_c.so" to ""
[55.486s] -- Up-to-date: /home/minkhanttun/ros2_ws/install/custom_action_interfaces/include/custom_action_interfaces/custom_action_interfaces
[55.486s] -- Up-to-date: /home/minkhanttun/ros2_ws/install/custom_action_interfaces/include/custom_action_interfaces/custom_action_interfaces/msg
[55.487s] -- Installing: /home/minkhanttun/ros2_ws/install/custom_action_interfaces/include/custom_action_interfaces/custom_action_interfaces/msg/rosidl_generator_cpp__visibility_control.hpp
[55.488s] -- Up-to-date: /home/minkhanttun/ros2_ws/install/custom_action_interfaces/include/custom_action_interfaces/custom_action_interfaces/action
[55.490s] -- Up-to-date: /home/minkhanttun/ros2_ws/install/custom_action_interfaces/include/custom_action_interfaces/custom_action_interfaces/action/detail
[55.490s] -- Installing: /home/minkhanttun/ros2_ws/install/custom_action_interfaces/include/custom_action_interfaces/custom_action_interfaces/action/detail/fibonacci__traits.hpp
[55.490s] -- Installing: /home/minkhanttun/ros2_ws/install/custom_action_interfaces/include/custom_action_interfaces/custom_action_interfaces/action/detail/fibonacci__type_support.hpp
[55.490s] -- Installing: /home/minkhanttun/ros2_ws/install/custom_action_interfaces/include/custom_action_interfaces/custom_action_interfaces/action/detail/fibonacci__struct.hpp
[55.491s] -- Installing: /home/minkhanttun/ros2_ws/install/custom_action_interfaces/include/custom_action_interfaces/custom_action_interfaces/action/detail/fibonacci__builder.hpp
[55.492s] -- Installing: /home/minkhanttun/ros2_ws/install/custom_action_interfaces/include/custom_action_interfaces/custom_action_interfaces/action/fibonacci.hpp
[55.492s] -- Up-to-date: /home/minkhanttun/ros2_ws/install/custom_action_interfaces/include/custom_action_interfaces/custom_action_interfaces
[55.494s] -- Up-to-date: /home/minkhanttun/ros2_ws/install/custom_action_interfaces/include/custom_action_interfaces/custom_action_interfaces/msg
[55.494s] -- Installing: /home/minkhanttun/ros2_ws/install/custom_action_interfaces/include/custom_action_interfaces/custom_action_interfaces/msg/rosidl_typesupport_fastrtps_cpp__visibility_control.h
[55.494s] -- Up-to-date: /home/minkhanttun/ros2_ws/install/custom_action_interfaces/include/custom_action_interfaces/custom_action_interfaces/action
[55.494s] -- Up-to-date: /home/minkhanttun/ros2_ws/install/custom_action_interfaces/include/custom_action_interfaces/custom_action_interfaces/action/detail
[55.494s] -- Installing: /home/minkhanttun/ros2_ws/install/custom_action_interfaces/include/custom_action_interfaces/custom_action_interfaces/action/detail/fibonacci__rosidl_typesupport_fastrtps_cpp.hpp
[55.498s] -- Installing: /home/minkhanttun/ros2_ws/install/custom_action_interfaces/include/custom_action_interfaces/custom_action_interfaces/action/detail/dds_fastrtps
[55.498s] -- Installing: /home/minkhanttun/ros2_ws/install/custom_action_interfaces/lib/libcustom_action_interfaces__rosidl_typesupport_fastrtps_cpp.so
[55.499s] -- Set non-toolchain portion of runtime path of "/home/minkhanttun/ros2_ws/install/custom_action_interfaces/lib/libcustom_action_interfaces__rosidl_typesupport_fastrtps_cpp.so" to ""
[55.499s] -- Up-to-date: /home/minkhanttun/ros2_ws/install/custom_action_interfaces/include/custom_action_interfaces/custom_action_interfaces
[55.500s] -- Up-to-date: /home/minkhanttun/ros2_ws/install/custom_action_interfaces/include/custom_action_interfaces/custom_action_interfaces/action
[55.500s] -- Up-to-date: /home/minkhanttun/ros2_ws/install/custom_action_interfaces/include/custom_action_interfaces/custom_action_interfaces/action/detail
[55.505s] -- Installing: /home/minkhanttun/ros2_ws/install/custom_action_interfaces/include/custom_action_interfaces/custom_action_interfaces/action/detail/fibonacci__rosidl_typesupport_introspection_cpp.hpp
[55.505s] -- Installing: /home/minkhanttun/ros2_ws/install/custom_action_interfaces/include/custom_action_interfaces/custom_action_interfaces/action/detail/fibonacci__type_support.cpp
[55.505s] -- Installing: /home/minkhanttun/ros2_ws/install/custom_action_interfaces/lib/libcustom_action_interfaces__rosidl_typesupport_introspection_cpp.so
[55.507s] -- Set non-toolchain portion of runtime path of "/home/minkhanttun/ros2_ws/install/custom_action_interfaces/lib/libcustom_action_interfaces__rosidl_typesupport_introspection_cpp.so" to ""
[55.507s] -- Installing: /home/minkhanttun/ros2_ws/install/custom_action_interfaces/lib/libcustom_action_interfaces__rosidl_typesupport_cpp.so
[55.515s] -- Set non-toolchain portion of runtime path of "/home/minkhanttun/ros2_ws/install/custom_action_interfaces/lib/libcustom_action_interfaces__rosidl_typesupport_cpp.so" to ""
[55.515s] -- Installing: /home/minkhanttun/ros2_ws/install/custom_action_interfaces/share/custom_action_interfaces/environment/pythonpath.sh
[55.516s] -- Installing: /home/minkhanttun/ros2_ws/install/custom_action_interfaces/share/custom_action_interfaces/environment/pythonpath.dsv
[55.522s] -- Installing: /home/minkhanttun/ros2_ws/install/custom_action_interfaces/lib/python3.12/site-packages/custom_action_interfaces-0.0.0-py3.12.egg-info
[55.523s] -- Installing: /home/minkhanttun/ros2_ws/install/custom_action_interfaces/lib/python3.12/site-packages/custom_action_interfaces-0.0.0-py3.12.egg-info/SOURCES.txt
[55.523s] -- Installing: /home/minkhanttun/ros2_ws/install/custom_action_interfaces/lib/python3.12/site-packages/custom_action_interfaces-0.0.0-py3.12.egg-info/top_level.txt
[55.524s] -- Installing: /home/minkhanttun/ros2_ws/install/custom_action_interfaces/lib/python3.12/site-packages/custom_action_interfaces-0.0.0-py3.12.egg-info/PKG-INFO
[55.525s] -- Installing: /home/minkhanttun/ros2_ws/install/custom_action_interfaces/lib/python3.12/site-packages/custom_action_interfaces-0.0.0-py3.12.egg-info/dependency_links.txt
[55.525s] -- Installing: /home/minkhanttun/ros2_ws/install/custom_action_interfaces/lib/python3.12/site-packages/custom_action_interfaces
[55.525s] -- Installing: /home/minkhanttun/ros2_ws/install/custom_action_interfaces/lib/python3.12/site-packages/custom_action_interfaces/custom_action_interfaces_s__rosidl_typesupport_c.so
[55.525s] -- Installing: /home/minkhanttun/ros2_ws/install/custom_action_interfaces/lib/python3.12/site-packages/custom_action_interfaces/_custom_action_interfaces_s.ep.rosidl_typesupport_fastrtps_c.c
[55.525s] -- Installing: /home/minkhanttun/ros2_ws/install/custom_action_interfaces/lib/python3.12/site-packages/custom_action_interfaces/custom_action_interfaces_s__rosidl_typesupport_introspection_c.so
[55.525s] -- Installing: /home/minkhanttun/ros2_ws/install/custom_action_interfaces/lib/python3.12/site-packages/custom_action_interfaces/custom_action_interfaces_s__rosidl_typesupport_fastrtps_c.so
[55.527s] -- Installing: /home/minkhanttun/ros2_ws/install/custom_action_interfaces/lib/python3.12/site-packages/custom_action_interfaces/_custom_action_interfaces_s.ep.rosidl_typesupport_c.c
[55.528s] -- Installing: /home/minkhanttun/ros2_ws/install/custom_action_interfaces/lib/python3.12/site-packages/custom_action_interfaces/__init__.py
[55.532s] -- Installing: /home/minkhanttun/ros2_ws/install/custom_action_interfaces/lib/python3.12/site-packages/custom_action_interfaces/action
[55.533s] -- Installing: /home/minkhanttun/ros2_ws/install/custom_action_interfaces/lib/python3.12/site-packages/custom_action_interfaces/action/_fibonacci.py
[55.533s] -- Installing: /home/minkhanttun/ros2_ws/install/custom_action_interfaces/lib/python3.12/site-packages/custom_action_interfaces/action/_fibonacci_s.c
[55.534s] -- Installing: /home/minkhanttun/ros2_ws/install/custom_action_interfaces/lib/python3.12/site-packages/custom_action_interfaces/action/__init__.py
[55.534s] -- Installing: /home/minkhanttun/ros2_ws/install/custom_action_interfaces/lib/python3.12/site-packages/custom_action_interfaces/_custom_action_interfaces_s.ep.rosidl_typesupport_introspection_c.c
[55.759s] Listing '/home/minkhanttun/ros2_ws/install/custom_action_interfaces/lib/python3.12/site-packages/custom_action_interfaces'...
[55.759s] Compiling '/home/minkhanttun/ros2_ws/install/custom_action_interfaces/lib/python3.12/site-packages/custom_action_interfaces/__init__.py'...
[55.759s] Listing '/home/minkhanttun/ros2_ws/install/custom_action_interfaces/lib/python3.12/site-packages/custom_action_interfaces/action'...
[55.759s] Compiling '/home/minkhanttun/ros2_ws/install/custom_action_interfaces/lib/python3.12/site-packages/custom_action_interfaces/action/__init__.py'...
[55.759s] Compiling '/home/minkhanttun/ros2_ws/install/custom_action_interfaces/lib/python3.12/site-packages/custom_action_interfaces/action/_fibonacci.py'...
[55.802s] -- Installing: /home/minkhanttun/ros2_ws/install/custom_action_interfaces/lib/python3.12/site-packages/custom_action_interfaces/custom_action_interfaces_s__rosidl_typesupport_fastrtps_c.so
[55.803s] -- Set non-toolchain portion of runtime path of "/home/minkhanttun/ros2_ws/install/custom_action_interfaces/lib/python3.12/site-packages/custom_action_interfaces/custom_action_interfaces_s__rosidl_typesupport_fastrtps_c.so" to ""
[55.804s] -- Installing: /home/minkhanttun/ros2_ws/install/custom_action_interfaces/lib/python3.12/site-packages/custom_action_interfaces/custom_action_interfaces_s__rosidl_typesupport_introspection_c.so
[55.812s] -- Set non-toolchain portion of runtime path of "/home/minkhanttun/ros2_ws/install/custom_action_interfaces/lib/python3.12/site-packages/custom_action_interfaces/custom_action_interfaces_s__rosidl_typesupport_introspection_c.so" to ""
[55.812s] -- Installing: /home/minkhanttun/ros2_ws/install/custom_action_interfaces/lib/python3.12/site-packages/custom_action_interfaces/custom_action_interfaces_s__rosidl_typesupport_c.so
[55.816s] -- Set non-toolchain portion of runtime path of "/home/minkhanttun/ros2_ws/install/custom_action_interfaces/lib/python3.12/site-packages/custom_action_interfaces/custom_action_interfaces_s__rosidl_typesupport_c.so" to ""
[55.816s] -- Installing: /home/minkhanttun/ros2_ws/install/custom_action_interfaces/lib/libcustom_action_interfaces__rosidl_generator_py.so
[55.818s] -- Set non-toolchain portion of runtime path of "/home/minkhanttun/ros2_ws/install/custom_action_interfaces/lib/libcustom_action_interfaces__rosidl_generator_py.so" to ""
[55.823s] -- Installing: /home/minkhanttun/ros2_ws/install/custom_action_interfaces/share/custom_action_interfaces/action/Fibonacci.idl
[55.823s] -- Installing: /home/minkhanttun/ros2_ws/install/custom_action_interfaces/share/custom_action_interfaces/action/Fibonacci.action
[55.823s] -- Installing: /home/minkhanttun/ros2_ws/install/custom_action_interfaces/share/ament_index/resource_index/package_run_dependencies/custom_action_interfaces
[55.824s] -- Installing: /home/minkhanttun/ros2_ws/install/custom_action_interfaces/share/ament_index/resource_index/parent_prefix_path/custom_action_interfaces
[55.824s] -- Installing: /home/minkhanttun/ros2_ws/install/custom_action_interfaces/share/custom_action_interfaces/environment/ament_prefix_path.sh
[55.824s] -- Installing: /home/minkhanttun/ros2_ws/install/custom_action_interfaces/share/custom_action_interfaces/environment/ament_prefix_path.dsv
[55.825s] -- Installing: /home/minkhanttun/ros2_ws/install/custom_action_interfaces/share/custom_action_interfaces/environment/path.sh
[55.825s] -- Installing: /home/minkhanttun/ros2_ws/install/custom_action_interfaces/share/custom_action_interfaces/environment/path.dsv
[55.826s] -- Installing: /home/minkhanttun/ros2_ws/install/custom_action_interfaces/share/custom_action_interfaces/local_setup.bash
[55.829s] -- Installing: /home/minkhanttun/ros2_ws/install/custom_action_interfaces/share/custom_action_interfaces/local_setup.sh
[55.829s] -- Installing: /home/minkhanttun/ros2_ws/install/custom_action_interfaces/share/custom_action_interfaces/local_setup.zsh
[55.830s] -- Installing: /home/minkhanttun/ros2_ws/install/custom_action_interfaces/share/custom_action_interfaces/local_setup.dsv
[55.833s] -- Installing: /home/minkhanttun/ros2_ws/install/custom_action_interfaces/share/custom_action_interfaces/package.dsv
[55.833s] -- Installing: /home/minkhanttun/ros2_ws/install/custom_action_interfaces/share/ament_index/resource_index/packages/custom_action_interfaces
[55.833s] -- Installing: /home/minkhanttun/ros2_ws/install/custom_action_interfaces/share/custom_action_interfaces/cmake/export_custom_action_interfaces__rosidl_generator_cExport.cmake
[55.833s] -- Installing: /home/minkhanttun/ros2_ws/install/custom_action_interfaces/share/custom_action_interfaces/cmake/export_custom_action_interfaces__rosidl_generator_cExport-noconfig.cmake
[55.834s] -- Installing: /home/minkhanttun/ros2_ws/install/custom_action_interfaces/share/custom_action_interfaces/cmake/export_custom_action_interfaces__rosidl_typesupport_fastrtps_cExport.cmake
[55.834s] -- Installing: /home/minkhanttun/ros2_ws/install/custom_action_interfaces/share/custom_action_interfaces/cmake/export_custom_action_interfaces__rosidl_typesupport_fastrtps_cExport-noconfig.cmake
[55.838s] -- Installing: /home/minkhanttun/ros2_ws/install/custom_action_interfaces/share/custom_action_interfaces/cmake/custom_action_interfaces__rosidl_typesupport_introspection_cExport.cmake
[55.838s] -- Installing: /home/minkhanttun/ros2_ws/install/custom_action_interfaces/share/custom_action_interfaces/cmake/custom_action_interfaces__rosidl_typesupport_introspection_cExport-noconfig.cmake
[55.838s] -- Installing: /home/minkhanttun/ros2_ws/install/custom_action_interfaces/share/custom_action_interfaces/cmake/custom_action_interfaces__rosidl_typesupport_cExport.cmake
[55.841s] -- Installing: /home/minkhanttun/ros2_ws/install/custom_action_interfaces/share/custom_action_interfaces/cmake/custom_action_interfaces__rosidl_typesupport_cExport-noconfig.cmake
[55.841s] -- Installing: /home/minkhanttun/ros2_ws/install/custom_action_interfaces/share/custom_action_interfaces/cmake/export_custom_action_interfaces__rosidl_generator_cppExport.cmake
[55.841s] -- Installing: /home/minkhanttun/ros2_ws/install/custom_action_interfaces/share/custom_action_interfaces/cmake/export_custom_action_interfaces__rosidl_typesupport_fastrtps_cppExport.cmake
[55.841s] -- Installing: /home/minkhanttun/ros2_ws/install/custom_action_interfaces/share/custom_action_interfaces/cmake/export_custom_action_interfaces__rosidl_typesupport_fastrtps_cppExport-noconfig.cmake
[55.842s] -- Installing: /home/minkhanttun/ros2_ws/install/custom_action_interfaces/share/custom_action_interfaces/cmake/custom_action_interfaces__rosidl_typesupport_introspection_cppExport.cmake
[55.842s] -- Installing: /home/minkhanttun/ros2_ws/install/custom_action_interfaces/share/custom_action_interfaces/cmake/custom_action_interfaces__rosidl_typesupport_introspection_cppExport-noconfig.cmake
[55.845s] -- Installing: /home/minkhanttun/ros2_ws/install/custom_action_interfaces/share/custom_action_interfaces/cmake/custom_action_interfaces__rosidl_typesupport_cppExport.cmake
[55.845s] -- Installing: /home/minkhanttun/ros2_ws/install/custom_action_interfaces/share/custom_action_interfaces/cmake/custom_action_interfaces__rosidl_typesupport_cppExport-noconfig.cmake
[55.845s] -- Installing: /home/minkhanttun/ros2_ws/install/custom_action_interfaces/share/custom_action_interfaces/cmake/export_custom_action_interfaces__rosidl_generator_pyExport.cmake
[55.845s] -- Installing: /home/minkhanttun/ros2_ws/install/custom_action_interfaces/share/custom_action_interfaces/cmake/export_custom_action_interfaces__rosidl_generator_pyExport-noconfig.cmake
[55.849s] -- Installing: /home/minkhanttun/ros2_ws/install/custom_action_interfaces/share/custom_action_interfaces/cmake/rosidl_cmake-extras.cmake
[55.849s] -- Installing: /home/minkhanttun/ros2_ws/install/custom_action_interfaces/share/custom_action_interfaces/cmake/ament_cmake_export_dependencies-extras.cmake
[55.849s] -- Installing: /home/minkhanttun/ros2_ws/install/custom_action_interfaces/share/custom_action_interfaces/cmake/ament_cmake_export_include_directories-extras.cmake
[55.849s] -- Installing: /home/minkhanttun/ros2_ws/install/custom_action_interfaces/share/custom_action_interfaces/cmake/ament_cmake_export_libraries-extras.cmake
[55.850s] -- Installing: /home/minkhanttun/ros2_ws/install/custom_action_interfaces/share/custom_action_interfaces/cmake/ament_cmake_export_targets-extras.cmake
[55.853s] -- Installing: /home/minkhanttun/ros2_ws/install/custom_action_interfaces/share/custom_action_interfaces/cmake/rosidl_cmake_export_typesupport_targets-extras.cmake
[55.853s] -- Installing: /home/minkhanttun/ros2_ws/install/custom_action_interfaces/share/custom_action_interfaces/cmake/rosidl_cmake_export_typesupport_libraries-extras.cmake
[55.855s] -- Installing: /home/minkhanttun/ros2_ws/install/custom_action_interfaces/share/custom_action_interfaces/cmake/custom_action_interfacesConfig.cmake
[55.856s] -- Installing: /home/minkhanttun/ros2_ws/install/custom_action_interfaces/share/custom_action_interfaces/cmake/custom_action_interfacesConfig-version.cmake
[55.856s] -- Installing: /home/minkhanttun/ros2_ws/install/custom_action_interfaces/share/custom_action_interfaces/package.xml
[55.865s] Invoked command in '/home/minkhanttun/ros2_ws/build/custom_action_interfaces' returned '0': CMAKE_PREFIX_PATH=${CMAKE_PREFIX_PATH}:/opt/ros/jazzy DEBUGINFOD_URLS=https://debuginfod.ubuntu.com /usr/bin/cmake --install /home/minkhanttun/ros2_ws/build/custom_action_interfaces
