[0.067s] Invoking command in '/home/minkhanttun/ros2_ws/build/tutorial_interfaces': CMAKE_PREFIX_PATH=${CMAKE_PREFIX_PATH}:/opt/ros/jazzy DEBUGINFOD_URLS=https://debuginfod.ubuntu.com /usr/bin/cmake --build /home/minkhanttun/ros2_ws/build/tutorial_interfaces -- -j4 -l4
[0.365s] [  1%] Built target tutorial_interfaces__rosidl_generator_type_description
[0.431s] [  1%] Built target ament_cmake_python_copy_tutorial_interfaces
[0.493s] [  3%] Built target tutorial_interfaces__cpp
[0.685s] [ 24%] Built target tutorial_interfaces__rosidl_generator_c
[0.883s] [ 33%] Built target tutorial_interfaces__rosidl_typesupport_fastrtps_cpp
[1.106s] [ 42%] Built target tutorial_interfaces__rosidl_typesupport_c
[1.314s] [ 51%] Built target tutorial_interfaces__rosidl_typesupport_introspection_cpp
[1.477s] [ 61%] Built target tutorial_interfaces__rosidl_typesupport_cpp
[1.630s] [ 70%] Built target tutorial_interfaces__rosidl_typesupport_fastrtps_c
[1.789s] [ 79%] Built target tutorial_interfaces__rosidl_typesupport_introspection_c
[1.995s] [ 79%] Built target tutorial_interfaces
[2.137s] [ 81%] Built target tutorial_interfaces__py
[2.226s] running egg_info
[2.259s] [ 88%] Built target tutorial_interfaces__rosidl_generator_py
[2.310s] writing tutorial_interfaces.egg-info/PKG-INFO
[2.311s] writing dependency_links to tutorial_interfaces.egg-info/dependency_links.txt
[2.311s] writing top-level names to tutorial_interfaces.egg-info/top_level.txt
[2.427s] [ 92%] Built target tutorial_interfaces_s__rosidl_typesupport_fastrtps_c
[2.556s] [ 96%] Built target tutorial_interfaces_s__rosidl_typesupport_c
[2.658s] reading manifest file 'tutorial_interfaces.egg-info/SOURCES.txt'
[2.663s] writing manifest file 'tutorial_interfaces.egg-info/SOURCES.txt'
[2.697s] [100%] Built target tutorial_interfaces_s__rosidl_typesupport_introspection_c
[2.936s] [100%] Built target ament_cmake_python_build_tutorial_interfaces_egg
[3.001s] Invoked command in '/home/minkhanttun/ros2_ws/build/tutorial_interfaces' returned '0': CMAKE_PREFIX_PATH=${CMAKE_PREFIX_PATH}:/opt/ros/jazzy DEBUGINFOD_URLS=https://debuginfod.ubuntu.com /usr/bin/cmake --build /home/minkhanttun/ros2_ws/build/tutorial_interfaces -- -j4 -l4
[3.002s] Invoking command in '/home/minkhanttun/ros2_ws/build/tutorial_interfaces': CMAKE_PREFIX_PATH=${CMAKE_PREFIX_PATH}:/opt/ros/jazzy DEBUGINFOD_URLS=https://debuginfod.ubuntu.com /usr/bin/cmake --install /home/minkhanttun/ros2_ws/build/tutorial_interfaces
[3.059s] -- Install configuration: ""
[3.065s] -- Up-to-date: /home/minkhanttun/ros2_ws/install/tutorial_interfaces/share/ament_index/resource_index/rosidl_interfaces/tutorial_interfaces
[3.066s] -- Up-to-date: /home/minkhanttun/ros2_ws/install/tutorial_interfaces/share/tutorial_interfaces/msg/Num.json
[3.066s] -- Up-to-date: /home/minkhanttun/ros2_ws/install/tutorial_interfaces/share/tutorial_interfaces/msg/Sphere.json
[3.066s] -- Up-to-date: /home/minkhanttun/ros2_ws/install/tutorial_interfaces/share/tutorial_interfaces/srv/AddThreeInts.json
[3.066s] -- Up-to-date: /home/minkhanttun/ros2_ws/install/tutorial_interfaces/include/tutorial_interfaces/tutorial_interfaces
[3.072s] -- Up-to-date: /home/minkhanttun/ros2_ws/install/tutorial_interfaces/include/tutorial_interfaces/tutorial_interfaces/msg
[3.073s] -- Up-to-date: /home/minkhanttun/ros2_ws/install/tutorial_interfaces/include/tutorial_interfaces/tutorial_interfaces/msg/detail
[3.073s] -- Up-to-date: /home/minkhanttun/ros2_ws/install/tutorial_interfaces/include/tutorial_interfaces/tutorial_interfaces/msg/detail/num__functions.h
[3.073s] -- Up-to-date: /home/minkhanttun/ros2_ws/install/tutorial_interfaces/include/tutorial_interfaces/tutorial_interfaces/msg/detail/sphere__functions.c
[3.073s] -- Up-to-date: /home/minkhanttun/ros2_ws/install/tutorial_interfaces/include/tutorial_interfaces/tutorial_interfaces/msg/detail/sphere__description.c
[3.073s] -- Up-to-date: /home/minkhanttun/ros2_ws/install/tutorial_interfaces/include/tutorial_interfaces/tutorial_interfaces/msg/detail/sphere__type_support.h
[3.077s] -- Up-to-date: /home/minkhanttun/ros2_ws/install/tutorial_interfaces/include/tutorial_interfaces/tutorial_interfaces/msg/detail/sphere__struct.h
[3.077s] -- Installing: /home/minkhanttun/ros2_ws/install/tutorial_interfaces/include/tutorial_interfaces/tutorial_interfaces/msg/detail/sphere__type_support.c
[3.081s] -- Up-to-date: /home/minkhanttun/ros2_ws/install/tutorial_interfaces/include/tutorial_interfaces/tutorial_interfaces/msg/detail/num__type_support.h
[3.081s] -- Up-to-date: /home/minkhanttun/ros2_ws/install/tutorial_interfaces/include/tutorial_interfaces/tutorial_interfaces/msg/detail/sphere__functions.h
[3.081s] -- Up-to-date: /home/minkhanttun/ros2_ws/install/tutorial_interfaces/include/tutorial_interfaces/tutorial_interfaces/msg/detail/num__description.c
[3.082s] -- Up-to-date: /home/minkhanttun/ros2_ws/install/tutorial_interfaces/include/tutorial_interfaces/tutorial_interfaces/msg/detail/num__struct.h
[3.082s] -- Up-to-date: /home/minkhanttun/ros2_ws/install/tutorial_interfaces/include/tutorial_interfaces/tutorial_interfaces/msg/detail/num__functions.c
[3.082s] -- Installing: /home/minkhanttun/ros2_ws/install/tutorial_interfaces/include/tutorial_interfaces/tutorial_interfaces/msg/detail/num__type_support.c
[3.082s] -- Up-to-date: /home/minkhanttun/ros2_ws/install/tutorial_interfaces/include/tutorial_interfaces/tutorial_interfaces/msg/rosidl_generator_c__visibility_control.h
[3.082s] -- Up-to-date: /home/minkhanttun/ros2_ws/install/tutorial_interfaces/include/tutorial_interfaces/tutorial_interfaces/msg/num.h
[3.082s] -- Up-to-date: /home/minkhanttun/ros2_ws/install/tutorial_interfaces/include/tutorial_interfaces/tutorial_interfaces/msg/sphere.h
[3.083s] -- Up-to-date: /home/minkhanttun/ros2_ws/install/tutorial_interfaces/include/tutorial_interfaces/tutorial_interfaces/srv
[3.083s] -- Up-to-date: /home/minkhanttun/ros2_ws/install/tutorial_interfaces/include/tutorial_interfaces/tutorial_interfaces/srv/detail
[3.083s] -- Up-to-date: /home/minkhanttun/ros2_ws/install/tutorial_interfaces/include/tutorial_interfaces/tutorial_interfaces/srv/detail/add_three_ints__functions.h
[3.083s] -- Up-to-date: /home/minkhanttun/ros2_ws/install/tutorial_interfaces/include/tutorial_interfaces/tutorial_interfaces/srv/detail/add_three_ints__description.c
[3.083s] -- Up-to-date: /home/minkhanttun/ros2_ws/install/tutorial_interfaces/include/tutorial_interfaces/tutorial_interfaces/srv/detail/add_three_ints__type_support.h
[3.083s] -- Up-to-date: /home/minkhanttun/ros2_ws/install/tutorial_interfaces/include/tutorial_interfaces/tutorial_interfaces/srv/detail/add_three_ints__struct.h
[3.087s] -- Up-to-date: /home/minkhanttun/ros2_ws/install/tutorial_interfaces/include/tutorial_interfaces/tutorial_interfaces/srv/detail/add_three_ints__functions.c
[3.089s] -- Installing: /home/minkhanttun/ros2_ws/install/tutorial_interfaces/include/tutorial_interfaces/tutorial_interfaces/srv/detail/add_three_ints__type_support.c
[3.090s] -- Up-to-date: /home/minkhanttun/ros2_ws/install/tutorial_interfaces/include/tutorial_interfaces/tutorial_interfaces/srv/add_three_ints.h
[3.090s] -- Up-to-date: /home/minkhanttun/ros2_ws/install/tutorial_interfaces/share/tutorial_interfaces/environment/library_path.sh
[3.090s] -- Up-to-date: /home/minkhanttun/ros2_ws/install/tutorial_interfaces/share/tutorial_interfaces/environment/library_path.dsv
[3.090s] -- Up-to-date: /home/minkhanttun/ros2_ws/install/tutorial_interfaces/lib/libtutorial_interfaces__rosidl_generator_c.so
[3.090s] -- Up-to-date: /home/minkhanttun/ros2_ws/install/tutorial_interfaces/include/tutorial_interfaces/tutorial_interfaces
[3.090s] -- Up-to-date: /home/minkhanttun/ros2_ws/install/tutorial_interfaces/include/tutorial_interfaces/tutorial_interfaces/msg
[3.091s] -- Up-to-date: /home/minkhanttun/ros2_ws/install/tutorial_interfaces/include/tutorial_interfaces/tutorial_interfaces/msg/detail
[3.091s] -- Up-to-date: /home/minkhanttun/ros2_ws/install/tutorial_interfaces/include/tutorial_interfaces/tutorial_interfaces/msg/detail/num__rosidl_typesupport_fastrtps_c.h
[3.091s] -- Up-to-date: /home/minkhanttun/ros2_ws/install/tutorial_interfaces/include/tutorial_interfaces/tutorial_interfaces/msg/detail/sphere__rosidl_typesupport_fastrtps_c.h
[3.091s] -- Up-to-date: /home/minkhanttun/ros2_ws/install/tutorial_interfaces/include/tutorial_interfaces/tutorial_interfaces/msg/rosidl_typesupport_fastrtps_c__visibility_control.h
[3.091s] -- Up-to-date: /home/minkhanttun/ros2_ws/install/tutorial_interfaces/include/tutorial_interfaces/tutorial_interfaces/srv
[3.091s] -- Up-to-date: /home/minkhanttun/ros2_ws/install/tutorial_interfaces/include/tutorial_interfaces/tutorial_interfaces/srv/detail
[3.097s] -- Up-to-date: /home/minkhanttun/ros2_ws/install/tutorial_interfaces/include/tutorial_interfaces/tutorial_interfaces/srv/detail/add_three_ints__rosidl_typesupport_fastrtps_c.h
[3.100s] -- Up-to-date: /home/minkhanttun/ros2_ws/install/tutorial_interfaces/lib/libtutorial_interfaces__rosidl_typesupport_fastrtps_c.so
[3.100s] -- Up-to-date: /home/minkhanttun/ros2_ws/install/tutorial_interfaces/include/tutorial_interfaces/tutorial_interfaces
[3.100s] -- Up-to-date: /home/minkhanttun/ros2_ws/install/tutorial_interfaces/include/tutorial_interfaces/tutorial_interfaces/msg
[3.100s] -- Up-to-date: /home/minkhanttun/ros2_ws/install/tutorial_interfaces/include/tutorial_interfaces/tutorial_interfaces/msg/detail
[3.101s] -- Up-to-date: /home/minkhanttun/ros2_ws/install/tutorial_interfaces/include/tutorial_interfaces/tutorial_interfaces/msg/detail/sphere__type_support.hpp
[3.101s] -- Up-to-date: /home/minkhanttun/ros2_ws/install/tutorial_interfaces/include/tutorial_interfaces/tutorial_interfaces/msg/detail/num__traits.hpp
[3.101s] -- Up-to-date: /home/minkhanttun/ros2_ws/install/tutorial_interfaces/include/tutorial_interfaces/tutorial_interfaces/msg/detail/num__builder.hpp
[3.101s] -- Up-to-date: /home/minkhanttun/ros2_ws/install/tutorial_interfaces/include/tutorial_interfaces/tutorial_interfaces/msg/detail/num__type_support.hpp
[3.102s] -- Up-to-date: /home/minkhanttun/ros2_ws/install/tutorial_interfaces/include/tutorial_interfaces/tutorial_interfaces/msg/detail/sphere__struct.hpp
[3.102s] -- Up-to-date: /home/minkhanttun/ros2_ws/install/tutorial_interfaces/include/tutorial_interfaces/tutorial_interfaces/msg/detail/sphere__builder.hpp
[3.102s] -- Up-to-date: /home/minkhanttun/ros2_ws/install/tutorial_interfaces/include/tutorial_interfaces/tutorial_interfaces/msg/detail/num__struct.hpp
[3.102s] -- Up-to-date: /home/minkhanttun/ros2_ws/install/tutorial_interfaces/include/tutorial_interfaces/tutorial_interfaces/msg/detail/sphere__traits.hpp
[3.102s] -- Up-to-date: /home/minkhanttun/ros2_ws/install/tutorial_interfaces/include/tutorial_interfaces/tutorial_interfaces/msg/rosidl_generator_cpp__visibility_control.hpp
[3.102s] -- Up-to-date: /home/minkhanttun/ros2_ws/install/tutorial_interfaces/include/tutorial_interfaces/tutorial_interfaces/msg/num.hpp
[3.102s] -- Up-to-date: /home/minkhanttun/ros2_ws/install/tutorial_interfaces/include/tutorial_interfaces/tutorial_interfaces/msg/sphere.hpp
[3.103s] -- Up-to-date: /home/minkhanttun/ros2_ws/install/tutorial_interfaces/include/tutorial_interfaces/tutorial_interfaces/srv
[3.103s] -- Up-to-date: /home/minkhanttun/ros2_ws/install/tutorial_interfaces/include/tutorial_interfaces/tutorial_interfaces/srv/add_three_ints.hpp
[3.103s] -- Up-to-date: /home/minkhanttun/ros2_ws/install/tutorial_interfaces/include/tutorial_interfaces/tutorial_interfaces/srv/detail
[3.103s] -- Up-to-date: /home/minkhanttun/ros2_ws/install/tutorial_interfaces/include/tutorial_interfaces/tutorial_interfaces/srv/detail/add_three_ints__type_support.hpp
[3.103s] -- Up-to-date: /home/minkhanttun/ros2_ws/install/tutorial_interfaces/include/tutorial_interfaces/tutorial_interfaces/srv/detail/add_three_ints__builder.hpp
[3.103s] -- Up-to-date: /home/minkhanttun/ros2_ws/install/tutorial_interfaces/include/tutorial_interfaces/tutorial_interfaces/srv/detail/add_three_ints__struct.hpp
[3.110s] -- Up-to-date: /home/minkhanttun/ros2_ws/install/tutorial_interfaces/include/tutorial_interfaces/tutorial_interfaces/srv/detail/add_three_ints__traits.hpp
[3.110s] -- Up-to-date: /home/minkhanttun/ros2_ws/install/tutorial_interfaces/include/tutorial_interfaces/tutorial_interfaces
[3.111s] -- Up-to-date: /home/minkhanttun/ros2_ws/install/tutorial_interfaces/include/tutorial_interfaces/tutorial_interfaces/msg
[3.111s] -- Up-to-date: /home/minkhanttun/ros2_ws/install/tutorial_interfaces/include/tutorial_interfaces/tutorial_interfaces/msg/rosidl_typesupport_fastrtps_cpp__visibility_control.h
[3.111s] -- Up-to-date: /home/minkhanttun/ros2_ws/install/tutorial_interfaces/include/tutorial_interfaces/tutorial_interfaces/msg/detail
[3.111s] -- Up-to-date: /home/minkhanttun/ros2_ws/install/tutorial_interfaces/include/tutorial_interfaces/tutorial_interfaces/msg/detail/num__rosidl_typesupport_fastrtps_cpp.hpp
[3.111s] -- Up-to-date: /home/minkhanttun/ros2_ws/install/tutorial_interfaces/include/tutorial_interfaces/tutorial_interfaces/msg/detail/sphere__rosidl_typesupport_fastrtps_cpp.hpp
[3.118s] -- Up-to-date: /home/minkhanttun/ros2_ws/install/tutorial_interfaces/include/tutorial_interfaces/tutorial_interfaces/msg/detail/dds_fastrtps
[3.118s] -- Up-to-date: /home/minkhanttun/ros2_ws/install/tutorial_interfaces/include/tutorial_interfaces/tutorial_interfaces/srv
[3.118s] -- Up-to-date: /home/minkhanttun/ros2_ws/install/tutorial_interfaces/include/tutorial_interfaces/tutorial_interfaces/srv/detail
[3.118s] -- Up-to-date: /home/minkhanttun/ros2_ws/install/tutorial_interfaces/include/tutorial_interfaces/tutorial_interfaces/srv/detail/add_three_ints__rosidl_typesupport_fastrtps_cpp.hpp
[3.118s] -- Up-to-date: /home/minkhanttun/ros2_ws/install/tutorial_interfaces/include/tutorial_interfaces/tutorial_interfaces/srv/detail/dds_fastrtps
[3.119s] -- Up-to-date: /home/minkhanttun/ros2_ws/install/tutorial_interfaces/lib/libtutorial_interfaces__rosidl_typesupport_fastrtps_cpp.so
[3.119s] -- Up-to-date: /home/minkhanttun/ros2_ws/install/tutorial_interfaces/include/tutorial_interfaces/tutorial_interfaces
[3.119s] -- Up-to-date: /home/minkhanttun/ros2_ws/install/tutorial_interfaces/include/tutorial_interfaces/tutorial_interfaces/msg
[3.119s] -- Up-to-date: /home/minkhanttun/ros2_ws/install/tutorial_interfaces/include/tutorial_interfaces/tutorial_interfaces/msg/detail
[3.119s] -- Installing: /home/minkhanttun/ros2_ws/install/tutorial_interfaces/include/tutorial_interfaces/tutorial_interfaces/msg/detail/sphere__type_support.c
[3.120s] -- Up-to-date: /home/minkhanttun/ros2_ws/install/tutorial_interfaces/include/tutorial_interfaces/tutorial_interfaces/msg/detail/num__rosidl_typesupport_introspection_c.h
[3.120s] -- Up-to-date: /home/minkhanttun/ros2_ws/install/tutorial_interfaces/include/tutorial_interfaces/tutorial_interfaces/msg/detail/sphere__rosidl_typesupport_introspection_c.h
[3.120s] -- Installing: /home/minkhanttun/ros2_ws/install/tutorial_interfaces/include/tutorial_interfaces/tutorial_interfaces/msg/detail/num__type_support.c
[3.120s] -- Up-to-date: /home/minkhanttun/ros2_ws/install/tutorial_interfaces/include/tutorial_interfaces/tutorial_interfaces/msg/rosidl_typesupport_introspection_c__visibility_control.h
[3.125s] -- Up-to-date: /home/minkhanttun/ros2_ws/install/tutorial_interfaces/include/tutorial_interfaces/tutorial_interfaces/srv
[3.125s] -- Up-to-date: /home/minkhanttun/ros2_ws/install/tutorial_interfaces/include/tutorial_interfaces/tutorial_interfaces/srv/detail
[3.126s] -- Up-to-date: /home/minkhanttun/ros2_ws/install/tutorial_interfaces/include/tutorial_interfaces/tutorial_interfaces/srv/detail/add_three_ints__rosidl_typesupport_introspection_c.h
[3.126s] -- Installing: /home/minkhanttun/ros2_ws/install/tutorial_interfaces/include/tutorial_interfaces/tutorial_interfaces/srv/detail/add_three_ints__type_support.c
[3.126s] -- Up-to-date: /home/minkhanttun/ros2_ws/install/tutorial_interfaces/lib/libtutorial_interfaces__rosidl_typesupport_introspection_c.so
[3.126s] -- Up-to-date: /home/minkhanttun/ros2_ws/install/tutorial_interfaces/lib/libtutorial_interfaces__rosidl_typesupport_c.so
[3.126s] -- Up-to-date: /home/minkhanttun/ros2_ws/install/tutorial_interfaces/include/tutorial_interfaces/tutorial_interfaces
[3.127s] -- Up-to-date: /home/minkhanttun/ros2_ws/install/tutorial_interfaces/include/tutorial_interfaces/tutorial_interfaces/msg
[3.127s] -- Up-to-date: /home/minkhanttun/ros2_ws/install/tutorial_interfaces/include/tutorial_interfaces/tutorial_interfaces/msg/detail
[3.127s] -- Up-to-date: /home/minkhanttun/ros2_ws/install/tutorial_interfaces/include/tutorial_interfaces/tutorial_interfaces/msg/detail/num__type_support.cpp
[3.127s] -- Up-to-date: /home/minkhanttun/ros2_ws/install/tutorial_interfaces/include/tutorial_interfaces/tutorial_interfaces/msg/detail/num__rosidl_typesupport_introspection_cpp.hpp
[3.127s] -- Up-to-date: /home/minkhanttun/ros2_ws/install/tutorial_interfaces/include/tutorial_interfaces/tutorial_interfaces/msg/detail/sphere__type_support.cpp
[3.127s] -- Up-to-date: /home/minkhanttun/ros2_ws/install/tutorial_interfaces/include/tutorial_interfaces/tutorial_interfaces/msg/detail/sphere__rosidl_typesupport_introspection_cpp.hpp
[3.127s] -- Up-to-date: /home/minkhanttun/ros2_ws/install/tutorial_interfaces/include/tutorial_interfaces/tutorial_interfaces/srv
[3.133s] -- Up-to-date: /home/minkhanttun/ros2_ws/install/tutorial_interfaces/include/tutorial_interfaces/tutorial_interfaces/srv/detail
[3.133s] -- Up-to-date: /home/minkhanttun/ros2_ws/install/tutorial_interfaces/include/tutorial_interfaces/tutorial_interfaces/srv/detail/add_three_ints__type_support.cpp
[3.133s] -- Up-to-date: /home/minkhanttun/ros2_ws/install/tutorial_interfaces/include/tutorial_interfaces/tutorial_interfaces/srv/detail/add_three_ints__rosidl_typesupport_introspection_cpp.hpp
[3.134s] -- Up-to-date: /home/minkhanttun/ros2_ws/install/tutorial_interfaces/lib/libtutorial_interfaces__rosidl_typesupport_introspection_cpp.so
[3.134s] -- Up-to-date: /home/minkhanttun/ros2_ws/install/tutorial_interfaces/lib/libtutorial_interfaces__rosidl_typesupport_cpp.so
[3.134s] -- Up-to-date: /home/minkhanttun/ros2_ws/install/tutorial_interfaces/share/tutorial_interfaces/environment/pythonpath.sh
[3.134s] -- Up-to-date: /home/minkhanttun/ros2_ws/install/tutorial_interfaces/share/tutorial_interfaces/environment/pythonpath.dsv
[3.134s] -- Up-to-date: /home/minkhanttun/ros2_ws/install/tutorial_interfaces/lib/python3.12/site-packages/tutorial_interfaces-0.0.0-py3.12.egg-info
[3.134s] -- Installing: /home/minkhanttun/ros2_ws/install/tutorial_interfaces/lib/python3.12/site-packages/tutorial_interfaces-0.0.0-py3.12.egg-info/SOURCES.txt
[3.135s] -- Installing: /home/minkhanttun/ros2_ws/install/tutorial_interfaces/lib/python3.12/site-packages/tutorial_interfaces-0.0.0-py3.12.egg-info/top_level.txt
[3.135s] -- Installing: /home/minkhanttun/ros2_ws/install/tutorial_interfaces/lib/python3.12/site-packages/tutorial_interfaces-0.0.0-py3.12.egg-info/PKG-INFO
[3.135s] -- Installing: /home/minkhanttun/ros2_ws/install/tutorial_interfaces/lib/python3.12/site-packages/tutorial_interfaces-0.0.0-py3.12.egg-info/dependency_links.txt
[3.135s] -- Up-to-date: /home/minkhanttun/ros2_ws/install/tutorial_interfaces/lib/python3.12/site-packages/tutorial_interfaces
[3.135s] -- Up-to-date: /home/minkhanttun/ros2_ws/install/tutorial_interfaces/lib/python3.12/site-packages/tutorial_interfaces/_tutorial_interfaces_s.ep.rosidl_typesupport_fastrtps_c.c
[3.135s] -- Up-to-date: /home/minkhanttun/ros2_ws/install/tutorial_interfaces/lib/python3.12/site-packages/tutorial_interfaces/tutorial_interfaces_s__rosidl_typesupport_c.so
[3.142s] -- Up-to-date: /home/minkhanttun/ros2_ws/install/tutorial_interfaces/lib/python3.12/site-packages/tutorial_interfaces/tutorial_interfaces_s__rosidl_typesupport_fastrtps_c.so
[3.142s] -- Up-to-date: /home/minkhanttun/ros2_ws/install/tutorial_interfaces/lib/python3.12/site-packages/tutorial_interfaces/msg
[3.142s] -- Up-to-date: /home/minkhanttun/ros2_ws/install/tutorial_interfaces/lib/python3.12/site-packages/tutorial_interfaces/msg/_num_s.c
[3.142s] -- Up-to-date: /home/minkhanttun/ros2_ws/install/tutorial_interfaces/lib/python3.12/site-packages/tutorial_interfaces/msg/_sphere.py
[3.142s] -- Up-to-date: /home/minkhanttun/ros2_ws/install/tutorial_interfaces/lib/python3.12/site-packages/tutorial_interfaces/msg/_num.py
[3.142s] -- Up-to-date: /home/minkhanttun/ros2_ws/install/tutorial_interfaces/lib/python3.12/site-packages/tutorial_interfaces/msg/__init__.py
[3.142s] -- Up-to-date: /home/minkhanttun/ros2_ws/install/tutorial_interfaces/lib/python3.12/site-packages/tutorial_interfaces/msg/_sphere_s.c
[3.143s] -- Up-to-date: /home/minkhanttun/ros2_ws/install/tutorial_interfaces/lib/python3.12/site-packages/tutorial_interfaces/_tutorial_interfaces_s.ep.rosidl_typesupport_c.c
[3.143s] -- Up-to-date: /home/minkhanttun/ros2_ws/install/tutorial_interfaces/lib/python3.12/site-packages/tutorial_interfaces/tutorial_interfaces_s__rosidl_typesupport_introspection_c.so
[3.143s] -- Up-to-date: /home/minkhanttun/ros2_ws/install/tutorial_interfaces/lib/python3.12/site-packages/tutorial_interfaces/__init__.py
[3.143s] -- Up-to-date: /home/minkhanttun/ros2_ws/install/tutorial_interfaces/lib/python3.12/site-packages/tutorial_interfaces/_tutorial_interfaces_s.ep.rosidl_typesupport_introspection_c.c
[3.143s] -- Up-to-date: /home/minkhanttun/ros2_ws/install/tutorial_interfaces/lib/python3.12/site-packages/tutorial_interfaces/srv
[3.143s] -- Up-to-date: /home/minkhanttun/ros2_ws/install/tutorial_interfaces/lib/python3.12/site-packages/tutorial_interfaces/srv/_add_three_ints_s.c
[3.143s] -- Up-to-date: /home/minkhanttun/ros2_ws/install/tutorial_interfaces/lib/python3.12/site-packages/tutorial_interfaces/srv/__init__.py
[3.144s] -- Up-to-date: /home/minkhanttun/ros2_ws/install/tutorial_interfaces/lib/python3.12/site-packages/tutorial_interfaces/srv/_add_three_ints.py
[3.385s] Listing '/home/minkhanttun/ros2_ws/install/tutorial_interfaces/lib/python3.12/site-packages/tutorial_interfaces'...
[3.385s] Listing '/home/minkhanttun/ros2_ws/install/tutorial_interfaces/lib/python3.12/site-packages/tutorial_interfaces/msg'...
[3.389s] Listing '/home/minkhanttun/ros2_ws/install/tutorial_interfaces/lib/python3.12/site-packages/tutorial_interfaces/srv'...
[3.434s] -- Up-to-date: /home/minkhanttun/ros2_ws/install/tutorial_interfaces/lib/python3.12/site-packages/tutorial_interfaces/tutorial_interfaces_s__rosidl_typesupport_fastrtps_c.so
[3.434s] -- Up-to-date: /home/minkhanttun/ros2_ws/install/tutorial_interfaces/lib/python3.12/site-packages/tutorial_interfaces/tutorial_interfaces_s__rosidl_typesupport_introspection_c.so
[3.435s] -- Up-to-date: /home/minkhanttun/ros2_ws/install/tutorial_interfaces/lib/python3.12/site-packages/tutorial_interfaces/tutorial_interfaces_s__rosidl_typesupport_c.so
[3.440s] -- Up-to-date: /home/minkhanttun/ros2_ws/install/tutorial_interfaces/lib/libtutorial_interfaces__rosidl_generator_py.so
[3.442s] -- Up-to-date: /home/minkhanttun/ros2_ws/install/tutorial_interfaces/share/tutorial_interfaces/msg/Num.idl
[3.442s] -- Up-to-date: /home/minkhanttun/ros2_ws/install/tutorial_interfaces/share/tutorial_interfaces/msg/Sphere.idl
[3.442s] -- Up-to-date: /home/minkhanttun/ros2_ws/install/tutorial_interfaces/share/tutorial_interfaces/srv/AddThreeInts.idl
[3.443s] -- Up-to-date: /home/minkhanttun/ros2_ws/install/tutorial_interfaces/share/tutorial_interfaces/msg/Num.msg
[3.444s] -- Up-to-date: /home/minkhanttun/ros2_ws/install/tutorial_interfaces/share/tutorial_interfaces/msg/Sphere.msg
[3.445s] -- Up-to-date: /home/minkhanttun/ros2_ws/install/tutorial_interfaces/share/tutorial_interfaces/srv/AddThreeInts.srv
[3.445s] -- Up-to-date: /home/minkhanttun/ros2_ws/install/tutorial_interfaces/share/ament_index/resource_index/package_run_dependencies/tutorial_interfaces
[3.445s] -- Up-to-date: /home/minkhanttun/ros2_ws/install/tutorial_interfaces/share/ament_index/resource_index/parent_prefix_path/tutorial_interfaces
[3.445s] -- Up-to-date: /home/minkhanttun/ros2_ws/install/tutorial_interfaces/share/tutorial_interfaces/environment/ament_prefix_path.sh
[3.445s] -- Up-to-date: /home/minkhanttun/ros2_ws/install/tutorial_interfaces/share/tutorial_interfaces/environment/ament_prefix_path.dsv
[3.445s] -- Up-to-date: /home/minkhanttun/ros2_ws/install/tutorial_interfaces/share/tutorial_interfaces/environment/path.sh
[3.446s] -- Up-to-date: /home/minkhanttun/ros2_ws/install/tutorial_interfaces/share/tutorial_interfaces/environment/path.dsv
[3.446s] -- Up-to-date: /home/minkhanttun/ros2_ws/install/tutorial_interfaces/share/tutorial_interfaces/local_setup.bash
[3.446s] -- Up-to-date: /home/minkhanttun/ros2_ws/install/tutorial_interfaces/share/tutorial_interfaces/local_setup.sh
[3.446s] -- Up-to-date: /home/minkhanttun/ros2_ws/install/tutorial_interfaces/share/tutorial_interfaces/local_setup.zsh
[3.446s] -- Up-to-date: /home/minkhanttun/ros2_ws/install/tutorial_interfaces/share/tutorial_interfaces/local_setup.dsv
[3.454s] -- Installing: /home/minkhanttun/ros2_ws/install/tutorial_interfaces/share/tutorial_interfaces/package.dsv
[3.454s] -- Up-to-date: /home/minkhanttun/ros2_ws/install/tutorial_interfaces/share/ament_index/resource_index/packages/tutorial_interfaces
[3.454s] -- Up-to-date: /home/minkhanttun/ros2_ws/install/tutorial_interfaces/share/tutorial_interfaces/cmake/export_tutorial_interfaces__rosidl_generator_cExport.cmake
[3.455s] -- Up-to-date: /home/minkhanttun/ros2_ws/install/tutorial_interfaces/share/tutorial_interfaces/cmake/export_tutorial_interfaces__rosidl_generator_cExport-noconfig.cmake
[3.455s] -- Up-to-date: /home/minkhanttun/ros2_ws/install/tutorial_interfaces/share/tutorial_interfaces/cmake/export_tutorial_interfaces__rosidl_typesupport_fastrtps_cExport.cmake
[3.455s] -- Up-to-date: /home/minkhanttun/ros2_ws/install/tutorial_interfaces/share/tutorial_interfaces/cmake/export_tutorial_interfaces__rosidl_typesupport_fastrtps_cExport-noconfig.cmake
[3.455s] -- Up-to-date: /home/minkhanttun/ros2_ws/install/tutorial_interfaces/share/tutorial_interfaces/cmake/export_tutorial_interfaces__rosidl_generator_cppExport.cmake
[3.455s] -- Up-to-date: /home/minkhanttun/ros2_ws/install/tutorial_interfaces/share/tutorial_interfaces/cmake/export_tutorial_interfaces__rosidl_typesupport_fastrtps_cppExport.cmake
[3.455s] -- Up-to-date: /home/minkhanttun/ros2_ws/install/tutorial_interfaces/share/tutorial_interfaces/cmake/export_tutorial_interfaces__rosidl_typesupport_fastrtps_cppExport-noconfig.cmake
[3.456s] -- Up-to-date: /home/minkhanttun/ros2_ws/install/tutorial_interfaces/share/tutorial_interfaces/cmake/tutorial_interfaces__rosidl_typesupport_introspection_cExport.cmake
[3.456s] -- Up-to-date: /home/minkhanttun/ros2_ws/install/tutorial_interfaces/share/tutorial_interfaces/cmake/tutorial_interfaces__rosidl_typesupport_introspection_cExport-noconfig.cmake
[3.456s] -- Up-to-date: /home/minkhanttun/ros2_ws/install/tutorial_interfaces/share/tutorial_interfaces/cmake/tutorial_interfaces__rosidl_typesupport_cExport.cmake
[3.456s] -- Up-to-date: /home/minkhanttun/ros2_ws/install/tutorial_interfaces/share/tutorial_interfaces/cmake/tutorial_interfaces__rosidl_typesupport_cExport-noconfig.cmake
[3.456s] -- Up-to-date: /home/minkhanttun/ros2_ws/install/tutorial_interfaces/share/tutorial_interfaces/cmake/tutorial_interfaces__rosidl_typesupport_introspection_cppExport.cmake
[3.461s] -- Up-to-date: /home/minkhanttun/ros2_ws/install/tutorial_interfaces/share/tutorial_interfaces/cmake/tutorial_interfaces__rosidl_typesupport_introspection_cppExport-noconfig.cmake
[3.462s] -- Up-to-date: /home/minkhanttun/ros2_ws/install/tutorial_interfaces/share/tutorial_interfaces/cmake/tutorial_interfaces__rosidl_typesupport_cppExport.cmake
[3.462s] -- Up-to-date: /home/minkhanttun/ros2_ws/install/tutorial_interfaces/share/tutorial_interfaces/cmake/tutorial_interfaces__rosidl_typesupport_cppExport-noconfig.cmake
[3.462s] -- Up-to-date: /home/minkhanttun/ros2_ws/install/tutorial_interfaces/share/tutorial_interfaces/cmake/export_tutorial_interfaces__rosidl_generator_pyExport.cmake
[3.463s] -- Up-to-date: /home/minkhanttun/ros2_ws/install/tutorial_interfaces/share/tutorial_interfaces/cmake/export_tutorial_interfaces__rosidl_generator_pyExport-noconfig.cmake
[3.463s] -- Up-to-date: /home/minkhanttun/ros2_ws/install/tutorial_interfaces/share/tutorial_interfaces/cmake/rosidl_cmake-extras.cmake
[3.463s] -- Up-to-date: /home/minkhanttun/ros2_ws/install/tutorial_interfaces/share/tutorial_interfaces/cmake/ament_cmake_export_dependencies-extras.cmake
[3.463s] -- Up-to-date: /home/minkhanttun/ros2_ws/install/tutorial_interfaces/share/tutorial_interfaces/cmake/ament_cmake_export_include_directories-extras.cmake
[3.463s] -- Up-to-date: /home/minkhanttun/ros2_ws/install/tutorial_interfaces/share/tutorial_interfaces/cmake/ament_cmake_export_libraries-extras.cmake
[3.463s] -- Up-to-date: /home/minkhanttun/ros2_ws/install/tutorial_interfaces/share/tutorial_interfaces/cmake/ament_cmake_export_targets-extras.cmake
[3.463s] -- Up-to-date: /home/minkhanttun/ros2_ws/install/tutorial_interfaces/share/tutorial_interfaces/cmake/rosidl_cmake_export_typesupport_targets-extras.cmake
[3.469s] -- Up-to-date: /home/minkhanttun/ros2_ws/install/tutorial_interfaces/share/tutorial_interfaces/cmake/rosidl_cmake_export_typesupport_libraries-extras.cmake
[3.471s] -- Up-to-date: /home/minkhanttun/ros2_ws/install/tutorial_interfaces/share/tutorial_interfaces/cmake/tutorial_interfacesConfig.cmake
[3.472s] -- Up-to-date: /home/minkhanttun/ros2_ws/install/tutorial_interfaces/share/tutorial_interfaces/cmake/tutorial_interfacesConfig-version.cmake
[3.472s] -- Up-to-date: /home/minkhanttun/ros2_ws/install/tutorial_interfaces/share/tutorial_interfaces/package.xml
[3.500s] Invoked command in '/home/minkhanttun/ros2_ws/build/tutorial_interfaces' returned '0': CMAKE_PREFIX_PATH=${CMAKE_PREFIX_PATH}:/opt/ros/jazzy DEBUGINFOD_URLS=https://debuginfod.ubuntu.com /usr/bin/cmake --install /home/minkhanttun/ros2_ws/build/tutorial_interfaces
