[0.116s] Invoking command in '/home/minkhanttun/ros2_ws/build/turtlesim': CMAKE_PREFIX_PATH=${CMAKE_PREFIX_PATH}:/opt/ros/jazzy DEBUGINFOD_URLS=https://debuginfod.ubuntu.com /usr/bin/cmake --build /home/minkhanttun/ros2_ws/build/turtlesim -- -j4 -l4
[0.791s] [  0%] Built target turtlesim__rosidl_generator_type_description
[1.037s] [  0%] Built target ament_cmake_python_copy_turtlesim
[1.293s] [  1%] Built target turtlesim__cpp
[1.338s] [ 24%] Built target turtlesim__rosidl_generator_c
[1.629s] [ 33%] Built target turtlesim__rosidl_typesupport_fastrtps_cpp
[1.731s] [ 42%] Built target turtlesim__rosidl_typesupport_cpp
[1.773s] [ 50%] Built target turtlesim__rosidl_typesupport_fastrtps_c
[1.822s] [ 59%] Built target turtlesim__rosidl_typesupport_introspection_c
[1.946s] [ 68%] Built target turtlesim__rosidl_typesupport_c
[2.081s] [ 76%] Built target turtlesim__rosidl_typesupport_introspection_cpp
[2.256s] [ 78%] Built target turtle_teleop_key
[2.302s] [ 83%] Built target turtlesim_node
[2.364s] [ 84%] Built target draw_square
[2.505s] [ 86%] Built target mimic
[2.562s] [ 86%] Built target turtlesim
[2.803s] [ 86%] Built target turtlesim__py
[3.014s] [ 94%] Built target turtlesim__rosidl_generator_py
[3.232s] [ 96%] Built target turtlesim_s__rosidl_typesupport_fastrtps_c
[3.240s] [ 98%] Built target turtlesim_s__rosidl_typesupport_introspection_c
[3.282s] [100%] Built target turtlesim_s__rosidl_typesupport_c
[3.324s] running egg_info
[3.387s] writing turtlesim.egg-info/PKG-INFO
[3.387s] writing dependency_links to turtlesim.egg-info/dependency_links.txt
[3.387s] writing top-level names to turtlesim.egg-info/top_level.txt
[3.630s] reading manifest file 'turtlesim.egg-info/SOURCES.txt'
[3.635s] writing manifest file 'turtlesim.egg-info/SOURCES.txt'
[4.019s] [100%] Built target ament_cmake_python_build_turtlesim_egg
[4.235s] Invoked command in '/home/minkhanttun/ros2_ws/build/turtlesim' returned '0': CMAKE_PREFIX_PATH=${CMAKE_PREFIX_PATH}:/opt/ros/jazzy DEBUGINFOD_URLS=https://debuginfod.ubuntu.com /usr/bin/cmake --build /home/minkhanttun/ros2_ws/build/turtlesim -- -j4 -l4
[4.239s] Invoking command in '/home/minkhanttun/ros2_ws/build/turtlesim': CMAKE_PREFIX_PATH=${CMAKE_PREFIX_PATH}:/opt/ros/jazzy DEBUGINFOD_URLS=https://debuginfod.ubuntu.com /usr/bin/cmake --install /home/minkhanttun/ros2_ws/build/turtlesim
[4.312s] -- Install configuration: ""
[4.316s] -- Up-to-date: /home/minkhanttun/ros2_ws/install/turtlesim/share/ament_index/resource_index/rosidl_interfaces/turtlesim
[4.316s] -- Up-to-date: /home/minkhanttun/ros2_ws/install/turtlesim/share/turtlesim/action/RotateAbsolute.json
[4.316s] -- Up-to-date: /home/minkhanttun/ros2_ws/install/turtlesim/share/turtlesim/msg/Color.json
[4.317s] -- Up-to-date: /home/minkhanttun/ros2_ws/install/turtlesim/share/turtlesim/msg/Pose.json
[4.317s] -- Up-to-date: /home/minkhanttun/ros2_ws/install/turtlesim/share/turtlesim/srv/Kill.json
[4.317s] -- Up-to-date: /home/minkhanttun/ros2_ws/install/turtlesim/share/turtlesim/srv/SetPen.json
[4.317s] -- Up-to-date: /home/minkhanttun/ros2_ws/install/turtlesim/share/turtlesim/srv/Spawn.json
[4.317s] -- Up-to-date: /home/minkhanttun/ros2_ws/install/turtlesim/share/turtlesim/srv/TeleportAbsolute.json
[4.321s] -- Up-to-date: /home/minkhanttun/ros2_ws/install/turtlesim/share/turtlesim/srv/TeleportRelative.json
[4.321s] -- Up-to-date: /home/minkhanttun/ros2_ws/install/turtlesim/include/turtlesim/turtlesim
[4.321s] -- Up-to-date: /home/minkhanttun/ros2_ws/install/turtlesim/include/turtlesim/turtlesim/msg
[4.321s] -- Up-to-date: /home/minkhanttun/ros2_ws/install/turtlesim/include/turtlesim/turtlesim/msg/color.h
[4.321s] -- Up-to-date: /home/minkhanttun/ros2_ws/install/turtlesim/include/turtlesim/turtlesim/msg/detail
[4.321s] -- Up-to-date: /home/minkhanttun/ros2_ws/install/turtlesim/include/turtlesim/turtlesim/msg/detail/color__functions.c
[4.329s] -- Up-to-date: /home/minkhanttun/ros2_ws/install/turtlesim/include/turtlesim/turtlesim/msg/detail/color__struct.h
[4.329s] -- Up-to-date: /home/minkhanttun/ros2_ws/install/turtlesim/include/turtlesim/turtlesim/msg/detail/color__functions.h
[4.329s] -- Up-to-date: /home/minkhanttun/ros2_ws/install/turtlesim/include/turtlesim/turtlesim/msg/detail/pose__functions.h
[4.330s] -- Up-to-date: /home/minkhanttun/ros2_ws/install/turtlesim/include/turtlesim/turtlesim/msg/detail/pose__type_support.h
[4.330s] -- Installing: /home/minkhanttun/ros2_ws/install/turtlesim/include/turtlesim/turtlesim/msg/detail/color__type_support.c
[4.330s] -- Up-to-date: /home/minkhanttun/ros2_ws/install/turtlesim/include/turtlesim/turtlesim/msg/detail/pose__description.c
[4.330s] -- Up-to-date: /home/minkhanttun/ros2_ws/install/turtlesim/include/turtlesim/turtlesim/msg/detail/pose__struct.h
[4.330s] -- Up-to-date: /home/minkhanttun/ros2_ws/install/turtlesim/include/turtlesim/turtlesim/msg/detail/color__description.c
[4.330s] -- Installing: /home/minkhanttun/ros2_ws/install/turtlesim/include/turtlesim/turtlesim/msg/detail/pose__type_support.c
[4.340s] -- Up-to-date: /home/minkhanttun/ros2_ws/install/turtlesim/include/turtlesim/turtlesim/msg/detail/pose__functions.c
[4.340s] -- Up-to-date: /home/minkhanttun/ros2_ws/install/turtlesim/include/turtlesim/turtlesim/msg/detail/color__type_support.h
[4.340s] -- Up-to-date: /home/minkhanttun/ros2_ws/install/turtlesim/include/turtlesim/turtlesim/msg/rosidl_generator_c__visibility_control.h
[4.340s] -- Up-to-date: /home/minkhanttun/ros2_ws/install/turtlesim/include/turtlesim/turtlesim/msg/pose.h
[4.340s] -- Up-to-date: /home/minkhanttun/ros2_ws/install/turtlesim/include/turtlesim/turtlesim/srv
[4.341s] -- Up-to-date: /home/minkhanttun/ros2_ws/install/turtlesim/include/turtlesim/turtlesim/srv/kill.h
[4.341s] -- Up-to-date: /home/minkhanttun/ros2_ws/install/turtlesim/include/turtlesim/turtlesim/srv/detail
[4.341s] -- Up-to-date: /home/minkhanttun/ros2_ws/install/turtlesim/include/turtlesim/turtlesim/srv/detail/teleport_relative__type_support.h
[4.346s] -- Up-to-date: /home/minkhanttun/ros2_ws/install/turtlesim/include/turtlesim/turtlesim/srv/detail/spawn__functions.c
[4.346s] -- Installing: /home/minkhanttun/ros2_ws/install/turtlesim/include/turtlesim/turtlesim/srv/detail/kill__type_support.c
[4.346s] -- Up-to-date: /home/minkhanttun/ros2_ws/install/turtlesim/include/turtlesim/turtlesim/srv/detail/spawn__functions.h
[4.346s] -- Up-to-date: /home/minkhanttun/ros2_ws/install/turtlesim/include/turtlesim/turtlesim/srv/detail/spawn__struct.h
[4.360s] -- Up-to-date: /home/minkhanttun/ros2_ws/install/turtlesim/include/turtlesim/turtlesim/srv/detail/kill__functions.c
[4.360s] -- Up-to-date: /home/minkhanttun/ros2_ws/install/turtlesim/include/turtlesim/turtlesim/srv/detail/set_pen__struct.h
[4.360s] -- Up-to-date: /home/minkhanttun/ros2_ws/install/turtlesim/include/turtlesim/turtlesim/srv/detail/teleport_absolute__functions.c
[4.361s] -- Up-to-date: /home/minkhanttun/ros2_ws/install/turtlesim/include/turtlesim/turtlesim/srv/detail/spawn__type_support.h
[4.361s] -- Up-to-date: /home/minkhanttun/ros2_ws/install/turtlesim/include/turtlesim/turtlesim/srv/detail/kill__struct.h
[4.361s] -- Up-to-date: /home/minkhanttun/ros2_ws/install/turtlesim/include/turtlesim/turtlesim/srv/detail/set_pen__description.c
[4.361s] -- Up-to-date: /home/minkhanttun/ros2_ws/install/turtlesim/include/turtlesim/turtlesim/srv/detail/set_pen__functions.c
[4.361s] -- Up-to-date: /home/minkhanttun/ros2_ws/install/turtlesim/include/turtlesim/turtlesim/srv/detail/set_pen__type_support.h
[4.361s] -- Installing: /home/minkhanttun/ros2_ws/install/turtlesim/include/turtlesim/turtlesim/srv/detail/spawn__type_support.c
[4.361s] -- Up-to-date: /home/minkhanttun/ros2_ws/install/turtlesim/include/turtlesim/turtlesim/srv/detail/teleport_relative__functions.h
[4.361s] -- Installing: /home/minkhanttun/ros2_ws/install/turtlesim/include/turtlesim/turtlesim/srv/detail/teleport_relative__type_support.c
[4.361s] -- Up-to-date: /home/minkhanttun/ros2_ws/install/turtlesim/include/turtlesim/turtlesim/srv/detail/teleport_relative__struct.h
[4.362s] -- Up-to-date: /home/minkhanttun/ros2_ws/install/turtlesim/include/turtlesim/turtlesim/srv/detail/kill__functions.h
[4.362s] -- Installing: /home/minkhanttun/ros2_ws/install/turtlesim/include/turtlesim/turtlesim/srv/detail/set_pen__type_support.c
[4.362s] -- Up-to-date: /home/minkhanttun/ros2_ws/install/turtlesim/include/turtlesim/turtlesim/srv/detail/kill__type_support.h
[4.362s] -- Up-to-date: /home/minkhanttun/ros2_ws/install/turtlesim/include/turtlesim/turtlesim/srv/detail/teleport_relative__functions.c
[4.362s] -- Up-to-date: /home/minkhanttun/ros2_ws/install/turtlesim/include/turtlesim/turtlesim/srv/detail/teleport_absolute__description.c
[4.362s] -- Up-to-date: /home/minkhanttun/ros2_ws/install/turtlesim/include/turtlesim/turtlesim/srv/detail/spawn__description.c
[4.362s] -- Up-to-date: /home/minkhanttun/ros2_ws/install/turtlesim/include/turtlesim/turtlesim/srv/detail/teleport_absolute__struct.h
[4.362s] -- Installing: /home/minkhanttun/ros2_ws/install/turtlesim/include/turtlesim/turtlesim/srv/detail/teleport_absolute__type_support.c
[4.375s] -- Up-to-date: /home/minkhanttun/ros2_ws/install/turtlesim/include/turtlesim/turtlesim/srv/detail/teleport_absolute__functions.h
[4.375s] -- Up-to-date: /home/minkhanttun/ros2_ws/install/turtlesim/include/turtlesim/turtlesim/srv/detail/set_pen__functions.h
[4.375s] -- Up-to-date: /home/minkhanttun/ros2_ws/install/turtlesim/include/turtlesim/turtlesim/srv/detail/kill__description.c
[4.376s] -- Up-to-date: /home/minkhanttun/ros2_ws/install/turtlesim/include/turtlesim/turtlesim/srv/detail/teleport_relative__description.c
[4.376s] -- Up-to-date: /home/minkhanttun/ros2_ws/install/turtlesim/include/turtlesim/turtlesim/srv/detail/teleport_absolute__type_support.h
[4.376s] -- Up-to-date: /home/minkhanttun/ros2_ws/install/turtlesim/include/turtlesim/turtlesim/srv/set_pen.h
[4.376s] -- Up-to-date: /home/minkhanttun/ros2_ws/install/turtlesim/include/turtlesim/turtlesim/srv/teleport_relative.h
[4.376s] -- Up-to-date: /home/minkhanttun/ros2_ws/install/turtlesim/include/turtlesim/turtlesim/srv/spawn.h
[4.376s] -- Up-to-date: /home/minkhanttun/ros2_ws/install/turtlesim/include/turtlesim/turtlesim/srv/teleport_absolute.h
[4.376s] -- Up-to-date: /home/minkhanttun/ros2_ws/install/turtlesim/include/turtlesim/turtlesim/action
[4.376s] -- Up-to-date: /home/minkhanttun/ros2_ws/install/turtlesim/include/turtlesim/turtlesim/action/detail
[4.376s] -- Up-to-date: /home/minkhanttun/ros2_ws/install/turtlesim/include/turtlesim/turtlesim/action/detail/rotate_absolute__type_support.h
[4.376s] -- Up-to-date: /home/minkhanttun/ros2_ws/install/turtlesim/include/turtlesim/turtlesim/action/detail/rotate_absolute__description.c
[4.377s] -- Up-to-date: /home/minkhanttun/ros2_ws/install/turtlesim/include/turtlesim/turtlesim/action/detail/rotate_absolute__struct.h
[4.377s] -- Up-to-date: /home/minkhanttun/ros2_ws/install/turtlesim/include/turtlesim/turtlesim/action/detail/rotate_absolute__functions.c
[4.377s] -- Up-to-date: /home/minkhanttun/ros2_ws/install/turtlesim/include/turtlesim/turtlesim/action/detail/rotate_absolute__functions.h
[4.377s] -- Installing: /home/minkhanttun/ros2_ws/install/turtlesim/include/turtlesim/turtlesim/action/detail/rotate_absolute__type_support.c
[4.377s] -- Up-to-date: /home/minkhanttun/ros2_ws/install/turtlesim/include/turtlesim/turtlesim/action/rotate_absolute.h
[4.377s] -- Up-to-date: /home/minkhanttun/ros2_ws/install/turtlesim/share/turtlesim/environment/library_path.sh
[4.377s] -- Up-to-date: /home/minkhanttun/ros2_ws/install/turtlesim/share/turtlesim/environment/library_path.dsv
[4.377s] -- Up-to-date: /home/minkhanttun/ros2_ws/install/turtlesim/lib/libturtlesim__rosidl_generator_c.so
[4.377s] -- Up-to-date: /home/minkhanttun/ros2_ws/install/turtlesim/include/turtlesim/turtlesim
[4.377s] -- Up-to-date: /home/minkhanttun/ros2_ws/install/turtlesim/include/turtlesim/turtlesim/msg
[4.392s] -- Up-to-date: /home/minkhanttun/ros2_ws/install/turtlesim/include/turtlesim/turtlesim/msg/detail
[4.392s] -- Up-to-date: /home/minkhanttun/ros2_ws/install/turtlesim/include/turtlesim/turtlesim/msg/detail/color__rosidl_typesupport_fastrtps_c.h
[4.392s] -- Up-to-date: /home/minkhanttun/ros2_ws/install/turtlesim/include/turtlesim/turtlesim/msg/detail/pose__rosidl_typesupport_fastrtps_c.h
[4.393s] -- Up-to-date: /home/minkhanttun/ros2_ws/install/turtlesim/include/turtlesim/turtlesim/msg/rosidl_typesupport_fastrtps_c__visibility_control.h
[4.393s] -- Up-to-date: /home/minkhanttun/ros2_ws/install/turtlesim/include/turtlesim/turtlesim/srv
[4.393s] -- Up-to-date: /home/minkhanttun/ros2_ws/install/turtlesim/include/turtlesim/turtlesim/srv/detail
[4.393s] -- Up-to-date: /home/minkhanttun/ros2_ws/install/turtlesim/include/turtlesim/turtlesim/srv/detail/set_pen__rosidl_typesupport_fastrtps_c.h
[4.393s] -- Up-to-date: /home/minkhanttun/ros2_ws/install/turtlesim/include/turtlesim/turtlesim/srv/detail/spawn__rosidl_typesupport_fastrtps_c.h
[4.393s] -- Up-to-date: /home/minkhanttun/ros2_ws/install/turtlesim/include/turtlesim/turtlesim/srv/detail/teleport_relative__rosidl_typesupport_fastrtps_c.h
[4.393s] -- Up-to-date: /home/minkhanttun/ros2_ws/install/turtlesim/include/turtlesim/turtlesim/srv/detail/teleport_absolute__rosidl_typesupport_fastrtps_c.h
[4.404s] -- Up-to-date: /home/minkhanttun/ros2_ws/install/turtlesim/include/turtlesim/turtlesim/srv/detail/kill__rosidl_typesupport_fastrtps_c.h
[4.405s] -- Up-to-date: /home/minkhanttun/ros2_ws/install/turtlesim/include/turtlesim/turtlesim/action
[4.405s] -- Up-to-date: /home/minkhanttun/ros2_ws/install/turtlesim/include/turtlesim/turtlesim/action/detail
[4.405s] -- Up-to-date: /home/minkhanttun/ros2_ws/install/turtlesim/include/turtlesim/turtlesim/action/detail/rotate_absolute__rosidl_typesupport_fastrtps_c.h
[4.405s] -- Up-to-date: /home/minkhanttun/ros2_ws/install/turtlesim/lib/libturtlesim__rosidl_typesupport_fastrtps_c.so
[4.405s] -- Up-to-date: /home/minkhanttun/ros2_ws/install/turtlesim/include/turtlesim/turtlesim
[4.405s] -- Up-to-date: /home/minkhanttun/ros2_ws/install/turtlesim/include/turtlesim/turtlesim/msg
[4.405s] -- Up-to-date: /home/minkhanttun/ros2_ws/install/turtlesim/include/turtlesim/turtlesim/msg/pose.hpp
[4.406s] -- Up-to-date: /home/minkhanttun/ros2_ws/install/turtlesim/include/turtlesim/turtlesim/msg/detail
[4.406s] -- Up-to-date: /home/minkhanttun/ros2_ws/install/turtlesim/include/turtlesim/turtlesim/msg/detail/color__type_support.hpp
[4.406s] -- Up-to-date: /home/minkhanttun/ros2_ws/install/turtlesim/include/turtlesim/turtlesim/msg/detail/color__traits.hpp
[4.406s] -- Up-to-date: /home/minkhanttun/ros2_ws/install/turtlesim/include/turtlesim/turtlesim/msg/detail/pose__type_support.hpp
[4.406s] -- Up-to-date: /home/minkhanttun/ros2_ws/install/turtlesim/include/turtlesim/turtlesim/msg/detail/pose__struct.hpp
[4.406s] -- Up-to-date: /home/minkhanttun/ros2_ws/install/turtlesim/include/turtlesim/turtlesim/msg/detail/pose__traits.hpp
[4.406s] -- Up-to-date: /home/minkhanttun/ros2_ws/install/turtlesim/include/turtlesim/turtlesim/msg/detail/color__builder.hpp
[4.406s] -- Up-to-date: /home/minkhanttun/ros2_ws/install/turtlesim/include/turtlesim/turtlesim/msg/detail/pose__builder.hpp
[4.419s] -- Up-to-date: /home/minkhanttun/ros2_ws/install/turtlesim/include/turtlesim/turtlesim/msg/detail/color__struct.hpp
[4.419s] -- Up-to-date: /home/minkhanttun/ros2_ws/install/turtlesim/include/turtlesim/turtlesim/msg/color.hpp
[4.420s] -- Up-to-date: /home/minkhanttun/ros2_ws/install/turtlesim/include/turtlesim/turtlesim/msg/rosidl_generator_cpp__visibility_control.hpp
[4.420s] -- Up-to-date: /home/minkhanttun/ros2_ws/install/turtlesim/include/turtlesim/turtlesim/srv
[4.423s] -- Up-to-date: /home/minkhanttun/ros2_ws/install/turtlesim/include/turtlesim/turtlesim/srv/teleport_absolute.hpp
[4.424s] -- Up-to-date: /home/minkhanttun/ros2_ws/install/turtlesim/include/turtlesim/turtlesim/srv/detail
[4.424s] -- Up-to-date: /home/minkhanttun/ros2_ws/install/turtlesim/include/turtlesim/turtlesim/srv/detail/teleport_relative__traits.hpp
[4.424s] -- Up-to-date: /home/minkhanttun/ros2_ws/install/turtlesim/include/turtlesim/turtlesim/srv/detail/teleport_absolute__builder.hpp
[4.424s] -- Up-to-date: /home/minkhanttun/ros2_ws/install/turtlesim/include/turtlesim/turtlesim/srv/detail/spawn__builder.hpp
[4.424s] -- Up-to-date: /home/minkhanttun/ros2_ws/install/turtlesim/include/turtlesim/turtlesim/srv/detail/teleport_absolute__traits.hpp
[4.431s] -- Up-to-date: /home/minkhanttun/ros2_ws/install/turtlesim/include/turtlesim/turtlesim/srv/detail/teleport_relative__builder.hpp
[4.435s] -- Up-to-date: /home/minkhanttun/ros2_ws/install/turtlesim/include/turtlesim/turtlesim/srv/detail/set_pen__builder.hpp
[4.437s] -- Up-to-date: /home/minkhanttun/ros2_ws/install/turtlesim/include/turtlesim/turtlesim/srv/detail/set_pen__traits.hpp
[4.437s] -- Up-to-date: /home/minkhanttun/ros2_ws/install/turtlesim/include/turtlesim/turtlesim/srv/detail/teleport_absolute__type_support.hpp
[4.437s] -- Up-to-date: /home/minkhanttun/ros2_ws/install/turtlesim/include/turtlesim/turtlesim/srv/detail/teleport_absolute__struct.hpp
[4.437s] -- Up-to-date: /home/minkhanttun/ros2_ws/install/turtlesim/include/turtlesim/turtlesim/srv/detail/kill__traits.hpp
[4.438s] -- Up-to-date: /home/minkhanttun/ros2_ws/install/turtlesim/include/turtlesim/turtlesim/srv/detail/kill__builder.hpp
[4.438s] -- Up-to-date: /home/minkhanttun/ros2_ws/install/turtlesim/include/turtlesim/turtlesim/srv/detail/kill__struct.hpp
[4.438s] -- Up-to-date: /home/minkhanttun/ros2_ws/install/turtlesim/include/turtlesim/turtlesim/srv/detail/teleport_relative__type_support.hpp
[4.438s] -- Up-to-date: /home/minkhanttun/ros2_ws/install/turtlesim/include/turtlesim/turtlesim/srv/detail/spawn__type_support.hpp
[4.438s] -- Up-to-date: /home/minkhanttun/ros2_ws/install/turtlesim/include/turtlesim/turtlesim/srv/detail/kill__type_support.hpp
[4.438s] -- Up-to-date: /home/minkhanttun/ros2_ws/install/turtlesim/include/turtlesim/turtlesim/srv/detail/set_pen__type_support.hpp
[4.438s] -- Up-to-date: /home/minkhanttun/ros2_ws/install/turtlesim/include/turtlesim/turtlesim/srv/detail/teleport_relative__struct.hpp
[4.439s] -- Up-to-date: /home/minkhanttun/ros2_ws/install/turtlesim/include/turtlesim/turtlesim/srv/detail/spawn__struct.hpp
[4.439s] -- Up-to-date: /home/minkhanttun/ros2_ws/install/turtlesim/include/turtlesim/turtlesim/srv/detail/set_pen__struct.hpp
[4.452s] -- Up-to-date: /home/minkhanttun/ros2_ws/install/turtlesim/include/turtlesim/turtlesim/srv/detail/spawn__traits.hpp
[4.452s] -- Up-to-date: /home/minkhanttun/ros2_ws/install/turtlesim/include/turtlesim/turtlesim/srv/kill.hpp
[4.453s] -- Up-to-date: /home/minkhanttun/ros2_ws/install/turtlesim/include/turtlesim/turtlesim/srv/spawn.hpp
[4.453s] -- Up-to-date: /home/minkhanttun/ros2_ws/install/turtlesim/include/turtlesim/turtlesim/srv/set_pen.hpp
[4.453s] -- Up-to-date: /home/minkhanttun/ros2_ws/install/turtlesim/include/turtlesim/turtlesim/srv/teleport_relative.hpp
[4.453s] -- Up-to-date: /home/minkhanttun/ros2_ws/install/turtlesim/include/turtlesim/turtlesim/action
[4.453s] -- Up-to-date: /home/minkhanttun/ros2_ws/install/turtlesim/include/turtlesim/turtlesim/action/detail
[4.453s] -- Up-to-date: /home/minkhanttun/ros2_ws/install/turtlesim/include/turtlesim/turtlesim/action/detail/rotate_absolute__struct.hpp
[4.453s] -- Up-to-date: /home/minkhanttun/ros2_ws/install/turtlesim/include/turtlesim/turtlesim/action/detail/rotate_absolute__builder.hpp
[4.453s] -- Up-to-date: /home/minkhanttun/ros2_ws/install/turtlesim/include/turtlesim/turtlesim/action/detail/rotate_absolute__type_support.hpp
[4.454s] -- Up-to-date: /home/minkhanttun/ros2_ws/install/turtlesim/include/turtlesim/turtlesim/action/detail/rotate_absolute__traits.hpp
[4.454s] -- Up-to-date: /home/minkhanttun/ros2_ws/install/turtlesim/include/turtlesim/turtlesim/action/rotate_absolute.hpp
[4.454s] -- Up-to-date: /home/minkhanttun/ros2_ws/install/turtlesim/include/turtlesim/turtlesim
[4.454s] -- Up-to-date: /home/minkhanttun/ros2_ws/install/turtlesim/include/turtlesim/turtlesim/msg
[4.454s] -- Up-to-date: /home/minkhanttun/ros2_ws/install/turtlesim/include/turtlesim/turtlesim/msg/rosidl_typesupport_fastrtps_cpp__visibility_control.h
[4.454s] -- Up-to-date: /home/minkhanttun/ros2_ws/install/turtlesim/include/turtlesim/turtlesim/msg/detail
[4.464s] -- Up-to-date: /home/minkhanttun/ros2_ws/install/turtlesim/include/turtlesim/turtlesim/msg/detail/color__rosidl_typesupport_fastrtps_cpp.hpp
[4.464s] -- Up-to-date: /home/minkhanttun/ros2_ws/install/turtlesim/include/turtlesim/turtlesim/msg/detail/dds_fastrtps
[4.465s] -- Up-to-date: /home/minkhanttun/ros2_ws/install/turtlesim/include/turtlesim/turtlesim/msg/detail/pose__rosidl_typesupport_fastrtps_cpp.hpp
[4.465s] -- Up-to-date: /home/minkhanttun/ros2_ws/install/turtlesim/include/turtlesim/turtlesim/srv
[4.465s] -- Up-to-date: /home/minkhanttun/ros2_ws/install/turtlesim/include/turtlesim/turtlesim/srv/detail
[4.465s] -- Up-to-date: /home/minkhanttun/ros2_ws/install/turtlesim/include/turtlesim/turtlesim/srv/detail/kill__rosidl_typesupport_fastrtps_cpp.hpp
[4.465s] -- Up-to-date: /home/minkhanttun/ros2_ws/install/turtlesim/include/turtlesim/turtlesim/srv/detail/teleport_relative__rosidl_typesupport_fastrtps_cpp.hpp
[4.466s] -- Up-to-date: /home/minkhanttun/ros2_ws/install/turtlesim/include/turtlesim/turtlesim/srv/detail/spawn__rosidl_typesupport_fastrtps_cpp.hpp
[4.466s] -- Up-to-date: /home/minkhanttun/ros2_ws/install/turtlesim/include/turtlesim/turtlesim/srv/detail/dds_fastrtps
[4.466s] -- Up-to-date: /home/minkhanttun/ros2_ws/install/turtlesim/include/turtlesim/turtlesim/srv/detail/set_pen__rosidl_typesupport_fastrtps_cpp.hpp
[4.466s] -- Up-to-date: /home/minkhanttun/ros2_ws/install/turtlesim/include/turtlesim/turtlesim/srv/detail/teleport_absolute__rosidl_typesupport_fastrtps_cpp.hpp
[4.466s] -- Up-to-date: /home/minkhanttun/ros2_ws/install/turtlesim/include/turtlesim/turtlesim/action
[4.474s] -- Up-to-date: /home/minkhanttun/ros2_ws/install/turtlesim/include/turtlesim/turtlesim/action/detail
[4.474s] -- Up-to-date: /home/minkhanttun/ros2_ws/install/turtlesim/include/turtlesim/turtlesim/action/detail/rotate_absolute__rosidl_typesupport_fastrtps_cpp.hpp
[4.474s] -- Up-to-date: /home/minkhanttun/ros2_ws/install/turtlesim/include/turtlesim/turtlesim/action/detail/dds_fastrtps
[4.474s] -- Up-to-date: /home/minkhanttun/ros2_ws/install/turtlesim/lib/libturtlesim__rosidl_typesupport_fastrtps_cpp.so
[4.475s] -- Up-to-date: /home/minkhanttun/ros2_ws/install/turtlesim/include/turtlesim/turtlesim
[4.475s] -- Up-to-date: /home/minkhanttun/ros2_ws/install/turtlesim/include/turtlesim/turtlesim/msg
[4.475s] -- Up-to-date: /home/minkhanttun/ros2_ws/install/turtlesim/include/turtlesim/turtlesim/msg/detail
[4.475s] -- Up-to-date: /home/minkhanttun/ros2_ws/install/turtlesim/include/turtlesim/turtlesim/msg/detail/color__rosidl_typesupport_introspection_c.h
[4.484s] -- Installing: /home/minkhanttun/ros2_ws/install/turtlesim/include/turtlesim/turtlesim/msg/detail/color__type_support.c
[4.484s] -- Up-to-date: /home/minkhanttun/ros2_ws/install/turtlesim/include/turtlesim/turtlesim/msg/detail/pose__rosidl_typesupport_introspection_c.h
[4.484s] -- Installing: /home/minkhanttun/ros2_ws/install/turtlesim/include/turtlesim/turtlesim/msg/detail/pose__type_support.c
[4.485s] -- Up-to-date: /home/minkhanttun/ros2_ws/install/turtlesim/include/turtlesim/turtlesim/msg/rosidl_typesupport_introspection_c__visibility_control.h
[4.485s] -- Up-to-date: /home/minkhanttun/ros2_ws/install/turtlesim/include/turtlesim/turtlesim/srv
[4.485s] -- Up-to-date: /home/minkhanttun/ros2_ws/install/turtlesim/include/turtlesim/turtlesim/srv/detail
[4.485s] -- Installing: /home/minkhanttun/ros2_ws/install/turtlesim/include/turtlesim/turtlesim/srv/detail/kill__type_support.c
[4.485s] -- Up-to-date: /home/minkhanttun/ros2_ws/install/turtlesim/include/turtlesim/turtlesim/srv/detail/set_pen__rosidl_typesupport_introspection_c.h
[4.485s] -- Up-to-date: /home/minkhanttun/ros2_ws/install/turtlesim/include/turtlesim/turtlesim/srv/detail/teleport_absolute__rosidl_typesupport_introspection_c.h
[4.485s] -- Up-to-date: /home/minkhanttun/ros2_ws/install/turtlesim/include/turtlesim/turtlesim/srv/detail/kill__rosidl_typesupport_introspection_c.h
[4.485s] -- Up-to-date: /home/minkhanttun/ros2_ws/install/turtlesim/include/turtlesim/turtlesim/srv/detail/teleport_relative__rosidl_typesupport_introspection_c.h
[4.485s] -- Installing: /home/minkhanttun/ros2_ws/install/turtlesim/include/turtlesim/turtlesim/srv/detail/spawn__type_support.c
[4.486s] -- Installing: /home/minkhanttun/ros2_ws/install/turtlesim/include/turtlesim/turtlesim/srv/detail/teleport_relative__type_support.c
[4.486s] -- Installing: /home/minkhanttun/ros2_ws/install/turtlesim/include/turtlesim/turtlesim/srv/detail/set_pen__type_support.c
[4.486s] -- Installing: /home/minkhanttun/ros2_ws/install/turtlesim/include/turtlesim/turtlesim/srv/detail/teleport_absolute__type_support.c
[4.486s] -- Up-to-date: /home/minkhanttun/ros2_ws/install/turtlesim/include/turtlesim/turtlesim/srv/detail/spawn__rosidl_typesupport_introspection_c.h
[4.486s] -- Up-to-date: /home/minkhanttun/ros2_ws/install/turtlesim/include/turtlesim/turtlesim/action
[4.486s] -- Up-to-date: /home/minkhanttun/ros2_ws/install/turtlesim/include/turtlesim/turtlesim/action/detail
[4.486s] -- Installing: /home/minkhanttun/ros2_ws/install/turtlesim/include/turtlesim/turtlesim/action/detail/rotate_absolute__type_support.c
[4.493s] -- Up-to-date: /home/minkhanttun/ros2_ws/install/turtlesim/include/turtlesim/turtlesim/action/detail/rotate_absolute__rosidl_typesupport_introspection_c.h
[4.493s] -- Up-to-date: /home/minkhanttun/ros2_ws/install/turtlesim/lib/libturtlesim__rosidl_typesupport_introspection_c.so
[4.493s] -- Up-to-date: /home/minkhanttun/ros2_ws/install/turtlesim/lib/libturtlesim__rosidl_typesupport_c.so
[4.493s] -- Up-to-date: /home/minkhanttun/ros2_ws/install/turtlesim/include/turtlesim/turtlesim
[4.493s] -- Up-to-date: /home/minkhanttun/ros2_ws/install/turtlesim/include/turtlesim/turtlesim/msg
[4.493s] -- Up-to-date: /home/minkhanttun/ros2_ws/install/turtlesim/include/turtlesim/turtlesim/msg/detail
[4.493s] -- Up-to-date: /home/minkhanttun/ros2_ws/install/turtlesim/include/turtlesim/turtlesim/msg/detail/color__type_support.cpp
[4.499s] -- Up-to-date: /home/minkhanttun/ros2_ws/install/turtlesim/include/turtlesim/turtlesim/msg/detail/pose__type_support.cpp
[4.499s] -- Up-to-date: /home/minkhanttun/ros2_ws/install/turtlesim/include/turtlesim/turtlesim/msg/detail/color__rosidl_typesupport_introspection_cpp.hpp
[4.499s] -- Up-to-date: /home/minkhanttun/ros2_ws/install/turtlesim/include/turtlesim/turtlesim/msg/detail/pose__rosidl_typesupport_introspection_cpp.hpp
[4.499s] -- Up-to-date: /home/minkhanttun/ros2_ws/install/turtlesim/include/turtlesim/turtlesim/srv
[4.500s] -- Up-to-date: /home/minkhanttun/ros2_ws/install/turtlesim/include/turtlesim/turtlesim/srv/detail
[4.500s] -- Up-to-date: /home/minkhanttun/ros2_ws/install/turtlesim/include/turtlesim/turtlesim/srv/detail/teleport_relative__rosidl_typesupport_introspection_cpp.hpp
[4.500s] -- Up-to-date: /home/minkhanttun/ros2_ws/install/turtlesim/include/turtlesim/turtlesim/srv/detail/kill__rosidl_typesupport_introspection_cpp.hpp
[4.500s] -- Up-to-date: /home/minkhanttun/ros2_ws/install/turtlesim/include/turtlesim/turtlesim/srv/detail/teleport_absolute__type_support.cpp
[4.500s] -- Up-to-date: /home/minkhanttun/ros2_ws/install/turtlesim/include/turtlesim/turtlesim/srv/detail/set_pen__type_support.cpp
[4.500s] -- Up-to-date: /home/minkhanttun/ros2_ws/install/turtlesim/include/turtlesim/turtlesim/srv/detail/set_pen__rosidl_typesupport_introspection_cpp.hpp
[4.501s] -- Up-to-date: /home/minkhanttun/ros2_ws/install/turtlesim/include/turtlesim/turtlesim/srv/detail/teleport_absolute__rosidl_typesupport_introspection_cpp.hpp
[4.501s] -- Up-to-date: /home/minkhanttun/ros2_ws/install/turtlesim/include/turtlesim/turtlesim/srv/detail/kill__type_support.cpp
[4.501s] -- Up-to-date: /home/minkhanttun/ros2_ws/install/turtlesim/include/turtlesim/turtlesim/srv/detail/teleport_relative__type_support.cpp
[4.501s] -- Up-to-date: /home/minkhanttun/ros2_ws/install/turtlesim/include/turtlesim/turtlesim/srv/detail/spawn__type_support.cpp
[4.501s] -- Up-to-date: /home/minkhanttun/ros2_ws/install/turtlesim/include/turtlesim/turtlesim/srv/detail/spawn__rosidl_typesupport_introspection_cpp.hpp
[4.501s] -- Up-to-date: /home/minkhanttun/ros2_ws/install/turtlesim/include/turtlesim/turtlesim/action
[4.501s] -- Up-to-date: /home/minkhanttun/ros2_ws/install/turtlesim/include/turtlesim/turtlesim/action/detail
[4.502s] -- Up-to-date: /home/minkhanttun/ros2_ws/install/turtlesim/include/turtlesim/turtlesim/action/detail/rotate_absolute__type_support.cpp
[4.502s] -- Up-to-date: /home/minkhanttun/ros2_ws/install/turtlesim/include/turtlesim/turtlesim/action/detail/rotate_absolute__rosidl_typesupport_introspection_cpp.hpp
[4.502s] -- Up-to-date: /home/minkhanttun/ros2_ws/install/turtlesim/lib/libturtlesim__rosidl_typesupport_introspection_cpp.so
[4.502s] -- Up-to-date: /home/minkhanttun/ros2_ws/install/turtlesim/lib/libturtlesim__rosidl_typesupport_cpp.so
[4.502s] -- Up-to-date: /home/minkhanttun/ros2_ws/install/turtlesim/share/turtlesim/environment/pythonpath.sh
[4.502s] -- Up-to-date: /home/minkhanttun/ros2_ws/install/turtlesim/share/turtlesim/environment/pythonpath.dsv
[4.502s] -- Up-to-date: /home/minkhanttun/ros2_ws/install/turtlesim/lib/python3.12/site-packages/turtlesim-1.8.3-py3.12.egg-info
[4.502s] -- Installing: /home/minkhanttun/ros2_ws/install/turtlesim/lib/python3.12/site-packages/turtlesim-1.8.3-py3.12.egg-info/SOURCES.txt
[4.502s] -- Installing: /home/minkhanttun/ros2_ws/install/turtlesim/lib/python3.12/site-packages/turtlesim-1.8.3-py3.12.egg-info/top_level.txt
[4.502s] -- Installing: /home/minkhanttun/ros2_ws/install/turtlesim/lib/python3.12/site-packages/turtlesim-1.8.3-py3.12.egg-info/PKG-INFO
[4.502s] -- Installing: /home/minkhanttun/ros2_ws/install/turtlesim/lib/python3.12/site-packages/turtlesim-1.8.3-py3.12.egg-info/dependency_links.txt
[4.512s] -- Up-to-date: /home/minkhanttun/ros2_ws/install/turtlesim/lib/python3.12/site-packages/turtlesim
[4.512s] -- Up-to-date: /home/minkhanttun/ros2_ws/install/turtlesim/lib/python3.12/site-packages/turtlesim/_turtlesim_s.ep.rosidl_typesupport_c.c
[4.512s] -- Up-to-date: /home/minkhanttun/ros2_ws/install/turtlesim/lib/python3.12/site-packages/turtlesim/_turtlesim_s.ep.rosidl_typesupport_introspection_c.c
[4.512s] -- Up-to-date: /home/minkhanttun/ros2_ws/install/turtlesim/lib/python3.12/site-packages/turtlesim/turtlesim_s__rosidl_typesupport_introspection_c.so
[4.513s] -- Up-to-date: /home/minkhanttun/ros2_ws/install/turtlesim/lib/python3.12/site-packages/turtlesim/msg
[4.513s] -- Up-to-date: /home/minkhanttun/ros2_ws/install/turtlesim/lib/python3.12/site-packages/turtlesim/msg/_pose_s.c
[4.513s] -- Up-to-date: /home/minkhanttun/ros2_ws/install/turtlesim/lib/python3.12/site-packages/turtlesim/msg/_pose.py
[4.513s] -- Up-to-date: /home/minkhanttun/ros2_ws/install/turtlesim/lib/python3.12/site-packages/turtlesim/msg/__init__.py
[4.513s] -- Up-to-date: /home/minkhanttun/ros2_ws/install/turtlesim/lib/python3.12/site-packages/turtlesim/msg/_color.py
[4.513s] -- Up-to-date: /home/minkhanttun/ros2_ws/install/turtlesim/lib/python3.12/site-packages/turtlesim/msg/_color_s.c
[4.514s] -- Up-to-date: /home/minkhanttun/ros2_ws/install/turtlesim/lib/python3.12/site-packages/turtlesim/__init__.py
[4.514s] -- Up-to-date: /home/minkhanttun/ros2_ws/install/turtlesim/lib/python3.12/site-packages/turtlesim/turtlesim_s__rosidl_typesupport_fastrtps_c.so
[4.514s] -- Up-to-date: /home/minkhanttun/ros2_ws/install/turtlesim/lib/python3.12/site-packages/turtlesim/srv
[4.514s] -- Up-to-date: /home/minkhanttun/ros2_ws/install/turtlesim/lib/python3.12/site-packages/turtlesim/srv/_teleport_relative.py
[4.514s] -- Up-to-date: /home/minkhanttun/ros2_ws/install/turtlesim/lib/python3.12/site-packages/turtlesim/srv/_set_pen_s.c
[4.521s] -- Up-to-date: /home/minkhanttun/ros2_ws/install/turtlesim/lib/python3.12/site-packages/turtlesim/srv/__init__.py
[4.521s] -- Up-to-date: /home/minkhanttun/ros2_ws/install/turtlesim/lib/python3.12/site-packages/turtlesim/srv/_spawn.py
[4.521s] -- Up-to-date: /home/minkhanttun/ros2_ws/install/turtlesim/lib/python3.12/site-packages/turtlesim/srv/_kill_s.c
[4.521s] -- Up-to-date: /home/minkhanttun/ros2_ws/install/turtlesim/lib/python3.12/site-packages/turtlesim/srv/_set_pen.py
[4.521s] -- Up-to-date: /home/minkhanttun/ros2_ws/install/turtlesim/lib/python3.12/site-packages/turtlesim/srv/_teleport_absolute.py
[4.522s] -- Up-to-date: /home/minkhanttun/ros2_ws/install/turtlesim/lib/python3.12/site-packages/turtlesim/srv/_teleport_relative_s.c
[4.522s] -- Up-to-date: /home/minkhanttun/ros2_ws/install/turtlesim/lib/python3.12/site-packages/turtlesim/srv/_teleport_absolute_s.c
[4.522s] -- Up-to-date: /home/minkhanttun/ros2_ws/install/turtlesim/lib/python3.12/site-packages/turtlesim/srv/_spawn_s.c
[4.522s] -- Up-to-date: /home/minkhanttun/ros2_ws/install/turtlesim/lib/python3.12/site-packages/turtlesim/srv/_kill.py
[4.522s] -- Up-to-date: /home/minkhanttun/ros2_ws/install/turtlesim/lib/python3.12/site-packages/turtlesim/_turtlesim_s.ep.rosidl_typesupport_fastrtps_c.c
[4.522s] -- Up-to-date: /home/minkhanttun/ros2_ws/install/turtlesim/lib/python3.12/site-packages/turtlesim/action
[4.522s] -- Up-to-date: /home/minkhanttun/ros2_ws/install/turtlesim/lib/python3.12/site-packages/turtlesim/action/__init__.py
[4.523s] -- Up-to-date: /home/minkhanttun/ros2_ws/install/turtlesim/lib/python3.12/site-packages/turtlesim/action/_rotate_absolute_s.c
[4.523s] -- Up-to-date: /home/minkhanttun/ros2_ws/install/turtlesim/lib/python3.12/site-packages/turtlesim/action/_rotate_absolute.py
[4.529s] -- Up-to-date: /home/minkhanttun/ros2_ws/install/turtlesim/lib/python3.12/site-packages/turtlesim/turtlesim_s__rosidl_typesupport_c.so
[4.716s] Listing '/home/minkhanttun/ros2_ws/install/turtlesim/lib/python3.12/site-packages/turtlesim'...
[4.716s] Listing '/home/minkhanttun/ros2_ws/install/turtlesim/lib/python3.12/site-packages/turtlesim/action'...
[4.716s] Listing '/home/minkhanttun/ros2_ws/install/turtlesim/lib/python3.12/site-packages/turtlesim/msg'...
[4.717s] Listing '/home/minkhanttun/ros2_ws/install/turtlesim/lib/python3.12/site-packages/turtlesim/srv'...
[4.829s] -- Up-to-date: /home/minkhanttun/ros2_ws/install/turtlesim/lib/python3.12/site-packages/turtlesim/turtlesim_s__rosidl_typesupport_fastrtps_c.so
[4.829s] -- Up-to-date: /home/minkhanttun/ros2_ws/install/turtlesim/lib/python3.12/site-packages/turtlesim/turtlesim_s__rosidl_typesupport_introspection_c.so
[4.841s] -- Up-to-date: /home/minkhanttun/ros2_ws/install/turtlesim/lib/python3.12/site-packages/turtlesim/turtlesim_s__rosidl_typesupport_c.so
[4.848s] -- Up-to-date: /home/minkhanttun/ros2_ws/install/turtlesim/lib/libturtlesim__rosidl_generator_py.so
[4.851s] -- Up-to-date: /home/minkhanttun/ros2_ws/install/turtlesim/share/turtlesim/action/RotateAbsolute.idl
[4.857s] -- Up-to-date: /home/minkhanttun/ros2_ws/install/turtlesim/share/turtlesim/msg/Color.idl
[4.857s] -- Up-to-date: /home/minkhanttun/ros2_ws/install/turtlesim/share/turtlesim/msg/Pose.idl
[4.857s] -- Up-to-date: /home/minkhanttun/ros2_ws/install/turtlesim/share/turtlesim/srv/Kill.idl
[4.857s] -- Up-to-date: /home/minkhanttun/ros2_ws/install/turtlesim/share/turtlesim/srv/SetPen.idl
[4.864s] -- Up-to-date: /home/minkhanttun/ros2_ws/install/turtlesim/share/turtlesim/srv/Spawn.idl
[4.867s] -- Up-to-date: /home/minkhanttun/ros2_ws/install/turtlesim/share/turtlesim/srv/TeleportAbsolute.idl
[4.867s] -- Up-to-date: /home/minkhanttun/ros2_ws/install/turtlesim/share/turtlesim/srv/TeleportRelative.idl
[4.873s] -- Up-to-date: /home/minkhanttun/ros2_ws/install/turtlesim/share/turtlesim/action/RotateAbsolute.action
[4.879s] -- Up-to-date: /home/minkhanttun/ros2_ws/install/turtlesim/share/turtlesim/msg/Color.msg
[4.881s] -- Up-to-date: /home/minkhanttun/ros2_ws/install/turtlesim/share/turtlesim/msg/Pose.msg
[4.881s] -- Up-to-date: /home/minkhanttun/ros2_ws/install/turtlesim/share/turtlesim/srv/Kill.srv
[4.890s] -- Up-to-date: /home/minkhanttun/ros2_ws/install/turtlesim/share/turtlesim/srv/SetPen.srv
[4.893s] -- Up-to-date: /home/minkhanttun/ros2_ws/install/turtlesim/share/turtlesim/srv/Spawn.srv
[4.893s] -- Up-to-date: /home/minkhanttun/ros2_ws/install/turtlesim/share/turtlesim/srv/TeleportAbsolute.srv
[4.894s] -- Up-to-date: /home/minkhanttun/ros2_ws/install/turtlesim/share/turtlesim/srv/TeleportRelative.srv
[4.894s] -- Up-to-date: /home/minkhanttun/ros2_ws/install/turtlesim/lib/turtlesim/turtlesim_node
[4.894s] -- Up-to-date: /home/minkhanttun/ros2_ws/install/turtlesim/lib/turtlesim/turtle_teleop_key
[4.916s] -- Up-to-date: /home/minkhanttun/ros2_ws/install/turtlesim/lib/turtlesim/draw_square
[4.916s] -- Up-to-date: /home/minkhanttun/ros2_ws/install/turtlesim/lib/turtlesim/mimic
[4.916s] -- Up-to-date: /home/minkhanttun/ros2_ws/install/turtlesim/share/turtlesim/images
[4.917s] -- Up-to-date: /home/minkhanttun/ros2_ws/install/turtlesim/share/turtlesim/images/iron.png
[4.917s] -- Up-to-date: /home/minkhanttun/ros2_ws/install/turtlesim/share/turtlesim/images/ardent.png
[4.918s] -- Up-to-date: /home/minkhanttun/ros2_ws/install/turtlesim/share/turtlesim/images/dashing.png
[4.929s] -- Up-to-date: /home/minkhanttun/ros2_ws/install/turtlesim/share/turtlesim/images/humble.png
[4.934s] -- Up-to-date: /home/minkhanttun/ros2_ws/install/turtlesim/share/turtlesim/images/foxy.png
[4.934s] -- Up-to-date: /home/minkhanttun/ros2_ws/install/turtlesim/share/turtlesim/images/jazzy.png
[4.934s] -- Up-to-date: /home/minkhanttun/ros2_ws/install/turtlesim/share/turtlesim/images/eloquent.png
[4.934s] -- Up-to-date: /home/minkhanttun/ros2_ws/install/turtlesim/share/turtlesim/images/galactic.png
[4.934s] -- Up-to-date: /home/minkhanttun/ros2_ws/install/turtlesim/share/turtlesim/images/bouncy.png
[4.934s] -- Up-to-date: /home/minkhanttun/ros2_ws/install/turtlesim/share/turtlesim/images/crystal.png
[4.935s] -- Up-to-date: /home/minkhanttun/ros2_ws/install/turtlesim/share/turtlesim/images/rolling.png
[4.935s] -- Up-to-date: /home/minkhanttun/ros2_ws/install/turtlesim/share/turtlesim/launch
[4.935s] -- Up-to-date: /home/minkhanttun/ros2_ws/install/turtlesim/share/turtlesim/launch/multisim.launch.py
[4.935s] -- Up-to-date: /home/minkhanttun/ros2_ws/install/turtlesim/share/ament_index/resource_index/package_run_dependencies/turtlesim
[4.935s] -- Up-to-date: /home/minkhanttun/ros2_ws/install/turtlesim/share/ament_index/resource_index/parent_prefix_path/turtlesim
[4.935s] -- Up-to-date: /home/minkhanttun/ros2_ws/install/turtlesim/share/turtlesim/environment/ament_prefix_path.sh
[4.935s] -- Up-to-date: /home/minkhanttun/ros2_ws/install/turtlesim/share/turtlesim/environment/ament_prefix_path.dsv
[4.936s] -- Up-to-date: /home/minkhanttun/ros2_ws/install/turtlesim/share/turtlesim/environment/path.sh
[4.936s] -- Up-to-date: /home/minkhanttun/ros2_ws/install/turtlesim/share/turtlesim/environment/path.dsv
[4.936s] -- Up-to-date: /home/minkhanttun/ros2_ws/install/turtlesim/share/turtlesim/local_setup.bash
[4.936s] -- Up-to-date: /home/minkhanttun/ros2_ws/install/turtlesim/share/turtlesim/local_setup.sh
[4.948s] -- Up-to-date: /home/minkhanttun/ros2_ws/install/turtlesim/share/turtlesim/local_setup.zsh
[4.948s] -- Up-to-date: /home/minkhanttun/ros2_ws/install/turtlesim/share/turtlesim/local_setup.dsv
[4.949s] -- Installing: /home/minkhanttun/ros2_ws/install/turtlesim/share/turtlesim/package.dsv
[4.951s] -- Up-to-date: /home/minkhanttun/ros2_ws/install/turtlesim/share/ament_index/resource_index/packages/turtlesim
[4.962s] -- Up-to-date: /home/minkhanttun/ros2_ws/install/turtlesim/share/turtlesim/cmake/export_turtlesim__rosidl_generator_cExport.cmake
[4.962s] -- Up-to-date: /home/minkhanttun/ros2_ws/install/turtlesim/share/turtlesim/cmake/export_turtlesim__rosidl_generator_cExport-noconfig.cmake
[4.968s] -- Up-to-date: /home/minkhanttun/ros2_ws/install/turtlesim/share/turtlesim/cmake/export_turtlesim__rosidl_typesupport_fastrtps_cExport.cmake
[4.968s] -- Up-to-date: /home/minkhanttun/ros2_ws/install/turtlesim/share/turtlesim/cmake/export_turtlesim__rosidl_typesupport_fastrtps_cExport-noconfig.cmake
[4.986s] -- Up-to-date: /home/minkhanttun/ros2_ws/install/turtlesim/share/turtlesim/cmake/export_turtlesim__rosidl_generator_cppExport.cmake
[4.987s] -- Up-to-date: /home/minkhanttun/ros2_ws/install/turtlesim/share/turtlesim/cmake/export_turtlesim__rosidl_typesupport_fastrtps_cppExport.cmake
[4.987s] -- Up-to-date: /home/minkhanttun/ros2_ws/install/turtlesim/share/turtlesim/cmake/export_turtlesim__rosidl_typesupport_fastrtps_cppExport-noconfig.cmake
[4.987s] -- Up-to-date: /home/minkhanttun/ros2_ws/install/turtlesim/share/turtlesim/cmake/turtlesim__rosidl_typesupport_introspection_cExport.cmake
[4.987s] -- Up-to-date: /home/minkhanttun/ros2_ws/install/turtlesim/share/turtlesim/cmake/turtlesim__rosidl_typesupport_introspection_cExport-noconfig.cmake
[4.987s] -- Up-to-date: /home/minkhanttun/ros2_ws/install/turtlesim/share/turtlesim/cmake/turtlesim__rosidl_typesupport_cExport.cmake
[4.987s] -- Up-to-date: /home/minkhanttun/ros2_ws/install/turtlesim/share/turtlesim/cmake/turtlesim__rosidl_typesupport_cExport-noconfig.cmake
[4.987s] -- Up-to-date: /home/minkhanttun/ros2_ws/install/turtlesim/share/turtlesim/cmake/turtlesim__rosidl_typesupport_introspection_cppExport.cmake
[4.988s] -- Up-to-date: /home/minkhanttun/ros2_ws/install/turtlesim/share/turtlesim/cmake/turtlesim__rosidl_typesupport_introspection_cppExport-noconfig.cmake
[4.988s] -- Up-to-date: /home/minkhanttun/ros2_ws/install/turtlesim/share/turtlesim/cmake/turtlesim__rosidl_typesupport_cppExport.cmake
[4.988s] -- Up-to-date: /home/minkhanttun/ros2_ws/install/turtlesim/share/turtlesim/cmake/turtlesim__rosidl_typesupport_cppExport-noconfig.cmake
[4.988s] -- Up-to-date: /home/minkhanttun/ros2_ws/install/turtlesim/share/turtlesim/cmake/export_turtlesim__rosidl_generator_pyExport.cmake
[4.988s] -- Up-to-date: /home/minkhanttun/ros2_ws/install/turtlesim/share/turtlesim/cmake/export_turtlesim__rosidl_generator_pyExport-noconfig.cmake
[4.988s] -- Up-to-date: /home/minkhanttun/ros2_ws/install/turtlesim/share/turtlesim/cmake/rosidl_cmake-extras.cmake
[4.988s] -- Up-to-date: /home/minkhanttun/ros2_ws/install/turtlesim/share/turtlesim/cmake/ament_cmake_export_dependencies-extras.cmake
[4.988s] -- Up-to-date: /home/minkhanttun/ros2_ws/install/turtlesim/share/turtlesim/cmake/ament_cmake_export_include_directories-extras.cmake
[5.012s] -- Up-to-date: /home/minkhanttun/ros2_ws/install/turtlesim/share/turtlesim/cmake/ament_cmake_export_libraries-extras.cmake
[5.012s] -- Up-to-date: /home/minkhanttun/ros2_ws/install/turtlesim/share/turtlesim/cmake/ament_cmake_export_targets-extras.cmake
[5.012s] -- Up-to-date: /home/minkhanttun/ros2_ws/install/turtlesim/share/turtlesim/cmake/rosidl_cmake_export_typesupport_targets-extras.cmake
[5.013s] -- Up-to-date: /home/minkhanttun/ros2_ws/install/turtlesim/share/turtlesim/cmake/rosidl_cmake_export_typesupport_libraries-extras.cmake
[5.013s] -- Up-to-date: /home/minkhanttun/ros2_ws/install/turtlesim/share/turtlesim/cmake/turtlesimConfig.cmake
[5.013s] -- Up-to-date: /home/minkhanttun/ros2_ws/install/turtlesim/share/turtlesim/cmake/turtlesimConfig-version.cmake
[5.013s] -- Up-to-date: /home/minkhanttun/ros2_ws/install/turtlesim/share/turtlesim/package.xml
[5.014s] Invoked command in '/home/minkhanttun/ros2_ws/build/turtlesim' returned '0': CMAKE_PREFIX_PATH=${CMAKE_PREFIX_PATH}:/opt/ros/jazzy DEBUGINFOD_URLS=https://debuginfod.ubuntu.com /usr/bin/cmake --install /home/minkhanttun/ros2_ws/build/turtlesim
