[0.038s] Invoking command in '/home/minkhanttun/ros2_ws/build/launch_tutorial': CMAKE_PREFIX_PATH=${CMAKE_PREFIX_PATH}:/opt/ros/jazzy DEBUGINFOD_URLS=https://debuginfod.ubuntu.com /usr/bin/cmake /home/minkhanttun/ros2_ws/src/launch_tutorial -DCMAKE_INSTALL_PREFIX=/home/minkhanttun/ros2_ws/install/launch_tutorial
[0.464s] -- The C compiler identification is GNU 14.2.0
[0.781s] -- The CXX compiler identification is GNU 14.2.0
[0.819s] -- Detecting C compiler ABI info
[1.502s] -- Detecting C compiler ABI info - done
[1.626s] -- Check for working C compiler: /usr/bin/cc - skipped
[1.626s] -- Detecting C compile features
[1.636s] -- Detecting C compile features - done
[1.663s] -- Detecting CXX compiler ABI info
[2.323s] -- Detecting CXX compiler ABI info - done
[2.416s] -- Check for working CXX compiler: /usr/bin/c++ - skipped
[2.416s] -- Detecting CXX compile features
[2.419s] -- Detecting CXX compile features - done
[2.425s] -- Found ament_cmake: 2.5.3 (/opt/ros/jazzy/share/ament_cmake/cmake)
[3.305s] -- Found Python3: /usr/bin/python3 (found version "3.12.7") found components: Interpreter
[3.794s] -- Found ament_lint_auto: 0.17.1 (/opt/ros/jazzy/share/ament_lint_auto/cmake)
[4.163s] -- Added test 'flake8' to check Python code syntax and style conventions
[4.163s] -- Configured 'flake8' exclude dirs and/or files: 
[4.172s] -- Added test 'lint_cmake' to check CMake code style
[4.174s] -- Added test 'pep257' to check Python code against some of the docstring style conventions in PEP 257
[4.177s] -- Added test 'xmllint' to check XML markup files
[4.188s] -- Configuring done (4.1s)
[4.214s] -- Generating done (0.0s)
[4.217s] -- Build files have been written to: /home/minkhanttun/ros2_ws/build/launch_tutorial
[4.237s] Invoked command in '/home/minkhanttun/ros2_ws/build/launch_tutorial' returned '0': CMAKE_PREFIX_PATH=${CMAKE_PREFIX_PATH}:/opt/ros/jazzy DEBUGINFOD_URLS=https://debuginfod.ubuntu.com /usr/bin/cmake /home/minkhanttun/ros2_ws/src/launch_tutorial -DCMAKE_INSTALL_PREFIX=/home/minkhanttun/ros2_ws/install/launch_tutorial
[4.237s] Invoking command in '/home/minkhanttun/ros2_ws/build/launch_tutorial': CMAKE_PREFIX_PATH=${CMAKE_PREFIX_PATH}:/opt/ros/jazzy DEBUGINFOD_URLS=https://debuginfod.ubuntu.com /usr/bin/cmake --build /home/minkhanttun/ros2_ws/build/launch_tutorial -- -j4 -l4
[4.457s] Invoked command in '/home/minkhanttun/ros2_ws/build/launch_tutorial' returned '0': CMAKE_PREFIX_PATH=${CMAKE_PREFIX_PATH}:/opt/ros/jazzy DEBUGINFOD_URLS=https://debuginfod.ubuntu.com /usr/bin/cmake --build /home/minkhanttun/ros2_ws/build/launch_tutorial -- -j4 -l4
[4.458s] Invoking command in '/home/minkhanttun/ros2_ws/build/launch_tutorial': CMAKE_PREFIX_PATH=${CMAKE_PREFIX_PATH}:/opt/ros/jazzy DEBUGINFOD_URLS=https://debuginfod.ubuntu.com /usr/bin/cmake --install /home/minkhanttun/ros2_ws/build/launch_tutorial
[4.510s] -- Install configuration: ""
[4.510s] -- Installing: /home/minkhanttun/ros2_ws/install/launch_tutorial/share/launch_tutorial//launch
[4.513s] -- Installing: /home/minkhanttun/ros2_ws/install/launch_tutorial/share/launch_tutorial//launch/example_substitutions_launch.py
[4.517s] -- Installing: /home/minkhanttun/ros2_ws/install/launch_tutorial/share/launch_tutorial//launch/turtlesim_world_1_launch.py
[4.517s] -- Installing: /home/minkhanttun/ros2_ws/install/launch_tutorial/share/launch_tutorial//launch/launch_turtlesim_launch.py
[4.520s] -- Installing: /home/minkhanttun/ros2_ws/install/launch_tutorial/share/launch_tutorial//launch/turtlesim_world_2_launch.py
[4.521s] -- Installing: /home/minkhanttun/ros2_ws/install/launch_tutorial/share/launch_tutorial//launch/turtlesim_rviz_launch.py
[4.525s] -- Installing: /home/minkhanttun/ros2_ws/install/launch_tutorial/share/launch_tutorial//launch/turtlesim_world_3_launch.py
[4.527s] -- Installing: /home/minkhanttun/ros2_ws/install/launch_tutorial/share/launch_tutorial//launch/example_event_handlers_launch.py
[4.527s] -- Installing: /home/minkhanttun/ros2_ws/install/launch_tutorial/share/launch_tutorial//launch/broadcaster_listener_launch.py
[4.530s] -- Installing: /home/minkhanttun/ros2_ws/install/launch_tutorial/share/launch_tutorial//launch/fixed_broadcaster_launch.py
[4.530s] -- Installing: /home/minkhanttun/ros2_ws/install/launch_tutorial/share/launch_tutorial//launch/mimic_launch.py
[4.536s] -- Installing: /home/minkhanttun/ros2_ws/install/launch_tutorial/share/launch_tutorial//launch/example_main_launch.py
[4.537s] -- Installing: /home/minkhanttun/ros2_ws/install/launch_tutorial/share/launch_tutorial//launch/setup.py
[4.537s] -- Installing: /home/minkhanttun/ros2_ws/install/launch_tutorial/share/ament_index/resource_index/package_run_dependencies/launch_tutorial
[4.538s] -- Installing: /home/minkhanttun/ros2_ws/install/launch_tutorial/share/ament_index/resource_index/parent_prefix_path/launch_tutorial
[4.543s] -- Installing: /home/minkhanttun/ros2_ws/install/launch_tutorial/share/launch_tutorial/environment/ament_prefix_path.sh
[4.543s] -- Installing: /home/minkhanttun/ros2_ws/install/launch_tutorial/share/launch_tutorial/environment/ament_prefix_path.dsv
[4.547s] -- Installing: /home/minkhanttun/ros2_ws/install/launch_tutorial/share/launch_tutorial/environment/path.sh
[4.547s] -- Installing: /home/minkhanttun/ros2_ws/install/launch_tutorial/share/launch_tutorial/environment/path.dsv
[4.547s] -- Installing: /home/minkhanttun/ros2_ws/install/launch_tutorial/share/launch_tutorial/local_setup.bash
[4.548s] -- Installing: /home/minkhanttun/ros2_ws/install/launch_tutorial/share/launch_tutorial/local_setup.sh
[4.548s] -- Installing: /home/minkhanttun/ros2_ws/install/launch_tutorial/share/launch_tutorial/local_setup.zsh
[4.553s] -- Installing: /home/minkhanttun/ros2_ws/install/launch_tutorial/share/launch_tutorial/local_setup.dsv
[4.554s] -- Installing: /home/minkhanttun/ros2_ws/install/launch_tutorial/share/launch_tutorial/package.dsv
[4.554s] -- Installing: /home/minkhanttun/ros2_ws/install/launch_tutorial/share/ament_index/resource_index/packages/launch_tutorial
[4.554s] -- Installing: /home/minkhanttun/ros2_ws/install/launch_tutorial/share/launch_tutorial/cmake/launch_tutorialConfig.cmake
[4.554s] -- Installing: /home/minkhanttun/ros2_ws/install/launch_tutorial/share/launch_tutorial/cmake/launch_tutorialConfig-version.cmake
[4.557s] -- Installing: /home/minkhanttun/ros2_ws/install/launch_tutorial/share/launch_tutorial/package.xml
[4.564s] Invoked command in '/home/minkhanttun/ros2_ws/build/launch_tutorial' returned '0': CMAKE_PREFIX_PATH=${CMAKE_PREFIX_PATH}:/opt/ros/jazzy DEBUGINFOD_URLS=https://debuginfod.ubuntu.com /usr/bin/cmake --install /home/minkhanttun/ros2_ws/build/launch_tutorial
