[0.143s] Invoking command in '/home/minkhanttun/ros2_ws/build/polygon_base': CMAKE_PREFIX_PATH=${CMAKE_PREFIX_PATH}:/opt/ros/jazzy DEBUGINFOD_URLS=https://debuginfod.ubuntu.com /usr/bin/cmake --build /home/minkhanttun/ros2_ws/build/polygon_base -- -j4 -l4
[0.535s] [100%] Built target area_node
[0.615s] Invoked command in '/home/minkhanttun/ros2_ws/build/polygon_base' returned '0': CMAKE_PREFIX_PATH=${CMAKE_PREFIX_PATH}:/opt/ros/jazzy DEBUGINFOD_URLS=https://debuginfod.ubuntu.com /usr/bin/cmake --build /home/minkhanttun/ros2_ws/build/polygon_base -- -j4 -l4
[0.682s] Invoking command in '/home/minkhanttun/ros2_ws/build/polygon_base': CMAKE_PREFIX_PATH=${CMAKE_PREFIX_PATH}:/opt/ros/jazzy DEBUGINFOD_URLS=https://debuginfod.ubuntu.com /usr/bin/cmake --install /home/minkhanttun/ros2_ws/build/polygon_base
[0.755s] -- Install configuration: ""
[0.761s] -- Up-to-date: /home/minkhanttun/ros2_ws/install/polygon_base/lib/polygon_base/area_node
[0.762s] -- Up-to-date: /home/minkhanttun/ros2_ws/install/polygon_base/include
[0.762s] -- Up-to-date: /home/minkhanttun/ros2_ws/install/polygon_base/include/polygon_base
[0.762s] -- Up-to-date: /home/minkhanttun/ros2_ws/install/polygon_base/include/polygon_base/regular_polygon.hpp
[0.762s] -- Up-to-date: /home/minkhanttun/ros2_ws/install/polygon_base/share/ament_index/resource_index/package_run_dependencies/polygon_base
[0.763s] -- Up-to-date: /home/minkhanttun/ros2_ws/install/polygon_base/share/ament_index/resource_index/parent_prefix_path/polygon_base
[0.763s] -- Up-to-date: /home/minkhanttun/ros2_ws/install/polygon_base/share/polygon_base/environment/ament_prefix_path.sh
[0.763s] -- Up-to-date: /home/minkhanttun/ros2_ws/install/polygon_base/share/polygon_base/environment/ament_prefix_path.dsv
[0.763s] -- Up-to-date: /home/minkhanttun/ros2_ws/install/polygon_base/share/polygon_base/environment/path.sh
[0.777s] -- Up-to-date: /home/minkhanttun/ros2_ws/install/polygon_base/share/polygon_base/environment/path.dsv
[0.777s] -- Up-to-date: /home/minkhanttun/ros2_ws/install/polygon_base/share/polygon_base/local_setup.bash
[0.778s] -- Up-to-date: /home/minkhanttun/ros2_ws/install/polygon_base/share/polygon_base/local_setup.sh
[0.778s] -- Up-to-date: /home/minkhanttun/ros2_ws/install/polygon_base/share/polygon_base/local_setup.zsh
[0.778s] -- Up-to-date: /home/minkhanttun/ros2_ws/install/polygon_base/share/polygon_base/local_setup.dsv
[0.778s] -- Installing: /home/minkhanttun/ros2_ws/install/polygon_base/share/polygon_base/package.dsv
[0.778s] -- Up-to-date: /home/minkhanttun/ros2_ws/install/polygon_base/share/ament_index/resource_index/packages/polygon_base
[0.779s] -- Up-to-date: /home/minkhanttun/ros2_ws/install/polygon_base/share/polygon_base/cmake/ament_cmake_export_include_directories-extras.cmake
[0.779s] -- Up-to-date: /home/minkhanttun/ros2_ws/install/polygon_base/share/polygon_base/cmake/polygon_baseConfig.cmake
[0.779s] -- Up-to-date: /home/minkhanttun/ros2_ws/install/polygon_base/share/polygon_base/cmake/polygon_baseConfig-version.cmake
[0.779s] -- Up-to-date: /home/minkhanttun/ros2_ws/install/polygon_base/share/polygon_base/package.xml
[0.805s] Invoked command in '/home/minkhanttun/ros2_ws/build/polygon_base' returned '0': CMAKE_PREFIX_PATH=${CMAKE_PREFIX_PATH}:/opt/ros/jazzy DEBUGINFOD_URLS=https://debuginfod.ubuntu.com /usr/bin/cmake --install /home/minkhanttun/ros2_ws/build/polygon_base
