[0.061s] Invoking command in '/home/minkhanttun/ros2_ws/build/custom_action_interfaces': CMAKE_PREFIX_PATH=${CMAKE_PREFIX_PATH}:/opt/ros/jazzy DEBUGINFOD_URLS=https://debuginfod.ubuntu.com /usr/bin/cmake --build /home/minkhanttun/ros2_ws/build/custom_action_interfaces -- -j4 -l4
[0.368s] [  0%] Built target ament_cmake_python_copy_custom_action_interfaces
[0.377s] [  2%] Built target custom_action_interfaces__rosidl_generator_type_description
[0.511s] [  5%] Built target custom_action_interfaces__cpp
[0.618s] [ 20%] Built target custom_action_interfaces__rosidl_generator_c
[0.810s] [ 29%] Built target custom_action_interfaces__rosidl_typesupport_cpp
[1.012s] [ 38%] Built target custom_action_interfaces__rosidl_typesupport_introspection_c
[1.191s] [ 47%] Built target custom_action_interfaces__rosidl_typesupport_c
[1.392s] [ 55%] Built target custom_action_interfaces__rosidl_typesupport_fastrtps_cpp
[1.539s] [ 64%] Built target custom_action_interfaces__rosidl_typesupport_introspection_cpp
[1.729s] [ 73%] Built target custom_action_interfaces__rosidl_typesupport_fastrtps_c
[1.905s] [ 73%] Built target custom_action_interfaces
[2.065s] [ 76%] Built target custom_action_interfaces__py
[2.186s] [ 82%] Built target custom_action_interfaces__rosidl_generator_py
[2.319s] running egg_info
[2.339s] [ 88%] Built target custom_action_interfaces_s__rosidl_typesupport_fastrtps_c
[2.476s] writing custom_action_interfaces.egg-info/PKG-INFO
[2.483s] [ 94%] Built target custom_action_interfaces_s__rosidl_typesupport_c
[2.483s] writing dependency_links to custom_action_interfaces.egg-info/dependency_links.txt
[2.484s] writing top-level names to custom_action_interfaces.egg-info/top_level.txt
[2.631s] [100%] Built target custom_action_interfaces_s__rosidl_typesupport_introspection_c
[2.872s] reading manifest file 'custom_action_interfaces.egg-info/SOURCES.txt'
[2.876s] writing manifest file 'custom_action_interfaces.egg-info/SOURCES.txt'
[3.178s] [100%] Built target ament_cmake_python_build_custom_action_interfaces_egg
[3.281s] Invoked command in '/home/minkhanttun/ros2_ws/build/custom_action_interfaces' returned '0': CMAKE_PREFIX_PATH=${CMAKE_PREFIX_PATH}:/opt/ros/jazzy DEBUGINFOD_URLS=https://debuginfod.ubuntu.com /usr/bin/cmake --build /home/minkhanttun/ros2_ws/build/custom_action_interfaces -- -j4 -l4
[3.282s] Invoking command in '/home/minkhanttun/ros2_ws/build/custom_action_interfaces': CMAKE_PREFIX_PATH=${CMAKE_PREFIX_PATH}:/opt/ros/jazzy DEBUGINFOD_URLS=https://debuginfod.ubuntu.com /usr/bin/cmake --install /home/minkhanttun/ros2_ws/build/custom_action_interfaces
[3.358s] -- Install configuration: ""
[3.359s] -- Up-to-date: /home/minkhanttun/ros2_ws/install/custom_action_interfaces/share/ament_index/resource_index/rosidl_interfaces/custom_action_interfaces
[3.359s] -- Up-to-date: /home/minkhanttun/ros2_ws/install/custom_action_interfaces/share/custom_action_interfaces/action/Fibonacci.json
[3.359s] -- Up-to-date: /home/minkhanttun/ros2_ws/install/custom_action_interfaces/include/custom_action_interfaces/custom_action_interfaces
[3.359s] -- Up-to-date: /home/minkhanttun/ros2_ws/install/custom_action_interfaces/include/custom_action_interfaces/custom_action_interfaces/msg
[3.359s] -- Up-to-date: /home/minkhanttun/ros2_ws/install/custom_action_interfaces/include/custom_action_interfaces/custom_action_interfaces/msg/rosidl_generator_c__visibility_control.h
[3.359s] -- Up-to-date: /home/minkhanttun/ros2_ws/install/custom_action_interfaces/include/custom_action_interfaces/custom_action_interfaces/action
[3.360s] -- Up-to-date: /home/minkhanttun/ros2_ws/install/custom_action_interfaces/include/custom_action_interfaces/custom_action_interfaces/action/detail
[3.360s] -- Installing: /home/minkhanttun/ros2_ws/install/custom_action_interfaces/include/custom_action_interfaces/custom_action_interfaces/action/detail/fibonacci__type_support.c
[3.360s] -- Up-to-date: /home/minkhanttun/ros2_ws/install/custom_action_interfaces/include/custom_action_interfaces/custom_action_interfaces/action/detail/fibonacci__description.c
[3.368s] -- Up-to-date: /home/minkhanttun/ros2_ws/install/custom_action_interfaces/include/custom_action_interfaces/custom_action_interfaces/action/detail/fibonacci__functions.h
[3.368s] -- Up-to-date: /home/minkhanttun/ros2_ws/install/custom_action_interfaces/include/custom_action_interfaces/custom_action_interfaces/action/detail/fibonacci__struct.h
[3.369s] -- Up-to-date: /home/minkhanttun/ros2_ws/install/custom_action_interfaces/include/custom_action_interfaces/custom_action_interfaces/action/detail/fibonacci__functions.c
[3.369s] -- Up-to-date: /home/minkhanttun/ros2_ws/install/custom_action_interfaces/include/custom_action_interfaces/custom_action_interfaces/action/detail/fibonacci__type_support.h
[3.369s] -- Up-to-date: /home/minkhanttun/ros2_ws/install/custom_action_interfaces/include/custom_action_interfaces/custom_action_interfaces/action/fibonacci.h
[3.369s] -- Up-to-date: /home/minkhanttun/ros2_ws/install/custom_action_interfaces/share/custom_action_interfaces/environment/library_path.sh
[3.369s] -- Up-to-date: /home/minkhanttun/ros2_ws/install/custom_action_interfaces/share/custom_action_interfaces/environment/library_path.dsv
[3.370s] -- Up-to-date: /home/minkhanttun/ros2_ws/install/custom_action_interfaces/lib/libcustom_action_interfaces__rosidl_generator_c.so
[3.370s] -- Up-to-date: /home/minkhanttun/ros2_ws/install/custom_action_interfaces/include/custom_action_interfaces/custom_action_interfaces
[3.370s] -- Up-to-date: /home/minkhanttun/ros2_ws/install/custom_action_interfaces/include/custom_action_interfaces/custom_action_interfaces/msg
[3.370s] -- Up-to-date: /home/minkhanttun/ros2_ws/install/custom_action_interfaces/include/custom_action_interfaces/custom_action_interfaces/msg/rosidl_typesupport_fastrtps_c__visibility_control.h
[3.375s] -- Up-to-date: /home/minkhanttun/ros2_ws/install/custom_action_interfaces/include/custom_action_interfaces/custom_action_interfaces/action
[3.376s] -- Up-to-date: /home/minkhanttun/ros2_ws/install/custom_action_interfaces/include/custom_action_interfaces/custom_action_interfaces/action/detail
[3.376s] -- Up-to-date: /home/minkhanttun/ros2_ws/install/custom_action_interfaces/include/custom_action_interfaces/custom_action_interfaces/action/detail/fibonacci__rosidl_typesupport_fastrtps_c.h
[3.379s] -- Up-to-date: /home/minkhanttun/ros2_ws/install/custom_action_interfaces/lib/libcustom_action_interfaces__rosidl_typesupport_fastrtps_c.so
[3.379s] -- Up-to-date: /home/minkhanttun/ros2_ws/install/custom_action_interfaces/include/custom_action_interfaces/custom_action_interfaces
[3.379s] -- Up-to-date: /home/minkhanttun/ros2_ws/install/custom_action_interfaces/include/custom_action_interfaces/custom_action_interfaces/msg
[3.379s] -- Up-to-date: /home/minkhanttun/ros2_ws/install/custom_action_interfaces/include/custom_action_interfaces/custom_action_interfaces/msg/rosidl_typesupport_introspection_c__visibility_control.h
[3.380s] -- Up-to-date: /home/minkhanttun/ros2_ws/install/custom_action_interfaces/include/custom_action_interfaces/custom_action_interfaces/action
[3.380s] -- Up-to-date: /home/minkhanttun/ros2_ws/install/custom_action_interfaces/include/custom_action_interfaces/custom_action_interfaces/action/detail
[3.380s] -- Installing: /home/minkhanttun/ros2_ws/install/custom_action_interfaces/include/custom_action_interfaces/custom_action_interfaces/action/detail/fibonacci__type_support.c
[3.380s] -- Up-to-date: /home/minkhanttun/ros2_ws/install/custom_action_interfaces/include/custom_action_interfaces/custom_action_interfaces/action/detail/fibonacci__rosidl_typesupport_introspection_c.h
[3.380s] -- Up-to-date: /home/minkhanttun/ros2_ws/install/custom_action_interfaces/lib/libcustom_action_interfaces__rosidl_typesupport_introspection_c.so
[3.380s] -- Up-to-date: /home/minkhanttun/ros2_ws/install/custom_action_interfaces/lib/libcustom_action_interfaces__rosidl_typesupport_c.so
[3.386s] -- Up-to-date: /home/minkhanttun/ros2_ws/install/custom_action_interfaces/include/custom_action_interfaces/custom_action_interfaces
[3.389s] -- Up-to-date: /home/minkhanttun/ros2_ws/install/custom_action_interfaces/include/custom_action_interfaces/custom_action_interfaces/msg
[3.390s] -- Up-to-date: /home/minkhanttun/ros2_ws/install/custom_action_interfaces/include/custom_action_interfaces/custom_action_interfaces/msg/rosidl_generator_cpp__visibility_control.hpp
[3.390s] -- Up-to-date: /home/minkhanttun/ros2_ws/install/custom_action_interfaces/include/custom_action_interfaces/custom_action_interfaces/action
[3.390s] -- Up-to-date: /home/minkhanttun/ros2_ws/install/custom_action_interfaces/include/custom_action_interfaces/custom_action_interfaces/action/detail
[3.390s] -- Up-to-date: /home/minkhanttun/ros2_ws/install/custom_action_interfaces/include/custom_action_interfaces/custom_action_interfaces/action/detail/fibonacci__traits.hpp
[3.390s] -- Up-to-date: /home/minkhanttun/ros2_ws/install/custom_action_interfaces/include/custom_action_interfaces/custom_action_interfaces/action/detail/fibonacci__type_support.hpp
[3.390s] -- Up-to-date: /home/minkhanttun/ros2_ws/install/custom_action_interfaces/include/custom_action_interfaces/custom_action_interfaces/action/detail/fibonacci__struct.hpp
[3.391s] -- Up-to-date: /home/minkhanttun/ros2_ws/install/custom_action_interfaces/include/custom_action_interfaces/custom_action_interfaces/action/detail/fibonacci__builder.hpp
[3.391s] -- Up-to-date: /home/minkhanttun/ros2_ws/install/custom_action_interfaces/include/custom_action_interfaces/custom_action_interfaces/action/fibonacci.hpp
[3.391s] -- Up-to-date: /home/minkhanttun/ros2_ws/install/custom_action_interfaces/include/custom_action_interfaces/custom_action_interfaces
[3.391s] -- Up-to-date: /home/minkhanttun/ros2_ws/install/custom_action_interfaces/include/custom_action_interfaces/custom_action_interfaces/msg
[3.391s] -- Up-to-date: /home/minkhanttun/ros2_ws/install/custom_action_interfaces/include/custom_action_interfaces/custom_action_interfaces/msg/rosidl_typesupport_fastrtps_cpp__visibility_control.h
[3.392s] -- Up-to-date: /home/minkhanttun/ros2_ws/install/custom_action_interfaces/include/custom_action_interfaces/custom_action_interfaces/action
[3.393s] -- Up-to-date: /home/minkhanttun/ros2_ws/install/custom_action_interfaces/include/custom_action_interfaces/custom_action_interfaces/action/detail
[3.393s] -- Up-to-date: /home/minkhanttun/ros2_ws/install/custom_action_interfaces/include/custom_action_interfaces/custom_action_interfaces/action/detail/fibonacci__rosidl_typesupport_fastrtps_cpp.hpp
[3.393s] -- Up-to-date: /home/minkhanttun/ros2_ws/install/custom_action_interfaces/include/custom_action_interfaces/custom_action_interfaces/action/detail/dds_fastrtps
[3.393s] -- Up-to-date: /home/minkhanttun/ros2_ws/install/custom_action_interfaces/lib/libcustom_action_interfaces__rosidl_typesupport_fastrtps_cpp.so
[3.393s] -- Up-to-date: /home/minkhanttun/ros2_ws/install/custom_action_interfaces/include/custom_action_interfaces/custom_action_interfaces
[3.394s] -- Up-to-date: /home/minkhanttun/ros2_ws/install/custom_action_interfaces/include/custom_action_interfaces/custom_action_interfaces/action
[3.394s] -- Up-to-date: /home/minkhanttun/ros2_ws/install/custom_action_interfaces/include/custom_action_interfaces/custom_action_interfaces/action/detail
[3.398s] -- Up-to-date: /home/minkhanttun/ros2_ws/install/custom_action_interfaces/include/custom_action_interfaces/custom_action_interfaces/action/detail/fibonacci__rosidl_typesupport_introspection_cpp.hpp
[3.400s] -- Up-to-date: /home/minkhanttun/ros2_ws/install/custom_action_interfaces/include/custom_action_interfaces/custom_action_interfaces/action/detail/fibonacci__type_support.cpp
[3.401s] -- Up-to-date: /home/minkhanttun/ros2_ws/install/custom_action_interfaces/lib/libcustom_action_interfaces__rosidl_typesupport_introspection_cpp.so
[3.402s] -- Up-to-date: /home/minkhanttun/ros2_ws/install/custom_action_interfaces/lib/libcustom_action_interfaces__rosidl_typesupport_cpp.so
[3.405s] -- Up-to-date: /home/minkhanttun/ros2_ws/install/custom_action_interfaces/share/custom_action_interfaces/environment/pythonpath.sh
[3.405s] -- Up-to-date: /home/minkhanttun/ros2_ws/install/custom_action_interfaces/share/custom_action_interfaces/environment/pythonpath.dsv
[3.406s] -- Up-to-date: /home/minkhanttun/ros2_ws/install/custom_action_interfaces/lib/python3.12/site-packages/custom_action_interfaces-0.0.0-py3.12.egg-info
[3.409s] -- Installing: /home/minkhanttun/ros2_ws/install/custom_action_interfaces/lib/python3.12/site-packages/custom_action_interfaces-0.0.0-py3.12.egg-info/SOURCES.txt
[3.409s] -- Installing: /home/minkhanttun/ros2_ws/install/custom_action_interfaces/lib/python3.12/site-packages/custom_action_interfaces-0.0.0-py3.12.egg-info/top_level.txt
[3.410s] -- Installing: /home/minkhanttun/ros2_ws/install/custom_action_interfaces/lib/python3.12/site-packages/custom_action_interfaces-0.0.0-py3.12.egg-info/PKG-INFO
[3.410s] -- Installing: /home/minkhanttun/ros2_ws/install/custom_action_interfaces/lib/python3.12/site-packages/custom_action_interfaces-0.0.0-py3.12.egg-info/dependency_links.txt
[3.410s] -- Up-to-date: /home/minkhanttun/ros2_ws/install/custom_action_interfaces/lib/python3.12/site-packages/custom_action_interfaces
[3.410s] -- Up-to-date: /home/minkhanttun/ros2_ws/install/custom_action_interfaces/lib/python3.12/site-packages/custom_action_interfaces/custom_action_interfaces_s__rosidl_typesupport_c.so
[3.411s] -- Up-to-date: /home/minkhanttun/ros2_ws/install/custom_action_interfaces/lib/python3.12/site-packages/custom_action_interfaces/_custom_action_interfaces_s.ep.rosidl_typesupport_fastrtps_c.c
[3.411s] -- Up-to-date: /home/minkhanttun/ros2_ws/install/custom_action_interfaces/lib/python3.12/site-packages/custom_action_interfaces/custom_action_interfaces_s__rosidl_typesupport_introspection_c.so
[3.411s] -- Up-to-date: /home/minkhanttun/ros2_ws/install/custom_action_interfaces/lib/python3.12/site-packages/custom_action_interfaces/custom_action_interfaces_s__rosidl_typesupport_fastrtps_c.so
[3.411s] -- Up-to-date: /home/minkhanttun/ros2_ws/install/custom_action_interfaces/lib/python3.12/site-packages/custom_action_interfaces/_custom_action_interfaces_s.ep.rosidl_typesupport_c.c
[3.411s] -- Up-to-date: /home/minkhanttun/ros2_ws/install/custom_action_interfaces/lib/python3.12/site-packages/custom_action_interfaces/__init__.py
[3.411s] -- Up-to-date: /home/minkhanttun/ros2_ws/install/custom_action_interfaces/lib/python3.12/site-packages/custom_action_interfaces/action
[3.411s] -- Up-to-date: /home/minkhanttun/ros2_ws/install/custom_action_interfaces/lib/python3.12/site-packages/custom_action_interfaces/action/_fibonacci.py
[3.412s] -- Up-to-date: /home/minkhanttun/ros2_ws/install/custom_action_interfaces/lib/python3.12/site-packages/custom_action_interfaces/action/_fibonacci_s.c
[3.412s] -- Up-to-date: /home/minkhanttun/ros2_ws/install/custom_action_interfaces/lib/python3.12/site-packages/custom_action_interfaces/action/__init__.py
[3.412s] -- Up-to-date: /home/minkhanttun/ros2_ws/install/custom_action_interfaces/lib/python3.12/site-packages/custom_action_interfaces/_custom_action_interfaces_s.ep.rosidl_typesupport_introspection_c.c
[3.583s] Listing '/home/minkhanttun/ros2_ws/install/custom_action_interfaces/lib/python3.12/site-packages/custom_action_interfaces'...
[3.583s] Listing '/home/minkhanttun/ros2_ws/install/custom_action_interfaces/lib/python3.12/site-packages/custom_action_interfaces/action'...
[3.613s] -- Up-to-date: /home/minkhanttun/ros2_ws/install/custom_action_interfaces/lib/python3.12/site-packages/custom_action_interfaces/custom_action_interfaces_s__rosidl_typesupport_fastrtps_c.so
[3.613s] -- Up-to-date: /home/minkhanttun/ros2_ws/install/custom_action_interfaces/lib/python3.12/site-packages/custom_action_interfaces/custom_action_interfaces_s__rosidl_typesupport_introspection_c.so
[3.614s] -- Up-to-date: /home/minkhanttun/ros2_ws/install/custom_action_interfaces/lib/python3.12/site-packages/custom_action_interfaces/custom_action_interfaces_s__rosidl_typesupport_c.so
[3.614s] -- Up-to-date: /home/minkhanttun/ros2_ws/install/custom_action_interfaces/lib/libcustom_action_interfaces__rosidl_generator_py.so
[3.619s] -- Up-to-date: /home/minkhanttun/ros2_ws/install/custom_action_interfaces/share/custom_action_interfaces/action/Fibonacci.idl
[3.619s] -- Up-to-date: /home/minkhanttun/ros2_ws/install/custom_action_interfaces/share/custom_action_interfaces/action/Fibonacci.action
[3.619s] -- Up-to-date: /home/minkhanttun/ros2_ws/install/custom_action_interfaces/share/ament_index/resource_index/package_run_dependencies/custom_action_interfaces
[3.620s] -- Up-to-date: /home/minkhanttun/ros2_ws/install/custom_action_interfaces/share/ament_index/resource_index/parent_prefix_path/custom_action_interfaces
[3.620s] -- Up-to-date: /home/minkhanttun/ros2_ws/install/custom_action_interfaces/share/custom_action_interfaces/environment/ament_prefix_path.sh
[3.620s] -- Up-to-date: /home/minkhanttun/ros2_ws/install/custom_action_interfaces/share/custom_action_interfaces/environment/ament_prefix_path.dsv
[3.630s] -- Up-to-date: /home/minkhanttun/ros2_ws/install/custom_action_interfaces/share/custom_action_interfaces/environment/path.sh
[3.630s] -- Up-to-date: /home/minkhanttun/ros2_ws/install/custom_action_interfaces/share/custom_action_interfaces/environment/path.dsv
[3.631s] -- Up-to-date: /home/minkhanttun/ros2_ws/install/custom_action_interfaces/share/custom_action_interfaces/local_setup.bash
[3.631s] -- Up-to-date: /home/minkhanttun/ros2_ws/install/custom_action_interfaces/share/custom_action_interfaces/local_setup.sh
[3.632s] -- Up-to-date: /home/minkhanttun/ros2_ws/install/custom_action_interfaces/share/custom_action_interfaces/local_setup.zsh
[3.632s] -- Up-to-date: /home/minkhanttun/ros2_ws/install/custom_action_interfaces/share/custom_action_interfaces/local_setup.dsv
[3.632s] -- Installing: /home/minkhanttun/ros2_ws/install/custom_action_interfaces/share/custom_action_interfaces/package.dsv
[3.632s] -- Up-to-date: /home/minkhanttun/ros2_ws/install/custom_action_interfaces/share/ament_index/resource_index/packages/custom_action_interfaces
[3.650s] -- Up-to-date: /home/minkhanttun/ros2_ws/install/custom_action_interfaces/share/custom_action_interfaces/cmake/export_custom_action_interfaces__rosidl_generator_cExport.cmake
[3.651s] -- Up-to-date: /home/minkhanttun/ros2_ws/install/custom_action_interfaces/share/custom_action_interfaces/cmake/export_custom_action_interfaces__rosidl_generator_cExport-noconfig.cmake
[3.651s] -- Up-to-date: /home/minkhanttun/ros2_ws/install/custom_action_interfaces/share/custom_action_interfaces/cmake/export_custom_action_interfaces__rosidl_typesupport_fastrtps_cExport.cmake
[3.651s] -- Up-to-date: /home/minkhanttun/ros2_ws/install/custom_action_interfaces/share/custom_action_interfaces/cmake/export_custom_action_interfaces__rosidl_typesupport_fastrtps_cExport-noconfig.cmake
[3.651s] -- Up-to-date: /home/minkhanttun/ros2_ws/install/custom_action_interfaces/share/custom_action_interfaces/cmake/custom_action_interfaces__rosidl_typesupport_introspection_cExport.cmake
[3.651s] -- Up-to-date: /home/minkhanttun/ros2_ws/install/custom_action_interfaces/share/custom_action_interfaces/cmake/custom_action_interfaces__rosidl_typesupport_introspection_cExport-noconfig.cmake
[3.652s] -- Up-to-date: /home/minkhanttun/ros2_ws/install/custom_action_interfaces/share/custom_action_interfaces/cmake/custom_action_interfaces__rosidl_typesupport_cExport.cmake
[3.652s] -- Up-to-date: /home/minkhanttun/ros2_ws/install/custom_action_interfaces/share/custom_action_interfaces/cmake/custom_action_interfaces__rosidl_typesupport_cExport-noconfig.cmake
[3.652s] -- Up-to-date: /home/minkhanttun/ros2_ws/install/custom_action_interfaces/share/custom_action_interfaces/cmake/export_custom_action_interfaces__rosidl_generator_cppExport.cmake
[3.652s] -- Up-to-date: /home/minkhanttun/ros2_ws/install/custom_action_interfaces/share/custom_action_interfaces/cmake/export_custom_action_interfaces__rosidl_typesupport_fastrtps_cppExport.cmake
[3.652s] -- Up-to-date: /home/minkhanttun/ros2_ws/install/custom_action_interfaces/share/custom_action_interfaces/cmake/export_custom_action_interfaces__rosidl_typesupport_fastrtps_cppExport-noconfig.cmake
[3.652s] -- Up-to-date: /home/minkhanttun/ros2_ws/install/custom_action_interfaces/share/custom_action_interfaces/cmake/custom_action_interfaces__rosidl_typesupport_introspection_cppExport.cmake
[3.653s] -- Up-to-date: /home/minkhanttun/ros2_ws/install/custom_action_interfaces/share/custom_action_interfaces/cmake/custom_action_interfaces__rosidl_typesupport_introspection_cppExport-noconfig.cmake
[3.653s] -- Up-to-date: /home/minkhanttun/ros2_ws/install/custom_action_interfaces/share/custom_action_interfaces/cmake/custom_action_interfaces__rosidl_typesupport_cppExport.cmake
[3.656s] -- Up-to-date: /home/minkhanttun/ros2_ws/install/custom_action_interfaces/share/custom_action_interfaces/cmake/custom_action_interfaces__rosidl_typesupport_cppExport-noconfig.cmake
[3.657s] -- Up-to-date: /home/minkhanttun/ros2_ws/install/custom_action_interfaces/share/custom_action_interfaces/cmake/export_custom_action_interfaces__rosidl_generator_pyExport.cmake
[3.658s] -- Up-to-date: /home/minkhanttun/ros2_ws/install/custom_action_interfaces/share/custom_action_interfaces/cmake/export_custom_action_interfaces__rosidl_generator_pyExport-noconfig.cmake
[3.659s] -- Up-to-date: /home/minkhanttun/ros2_ws/install/custom_action_interfaces/share/custom_action_interfaces/cmake/rosidl_cmake-extras.cmake
[3.664s] -- Up-to-date: /home/minkhanttun/ros2_ws/install/custom_action_interfaces/share/custom_action_interfaces/cmake/ament_cmake_export_dependencies-extras.cmake
[3.670s] -- Up-to-date: /home/minkhanttun/ros2_ws/install/custom_action_interfaces/share/custom_action_interfaces/cmake/ament_cmake_export_include_directories-extras.cmake
[3.671s] -- Up-to-date: /home/minkhanttun/ros2_ws/install/custom_action_interfaces/share/custom_action_interfaces/cmake/ament_cmake_export_libraries-extras.cmake
[3.671s] -- Up-to-date: /home/minkhanttun/ros2_ws/install/custom_action_interfaces/share/custom_action_interfaces/cmake/ament_cmake_export_targets-extras.cmake
[3.671s] -- Up-to-date: /home/minkhanttun/ros2_ws/install/custom_action_interfaces/share/custom_action_interfaces/cmake/rosidl_cmake_export_typesupport_targets-extras.cmake
[3.671s] -- Up-to-date: /home/minkhanttun/ros2_ws/install/custom_action_interfaces/share/custom_action_interfaces/cmake/rosidl_cmake_export_typesupport_libraries-extras.cmake
[3.672s] -- Up-to-date: /home/minkhanttun/ros2_ws/install/custom_action_interfaces/share/custom_action_interfaces/cmake/custom_action_interfacesConfig.cmake
[3.672s] -- Up-to-date: /home/minkhanttun/ros2_ws/install/custom_action_interfaces/share/custom_action_interfaces/cmake/custom_action_interfacesConfig-version.cmake
[3.672s] -- Up-to-date: /home/minkhanttun/ros2_ws/install/custom_action_interfaces/share/custom_action_interfaces/package.xml
[3.765s] Invoked command in '/home/minkhanttun/ros2_ws/build/custom_action_interfaces' returned '0': CMAKE_PREFIX_PATH=${CMAKE_PREFIX_PATH}:/opt/ros/jazzy DEBUGINFOD_URLS=https://debuginfod.ubuntu.com /usr/bin/cmake --install /home/minkhanttun/ros2_ws/build/custom_action_interfaces
